number,value,datetime_start,datetime_complete,duration,params_alpha,params_feature_fraction,params_learning_rate,params_max_depth,params_min_child_samples,params_n_estimators,params_num_leaves,state
243,34.95132488514767,2026-05-07 18:08:05.866284,2026-05-07 18:08:09.765483,0 days 00:00:03.899199,60.95381793781715,0.9671237548195051,0.010257204752741986,10,35,786,17,COMPLETE
244,34.969002237822465,2026-05-07 18:08:09.765483,2026-05-07 18:08:13.692560,0 days 00:00:03.927077,60.84495954933086,0.9479497302997277,0.010095414092619198,10,35,787,17,COMPLETE
245,35.14093825606022,2026-05-07 18:08:13.692560,2026-05-07 18:08:17.982663,0 days 00:00:04.290103,58.461174948606384,0.9655640066907909,0.008507937840209269,10,32,780,18,COMPLETE
246,34.97191115613985,2026-05-07 18:08:17.982663,2026-05-07 18:08:22.380101,0 days 00:00:04.397438,61.66891410573236,0.9571410382789031,0.011014433579723244,10,37,820,20,COMPLETE
247,35.38833018211828,2026-05-07 18:08:22.380101,2026-05-07 18:08:32.083783,0 days 00:00:09.703682,59.67800871427288,0.9661894442027914,0.007908639316976865,10,41,850,70,COMPLETE
248,35.03291796675156,2026-05-07 18:08:32.083783,2026-05-07 18:08:35.520516,0 days 00:00:03.436733,56.84539623213004,0.9470169409570773,0.010015787016160332,10,34,735,15,COMPLETE
249,34.933596555163156,2026-05-07 18:08:35.520516,2026-05-07 18:08:40.054289,0 days 00:00:04.533773,57.892716172519584,0.9750756643603636,0.01133324481824528,10,39,798,22,COMPLETE
250,35.13706823521452,2026-05-07 18:08:40.054289,2026-05-07 18:08:44.634521,0 days 00:00:04.580232,62.85759368871105,0.9758362500836362,0.008865317085787645,10,44,785,21,COMPLETE
251,34.937324288512485,2026-05-07 18:08:44.634521,2026-05-07 18:08:48.700938,0 days 00:00:04.066417,55.50048392417887,0.9737388523377577,0.011327888632737893,10,40,808,18,COMPLETE
252,35.226449261542626,2026-05-07 18:08:48.700938,2026-05-07 18:08:53.686698,0 days 00:00:04.985760,54.671885718198986,0.9705284568285826,0.007393302273479196,10,39,813,22,COMPLETE
253,35.171103310200614,2026-05-07 18:08:53.686698,2026-05-07 18:08:57.983754,0 days 00:00:04.297056,56.56567298340529,0.9997454488303193,0.009915185896899393,10,42,780,19,COMPLETE
254,34.935843168580206,2026-05-07 18:08:57.983754,2026-05-07 18:09:02.397980,0 days 00:00:04.414226,53.56577224566148,0.9624128458695582,0.011144366415970285,10,40,805,18,COMPLETE
255,34.98814896371333,2026-05-07 18:09:02.397980,2026-05-07 18:09:06.453683,0 days 00:00:04.055703,53.88528495230724,0.9606842538782365,0.011981214478144151,10,40,798,18,COMPLETE
256,35.143715098639596,2026-05-07 18:09:06.453683,2026-05-07 18:09:10.216444,0 days 00:00:03.762761,52.27085607152382,0.9903871319843384,0.015817666536534627,10,46,745,19,COMPLETE
257,35.401139111926035,2026-05-07 18:09:10.216444,2026-05-07 18:09:14.206198,0 days 00:00:03.989754,57.88376830580913,0.9780044291422755,0.011423563900252487,10,97,823,17,COMPLETE
258,54.09973732979038,2026-05-07 18:09:14.206198,2026-05-07 18:09:19.368702,0 days 00:00:05.162504,61.068178665461716,0.9608578455766158,0.0007353566027065711,10,49,769,21,COMPLETE
259,35.01497340062575,2026-05-07 18:09:19.368702,2026-05-07 18:09:24.288745,0 days 00:00:04.920043,55.007952864753705,0.9999085283998916,0.008645266496538453,10,35,806,22,COMPLETE
260,35.11710550767366,2026-05-07 18:09:24.288745,2026-05-07 18:09:28.162976,0 days 00:00:03.874231,57.39915467678964,0.9396121446903857,0.01210164817880907,10,45,769,18,COMPLETE
261,34.96857037044422,2026-05-07 18:09:28.162976,2026-05-07 18:09:32.303680,0 days 00:00:04.140704,59.47036885942475,0.97695458066361,0.015840518728770608,10,40,736,23,COMPLETE
262,34.92991295363673,2026-05-07 18:09:32.303680,2026-05-07 18:09:36.161795,0 days 00:00:03.858115,62.63465025736647,0.9659562606985519,0.00957895386937907,10,36,840,15,COMPLETE
263,35.532483873569596,2026-05-07 18:09:36.161795,2026-05-07 18:09:40.119185,0 days 00:00:03.957390,61.32910072733134,0.9878046434685164,0.006629858566884182,10,36,798,15,COMPLETE
264,35.39224053028136,2026-05-07 18:09:40.119185,2026-05-07 18:09:51.418076,0 days 00:00:11.298891,58.399417603928036,0.9671154706333842,0.008249211594176993,10,42,770,144,COMPLETE
265,34.93418779072476,2026-05-07 18:09:51.418076,2026-05-07 18:09:55.232606,0 days 00:00:03.814530,62.18911200393092,0.9791562596176177,0.010036345504510543,10,38,731,18,COMPLETE
266,35.51335103642917,2026-05-07 18:09:55.232606,2026-05-07 18:09:58.730626,0 days 00:00:03.498020,56.265445412157554,0.9649217016270484,0.012657337889343522,10,109,731,17,COMPLETE
267,34.96114603415801,2026-05-07 18:09:58.730626,2026-05-07 18:10:01.919261,0 days 00:00:03.188635,53.21480484545966,0.9902076466457568,0.01496216520168996,10,39,716,15,COMPLETE
268,34.94549686667827,2026-05-07 18:10:01.919261,2026-05-07 18:10:06.012672,0 days 00:00:04.093411,60.15918843100901,0.976533588038958,0.010060219717168303,10,36,752,19,COMPLETE
269,35.25762869753544,2026-05-07 18:10:06.012672,2026-05-07 18:10:10.434908,0 days 00:00:04.422236,62.03928678142996,0.9542572542985648,0.007470195522001892,10,35,749,20,COMPLETE
270,35.176824078140406,2026-05-07 18:10:10.434908,2026-05-07 18:10:14.638349,0 days 00:00:04.203441,60.104709891022196,0.9783333288179962,0.009796022684226557,10,44,669,23,COMPLETE
271,35.07920896336193,2026-05-07 18:10:14.638349,2026-05-07 18:10:18.851726,0 days 00:00:04.213377,62.463599588096315,0.990184045766515,0.008592307869300446,10,32,748,19,COMPLETE
272,34.9490469008597,2026-05-07 18:10:18.851726,2026-05-07 18:10:23.266558,0 days 00:00:04.414832,59.983890605193594,0.9701690839209397,0.010937791528966935,10,37,714,24,COMPLETE
273,34.919090214219906,2026-05-07 18:10:23.266558,2026-05-07 18:10:27.651117,0 days 00:00:04.384559,60.26383447968513,0.9604092812035294,0.010694851833698386,10,36,705,24,COMPLETE
274,35.13986244697704,2026-05-07 18:10:27.651117,2026-05-07 18:10:31.691476,0 days 00:00:04.040359,59.165768192164485,0.9472626762217254,0.010752934948515182,10,42,655,23,COMPLETE
275,35.71802457550296,2026-05-07 18:10:31.691476,2026-05-07 18:10:43.390744,0 days 00:00:11.699268,60.42407579025936,0.9573192779495929,0.006270406512657183,10,40,695,110,COMPLETE
276,35.06958340384535,2026-05-07 18:10:43.393297,2026-05-07 18:10:47.876225,0 days 00:00:04.482928,63.42015535036598,0.9362297805357102,0.008922704596220857,10,37,715,24,COMPLETE
277,34.9406170683629,2026-05-07 18:10:47.876225,2026-05-07 18:10:51.789818,0 days 00:00:03.913593,58.96634114591072,0.9746435790148911,0.011598106284601815,10,32,709,20,COMPLETE
278,35.45331566768249,2026-05-07 18:10:51.791604,2026-05-07 18:10:56.056733,0 days 00:00:04.265129,58.20338019680131,0.9981036359823792,0.007779107292741637,10,32,686,20,COMPLETE
279,34.98493571664191,2026-05-07 18:10:56.056733,2026-05-07 18:11:00.173373,0 days 00:00:04.116640,55.20804273642143,0.9762531970710406,0.012065028134524099,10,32,737,20,COMPLETE
280,35.24141105770582,2026-05-07 18:11:00.173373,2026-05-07 18:11:09.350363,0 days 00:00:09.176990,62.25520959517909,0.9565549409870673,0.009328902597883928,10,34,609,102,COMPLETE
281,35.166477400125174,2026-05-07 18:11:09.350363,2026-05-07 18:11:12.541670,0 days 00:00:03.191307,58.91094692386186,0.9852471145198641,0.014377691638703451,10,48,716,15,COMPLETE
282,35.11356404556726,2026-05-07 18:11:12.541670,2026-05-07 18:11:16.339969,0 days 00:00:03.798299,57.151236265382266,0.9684757268937937,0.011454093031959416,10,43,640,22,COMPLETE
283,35.008341361180285,2026-05-07 18:11:16.339969,2026-05-07 18:11:20.428040,0 days 00:00:04.088071,63.628590544018266,0.9903130094524549,0.009275433385752322,10,35,765,18,COMPLETE
284,35.140286756457726,2026-05-07 18:11:20.428040,2026-05-07 18:11:23.575473,0 days 00:00:03.147433,60.816722748259366,0.5386048195118384,0.016541275266822402,10,39,821,21,COMPLETE
285,35.074392233794725,2026-05-07 18:11:23.575473,2026-05-07 18:11:27.960414,0 days 00:00:04.384941,50.00794345846413,0.9752886815698354,0.011363298160679065,10,31,681,25,COMPLETE
286,35.710738449301445,2026-05-07 18:11:27.960414,2026-05-07 18:11:32.040211,0 days 00:00:04.079797,58.72048280975446,0.9604114900460659,0.006980067929432057,10,41,739,18,COMPLETE
287,35.7228179613527,2026-05-07 18:11:32.040211,2026-05-07 18:11:35.235488,0 days 00:00:03.195277,55.483984245716286,0.46979739390170117,0.008140844378543809,10,36,773,21,COMPLETE
288,35.11983601471461,2026-05-07 18:11:35.235488,2026-05-07 18:11:39.556179,0 days 00:00:04.320691,61.582801090185576,0.9820766657485779,0.013470923354407622,10,46,712,24,COMPLETE
289,37.06299206520151,2026-05-07 18:11:39.556179,2026-05-07 18:11:42.477667,0 days 00:00:02.921488,53.64940980736139,0.9990422913028805,0.1513789455537124,10,38,798,15,COMPLETE
290,34.962313905415506,2026-05-07 18:11:42.477667,2026-05-07 18:11:46.808130,0 days 00:00:04.330463,57.33758376076755,0.9522888704070961,0.009892514461096586,10,32,836,18,COMPLETE
291,34.94080270989181,2026-05-07 18:11:46.808130,2026-05-07 18:11:50.906763,0 days 00:00:04.098633,59.52340863633155,0.9431603094649309,0.011591628869370565,10,34,746,20,COMPLETE
292,35.47577743858913,2026-05-07 18:11:50.906763,2026-05-07 18:11:53.575299,0 days 00:00:02.668536,63.35625413456725,0.42381507103606875,0.014378667483576097,10,86,739,22,COMPLETE
293,35.19232270991431,2026-05-07 18:11:53.575299,2026-05-07 18:11:57.557167,0 days 00:00:03.981868,60.04742704516828,0.9504991251204676,0.017756619414148956,10,33,675,25,COMPLETE
294,35.162410017970856,2026-05-07 18:11:57.557167,2026-05-07 18:12:01.450799,0 days 00:00:03.893632,55.85395388538903,0.9440160182624423,0.01217739875802316,10,41,707,20,COMPLETE
295,35.18547130247689,2026-05-07 18:12:01.450799,2026-05-07 18:12:06.078760,0 days 00:00:04.627961,60.80664111372439,0.9806998230443799,0.008755139681818328,10,44,740,23,COMPLETE
296,34.98684238069971,2026-05-07 18:12:06.078760,2026-05-07 18:12:11.219404,0 days 00:00:05.140644,58.01607741036867,0.9891750295547105,0.01212892119513786,10,39,759,29,COMPLETE
297,35.02464435529927,2026-05-07 18:12:11.219404,2026-05-07 18:12:15.366987,0 days 00:00:04.147583,62.81577699217553,0.9385388251218251,0.014583084483373088,10,34,806,20,COMPLETE
298,35.27189800360716,2026-05-07 18:12:15.366987,2026-05-07 18:12:18.933996,0 days 00:00:03.567009,54.36832051641424,0.964090978187652,0.009749450006242638,10,37,655,18,COMPLETE
299,35.41143951936626,2026-05-07 18:12:18.933996,2026-05-07 18:12:23.640327,0 days 00:00:04.706331,58.99654491570232,0.9755987422508658,0.007457892015327297,10,30,695,25,COMPLETE
300,35.091838427077185,2026-05-07 18:12:23.640327,2026-05-07 18:12:28.003799,0 days 00:00:04.363472,56.92076747639287,0.9996371064078602,0.010739117435442804,10,41,725,22,COMPLETE
301,35.085588994000545,2026-05-07 18:12:28.003799,2026-05-07 18:12:36.229022,0 days 00:00:08.225223,60.38100685220743,0.9633825842130337,0.01243810015909886,10,36,761,79,COMPLETE
302,35.38011234258964,2026-05-07 18:12:36.229022,2026-05-07 18:12:44.688572,0 days 00:00:08.459550,64.47585138645285,0.987818860845594,0.016204757102030665,10,31,811,91,COMPLETE
303,35.065531900335515,2026-05-07 18:12:44.688572,2026-05-07 18:12:49.174460,0 days 00:00:04.485888,62.17590534203854,0.9754776768324834,0.010383114148262922,10,44,835,20,COMPLETE
304,35.23835978660727,2026-05-07 18:12:49.174460,2026-05-07 18:12:53.012275,0 days 00:00:03.837815,56.25484995738977,0.9575944472564816,0.008438761164626121,10,39,774,15,COMPLETE
305,34.97185632219684,2026-05-07 18:12:53.012275,2026-05-07 18:12:56.010223,0 days 00:00:02.997948,58.3398823652039,0.9895407738413021,0.013371330352855936,10,34,565,18,COMPLETE
306,34.922798216274444,2026-05-07 18:12:56.010223,2026-05-07 18:13:00.451477,0 days 00:00:04.441254,61.40512479961955,0.9727360338411186,0.011518035974689658,10,37,731,23,COMPLETE
307,36.30171215487512,2026-05-07 18:13:00.451477,2026-05-07 18:13:05.432697,0 days 00:00:04.981220,52.01475764888713,0.9334388759154788,0.006311011617882314,10,34,692,27,COMPLETE
308,34.98731838049277,2026-05-07 18:13:05.432697,2026-05-07 18:13:09.988154,0 days 00:00:04.555457,59.98930754823748,0.9670638248002258,0.009806193206320877,10,37,726,24,COMPLETE
309,34.960673524527735,2026-05-07 18:13:09.988154,2026-05-07 18:13:14.039652,0 days 00:00:04.051498,57.532628141469424,0.9474553651849057,0.011620996895159177,10,30,742,20,COMPLETE
310,35.28300643775573,2026-05-07 18:13:14.039652,2026-05-07 18:13:17.565569,0 days 00:00:03.525917,64.05292960902159,0.9764528407227802,0.008784648279988573,10,36,639,17,COMPLETE
311,35.117569351458506,2026-05-07 18:13:17.565569,2026-05-07 18:13:23.441042,0 days 00:00:05.875473,54.533073608327804,0.9589356058582595,0.007273718763814224,10,39,888,25,COMPLETE
312,35.02808478471613,2026-05-07 18:13:23.441042,2026-05-07 18:13:28.096145,0 days 00:00:04.655103,61.80273705631402,0.9725827081223691,0.011594116902425657,10,33,667,29,COMPLETE
313,35.294446389151034,2026-05-07 18:13:28.096145,2026-05-07 18:13:31.426526,0 days 00:00:03.330381,59.426364864732925,0.9813254752058647,0.00950901268270954,10,42,706,15,COMPLETE
314,35.11407842240124,2026-05-07 18:13:31.426526,2026-05-07 18:13:35.742435,0 days 00:00:04.315909,55.72430076333354,0.9480131092318446,0.010602707260025612,10,50,731,22,COMPLETE
315,35.23714307088401,2026-05-07 18:13:35.753442,2026-05-07 18:13:38.023650,0 days 00:00:02.270208,57.513448202901614,0.9646484437031346,0.01275671970579991,4,37,760,19,COMPLETE
316,35.081147111824684,2026-05-07 18:13:38.023650,2026-05-07 18:13:43.461931,0 days 00:00:05.438281,59.614099288214085,0.9823755726012615,0.008384890561582571,10,32,801,23,COMPLETE
317,35.117282638111945,2026-05-07 18:13:43.461931,2026-05-07 18:13:48.195997,0 days 00:00:04.734066,61.59589826795618,0.9692459774648325,0.015175207621451617,10,42,854,20,COMPLETE
318,35.225478667952196,2026-05-07 18:13:48.195997,2026-05-07 18:13:51.706149,0 days 00:00:03.510152,64.12230673134276,0.9536053608387366,0.010404300979181696,10,46,692,17,COMPLETE
319,35.152901439988455,2026-05-07 18:13:51.706149,2026-05-07 18:13:56.327294,0 days 00:00:04.621145,58.432739508889185,0.9884667414895786,0.018306216836612762,10,34,753,27,COMPLETE
320,35.626575420145016,2026-05-07 18:13:56.327294,2026-05-07 18:13:58.059866,0 days 00:00:01.732572,53.48026799475342,0.9357595024315847,0.012032013803317249,3,39,787,24,COMPLETE
321,35.25848323796094,2026-05-07 18:13:58.059866,2026-05-07 18:14:06.710298,0 days 00:00:08.650432,56.12576151450477,0.9758606360777612,0.007963035487903681,10,36,728,63,COMPLETE
322,34.98591821301648,2026-05-07 18:14:06.710298,2026-05-07 18:14:11.431850,0 days 00:00:04.721552,60.87078303136496,0.9589171574386206,0.009348980743094868,10,30,827,21,COMPLETE
