number,value,datetime_start,datetime_complete,duration,params_alpha,params_feature_fraction,params_learning_rate,params_max_depth,params_min_child_samples,params_n_estimators,params_num_leaves,state
121,35.21577042373305,2026-05-07 17:58:49.557137,2026-05-07 17:58:54.848253,0 days 00:00:05.291116,68.08041066994241,0.8792815419295539,0.00640084848026179,8,39,811,27,COMPLETE
122,35.082655977914435,2026-05-07 17:58:54.863884,2026-05-07 17:59:01.387966,0 days 00:00:06.524082,67.98144902379526,0.9244406843992448,0.009609902481011604,8,33,984,35,COMPLETE
123,35.27184583826046,2026-05-07 17:59:01.387966,2026-05-07 17:59:07.728878,0 days 00:00:06.340912,71.52435750040813,0.9265045203391059,0.01271438888881906,8,32,1003,38,COMPLETE
124,35.21498124292187,2026-05-07 17:59:07.728878,2026-05-07 17:59:13.927092,0 days 00:00:06.198214,73.94263356443456,0.9540397338730178,0.010229084248883252,8,41,1004,33,COMPLETE
125,36.15966715133166,2026-05-07 17:59:13.927985,2026-05-07 17:59:20.863027,0 days 00:00:06.935042,26.059399580859687,0.914057377449698,0.008207882746958387,7,34,932,43,COMPLETE
126,35.956066934978175,2026-05-07 17:59:20.863027,2026-05-07 17:59:25.286853,0 days 00:00:04.423826,77.41247662043133,0.6422877808422051,0.01980481768316823,7,22,975,47,COMPLETE
127,35.04577779491351,2026-05-07 17:59:25.286853,2026-05-07 17:59:31.486400,0 days 00:00:06.199547,63.36344317563722,0.9465271076007792,0.00699144108853506,8,28,908,29,COMPLETE
128,35.01205347730483,2026-05-07 17:59:31.486400,2026-05-07 17:59:36.738165,0 days 00:00:05.251765,62.76214378811401,0.8978452998709481,0.009265236796497827,9,28,897,24,COMPLETE
129,35.20927267387792,2026-05-07 17:59:36.741681,2026-05-07 17:59:42.170140,0 days 00:00:05.428459,62.86683833897872,0.8891029974464058,0.009321531043127234,9,14,906,22,COMPLETE
130,35.54470862242087,2026-05-07 17:59:42.170140,2026-05-07 17:59:47.820595,0 days 00:00:05.650455,66.46893067286294,0.9260020011632953,0.00680558105664648,9,9,843,25,COMPLETE
131,34.990846839331,2026-05-07 17:59:47.820595,2026-05-07 17:59:53.796637,0 days 00:00:05.976042,64.94321944936722,0.9448627589475528,0.007825878514656825,9,36,845,30,COMPLETE
132,35.21292717061044,2026-05-07 17:59:53.796637,2026-05-07 18:00:00.180816,0 days 00:00:06.384179,64.19202314399081,0.9445546307952212,0.008107157804385447,10,24,831,30,COMPLETE
133,34.97786741744169,2026-05-07 18:00:00.180816,2026-05-07 18:00:03.810231,0 days 00:00:03.629415,67.14055215997472,0.9009131507368846,0.011894252183411246,9,29,762,16,COMPLETE
134,35.1992200520907,2026-05-07 18:00:03.811569,2026-05-07 18:00:07.696853,0 days 00:00:03.885284,66.65689450838244,0.9033234033863814,0.012550475860303788,9,28,894,15,COMPLETE
135,35.14247526789606,2026-05-07 18:00:07.696853,2026-05-07 18:00:11.791444,0 days 00:00:04.094591,59.87358395241736,0.9082120800234234,0.01073074233520181,9,18,748,20,COMPLETE
136,34.9798725624626,2026-05-07 18:00:11.793517,2026-05-07 18:00:16.569849,0 days 00:00:04.776332,68.57523447834636,0.9620502442890955,0.009184212300027342,9,30,795,23,COMPLETE
137,34.999278375524774,2026-05-07 18:00:16.569849,2026-05-07 18:00:19.993692,0 days 00:00:03.423843,68.48202157974794,0.9595486976244456,0.014592056193381298,9,30,720,17,COMPLETE
138,35.04729862463995,2026-05-07 18:00:19.993692,2026-05-07 18:00:23.538969,0 days 00:00:03.545277,64.94120253711196,0.975125051962895,0.015397228116193089,9,30,722,18,COMPLETE
139,35.190182501342996,2026-05-07 18:00:23.538969,2026-05-07 18:00:26.851472,0 days 00:00:03.312503,64.09980895382103,0.964275575749036,0.017682997796973018,9,30,720,17,COMPLETE
140,35.09662425449898,2026-05-07 18:00:26.851472,2026-05-07 18:00:30.709412,0 days 00:00:03.857940,60.609868844757955,0.9766123216394821,0.013621470398682545,9,26,776,18,COMPLETE
141,35.08332063711924,2026-05-07 18:00:30.709412,2026-05-07 18:00:34.597132,0 days 00:00:03.887720,68.56425788621637,0.9462418264295045,0.009437843356400367,9,34,641,22,COMPLETE
142,35.06398029187216,2026-05-07 18:00:34.597132,2026-05-07 18:00:38.130077,0 days 00:00:03.532945,54.84537649603529,0.9515088766239664,0.015483680547933521,9,32,626,22,COMPLETE
143,35.39737014268407,2026-05-07 18:00:38.130077,2026-05-07 18:00:41.540121,0 days 00:00:03.410044,54.13829980539964,0.9597664264479372,0.0216684545134998,10,22,664,20,COMPLETE
144,35.089190087357075,2026-05-07 18:00:41.540121,2026-05-07 18:00:44.949674,0 days 00:00:03.409553,56.2420613040937,0.9289361739659805,0.015367904143743238,9,28,793,15,COMPLETE
145,35.1965526196233,2026-05-07 18:00:44.949674,2026-05-07 18:00:49.208724,0 days 00:00:04.259050,50.24385423172887,0.997149376139599,0.011744561546020068,9,32,591,24,COMPLETE
146,35.453870869140935,2026-05-07 18:00:49.208724,2026-05-07 18:00:53.758005,0 days 00:00:04.549281,62.5778141505834,0.9699617560729521,0.016690743402252364,9,24,728,28,COMPLETE
147,34.95856319693161,2026-05-07 18:00:53.758005,2026-05-07 18:00:58.129212,0 days 00:00:04.371207,65.26473523671356,0.9511322081094806,0.010369544058771638,9,29,836,19,COMPLETE
148,35.312556734955265,2026-05-07 18:00:58.132671,2026-05-07 18:01:02.510950,0 days 00:00:04.378279,65.0116789914999,0.9518553059114951,0.013571857153879874,10,18,843,19,COMPLETE
149,35.5963545418086,2026-05-07 18:01:02.526574,2026-05-07 18:01:06.093784,0 days 00:00:03.567210,56.472516116742405,0.9816487408323804,0.025877098191103745,9,29,670,23,COMPLETE
150,35.10955354990152,2026-05-07 18:01:06.093784,2026-05-07 18:01:09.848889,0 days 00:00:03.755105,53.04802979687743,0.9377600239982644,0.01871012275572088,9,37,820,18,COMPLETE
151,35.101859779473536,2026-05-07 18:01:09.848889,2026-05-07 18:01:14.574713,0 days 00:00:04.725824,67.46717878359189,0.9212472198645832,0.010418207579773147,9,31,752,26,COMPLETE
152,35.11522873085122,2026-05-07 18:01:14.574713,2026-05-07 18:01:19.001831,0 days 00:00:04.427118,70.5801813449341,0.9639408730754669,0.007772452249101995,9,26,871,17,COMPLETE
153,35.06152163009809,2026-05-07 18:01:19.001831,2026-05-07 18:01:23.687831,0 days 00:00:04.686000,65.2327983403758,0.9379184930954383,0.008414026799004538,9,33,783,22,COMPLETE
154,34.995927615873356,2026-05-07 18:01:23.689930,2026-05-07 18:01:28.238693,0 days 00:00:04.548763,59.241792696967494,0.9421790373915309,0.008445704225367579,9,36,792,21,COMPLETE
155,35.23992384938468,2026-05-07 18:01:28.254874,2026-05-07 18:01:32.754274,0 days 00:00:04.499400,61.85224227840707,0.9535976255132327,0.008574410678524422,9,23,794,20,COMPLETE
156,34.963191205003014,2026-05-07 18:01:32.754274,2026-05-07 18:01:36.192111,0 days 00:00:03.437837,59.932121714114245,0.9821518933568352,0.01159336402844174,9,28,708,15,COMPLETE
157,35.06293912691108,2026-05-07 18:01:36.192111,2026-05-07 18:01:39.368113,0 days 00:00:03.176002,65.42547878635881,0.975278161682648,0.014547456439747102,9,28,700,15,COMPLETE
158,35.009261420503876,2026-05-07 18:01:39.368113,2026-05-07 18:01:42.611491,0 days 00:00:03.243378,65.68415921374451,0.9992402757157871,0.011954704777973186,9,28,697,15,COMPLETE
159,35.24779660651516,2026-05-07 18:01:42.611491,2026-05-07 18:01:46.062084,0 days 00:00:03.450593,62.63425086027488,0.9854178487718812,0.011579906199116235,9,21,735,15,COMPLETE
160,35.27882025817258,2026-05-07 18:01:46.062084,2026-05-07 18:01:50.760260,0 days 00:00:04.698176,72.32339460563026,0.9998695601672445,0.012634357302021353,9,15,769,24,COMPLETE
161,34.965087331700296,2026-05-07 18:01:50.760260,2026-05-07 18:01:54.025487,0 days 00:00:03.265227,64.51147835683415,0.9754830796508228,0.0141193073486184,9,28,693,16,COMPLETE
162,35.02182064209554,2026-05-07 18:01:54.025487,2026-05-07 18:01:58.071143,0 days 00:00:04.045656,65.34932853983724,0.9663277377725823,0.010342589991108698,9,26,695,18,COMPLETE
163,35.09023386269699,2026-05-07 18:01:58.071143,2026-05-07 18:02:02.064584,0 days 00:00:03.993441,59.35417446032907,0.970160312365459,0.01056797593213466,9,25,700,19,COMPLETE
164,35.130958567397855,2026-05-07 18:02:02.064584,2026-05-07 18:02:05.609255,0 days 00:00:03.544671,69.80816094328672,0.990431774670393,0.011905726542221618,9,20,688,17,COMPLETE
165,34.91533888357523,2026-05-07 18:02:05.609255,2026-05-07 18:02:10.257353,0 days 00:00:04.648098,61.3587326905794,0.981135677781837,0.010213430611362217,10,29,848,20,COMPLETE
166,34.95762395719828,2026-05-07 18:02:10.265906,2026-05-07 18:02:15.198658,0 days 00:00:04.932752,63.40062822239285,0.9818493606006111,0.010261594323834071,10,27,852,21,COMPLETE
167,35.12793478845538,2026-05-07 18:02:15.198658,2026-05-07 18:02:19.636159,0 days 00:00:04.437501,60.56099478286339,0.9833086488357161,0.013931546110403245,10,27,851,20,COMPLETE
168,35.091205836158856,2026-05-07 18:02:19.636159,2026-05-07 18:02:23.751731,0 days 00:00:04.115572,63.24704329465984,0.9630999803865118,0.009960889844390296,10,25,904,15,COMPLETE
169,35.411162586349526,2026-05-07 18:02:23.751731,2026-05-07 18:02:27.381896,0 days 00:00:03.630165,61.28738700681011,0.9754763488664647,0.022624601866374088,10,29,616,25,COMPLETE
170,35.473511803874125,2026-05-07 18:02:27.381896,2026-05-07 18:02:30.977731,0 days 00:00:03.595835,65.7446473488679,0.9984600698193489,0.01788604955983557,10,18,719,18,COMPLETE
171,35.0417326659366,2026-05-07 18:02:30.977731,2026-05-07 18:02:35.752291,0 days 00:00:04.774560,64.18659085081211,0.9613402909145362,0.008955465948325301,10,30,799,22,COMPLETE
172,35.168514105837815,2026-05-07 18:02:35.752291,2026-05-07 18:02:40.457587,0 days 00:00:04.705296,63.79256436569305,0.9601864321242825,0.009443639560190087,10,23,823,21,COMPLETE
173,34.97554060543244,2026-05-07 18:02:40.457587,2026-05-07 18:02:44.375051,0 days 00:00:03.917464,66.58320648712493,0.9783271087830434,0.010664792232733925,10,37,756,18,COMPLETE
174,34.96406373031592,2026-05-07 18:02:44.375051,2026-05-07 18:02:49.873191,0 days 00:00:05.498140,58.67592103224492,0.9490619041981557,0.011540834393019228,10,37,860,27,COMPLETE
175,34.92325460228027,2026-05-07 18:02:49.873191,2026-05-07 18:02:54.435532,0 days 00:00:04.562341,57.867683921205455,0.9872364057422481,0.011269069411262909,10,38,756,23,COMPLETE
176,34.94226524040005,2026-05-07 18:02:54.435532,2026-05-07 18:02:59.303388,0 days 00:00:04.867856,57.70435404643602,0.9833032267146999,0.011716641745211732,10,36,762,26,COMPLETE
177,34.91719020095651,2026-05-07 18:02:59.303388,2026-05-07 18:03:03.937702,0 days 00:00:04.634314,60.39066830035587,0.9867157347610892,0.012818766473281293,10,38,755,25,COMPLETE
178,34.970254696754964,2026-05-07 18:03:03.937702,2026-05-07 18:03:08.718536,0 days 00:00:04.780834,57.26634085149786,0.9874389101989066,0.013041425846451482,10,37,756,26,COMPLETE
179,34.967547411581094,2026-05-07 18:03:08.718536,2026-05-07 18:03:13.453571,0 days 00:00:04.735035,58.80812553789145,0.9896545624895785,0.013632508031463606,10,38,759,26,COMPLETE
180,34.9717583380131,2026-05-07 18:03:13.453571,2026-05-07 18:03:18.274641,0 days 00:00:04.821070,56.2001407278933,0.9831001781869328,0.013547788115559106,10,38,755,26,COMPLETE
181,34.98935080065667,2026-05-07 18:03:18.274641,2026-05-07 18:03:23.028121,0 days 00:00:04.753480,56.955537743537086,0.9916522870192022,0.013173034463853563,10,38,766,25,COMPLETE
182,34.98980589994898,2026-05-07 18:03:23.028121,2026-05-07 18:03:27.721474,0 days 00:00:04.693353,57.5005302650236,0.9853290848285929,0.0134699824671228,10,38,757,26,COMPLETE
183,34.951449662344245,2026-05-07 18:03:27.721474,2026-05-07 18:03:32.752102,0 days 00:00:05.030628,56.806255388237716,0.982595248956362,0.013029999515390358,10,38,756,27,COMPLETE
184,35.12127321479475,2026-05-07 18:03:32.752102,2026-05-07 18:03:37.425352,0 days 00:00:04.673250,57.28687543521582,0.989298123754862,0.018060953141619897,10,40,767,27,COMPLETE
185,35.003578854554775,2026-05-07 18:03:37.425352,2026-05-07 18:03:42.624827,0 days 00:00:05.199475,58.12711398173028,0.9847228610492966,0.013088796866236409,10,38,764,26,COMPLETE
186,35.23501891628928,2026-05-07 18:03:42.624827,2026-05-07 18:03:47.237046,0 days 00:00:04.612219,55.33437505960886,0.9820635154838381,0.01636102289003348,10,43,745,27,COMPLETE
187,34.99576392390636,2026-05-07 18:03:47.237046,2026-05-07 18:03:52.070893,0 days 00:00:04.833847,56.570908907386766,0.9872541192403267,0.01339534251319832,10,38,818,24,COMPLETE
188,35.11708331764392,2026-05-07 18:03:52.070893,2026-05-07 18:03:57.781032,0 days 00:00:05.710139,58.86467156639754,0.9759829848137102,0.011659260273760469,10,42,851,30,COMPLETE
189,35.19979009350129,2026-05-07 18:03:57.782617,2026-05-07 18:04:02.246443,0 days 00:00:04.463826,53.02090430206179,0.990412490649786,0.0185344142402557,10,38,747,26,COMPLETE
190,35.27153766134755,2026-05-07 18:04:02.246443,2026-05-07 18:04:05.899565,0 days 00:00:03.653122,54.981831118125804,0.9758226597090313,0.020903475959335192,10,41,658,23,COMPLETE
191,35.0129464118166,2026-05-07 18:04:05.899565,2026-05-07 18:04:10.848571,0 days 00:00:04.949006,56.92016666953487,0.9899358401300461,0.013704046770233576,10,37,825,25,COMPLETE
192,35.04640029065165,2026-05-07 18:04:10.848571,2026-05-07 18:04:16.693338,0 days 00:00:05.844767,56.93963430439984,0.9999960302700063,0.012749027382603546,10,36,806,28,COMPLETE
193,35.02958107815742,2026-05-07 18:04:16.693338,2026-05-07 18:04:20.984735,0 days 00:00:04.291397,60.1822049493469,0.9818979751256692,0.01550369098484739,10,39,762,23,COMPLETE
194,35.14976189865604,2026-05-07 18:04:20.984735,2026-05-07 18:04:26.884134,0 days 00:00:05.899399,58.640085115255985,0.9700044079645859,0.011713268173854107,10,43,875,31,COMPLETE
195,34.991947367837994,2026-05-07 18:04:26.884134,2026-05-07 18:04:31.940772,0 days 00:00:05.056638,54.6446769204757,0.9860819423334808,0.010730592226524838,10,34,826,24,COMPLETE
196,35.00850849394337,2026-05-07 18:04:31.940772,2026-05-07 18:04:36.674856,0 days 00:00:04.734084,54.14826483449604,0.969922945477146,0.010133321746730924,10,34,742,20,COMPLETE
197,35.049505485227705,2026-05-07 18:04:36.674856,2026-05-07 18:04:42.143615,0 days 00:00:05.468759,51.81780905558291,0.983013392736453,0.010967372107486264,10,35,844,27,COMPLETE
198,34.9480372515844,2026-05-07 18:04:42.143615,2026-05-07 18:04:46.512396,0 days 00:00:04.368781,61.44556426707046,0.9972331009150892,0.013848976578778796,10,40,777,22,COMPLETE
199,35.017322823642616,2026-05-07 18:04:46.512396,2026-05-07 18:04:50.732707,0 days 00:00:04.220311,61.103332723303815,0.99817462897746,0.01567528155609118,10,39,782,21,COMPLETE
200,35.072241680435695,2026-05-07 18:04:50.732707,2026-05-07 18:04:54.789333,0 days 00:00:04.056626,60.244515276725224,0.9682682263075371,0.012965269488396138,10,44,734,21,COMPLETE
201,35.015982396132024,2026-05-07 18:04:54.793837,2026-05-07 18:05:01.103304,0 days 00:00:06.309467,55.55488827979936,0.982969022010777,0.010639886339170318,10,34,806,26,COMPLETE
202,35.23225985602197,2026-05-07 18:05:01.103304,2026-05-07 18:05:05.613996,0 days 00:00:04.510692,58.272395470695315,0.9570124611097344,0.01445125166199587,10,41,775,24,COMPLETE
203,35.11999962977933,2026-05-07 18:05:05.613996,2026-05-07 18:05:11.067771,0 days 00:00:05.453775,61.31283582971983,0.9903197590260809,0.01722579475245835,10,36,827,28,COMPLETE
204,35.041740622083786,2026-05-07 18:05:11.067771,2026-05-07 18:05:16.475852,0 days 00:00:05.408081,57.812418139063546,0.9798720565670352,0.011484860909975922,10,33,756,31,COMPLETE
205,34.95947068392004,2026-05-07 18:05:16.475852,2026-05-07 18:05:21.649005,0 days 00:00:05.173153,56.06566518166103,0.9722554880265536,0.009615754466501638,10,38,869,23,COMPLETE
206,34.909781168699894,2026-05-07 18:05:21.649005,2026-05-07 18:05:26.519124,0 days 00:00:04.870119,56.339805467286425,0.9999327979804659,0.009372501490669866,10,39,867,20,COMPLETE
207,34.98733180681093,2026-05-07 18:05:26.521028,2026-05-07 18:05:31.472277,0 days 00:00:04.951249,56.0936273048637,0.998212617654012,0.013954113971626733,10,40,877,19,COMPLETE
208,35.4155194775019,2026-05-07 18:05:31.472277,2026-05-07 18:05:37.415802,0 days 00:00:05.943525,55.99743668989187,0.9715803140374002,0.021417065830564297,10,45,881,20,COMPLETE
209,35.291930619989614,2026-05-07 18:05:37.415802,2026-05-07 18:05:42.648344,0 days 00:00:05.232542,59.38099546787135,0.9994242268467256,0.016446581957791317,10,41,870,18,COMPLETE
210,35.1285149459968,2026-05-07 18:05:42.648344,2026-05-07 18:05:47.664138,0 days 00:00:05.015794,52.92797961641884,0.9985215038317631,0.009596245765502956,10,40,670,22,COMPLETE
211,34.95197843990847,2026-05-07 18:05:47.664138,2026-05-07 18:05:51.436809,0 days 00:00:03.772671,57.547612466115616,0.9742170974281192,0.013132965076841654,10,38,787,17,COMPLETE
212,35.0883001412191,2026-05-07 18:05:51.436809,2026-05-07 18:05:55.561441,0 days 00:00:04.124632,59.75240245509467,0.971255664474066,0.012268871393806183,10,42,942,15,COMPLETE
213,35.13425656174486,2026-05-07 18:05:55.561441,2026-05-07 18:05:59.427358,0 days 00:00:03.865917,56.21437845506044,0.9565569862686784,0.015077945764159873,10,48,788,18,COMPLETE
214,35.16254765743952,2026-05-07 18:05:59.427956,2026-05-07 18:06:03.678879,0 days 00:00:04.250923,54.13878497513363,0.9733442472084133,0.00937024404768817,10,32,717,21,COMPLETE
215,35.50960141846703,2026-05-07 18:06:03.678879,2026-05-07 18:06:07.714092,0 days 00:00:04.035213,61.072711007309714,0.9995859457138735,0.012629641594723795,10,141,856,17,COMPLETE
216,35.18195181525908,2026-05-07 18:06:07.714092,2026-05-07 18:06:11.682076,0 days 00:00:03.967984,58.92590209037817,0.9798588622897224,0.01865211912003837,10,38,793,20,COMPLETE
217,34.93424135244737,2026-05-07 18:06:11.697707,2026-05-07 18:06:16.138851,0 days 00:00:04.441144,62.0055067554953,0.9655013534426359,0.011031499361078662,10,36,734,23,COMPLETE
218,34.9918079873844,2026-05-07 18:06:16.138851,2026-05-07 18:06:19.538413,0 days 00:00:03.399562,61.81365981379416,0.9591961605324281,0.010957949831607207,10,32,727,15,COMPLETE
219,35.14430780586605,2026-05-07 18:06:19.539321,2026-05-07 18:06:23.859695,0 days 00:00:04.320374,62.44191354821449,0.9645811817128067,0.009397704342754071,10,44,814,19,COMPLETE
220,34.991058069873475,2026-05-07 18:06:23.859695,2026-05-07 18:06:27.883820,0 days 00:00:04.024125,50.98536828743316,0.9491172963856475,0.014426435789490525,10,35,699,23,COMPLETE
221,34.911522185663365,2026-05-07 18:06:27.883820,2026-05-07 18:06:32.456508,0 days 00:00:04.572688,57.30454862122271,0.9895153420811422,0.011595124151593162,10,38,767,23,COMPLETE
222,34.87742469082664,2026-05-07 18:06:32.456508,2026-05-07 18:06:36.802856,0 days 00:00:04.346348,57.51918840020299,0.9782095996517124,0.011330109811083674,10,40,746,22,COMPLETE
223,34.94590395839763,2026-05-07 18:06:36.817860,2026-05-07 18:06:41.360578,0 days 00:00:04.542718,58.517721336406844,0.9727505141942663,0.010649932336062958,10,37,739,22,COMPLETE
224,35.07130803110552,2026-05-07 18:06:41.360578,2026-05-07 18:06:45.809868,0 days 00:00:04.449290,58.224932356135234,0.9768097506161957,0.012054247292249477,10,42,738,22,COMPLETE
225,34.94526068293672,2026-05-07 18:06:45.809868,2026-05-07 18:06:49.494500,0 days 00:00:03.684632,59.66367260744142,0.9802201346077603,0.010586813548806936,10,36,715,17,COMPLETE
226,34.94788939085769,2026-05-07 18:06:49.494500,2026-05-07 18:06:53.473877,0 days 00:00:03.979377,59.869936045130835,0.9865544674836544,0.010750602571528949,10,37,674,21,COMPLETE
227,35.702736999981354,2026-05-07 18:06:53.473877,2026-05-07 18:06:57.662245,0 days 00:00:04.188368,59.50554127246738,0.9864178362974546,0.0074709024372863,10,46,645,23,COMPLETE
228,35.11708082983181,2026-05-07 18:06:57.677870,2026-05-07 18:07:02.464848,0 days 00:00:04.786978,60.83888488524327,0.9690020281103656,0.008704229818601786,10,36,698,26,COMPLETE
229,64.21357048856113,2026-05-07 18:07:02.464848,2026-05-07 18:07:07.282828,0 days 00:00:04.817980,57.823939750733764,0.9875823827296626,0.00019218132917057237,10,40,675,21,COMPLETE
230,34.9777350469347,2026-05-07 18:07:07.283865,2026-05-07 18:07:12.007181,0 days 00:00:04.723316,59.65419050951062,0.97780934397347,0.010518365715357077,10,36,679,28,COMPLETE
231,34.946526710057974,2026-05-07 18:07:12.007181,2026-05-07 18:07:15.869951,0 days 00:00:03.862770,62.1356835086571,0.9768788886550305,0.0100996264712299,10,37,732,18,COMPLETE
232,35.09071895708821,2026-05-07 18:07:15.869951,2026-05-07 18:07:24.420025,0 days 00:00:08.550074,62.03229469390769,0.9677319820414739,0.01077657473631101,10,39,720,85,COMPLETE
233,35.09276886628247,2026-05-07 18:07:24.420025,2026-05-07 18:07:28.523813,0 days 00:00:04.103788,58.17344400646692,0.9839028361007177,0.009310894975757383,10,33,719,20,COMPLETE
234,35.08618327214446,2026-05-07 18:07:28.523813,2026-05-07 18:07:33.022413,0 days 00:00:04.498600,55.09740351136069,0.9876502689818691,0.013072504106116215,10,43,739,24,COMPLETE
235,34.908937664644185,2026-05-07 18:07:33.022413,2026-05-07 18:07:36.922556,0 days 00:00:03.900143,60.30111195870026,0.9545763964156949,0.011038431296283109,10,36,778,17,COMPLETE
236,35.14060498910981,2026-05-07 18:07:36.922556,2026-05-07 18:07:41.036375,0 days 00:00:04.113819,60.64950214373034,0.9540453100815981,0.00800980460751474,10,35,785,17,COMPLETE
237,35.13829565507942,2026-05-07 18:07:41.036375,2026-05-07 18:07:44.353128,0 days 00:00:03.316753,62.44399427014565,0.962326629024458,0.009458654274332519,10,33,704,15,COMPLETE
238,34.88355881385005,2026-05-07 18:07:44.353128,2026-05-07 18:07:48.543136,0 days 00:00:04.190008,59.91435708248449,0.9671426936814875,0.01156138196115035,10,40,777,20,COMPLETE
239,35.0858609245912,2026-05-07 18:07:48.543136,2026-05-07 18:07:52.713008,0 days 00:00:04.169872,59.77200466592156,0.9554258974048088,0.011410105599246493,10,42,809,19,COMPLETE
240,35.13698076820434,2026-05-07 18:07:52.713008,2026-05-07 18:07:57.703692,0 days 00:00:04.990684,63.48921192584636,0.9726090372892493,0.00678850144261189,10,40,836,21,COMPLETE
241,34.929918201600245,2026-05-07 18:07:57.703692,2026-05-07 18:08:01.711124,0 days 00:00:04.007432,57.73207713848984,0.9718928539576805,0.010941625526496962,10,37,777,18,COMPLETE
242,34.94822082648053,2026-05-07 18:08:01.711124,2026-05-07 18:08:05.866284,0 days 00:00:04.155160,58.9990236775616,0.9679575170087834,0.010663801861371301,10,36,779,17,COMPLETE
