number,value,datetime_start,datetime_complete,duration,params_batch_size,params_dropout_0,params_dropout_1,params_dropout_2,params_learning_rate,params_n_mlp_layers,params_units_0,params_units_1,params_units_2,state
0,40.81491470509944,2026-05-09 19:20:14.812714,2026-05-09 19:21:15.286836,0 days 00:01:00.474122,16,0.21581875268276168,0.08952318591878305,,0.0024674884106267755,2,96,224.0,,COMPLETE
1,66.82129777274929,2026-05-09 19:21:15.295933,2026-05-09 19:21:33.552012,0 days 00:00:18.256079,64,0.36303503725741254,0.3800316715017598,0.21931813778759068,0.019101635075069113,3,160,32.0,224.0,COMPLETE
2,42.520077413415734,2026-05-09 19:21:33.552012,2026-05-09 19:21:59.064976,0 days 00:00:25.512964,128,0.16162088111482936,,,0.0010438625754523763,1,160,,,COMPLETE
3,56.37653378367535,2026-05-09 19:21:59.064976,2026-05-09 19:22:09.102776,0 days 00:00:10.037800,128,0.48546300040187945,,,0.017799828426522193,1,128,,,COMPLETE
4,45.04538905603239,2026-05-09 19:22:09.103828,2026-05-09 19:22:35.108966,0 days 00:00:26.005138,32,0.4845350986945798,,,0.0030718438003978564,1,64,,,COMPLETE
5,53.23395477709114,2026-05-09 19:22:35.108966,2026-05-09 19:22:47.597529,0 days 00:00:12.488563,64,0.42144852750070355,,,0.015393336043558546,1,224,,,COMPLETE
6,63.35830848780286,2026-05-09 19:22:47.597529,2026-05-09 19:23:20.425316,0 days 00:00:32.827787,16,0.28210606855685216,,,0.024110599275375046,1,32,,,COMPLETE
7,67.18987328856198,2026-05-09 19:23:20.425316,2026-05-09 19:23:36.266740,0 days 00:00:15.841424,64,0.369873805458825,0.19712294492732885,,0.02425893246440933,2,224,64.0,,COMPLETE
8,37.92528424992203,2026-05-09 19:23:36.267742,2026-05-09 19:24:03.301365,0 days 00:00:27.033623,32,0.06408944048261594,,,0.0039766712273748535,1,192,,,COMPLETE
9,57.791929316705556,2026-05-09 19:24:03.309728,2026-05-09 19:24:17.487735,0 days 00:00:14.178007,128,0.32282620164614234,0.4495775114290941,0.429908521448417,0.0092226005062691,3,128,64.0,160.0,COMPLETE
10,60.80931294827335,2026-05-09 19:24:17.488815,2026-05-09 19:24:42.825995,0 days 00:00:25.337180,32,0.012703019489541195,0.02532276366992553,,0.09527721230595135,2,256,256.0,,COMPLETE
11,40.88163610753848,2026-05-09 19:24:42.825995,2026-05-09 19:25:31.310099,0 days 00:00:48.484104,16,0.1585723252596088,0.057832741750484945,,0.0034837141490798636,2,96,224.0,,COMPLETE
12,39.89560820465374,2026-05-09 19:25:31.311096,2026-05-09 19:26:09.215004,0 days 00:00:37.903908,16,0.022277561532534795,0.18919158226306382,,0.002906658424091722,2,192,160.0,,COMPLETE
13,39.51264257822934,2026-05-09 19:26:09.215004,2026-05-09 19:26:32.168400,0 days 00:00:22.953396,32,0.00653988577347861,0.25770238272016205,,0.00607823170274758,2,192,160.0,,COMPLETE
14,44.07496175947993,2026-05-09 19:26:32.168400,2026-05-09 19:26:55.747962,0 days 00:00:23.579562,32,0.09072234368273233,0.32885487594546176,0.010868417912265255,0.006007496722864672,3,192,128.0,32.0,COMPLETE
15,36.71502852700932,2026-05-09 19:26:55.748666,2026-05-09 19:27:40.446917,0 days 00:00:44.698251,32,0.08276124115996376,,,0.0014153368163921842,1,256,,,COMPLETE
16,40.13993943589435,2026-05-09 19:27:40.450947,2026-05-09 19:28:15.319272,0 days 00:00:34.868325,32,0.09781293801874544,,,0.0012984274795648165,1,256,,,COMPLETE
17,39.52332378278179,2026-05-09 19:28:15.319272,2026-05-09 19:28:44.321007,0 days 00:00:29.001735,32,0.09492894450870423,,,0.001997862248452237,1,224,,,COMPLETE
18,39.94752219577646,2026-05-09 19:28:44.321007,2026-05-09 19:29:12.737482,0 days 00:00:28.416475,32,0.1976317218454796,,,0.0017167578283423155,1,256,,,COMPLETE
19,37.316122772293745,2026-05-09 19:29:12.737739,2026-05-09 19:29:39.115127,0 days 00:00:26.377388,32,0.06258305020877139,,,0.004782813474166916,1,224,,,COMPLETE
20,66.55183482506776,2026-05-09 19:29:39.115127,2026-05-09 19:29:56.539319,0 days 00:00:17.424192,32,0.15848832389374434,0.4824749945956279,,0.06225367372648181,2,224,128.0,,COMPLETE
21,38.10792297704811,2026-05-09 19:29:56.539319,2026-05-09 19:30:22.124528,0 days 00:00:25.585209,32,0.05949479324558628,,,0.004594232040768453,1,192,,,COMPLETE
22,37.68032313641735,2026-05-09 19:30:22.125621,2026-05-09 19:30:47.090002,0 days 00:00:24.964381,32,0.05885571923560691,,,0.007646051172047211,1,256,,,COMPLETE
23,39.45517091973493,2026-05-09 19:30:47.090002,2026-05-09 19:31:08.889709,0 days 00:00:21.799707,32,0.11995814924446078,,,0.009710436537412942,1,256,,,COMPLETE
24,37.558051966889735,2026-05-09 19:31:08.889709,2026-05-09 19:31:33.627869,0 days 00:00:24.738160,32,0.0450541969461564,,,0.006752326727312642,1,256,,,COMPLETE
25,37.42034111443706,2026-05-09 19:31:33.627869,2026-05-09 19:32:10.465357,0 days 00:00:36.837488,32,0.13066044253392128,,,0.0014850705992283811,1,224,,,COMPLETE
26,39.03521909799276,2026-05-09 19:32:10.465357,2026-05-09 19:32:58.545550,0 days 00:00:48.080193,32,0.24943713853841212,,,0.0014168739465748894,1,224,,,COMPLETE
27,42.756248106211515,2026-05-09 19:32:58.545550,2026-05-09 19:33:26.631889,0 days 00:00:28.086339,128,0.12649600884969675,0.14122806906766,,0.0010581261577788745,2,160,192.0,,COMPLETE
28,39.08345515708906,2026-05-09 19:33:26.631889,2026-05-09 19:33:50.185558,0 days 00:00:23.553669,64,0.19064704364017962,,,0.0021054287902385876,1,224,,,COMPLETE
29,41.93417188790712,2026-05-09 19:33:50.185558,2026-05-09 19:34:27.446635,0 days 00:00:37.261077,16,0.13252823594832452,0.28545193347610415,,0.002580482748778266,2,224,96.0,,COMPLETE
30,39.518687486978834,2026-05-09 19:34:27.446635,2026-05-09 19:35:01.382622,0 days 00:00:33.935987,32,0.23703029228246442,,,0.001492372687193846,1,96,,,COMPLETE
31,36.67899160826712,2026-05-09 19:35:01.382622,2026-05-09 19:35:36.153212,0 days 00:00:34.770590,32,0.034151564114266744,,,0.004665440557670961,1,256,,,COMPLETE
32,36.7819131708918,2026-05-09 19:35:36.156449,2026-05-09 19:36:06.019907,0 days 00:00:29.863458,32,0.031555390283466905,,,0.005128084647697094,1,256,,,COMPLETE
33,36.77091068280054,2026-05-09 19:36:06.019907,2026-05-09 19:36:39.853019,0 days 00:00:33.833112,32,0.04484790154749338,,,0.00464127944976613,1,256,,,COMPLETE
34,36.049833487835066,2026-05-09 19:36:39.853019,2026-05-09 19:37:03.885563,0 days 00:00:24.032544,32,0.0002610982943716672,,,0.011314848789073245,1,256,,,COMPLETE
35,67.36559306575141,2026-05-09 19:37:03.885563,2026-05-09 19:37:17.531531,0 days 00:00:13.645968,128,0.0009272355728414741,0.4032628483241676,0.4784484194571747,0.013217111171566273,3,256,32.0,32.0,COMPLETE
36,36.99191449788695,2026-05-09 19:37:17.532558,2026-05-09 19:37:39.836754,0 days 00:00:22.304196,64,0.08485589750732794,,,0.01276493837353658,1,256,,,COMPLETE
37,38.15086125067783,2026-05-09 19:37:39.836754,2026-05-09 19:38:00.130940,0 days 00:00:20.294186,32,0.03591681819936682,,,0.018723948992766023,1,160,,,COMPLETE
38,34.67576991765328,2026-05-09 19:38:00.131192,2026-05-09 19:38:29.305487,0 days 00:00:29.174295,32,0.0021271854761098635,,,0.0078957071550419,1,32,,,COMPLETE
39,59.879554972226856,2026-05-09 19:38:29.309369,2026-05-09 19:38:42.245978,0 days 00:00:12.936609,64,0.007113178768892583,,,0.038854916404936435,1,32,,,COMPLETE
40,63.566953826552435,2026-05-09 19:38:42.245978,2026-05-09 19:38:54.270201,0 days 00:00:12.024223,128,0.2811910231651414,,,0.030542256157238473,1,64,,,COMPLETE
41,36.50875411494451,2026-05-09 19:38:54.270502,2026-05-09 19:39:26.431846,0 days 00:00:32.161344,32,0.0380215726473312,,,0.008435445655045089,1,128,,,COMPLETE
42,37.13171932244102,2026-05-09 19:39:26.431846,2026-05-09 19:39:53.674615,0 days 00:00:27.242769,32,0.0751718302538733,,,0.008210814734298043,1,64,,,COMPLETE
43,37.09551711120228,2026-05-09 19:39:53.675068,2026-05-09 19:40:18.860782,0 days 00:00:25.185714,32,0.03387305834080248,,,0.013847385667550184,1,128,,,COMPLETE
44,47.54102265687312,2026-05-09 19:40:18.863214,2026-05-09 19:40:48.632546,0 days 00:00:29.769332,16,0.026071368262925727,,,0.011903060412129095,1,64,,,COMPLETE
45,64.41037927510365,2026-05-09 19:40:48.634105,2026-05-09 19:41:06.335218,0 days 00:00:17.701113,32,0.43454802755011884,,,0.023209299107137753,1,128,,,COMPLETE
46,40.29393032569543,2026-05-09 19:41:06.336218,2026-05-09 19:41:29.902037,0 days 00:00:23.565819,32,0.00769545637910507,,,0.010558800675514112,1,96,,,COMPLETE
47,68.84948139423473,2026-05-09 19:41:29.902037,2026-05-09 19:41:50.932159,0 days 00:00:21.030122,32,0.1074703778698312,0.0007838166606451702,,0.016611556425606015,2,32,256.0,,COMPLETE
48,38.40985238542605,2026-05-09 19:41:50.932687,2026-05-09 19:42:21.602539,0 days 00:00:30.669852,32,0.07431162090016644,,,0.007911941167137322,1,160,,,COMPLETE
49,44.45867930535335,2026-05-09 19:42:21.603471,2026-05-09 19:43:06.547565,0 days 00:00:44.944094,16,0.045648603796676845,0.12430574966695024,,0.0035035964071115705,2,32,96.0,,COMPLETE
50,47.043157219771864,2026-05-09 19:43:06.547565,2026-05-09 19:43:22.575136,0 days 00:00:16.027571,64,0.33554714134895935,,,0.010161284910375995,1,128,,,COMPLETE
51,38.058325852898705,2026-05-09 19:43:22.577764,2026-05-09 19:43:46.506589,0 days 00:00:23.928825,32,0.04881769351783058,,,0.005821711963159164,1,256,,,COMPLETE
52,37.08118173961049,2026-05-09 19:43:46.506589,2026-05-09 19:44:19.885955,0 days 00:00:33.379366,32,0.026972252390032116,,,0.004319774922043467,1,256,,,COMPLETE
53,37.05427603363844,2026-05-09 19:44:19.885955,2026-05-09 19:44:52.108333,0 days 00:00:32.222378,32,0.0033714055650360397,,,0.0034109401653743014,1,192,,,COMPLETE
54,39.188315234906234,2026-05-09 19:44:52.108333,2026-05-09 19:45:12.965173,0 days 00:00:20.856840,32,0.06923215670856468,,,0.006725218994569206,1,224,,,COMPLETE
55,38.0153378838105,2026-05-09 19:45:12.965173,2026-05-09 19:45:43.138618,0 days 00:00:30.173445,32,0.10924558154476542,,,0.00541409922609323,1,256,,,COMPLETE
56,37.23899334464705,2026-05-09 19:45:43.143281,2026-05-09 19:46:15.588249,0 days 00:00:32.444968,32,0.021290865949784975,,,0.0026248617754881117,1,224,,,COMPLETE
57,37.44459770853395,2026-05-09 19:46:15.588249,2026-05-09 19:46:38.305691,0 days 00:00:22.717442,128,0.05348438186104009,,,0.004023477224884449,1,96,,,COMPLETE
58,36.58648716909671,2026-05-09 19:46:38.305691,2026-05-09 19:47:06.748022,0 days 00:00:28.442331,32,0.019803536291339366,,,0.006906983404950948,1,256,,,COMPLETE
