number,value,datetime_start,datetime_complete,duration,params_colsample_bytree,params_learning_rate,params_max_depth,params_min_child_weight,params_n_estimators,state
0,37.48675226445857,2026-05-05 17:36:09.761476,2026-05-05 17:36:14.689413,0 days 00:00:04.927937,0.7380304805466086,0.055698254051632784,5,25,1200,COMPLETE
1,40.532037928673404,2026-05-05 17:36:14.691694,2026-05-05 17:36:19.710220,0 days 00:00:05.018526,0.6404042053592185,0.003566420328163223,8,53,400,COMPLETE
2,36.464311781116024,2026-05-05 17:36:19.711220,2026-05-05 17:36:28.185001,0 days 00:00:08.473781,0.6389628056543233,0.004923876417235929,10,83,700,COMPLETE
3,36.370764286302915,2026-05-05 17:36:28.186330,2026-05-05 17:36:31.835172,0 days 00:00:03.648842,0.5236521397717486,0.004840308599987815,4,18,1200,COMPLETE
4,40.049917373613624,2026-05-05 17:36:31.835172,2026-05-05 17:36:39.934732,0 days 00:00:08.099560,0.6634222668739811,0.10893350805730172,10,79,1300,COMPLETE
5,38.466098057137195,2026-05-05 17:36:39.935731,2026-05-05 17:36:42.346764,0 days 00:00:02.411033,0.8491383056034973,0.17881570619219678,5,5,500,COMPLETE
6,36.10260796483314,2026-05-05 17:36:42.346764,2026-05-05 17:36:57.418891,0 days 00:00:15.072127,0.6965499795345593,0.006268368802404234,9,30,1500,COMPLETE
7,36.70677965876579,2026-05-05 17:36:57.420274,2026-05-05 17:37:01.064991,0 days 00:00:03.644717,0.9088020336033051,0.03637421445642371,8,86,600,COMPLETE
8,39.06126504668301,2026-05-05 17:37:01.064991,2026-05-05 17:37:04.753946,0 days 00:00:03.688955,0.6521517127812201,0.14928519143508198,6,97,1000,COMPLETE
9,36.66739133636189,2026-05-05 17:37:04.754949,2026-05-05 17:37:07.059581,0 days 00:00:02.304632,0.7317381389607276,0.04095747128832613,3,69,1100,COMPLETE
10,39.288364451416484,2026-05-05 17:37:07.059581,2026-05-05 17:37:30.400947,0 days 00:00:23.341366,0.9706784495903567,0.0010071353131318515,8,39,1500,COMPLETE
11,50.03778003184941,2026-05-05 17:37:30.402032,2026-05-05 17:37:30.709494,0 days 00:00:00.307462,0.5017394868620395,0.0084109455558332,3,13,100,COMPLETE
12,38.685741198124624,2026-05-05 17:37:30.709494,2026-05-05 17:37:35.240816,0 days 00:00:04.531322,0.5128718498125417,0.0017988584431745645,4,30,1500,COMPLETE
13,36.10150327246644,2026-05-05 17:37:35.240816,2026-05-05 17:37:39.805580,0 days 00:00:04.564764,0.5790466889950273,0.011956005638144496,7,49,900,COMPLETE
14,36.06918869094058,2026-05-05 17:37:39.805580,2026-05-05 17:37:44.669514,0 days 00:00:04.863934,0.8144765311545024,0.017629244221041118,7,52,900,COMPLETE
15,36.17910394075833,2026-05-05 17:37:44.671702,2026-05-05 17:37:49.588971,0 days 00:00:04.917269,0.823000578678044,0.01585036324717492,7,56,900,COMPLETE
16,35.76639158424469,2026-05-05 17:37:49.589971,2026-05-05 17:37:54.250738,0 days 00:00:04.660767,0.808192612704527,0.01467195736276412,7,43,800,COMPLETE
17,36.357722246260685,2026-05-05 17:37:54.253263,2026-05-05 17:37:55.869796,0 days 00:00:01.616533,0.812904011364316,0.024776071559059608,6,64,300,COMPLETE
18,37.28312083744018,2026-05-05 17:37:55.871174,2026-05-05 17:38:00.053387,0 days 00:00:04.182213,0.8920509286424554,0.06875650586413681,7,44,800,COMPLETE
19,36.7113635444632,2026-05-05 17:38:00.053387,2026-05-05 17:38:05.432882,0 days 00:00:05.379495,0.7864507049181175,0.021804067356462092,9,66,800,COMPLETE
20,35.93497570265114,2026-05-05 17:38:05.432882,2026-05-05 17:38:08.890089,0 days 00:00:03.457207,0.9869892249500472,0.00962691872382682,6,43,600,COMPLETE
21,35.97032916654333,2026-05-05 17:38:08.890921,2026-05-05 17:38:12.332897,0 days 00:00:03.441976,0.9743272271300687,0.010473188079494553,6,37,600,COMPLETE
22,36.06408789070979,2026-05-05 17:38:12.332897,2026-05-05 17:38:14.980747,0 days 00:00:02.647850,0.9900350373256472,0.010538203840339063,5,38,600,COMPLETE
23,46.721362362149115,2026-05-05 17:38:14.980747,2026-05-05 17:38:17.327808,0 days 00:00:02.347061,0.9350553797653637,0.0024968118141812505,6,37,300,COMPLETE
24,36.520746855997416,2026-05-05 17:38:17.342813,2026-05-05 17:38:21.278899,0 days 00:00:03.936086,0.9981789597912422,0.00863340356660193,6,27,600,COMPLETE
25,35.921998125591,2026-05-05 17:38:21.278899,2026-05-05 17:38:23.820307,0 days 00:00:02.541408,0.941552052321338,0.026408676987136108,5,44,700,COMPLETE
26,39.36963084752979,2026-05-05 17:38:23.820307,2026-05-05 17:38:26.028529,0 days 00:00:02.208222,0.9302279125022364,0.27401414224669884,4,59,700,COMPLETE
27,35.98153480954749,2026-05-05 17:38:26.028529,2026-05-05 17:38:27.556131,0 days 00:00:01.527602,0.8764772768787678,0.032750699714252936,5,45,400,COMPLETE
28,39.7840094837835,2026-05-05 17:38:27.556131,2026-05-05 17:38:28.201922,0 days 00:00:00.645791,0.948548203495608,0.015879892142662267,5,19,100,COMPLETE
29,37.67035773075396,2026-05-05 17:38:28.201922,2026-05-05 17:38:31.714674,0 days 00:00:03.512752,0.8727604611838446,0.06489473228308124,5,72,1000,COMPLETE
30,36.47172521311087,2026-05-05 17:38:31.715557,2026-05-05 17:38:33.549845,0 days 00:00:01.834288,0.7619214271329314,0.046732148665732935,4,60,700,COMPLETE
31,36.33302812054733,2026-05-05 17:38:33.550167,2026-05-05 17:38:36.944369,0 days 00:00:03.394202,0.9611065322210648,0.0069262983368813345,6,34,500,COMPLETE
32,36.04513622774727,2026-05-05 17:38:36.944369,2026-05-05 17:38:40.560209,0 days 00:00:03.615840,0.911710541122185,0.0267373906223465,8,44,500,COMPLETE
33,36.68040121132634,2026-05-05 17:38:40.560209,2026-05-05 17:38:47.007987,0 days 00:00:06.447778,0.9726829078404596,0.013160894846414913,7,22,800,COMPLETE
34,36.310552250145115,2026-05-05 17:38:47.007987,2026-05-05 17:38:51.601983,0 days 00:00:04.593996,0.932434630469721,0.00487570136216078,6,49,700,COMPLETE
35,40.85927749015862,2026-05-05 17:38:51.601983,2026-05-05 17:38:53.746652,0 days 00:00:02.144669,0.86568469066238,0.003466060295585772,5,41,400,COMPLETE
36,35.90258202428544,2026-05-05 17:38:53.747653,2026-05-05 17:38:57.278042,0 days 00:00:03.530389,0.9859943852943313,0.01022042023425057,6,33,600,COMPLETE
37,36.950372675859406,2026-05-05 17:38:57.278042,2026-05-05 17:39:05.779400,0 days 00:00:08.501358,0.9997786341294257,0.02215265709828895,8,13,800,COMPLETE
38,40.70357933813331,2026-05-05 17:39:05.779400,2026-05-05 17:39:10.108396,0 days 00:00:04.328996,0.8410606198938928,0.0033277351533696157,7,32,400,COMPLETE
39,36.500265453135704,2026-05-05 17:39:10.108396,2026-05-05 17:39:24.048803,0 days 00:00:13.940407,0.6023607093692869,0.006443396795584137,9,25,1200,COMPLETE
40,36.42456711484617,2026-05-05 17:39:24.049803,2026-05-05 17:39:27.408690,0 days 00:00:03.358887,0.6960103505393938,0.031157904573445507,5,54,1000,COMPLETE
41,35.84825142706948,2026-05-05 17:39:27.408690,2026-05-05 17:39:31.065111,0 days 00:00:03.656421,0.9121369668504751,0.01088742510413426,6,35,600,COMPLETE
42,35.88362453064025,2026-05-05 17:39:31.065111,2026-05-05 17:39:34.144932,0 days 00:00:03.079821,0.9147980978882702,0.016935643754828318,6,49,600,COMPLETE
43,35.95101157232509,2026-05-05 17:39:34.145932,2026-05-05 17:39:37.703439,0 days 00:00:03.557507,0.9102643722330641,0.018751396558562564,6,48,700,COMPLETE
44,35.77611064529603,2026-05-05 17:39:37.703439,2026-05-05 17:39:41.965085,0 days 00:00:04.261646,0.8942420206184439,0.013183129460940538,7,34,500,COMPLETE
45,36.24800964193088,2026-05-05 17:39:41.966085,2026-05-05 17:39:46.112447,0 days 00:00:04.146362,0.8966094096709191,0.01260185921668244,7,28,500,COMPLETE
46,44.456219480683465,2026-05-05 17:39:46.112447,2026-05-05 17:39:50.275537,0 days 00:00:04.163090,0.8452787829481997,0.004706039971322299,8,15,200,COMPLETE
47,36.00356470717933,2026-05-05 17:39:50.275537,2026-05-05 17:39:54.546144,0 days 00:00:04.270607,0.7729193752725998,0.0075341165637277455,7,34,500,COMPLETE
48,36.37476084677156,2026-05-05 17:39:54.547144,2026-05-05 17:39:57.319946,0 days 00:00:02.772802,0.7203172860713936,0.014114721279178013,7,23,300,COMPLETE
49,37.27411840018541,2026-05-05 17:39:57.319946,2026-05-05 17:40:03.090314,0 days 00:00:05.770368,0.7950295612424534,0.005529139042770659,8,33,400,COMPLETE
50,36.327708038881234,2026-05-05 17:40:03.090314,2026-05-05 17:40:06.011139,0 days 00:00:02.920825,0.8894042228965403,0.01933017314419558,6,77,600,COMPLETE
51,36.407481160291056,2026-05-05 17:40:06.012140,2026-05-05 17:40:08.895543,0 days 00:00:02.883403,0.9575736480225754,0.045231980753816486,5,48,700,COMPLETE
52,37.12054677553058,2026-05-05 17:40:08.895543,2026-05-05 17:40:19.438219,0 days 00:00:10.542676,0.9258382373498127,0.026883957904147784,6,4,900,COMPLETE
53,35.797156910709646,2026-05-05 17:40:19.439220,2026-05-05 17:40:23.549160,0 days 00:00:04.109940,0.8353132970033399,0.01638114095803917,7,41,500,COMPLETE
54,35.8853937576787,2026-05-05 17:40:23.549160,2026-05-05 17:40:27.854752,0 days 00:00:04.305592,0.828483481425871,0.012154715413884897,7,39,500,COMPLETE
55,35.74744745081948,2026-05-05 17:40:27.854752,2026-05-05 17:40:31.412296,0 days 00:00:03.557544,0.8322768424094866,0.015409493333146514,7,40,500,COMPLETE
56,35.89147648432832,2026-05-05 17:40:31.414970,2026-05-05 17:40:36.454094,0 days 00:00:05.039124,0.8591314163092308,0.016016919749440164,9,54,400,COMPLETE
57,36.44694579105014,2026-05-05 17:40:36.455095,2026-05-05 17:40:40.279973,0 days 00:00:03.824878,0.8065477990892487,0.008506005542295811,7,97,500,COMPLETE
58,36.15893103012856,2026-05-05 17:40:40.279973,2026-05-05 17:40:42.334789,0 days 00:00:02.054816,0.7483875790015323,0.020484531787729326,8,58,200,COMPLETE
59,35.90182548060095,2026-05-05 17:40:42.339808,2026-05-05 17:40:44.896709,0 days 00:00:02.556901,0.8342669527075098,0.01434782979944616,7,37,300,COMPLETE
60,36.24964883098777,2026-05-05 17:40:44.897714,2026-05-05 17:40:48.899162,0 days 00:00:04.001448,0.8570401173010845,0.03422141875449072,8,42,600,COMPLETE
61,35.76389733265332,2026-05-05 17:40:48.899162,2026-05-05 17:40:52.489174,0 days 00:00:03.590012,0.8276209549471713,0.01208969765147203,7,41,500,COMPLETE
62,35.89295811563013,2026-05-05 17:40:52.489174,2026-05-05 17:40:56.216682,0 days 00:00:03.727508,0.80004072775612,0.011291606357418202,7,51,600,COMPLETE
63,35.83699400623773,2026-05-05 17:40:56.218014,2026-05-05 17:41:00.136909,0 days 00:00:03.918895,0.7836451665242894,0.009140306088790276,7,46,500,COMPLETE
64,36.138477962959165,2026-05-05 17:41:00.136909,2026-05-05 17:41:06.164779,0 days 00:00:06.027870,0.7803444988543001,0.00895105220521872,8,30,500,COMPLETE
65,36.48448310160135,2026-05-05 17:41:06.164779,2026-05-05 17:41:09.776095,0 days 00:00:03.611316,0.7256030356726236,0.007355196143987016,7,40,400,COMPLETE
66,36.24258215879487,2026-05-05 17:41:09.776095,2026-05-05 17:41:17.959396,0 days 00:00:08.183301,0.8162759174783738,0.005855262846360808,7,92,1400,COMPLETE
67,41.063003149423636,2026-05-05 17:41:17.960430,2026-05-05 17:41:22.782514,0 days 00:00:04.822084,0.8850096315069246,0.004087865304334887,8,45,300,COMPLETE
68,35.842322795972066,2026-05-05 17:41:22.783514,2026-05-05 17:41:26.555927,0 days 00:00:03.772413,0.7637604935178799,0.010190345474879793,7,35,500,COMPLETE
69,35.737607589085336,2026-05-05 17:41:26.555927,2026-05-05 17:41:29.059840,0 days 00:00:02.503913,0.7622103426738857,0.022414884669759525,7,46,400,COMPLETE
70,35.61952658171738,2026-05-05 17:41:29.059840,2026-05-05 17:41:31.675156,0 days 00:00:02.615316,0.7901234252988582,0.021523187083248477,7,46,400,COMPLETE
71,36.428788831187234,2026-05-05 17:41:31.677160,2026-05-05 17:41:33.600152,0 days 00:00:01.922992,0.7869273615354329,0.014702542204277035,7,46,200,COMPLETE
72,36.11905859767845,2026-05-05 17:41:33.600152,2026-05-05 17:41:36.109879,0 days 00:00:02.509727,0.7400848434299299,0.020370906724465444,7,62,400,COMPLETE
73,36.058288254382845,2026-05-05 17:41:36.109879,2026-05-05 17:41:38.085340,0 days 00:00:01.975461,0.7055621181869234,0.024889466194524652,7,53,300,COMPLETE
74,37.005525558951106,2026-05-05 17:41:38.085340,2026-05-05 17:41:44.800120,0 days 00:00:06.714780,0.8256592009397231,0.039482282206894335,8,41,1100,COMPLETE
75,36.247470112985226,2026-05-05 17:41:44.804125,2026-05-05 17:41:47.052428,0 days 00:00:02.248303,0.7597754887137782,0.029848557575157524,7,56,400,COMPLETE
76,35.820176310450634,2026-05-05 17:41:47.053428,2026-05-05 17:41:50.099767,0 days 00:00:03.046339,0.8055740091506491,0.02344689545411942,7,47,500,COMPLETE
77,36.09896343966499,2026-05-05 17:41:50.099767,2026-05-05 17:41:52.442534,0 days 00:00:02.342767,0.811527354759109,0.05113663463562783,8,37,300,COMPLETE
78,36.948452047170484,2026-05-05 17:41:52.442745,2026-05-05 17:41:54.682730,0 days 00:00:02.239985,0.8446452116752313,0.08900848811055571,7,51,400,COMPLETE
79,35.747883386673934,2026-05-05 17:41:54.682730,2026-05-05 17:41:56.939752,0 days 00:00:02.257022,0.7959988703254248,0.022819529505608272,8,43,200,COMPLETE
80,36.32565881862767,2026-05-05 17:41:56.940753,2026-05-05 17:42:00.692128,0 days 00:00:03.751375,0.768844488592496,0.01745763084920004,9,29,200,COMPLETE
81,36.82172836087043,2026-05-05 17:42:00.692128,2026-05-05 17:42:02.244773,0 days 00:00:01.552645,0.7948381035538556,0.02430323727951116,8,42,100,COMPLETE
82,35.74795218722524,2026-05-05 17:42:02.244773,2026-05-05 17:42:05.767303,0 days 00:00:03.522530,0.8251813386521527,0.0131151310820969,7,46,500,COMPLETE
83,40.29341638188568,2026-05-05 17:42:05.767303,2026-05-05 17:42:08.440213,0 days 00:00:02.672910,0.8255332681152289,0.0135455499644309,10,44,100,COMPLETE
84,35.81809027343036,2026-05-05 17:42:08.440213,2026-05-05 17:42:12.286041,0 days 00:00:03.845828,0.8553411894211728,0.017801144095290163,8,39,400,COMPLETE
85,51.54358848677153,2026-05-05 17:42:12.286041,2026-05-05 17:42:16.241038,0 days 00:00:03.954997,0.843966110860937,0.0010224981427797385,6,42,500,COMPLETE
86,36.067587726179,2026-05-05 17:42:16.241038,2026-05-05 17:42:18.149106,0 days 00:00:01.908068,0.873467220778052,0.028241193456946263,7,31,200,COMPLETE
87,35.78545482028047,2026-05-05 17:42:18.149106,2026-05-05 17:42:22.485042,0 days 00:00:04.335936,0.8189198365648805,0.012004281459180454,7,50,600,COMPLETE
88,36.03435166730405,2026-05-05 17:42:22.486046,2026-05-05 17:42:25.937281,0 days 00:00:03.451235,0.7510208179178236,0.0217283668859422,6,50,800,COMPLETE
89,36.01872904471652,2026-05-05 17:42:25.937281,2026-05-05 17:42:32.437567,0 days 00:00:06.500286,0.6751024097593196,0.011502203680197602,8,56,700,COMPLETE
90,36.27987486057656,2026-05-05 17:42:32.437567,2026-05-05 17:42:37.032887,0 days 00:00:04.595320,0.817565729378841,0.03732468316850005,7,36,600,COMPLETE
91,35.88012941002335,2026-05-05 17:42:37.032887,2026-05-05 17:42:39.982683,0 days 00:00:02.949796,0.7918501237328798,0.015703061070218752,7,39,400,COMPLETE
92,35.72248860322845,2026-05-05 17:42:39.982990,2026-05-05 17:42:43.821640,0 days 00:00:03.838650,0.8008079008337823,0.01234685860577084,7,47,600,COMPLETE
93,35.715775689088765,2026-05-05 17:42:43.821640,2026-05-05 17:42:48.204903,0 days 00:00:04.383263,0.7763859488623446,0.012450585361852631,7,47,600,COMPLETE
94,35.76360066335424,2026-05-05 17:42:48.204903,2026-05-05 17:42:51.619757,0 days 00:00:03.414854,0.7726229669344129,0.013563005477789445,6,44,700,COMPLETE
95,35.79562244037134,2026-05-05 17:42:51.619757,2026-05-05 17:42:54.756874,0 days 00:00:03.137117,0.774732123272952,0.019001472274946953,6,47,700,COMPLETE
96,35.82816884252287,2026-05-05 17:42:54.756874,2026-05-05 17:42:59.160234,0 days 00:00:04.403360,0.751988314877024,0.007593314767613753,6,43,800,COMPLETE
97,36.015449241978686,2026-05-05 17:42:59.160234,2026-05-05 17:43:03.226244,0 days 00:00:04.066010,0.7399220649784823,0.01383914337965025,6,52,900,COMPLETE
98,35.73813073972702,2026-05-05 17:43:03.227248,2026-05-05 17:43:08.027111,0 days 00:00:04.799863,0.8019431747089966,0.009862176211549058,7,45,700,COMPLETE
99,36.77338294414956,2026-05-05 17:43:08.027111,2026-05-05 17:43:09.705200,0 days 00:00:01.678089,0.8011482321390317,0.011001480824650809,3,48,700,COMPLETE
100,35.85085057031737,2026-05-05 17:43:09.705200,2026-05-05 17:43:13.870770,0 days 00:00:04.165570,0.7767044734028375,0.00832111730898025,6,45,700,COMPLETE
101,35.98492252759391,2026-05-05 17:43:13.870770,2026-05-05 17:43:19.115574,0 days 00:00:05.244804,0.7913717288578955,0.009877512520349255,7,55,800,COMPLETE
102,35.81368901881497,2026-05-05 17:43:19.116559,2026-05-05 17:43:23.294064,0 days 00:00:04.177505,0.8076877722229476,0.015368457228861768,7,44,600,COMPLETE
103,35.89559348109905,2026-05-05 17:43:23.295063,2026-05-05 17:43:27.775564,0 days 00:00:04.480501,0.7584662627572611,0.012572787623155123,7,49,700,COMPLETE
104,36.07086339212338,2026-05-05 17:43:27.775637,2026-05-05 17:43:31.601640,0 days 00:00:03.826003,0.8374341189702522,0.01854474023028571,7,58,600,COMPLETE
105,36.009700549530685,2026-05-05 17:43:31.601640,2026-05-05 17:43:36.927596,0 days 00:00:05.325956,0.7837503805126995,0.0208418352302381,8,40,800,COMPLETE
106,35.80593098387291,2026-05-05 17:43:36.927596,2026-05-05 17:43:40.653814,0 days 00:00:03.726218,0.7700844482774809,0.009593254953730774,7,46,500,COMPLETE
107,36.11610294273159,2026-05-05 17:43:40.654814,2026-05-05 17:43:43.749430,0 days 00:00:03.094616,0.7179427657488267,0.01687870497364667,6,52,700,COMPLETE
108,35.974379396527965,2026-05-05 17:43:43.750431,2026-05-05 17:43:48.721439,0 days 00:00:04.971008,0.80127415924769,0.006483803335059046,7,38,600,COMPLETE
109,36.10370876584069,2026-05-05 17:43:48.722440,2026-05-05 17:43:55.514854,0 days 00:00:06.792414,0.5465966167970349,0.00809649975096584,9,43,500,COMPLETE
110,35.73277545609095,2026-05-05 17:43:55.514854,2026-05-05 17:44:00.350085,0 days 00:00:04.835231,0.8305832862161379,0.011625034869502277,7,47,600,COMPLETE
111,35.81656104964206,2026-05-05 17:44:00.350085,2026-05-05 17:44:04.807370,0 days 00:00:04.457285,0.8307020684076214,0.014400290750438785,7,48,600,COMPLETE
112,35.77721464743972,2026-05-05 17:44:04.807370,2026-05-05 17:44:09.366874,0 days 00:00:04.559504,0.8139814037781555,0.012441283080593625,7,46,600,COMPLETE
113,35.78249690061566,2026-05-05 17:44:09.367877,2026-05-05 17:44:14.666745,0 days 00:00:05.298868,0.8236125471227741,0.011041265042370706,7,41,700,COMPLETE
114,36.02356217078205,2026-05-05 17:44:14.666745,2026-05-05 17:44:18.124927,0 days 00:00:03.458182,0.8635270718500121,0.02226449158140172,7,53,500,COMPLETE
115,35.67363683838183,2026-05-05 17:44:18.124927,2026-05-05 17:44:24.160238,0 days 00:00:06.035311,0.8526927782316104,0.009229190999036272,8,44,600,COMPLETE
116,35.64244141657361,2026-05-05 17:44:24.162068,2026-05-05 17:44:29.915549,0 days 00:00:05.753481,0.7861005192116912,0.009501962889497083,8,44,600,COMPLETE
117,36.19578698065491,2026-05-05 17:44:29.916593,2026-05-05 17:44:37.078081,0 days 00:00:07.161488,0.734969003082664,0.005457311113335617,8,50,600,COMPLETE
118,35.68277395000396,2026-05-05 17:44:37.078081,2026-05-05 17:44:42.950197,0 days 00:00:05.872116,0.850455760050907,0.009099831934394573,8,45,600,COMPLETE
119,35.69374954008646,2026-05-05 17:44:42.950197,2026-05-05 17:44:49.952042,0 days 00:00:07.001845,0.8521320069402804,0.008997521561790494,8,47,600,COMPLETE
120,35.81202229156709,2026-05-05 17:44:49.952042,2026-05-05 17:44:57.005864,0 days 00:00:07.053822,0.8518747291017853,0.006773050173596396,8,49,600,COMPLETE
121,35.69839608989667,2026-05-05 17:44:57.005864,2026-05-05 17:45:03.737838,0 days 00:00:06.731974,0.8751087156121441,0.008886799898794595,8,46,600,COMPLETE
122,35.69175882008909,2026-05-05 17:45:03.739388,2026-05-05 17:45:09.954879,0 days 00:00:06.215491,0.8690703365250274,0.009195936661574738,8,47,600,COMPLETE
123,35.75739855158955,2026-05-05 17:45:09.955385,2026-05-05 17:45:16.448008,0 days 00:00:06.492623,0.8767736901957929,0.009466874103744385,8,48,600,COMPLETE
124,35.794664502410676,2026-05-05 17:45:16.448008,2026-05-05 17:45:24.746520,0 days 00:00:08.298512,0.8608678365578467,0.00771762583400284,9,51,600,COMPLETE
125,35.70976694442441,2026-05-05 17:45:24.746520,2026-05-05 17:45:31.090342,0 days 00:00:06.343822,0.8987753223495112,0.00878072567233873,8,45,600,COMPLETE
126,35.98985720797975,2026-05-05 17:45:31.091341,2026-05-05 17:45:40.645133,0 days 00:00:09.553792,0.8888027985238441,0.006076510059750543,9,54,700,COMPLETE
127,35.75155623983088,2026-05-05 17:45:40.645133,2026-05-05 17:45:47.097924,0 days 00:00:06.452791,0.8971402774749311,0.007196566402199139,8,46,600,COMPLETE
128,36.020972328168746,2026-05-05 17:45:47.097924,2026-05-05 17:45:52.503335,0 days 00:00:05.405411,0.8702512683921569,0.00889593010246927,8,61,600,COMPLETE
129,35.8793185310571,2026-05-05 17:45:52.503335,2026-05-05 17:45:58.379804,0 days 00:00:05.876469,0.9037996590523265,0.010174272647082016,8,52,700,COMPLETE
130,36.10640979802903,2026-05-05 17:45:58.379804,2026-05-05 17:46:05.770078,0 days 00:00:07.390274,0.9238688726539737,0.005341183048936184,8,45,600,COMPLETE
131,35.86416048467864,2026-05-05 17:46:05.770078,2026-05-05 17:46:11.339079,0 days 00:00:05.569001,0.8475705824711235,0.008507452793524956,8,39,500,COMPLETE
132,35.68303439347851,2026-05-05 17:46:11.339079,2026-05-05 17:46:16.873541,0 days 00:00:05.534462,0.8792303270561257,0.010750982212909627,8,42,600,COMPLETE
133,35.70513569177312,2026-05-05 17:46:16.873541,2026-05-05 17:46:22.950894,0 days 00:00:06.077353,0.8812714481659089,0.010255072475376567,8,43,700,COMPLETE
134,35.65629067530104,2026-05-05 17:46:22.950894,2026-05-05 17:46:28.786138,0 days 00:00:05.835244,0.8816622283396609,0.01084797699083584,8,42,600,COMPLETE
135,35.68025163275687,2026-05-05 17:46:28.786138,2026-05-05 17:46:34.334904,0 days 00:00:05.548766,0.8845621501657177,0.011082743782135892,8,42,600,COMPLETE
136,35.63247071584839,2026-05-05 17:46:34.335908,2026-05-05 17:46:42.330251,0 days 00:00:07.994343,0.8818566517188849,0.007998299020722646,9,43,600,COMPLETE
137,35.63236750350212,2026-05-05 17:46:42.330251,2026-05-05 17:46:52.068038,0 days 00:00:09.737787,0.8774629792445171,0.007099358798458955,9,36,700,COMPLETE
