number,value,datetime_start,datetime_complete,duration,params_colsample_bytree,params_learning_rate,params_max_depth,params_min_child_weight,params_n_estimators,state
277,35.665529333069074,2026-05-05 18:11:14.672079,2026-05-05 18:11:26.622546,0 days 00:00:11.950467,0.9163909076279267,0.005470204410788015,9,42,900,COMPLETE
278,38.65357642132553,2026-05-05 18:11:26.622546,2026-05-05 18:12:01.559372,0 days 00:00:34.936826,0.9247595542631983,0.005739083113774111,9,1,900,COMPLETE
279,35.683634247352806,2026-05-05 18:12:01.559372,2026-05-05 18:12:14.918416,0 days 00:00:13.359044,0.8934627956111235,0.004806336175417071,9,44,1000,COMPLETE
280,35.63141882593585,2026-05-05 18:12:14.919038,2026-05-05 18:12:26.090095,0 days 00:00:11.171057,0.9101548313308828,0.006315536583979815,9,40,900,COMPLETE
281,35.66099474469053,2026-05-05 18:12:26.090095,2026-05-05 18:12:37.354103,0 days 00:00:11.264008,0.9334671256154857,0.006341000249043209,9,40,900,COMPLETE
282,35.81779209945869,2026-05-05 18:12:37.355104,2026-05-05 18:12:48.782737,0 days 00:00:11.427633,0.9189983942258904,0.006195489780288099,9,39,900,COMPLETE
283,35.69661604348356,2026-05-05 18:12:48.782737,2026-05-05 18:13:02.604118,0 days 00:00:13.821381,0.9039951094427201,0.006668426067656616,10,41,1000,COMPLETE
284,36.04627173605179,2026-05-05 18:13:02.605119,2026-05-05 18:13:06.367735,0 days 00:00:03.762616,0.933123213002678,0.007256117419732971,5,48,900,COMPLETE
285,35.77211250964813,2026-05-05 18:13:06.368736,2026-05-05 18:13:16.852011,0 days 00:00:10.483275,0.9135793955296415,0.007857035947688624,9,38,900,COMPLETE
286,35.69705785380399,2026-05-05 18:13:16.853011,2026-05-05 18:13:27.202105,0 days 00:00:10.349094,0.9499284362147723,0.006182366867582092,9,46,800,COMPLETE
287,36.42815877290324,2026-05-05 18:13:27.202105,2026-05-05 18:13:33.376416,0 days 00:00:06.174311,0.8875373750897283,0.025572187316124637,9,42,800,COMPLETE
288,35.633281311068764,2026-05-05 18:13:33.376416,2026-05-05 18:13:43.695036,0 days 00:00:10.318620,0.9244218600888913,0.006754519800811206,9,40,800,COMPLETE
289,35.79390723513865,2026-05-05 18:13:43.695036,2026-05-05 18:13:55.910583,0 days 00:00:12.215547,0.8979864252101406,0.005370430527133823,9,39,900,COMPLETE
290,35.918494553657034,2026-05-05 18:13:55.910583,2026-05-05 18:14:04.912722,0 days 00:00:09.002139,0.5708024003469735,0.006455924382343475,9,41,800,COMPLETE
291,35.7448096162356,2026-05-05 18:14:04.912722,2026-05-05 18:14:15.748043,0 days 00:00:10.835321,0.9225212570435721,0.007101301157364839,9,38,900,COMPLETE
292,37.37786502150514,2026-05-05 18:14:15.748043,2026-05-05 18:14:18.567354,0 days 00:00:02.819311,0.9102209035703211,0.0041858367209556425,4,88,800,COMPLETE
293,35.742486607426294,2026-05-05 18:14:18.567354,2026-05-05 18:14:29.392881,0 days 00:00:10.825527,0.9686071222068017,0.0059021248952187974,9,45,800,COMPLETE
294,37.93466290034282,2026-05-05 18:14:29.392881,2026-05-05 18:14:35.300227,0 days 00:00:05.907346,0.9218688985043104,0.0928799140285323,9,40,800,COMPLETE
295,35.69589583280114,2026-05-05 18:14:35.301227,2026-05-05 18:14:46.266506,0 days 00:00:10.965279,0.9387202253050702,0.007298545344242599,9,37,900,COMPLETE
296,35.699952057752085,2026-05-05 18:14:46.266506,2026-05-05 18:14:56.934411,0 days 00:00:10.667905,0.9005381321937027,0.007719616943056305,9,42,1000,COMPLETE
297,35.841210976082586,2026-05-05 18:14:56.934411,2026-05-05 18:15:10.571183,0 days 00:00:13.636772,0.883864293747206,0.006604216709442858,9,48,1500,COMPLETE
298,35.670150943966036,2026-05-05 18:15:10.571183,2026-05-05 18:15:25.221754,0 days 00:00:14.650571,0.917184007462691,0.005010829423972833,9,44,1300,COMPLETE
299,35.81971412832433,2026-05-05 18:15:25.221754,2026-05-05 18:15:33.290564,0 days 00:00:08.068810,0.9289953346494041,0.008297309323522984,9,51,700,COMPLETE
300,35.67854425618417,2026-05-05 18:15:33.290564,2026-05-05 18:15:44.554633,0 days 00:00:11.264069,0.9489389944917352,0.005922710209575125,9,40,800,COMPLETE
301,35.7683304495586,2026-05-05 18:15:44.554633,2026-05-05 18:15:54.047920,0 days 00:00:09.493287,0.9893784812946033,0.006751717376434555,9,46,700,COMPLETE
