number,value,datetime_start,datetime_complete,duration,params_alpha,params_feature_fraction,params_learning_rate,params_max_depth,params_min_child_samples,params_n_estimators,params_num_leaves,state
0,42.19687429406986,2026-05-07 17:20:47.498995,2026-05-07 17:20:56.620854,0 days 00:00:09.121859,78.45447896863328,0.9215122262977664,0.0009622791171676797,9,72,1467,52,COMPLETE
1,38.12640114131072,2026-05-07 17:20:56.636478,2026-05-07 17:20:58.072526,0 days 00:00:01.436048,69.89772350665102,0.6037537898132657,0.011362949964799812,9,92,259,101,COMPLETE
2,65.83839932418276,2026-05-07 17:20:58.072526,2026-05-07 17:21:00.445010,0 days 00:00:02.372484,27.30437062178918,0.7851914172085241,0.0001523949698528507,5,138,890,102,COMPLETE
3,64.01456644424482,2026-05-07 17:21:00.445010,2026-05-07 17:21:01.525221,0 days 00:00:01.080211,90.04255919896002,0.9324240108421915,0.0006371246901138036,9,99,167,130,COMPLETE
4,59.55633150057788,2026-05-07 17:21:01.525221,2026-05-07 17:21:09.475681,0 days 00:00:07.950460,109.23831501846382,0.8537199345330081,0.00020032262798003598,8,76,1215,116,COMPLETE
5,64.54814280094881,2026-05-07 17:21:09.475681,2026-05-07 17:21:14.836559,0 days 00:00:05.360878,32.768021497289055,0.7421784597731671,0.00013271257506157697,10,98,1468,37,COMPLETE
6,40.00672147301465,2026-05-07 17:21:14.836559,2026-05-07 17:21:15.922150,0 days 00:00:01.085591,37.80866510564896,0.6550954255661197,0.17127134388534107,3,6,1175,114,COMPLETE
7,60.33053863655704,2026-05-07 17:21:15.937774,2026-05-07 17:21:19.750217,0 days 00:00:03.812443,36.17389809567196,0.5253208588016867,0.00043011347990318987,8,70,1089,37,COMPLETE
8,47.638156476470634,2026-05-07 17:21:19.750217,2026-05-07 17:21:20.868170,0 days 00:00:01.117953,26.552952394042098,0.580682408429899,0.0047502914344692,5,143,459,78,COMPLETE
9,37.226988731560155,2026-05-07 17:21:20.868170,2026-05-07 17:21:22.418406,0 days 00:00:01.550236,37.57138512432217,0.6815623799807693,0.07180511936463728,5,133,1211,70,COMPLETE
10,37.48035055745921,2026-05-07 17:21:22.418406,2026-05-07 17:21:23.001576,0 days 00:00:00.583170,52.18083395002393,0.4294610306560445,0.14924593094603456,3,25,661,72,COMPLETE
11,38.2288692467578,2026-05-07 17:21:23.001576,2026-05-07 17:21:23.614661,0 days 00:00:00.613085,51.109587663531606,0.4238773415236437,0.17617339399584306,3,16,631,71,COMPLETE
12,36.469034714174725,2026-05-07 17:21:23.614661,2026-05-07 17:21:24.703611,0 days 00:00:01.088950,49.010069783036,0.41383687248594686,0.03306239899997812,5,36,817,15,COMPLETE
13,36.48937411278003,2026-05-07 17:21:24.717114,2026-05-07 17:21:25.920994,0 days 00:00:01.203880,45.45938505968481,0.5279316165098458,0.03498375326490528,5,41,896,16,COMPLETE
14,36.39010473007262,2026-05-07 17:21:25.920994,2026-05-07 17:21:27.298003,0 days 00:00:01.377009,62.086710104702846,0.49355188233985603,0.027989056052957494,6,41,877,15,COMPLETE
15,36.20089062808022,2026-05-07 17:21:27.298003,2026-05-07 17:21:28.438929,0 days 00:00:01.140926,59.87154172272453,0.4790020097246526,0.018439626140975194,6,51,737,15,COMPLETE
16,40.96086259548544,2026-05-07 17:21:28.438929,2026-05-07 17:21:30.525572,0 days 00:00:02.086643,63.27798192714457,0.5031161767943124,0.004032723053268735,7,47,553,35,COMPLETE
17,37.24510783654436,2026-05-07 17:21:30.525572,2026-05-07 17:21:31.729621,0 days 00:00:01.204049,59.656286603698646,0.4879968874137369,0.011116460711999551,6,56,409,55,COMPLETE
18,40.5684259706007,2026-05-07 17:21:31.729621,2026-05-07 17:21:36.910473,0 days 00:00:05.180852,75.34404790102269,0.6047924701833665,0.0018577283727371763,7,59,1034,149,COMPLETE
19,36.13741437528556,2026-05-07 17:21:36.910473,2026-05-07 17:21:38.118483,0 days 00:00:01.208010,92.28776156132581,0.47102789426770164,0.020330964782528268,6,118,730,29,COMPLETE
20,36.220663519008795,2026-05-07 17:21:38.118483,2026-05-07 17:21:38.941177,0 days 00:00:00.822694,97.22696674733741,0.572278269308212,0.014176924967393931,4,120,684,30,COMPLETE
21,36.360149028727214,2026-05-07 17:21:38.941177,2026-05-07 17:21:39.925450,0 days 00:00:00.984273,100.52178976145123,0.5478878434386325,0.010695494203639636,4,119,703,27,COMPLETE
22,36.37056964937865,2026-05-07 17:21:39.925450,2026-05-07 17:21:40.515926,0 days 00:00:00.590476,87.12224262168112,0.4701037473221462,0.019646287560944956,4,117,471,52,COMPLETE
23,37.19610621561704,2026-05-07 17:21:40.520931,2026-05-07 17:21:41.609366,0 days 00:00:01.088435,94.2757228766067,0.6501470254980468,0.0718249497232794,6,113,782,28,COMPLETE
24,47.859556950598346,2026-05-07 17:21:41.609366,2026-05-07 17:21:42.224679,0 days 00:00:00.615313,80.49108372565962,0.4530142728107518,0.0032762876569623293,4,86,345,50,COMPLETE
25,36.63222310596645,2026-05-07 17:21:42.224679,2026-05-07 17:21:43.215160,0 days 00:00:00.990481,106.36883465967718,0.573438202702388,0.06282186213989673,7,125,580,29,COMPLETE
26,36.32739817987091,2026-05-07 17:21:43.215160,2026-05-07 17:21:44.962041,0 days 00:00:01.746881,68.24855650236906,0.6358395040477872,0.008436746802994981,6,107,712,43,COMPLETE
27,36.197498830363585,2026-05-07 17:21:44.962041,2026-05-07 17:21:46.012806,0 days 00:00:01.050765,84.8064479068065,0.5616735913569317,0.018668950898354037,4,128,1004,24,COMPLETE
28,41.90558305495873,2026-05-07 17:21:46.012806,2026-05-07 17:21:48.893756,0 days 00:00:02.880950,57.0132993514055,0.9953051381372874,0.00178214142421538,8,128,1001,21,COMPLETE
29,37.336055638402954,2026-05-07 17:21:48.893756,2026-05-07 17:21:51.174843,0 days 00:00:02.281087,81.57067304080854,0.7335502446516681,0.04743879768846292,7,150,1342,61,COMPLETE
30,41.08441614417128,2026-05-07 17:21:51.174843,2026-05-07 17:21:52.677927,0 days 00:00:01.503084,72.76993625485198,0.45699458150995437,0.2853409614176062,6,64,978,44,COMPLETE
31,36.12105903512312,2026-05-07 17:21:52.677927,2026-05-07 17:21:53.525905,0 days 00:00:00.847978,96.59403445227194,0.5534973590545488,0.017564282240650965,4,105,760,24,COMPLETE
32,36.127269408325695,2026-05-07 17:21:53.537411,2026-05-07 17:21:54.438498,0 days 00:00:00.901087,84.13268799638878,0.5254088841796889,0.01798436996249219,4,106,806,23,COMPLETE
33,36.27516593435435,2026-05-07 17:21:54.438498,2026-05-07 17:21:55.651113,0 days 00:00:01.212615,85.58827165779844,0.6104142384290239,0.007558843781012516,4,87,838,93,COMPLETE
34,36.20661942268046,2026-05-07 17:21:55.651113,2026-05-07 17:21:56.495736,0 days 00:00:00.844623,92.17916838438559,0.5439663469526572,0.020512743281581185,3,103,951,24,COMPLETE
35,37.74924864282692,2026-05-07 17:21:56.495736,2026-05-07 17:21:57.541277,0 days 00:00:01.045541,68.69992301651699,0.5146143274567963,0.10145079649519112,4,111,1099,44,COMPLETE
36,36.73437921388377,2026-05-07 17:21:57.541277,2026-05-07 17:21:58.415220,0 days 00:00:00.873943,102.8132098763079,0.8111686846893754,0.007008764908227162,3,92,778,60,COMPLETE
37,57.86313757964666,2026-05-07 17:21:58.415220,2026-05-07 17:21:58.760605,0 days 00:00:00.345385,80.68666700934789,0.701112531681271,0.003041087549042036,5,138,117,33,COMPLETE
38,36.9562172072232,2026-05-07 17:21:58.760605,2026-05-07 17:22:00.102735,0 days 00:00:01.342130,88.04974305232167,0.5684844540240027,0.041456756403923115,4,96,1317,39,COMPLETE
39,36.208100203860795,2026-05-07 17:22:00.102735,2026-05-07 17:22:01.400296,0 days 00:00:01.297561,109.4055662335505,0.6208012178542712,0.020843892496865666,5,81,916,22,COMPLETE
40,36.688509354244744,2026-05-07 17:22:01.400296,2026-05-07 17:22:02.517315,0 days 00:00:01.117019,75.52773068308056,0.6700535611181713,0.006191510823744813,3,130,1137,91,COMPLETE
41,36.06464119480357,2026-05-07 17:22:02.517315,2026-05-07 17:22:04.055344,0 days 00:00:01.538029,95.62557678343958,0.4025188530097643,0.015294365446449056,10,105,766,20,COMPLETE
42,36.01093306971423,2026-05-07 17:22:04.055344,2026-05-07 17:22:05.482680,0 days 00:00:01.427336,95.43850404566062,0.44543081519062194,0.016543321880539297,10,103,585,25,COMPLETE
43,36.23838441329912,2026-05-07 17:22:05.482680,2026-05-07 17:22:07.161955,0 days 00:00:01.679275,96.413628102143,0.40510065428893666,0.011104349356564538,10,103,574,35,COMPLETE
44,36.12446368846236,2026-05-07 17:22:07.161955,2026-05-07 17:22:08.336296,0 days 00:00:01.174341,93.01805062479363,0.4370938631730422,0.031643368798508945,9,108,614,21,COMPLETE
45,36.660759060693096,2026-05-07 17:22:08.352424,2026-05-07 17:22:09.492985,0 days 00:00:01.140561,102.77925212469451,0.439205963111841,0.04977395684046997,9,74,624,21,COMPLETE
46,36.19181492915812,2026-05-07 17:22:09.492985,2026-05-07 17:22:10.563718,0 days 00:00:01.070733,109.47615315479133,0.4090322989649191,0.02916734045850676,10,98,248,121,COMPLETE
47,36.403756146262296,2026-05-07 17:22:10.563718,2026-05-07 17:22:11.923558,0 days 00:00:01.359840,97.5910106637116,0.44045444304943143,0.012758185456994963,9,108,423,41,COMPLETE
48,36.16363624402038,2026-05-07 17:22:11.923558,2026-05-07 17:22:12.965791,0 days 00:00:01.042233,42.16485256530324,0.5116826400287243,0.030575670667116014,9,90,516,20,COMPLETE
49,37.29023725600949,2026-05-07 17:22:12.965791,2026-05-07 17:22:14.405059,0 days 00:00:01.439268,32.538160319141824,0.4404605224024396,0.0842548249499199,10,81,627,34,COMPLETE
50,36.58962202606406,2026-05-07 17:22:14.405059,2026-05-07 17:22:17.434130,0 days 00:00:03.029071,91.2325806872192,0.5354442832418761,0.004819076363703968,9,103,857,47,COMPLETE
51,36.221300160130575,2026-05-07 17:22:17.434130,2026-05-07 17:22:18.924429,0 days 00:00:01.490299,93.25069368826749,0.48010245401467916,0.026759675332018586,8,114,760,28,COMPLETE
52,61.48668781556821,2026-05-07 17:22:18.924429,2026-05-07 17:22:20.623139,0 days 00:00:01.698710,84.06282211792667,0.4008265427310554,0.0002957647370209739,10,121,816,18,COMPLETE
53,36.073970200022096,2026-05-07 17:22:20.623139,2026-05-07 17:22:21.774189,0 days 00:00:01.151050,76.37429638571967,0.46213544600200984,0.014969157686628858,10,105,651,15,COMPLETE
54,36.143509015633285,2026-05-07 17:22:21.774189,2026-05-07 17:22:23.041050,0 days 00:00:01.266861,77.23124170966805,0.4966997225939016,0.013437869741404148,10,94,506,24,COMPLETE
55,65.89753785233174,2026-05-07 17:22:23.041050,2026-05-07 17:22:24.458018,0 days 00:00:01.416968,71.01855688434566,0.4536863354978336,0.00010324302272898531,10,107,685,16,COMPLETE
56,36.23505022384297,2026-05-07 17:22:24.458018,2026-05-07 17:22:26.308673,0 days 00:00:01.850655,101.81112522294019,0.4248363684305389,0.009206852245373862,9,101,641,33,COMPLETE
57,36.69147869227989,2026-05-07 17:22:26.308673,2026-05-07 17:22:27.339922,0 days 00:00:01.031249,87.66621530480163,0.46744852315653085,0.013953062389063305,8,136,362,39,COMPLETE
58,37.73409709028752,2026-05-07 17:22:27.339922,2026-05-07 17:22:28.236346,0 days 00:00:00.896424,76.89687639125124,0.5166625757648459,0.11317573844745808,10,69,567,15,COMPLETE
59,36.433368749163876,2026-05-07 17:22:28.236346,2026-05-07 17:22:29.803310,0 days 00:00:01.566964,66.23117360481923,0.427583607310856,0.039114012881616624,9,111,743,25,COMPLETE
60,36.228629190976065,2026-05-07 17:22:29.803310,2026-05-07 17:22:31.745322,0 days 00:00:01.942012,99.1088022888475,0.49343477793078133,0.024540583275589535,10,123,917,20,COMPLETE
61,36.03283928654817,2026-05-07 17:22:31.745322,2026-05-07 17:22:33.534092,0 days 00:00:01.788770,90.80932682284039,0.4759569513697747,0.016362302280247078,10,116,716,30,COMPLETE
62,37.2027466247095,2026-05-07 17:22:33.534092,2026-05-07 17:22:35.258312,0 days 00:00:01.724220,90.17634804161693,0.5871195337751635,0.05807960728322413,10,116,791,31,COMPLETE
63,36.032058864642565,2026-05-07 17:22:35.258312,2026-05-07 17:22:36.833614,0 days 00:00:01.575302,83.16231983744947,0.4590521141964322,0.016372307662447683,9,96,668,25,COMPLETE
64,35.95416370341645,2026-05-07 17:22:36.833614,2026-05-07 17:22:38.556469,0 days 00:00:01.722855,95.7727269212749,0.45862668463185363,0.015089034764577645,9,86,611,37,COMPLETE
65,35.91277520212175,2026-05-07 17:22:38.556469,2026-05-07 17:22:40.495548,0 days 00:00:01.939079,103.15049920219779,0.4670445797541203,0.01586265915002628,10,81,673,36,COMPLETE
66,35.841067854917334,2026-05-07 17:22:40.495548,2026-05-07 17:22:43.153526,0 days 00:00:02.657978,107.14517005499887,0.8943957629876509,0.009089112108766007,9,80,498,144,COMPLETE
67,35.809983590714985,2026-05-07 17:22:43.169149,2026-05-07 17:22:45.900180,0 days 00:00:02.731031,105.21578977273711,0.8920009392426,0.009388335530819008,9,81,498,136,COMPLETE
68,35.863494879088066,2026-05-07 17:22:45.900180,2026-05-07 17:22:48.366293,0 days 00:00:02.466113,106.76950565409759,0.8732936957877387,0.009002838480186971,8,78,501,146,COMPLETE
69,36.94335734782321,2026-05-07 17:22:48.366293,2026-05-07 17:22:51.444384,0 days 00:00:03.078091,105.52548431385104,0.8904341738587398,0.005111936142219355,8,79,518,146,COMPLETE
70,43.78089365293894,2026-05-07 17:22:51.444384,2026-05-07 17:22:53.466662,0 days 00:00:02.022278,105.79178568014909,0.9513172489843688,0.003373944490784128,8,85,322,139,COMPLETE
71,35.82286799698983,2026-05-07 17:22:53.466662,2026-05-07 17:22:56.301390,0 days 00:00:02.834728,102.2500935137474,0.8984883948549776,0.009182067759225275,9,67,473,135,COMPLETE
72,35.963674694280094,2026-05-07 17:22:56.301390,2026-05-07 17:22:59.048129,0 days 00:00:02.746739,100.99819408332908,0.8562788934042344,0.00854335101278722,9,67,446,133,COMPLETE
73,35.812850727571316,2026-05-07 17:22:59.048129,2026-05-07 17:23:01.653421,0 days 00:00:02.605292,101.75293174289122,0.858926743571309,0.009809662018087613,9,65,425,132,COMPLETE
74,35.904251540091046,2026-05-07 17:23:01.653421,2026-05-07 17:23:04.393197,0 days 00:00:02.739776,104.04349780255656,0.8612435062743247,0.008750560571124387,9,68,450,129,COMPLETE
75,50.311139778250954,2026-05-07 17:23:04.393197,2026-05-07 17:23:06.439933,0 days 00:00:02.046736,106.7959507113945,0.89988092966045,0.0022510251808861297,8,61,281,124,COMPLETE
76,35.917463991911625,2026-05-07 17:23:06.439933,2026-05-07 17:23:09.116385,0 days 00:00:02.676452,105.1655936571518,0.834465113106942,0.009907825956085747,9,53,394,141,COMPLETE
77,36.888984230125416,2026-05-07 17:23:09.116385,2026-05-07 17:23:11.657860,0 days 00:00:02.541475,109.70925133366018,0.8183477654857205,0.006774199461291069,8,54,388,140,COMPLETE
78,35.7008889786329,2026-05-07 17:23:11.657860,2026-05-07 17:23:14.587257,0 days 00:00:02.929397,105.04460290756252,0.847731467062558,0.010053400801412834,9,47,481,111,COMPLETE
79,38.66245189048702,2026-05-07 17:23:14.587257,2026-05-07 17:23:18.695905,0 days 00:00:04.108648,100.30456728507451,0.8755907916063472,0.00405907955254667,9,44,467,109,COMPLETE
80,52.66452060335856,2026-05-07 17:23:18.695905,2026-05-07 17:23:23.129051,0 days 00:00:04.433146,103.71072345744757,0.9279151346477548,0.0010495949788177229,8,30,493,129,COMPLETE
81,36.008596424657426,2026-05-07 17:23:23.129051,2026-05-07 17:23:25.618109,0 days 00:00:02.489058,105.49855685710689,0.8288705011763499,0.009288560230171158,9,74,406,142,COMPLETE
82,39.11379585684466,2026-05-07 17:23:25.619126,2026-05-07 17:23:27.921612,0 days 00:00:02.302486,98.42561265636996,0.7812493661985679,0.0060740755544506485,9,62,303,135,COMPLETE
83,35.65471245147562,2026-05-07 17:23:27.921612,2026-05-07 17:23:30.914441,0 days 00:00:02.992829,109.90651141942473,0.9460556160233976,0.01071623424954618,9,57,540,150,COMPLETE
84,35.818518781338774,2026-05-07 17:23:30.914441,2026-05-07 17:23:34.000203,0 days 00:00:03.085762,100.23247425623742,0.949993757950293,0.00782387299887725,8,57,530,148,COMPLETE
85,39.66863431767222,2026-05-07 17:23:34.000203,2026-05-07 17:23:35.391933,0 days 00:00:01.391730,109.24622257552885,0.9552966252490352,0.007329347613719731,7,49,221,149,COMPLETE
86,38.404533737437774,2026-05-07 17:23:35.391933,2026-05-07 17:23:37.874886,0 days 00:00:02.482953,25.54886095938999,0.9106829149112247,0.011517461426039986,8,66,445,145,COMPLETE
87,36.43246975620123,2026-05-07 17:23:37.874886,2026-05-07 17:23:42.233280,0 days 00:00:04.358394,99.77160727264426,0.9829121433089805,0.005599569297093799,9,58,531,128,COMPLETE
88,35.89003143146856,2026-05-07 17:23:42.233280,2026-05-07 17:23:45.495647,0 days 00:00:03.262367,88.51239846549863,0.8734446826347433,0.007921741692394867,9,72,544,136,COMPLETE
89,37.628574784200055,2026-05-07 17:23:45.495647,2026-05-07 17:23:48.665578,0 days 00:00:03.169931,89.58553291964716,0.9423265513493775,0.0043888558837225896,7,71,544,136,COMPLETE
90,43.914572569527,2026-05-07 17:23:48.665578,2026-05-07 17:23:51.026677,0 days 00:00:02.361099,94.02048986993961,0.9697955789495017,0.0030291979940688107,8,77,363,145,COMPLETE
91,36.78689091275684,2026-05-07 17:23:51.026677,2026-05-07 17:23:54.539470,0 days 00:00:03.512793,55.72724361853897,0.8757061456724418,0.008142117345732995,9,39,468,117,COMPLETE
92,35.66046927552615,2026-05-07 17:23:54.539470,2026-05-07 17:23:57.239297,0 days 00:00:02.699827,107.14142746952172,0.8629043101781135,0.011851912427883748,9,57,493,133,COMPLETE
93,35.74465727223925,2026-05-07 17:23:57.239297,2026-05-07 17:24:00.167711,0 days 00:00:02.928414,99.36108295013841,0.9168793872536002,0.012326691514370618,9,46,498,150,COMPLETE
94,35.72525953763251,2026-05-07 17:24:00.167711,2026-05-07 17:24:03.316559,0 days 00:00:03.148848,109.44477454801758,0.9158894056099068,0.010290977660167545,9,45,493,150,COMPLETE
95,35.53692608006683,2026-05-07 17:24:03.316559,2026-05-07 17:24:06.804216,0 days 00:00:03.487657,109.74571088757696,0.9191854784355584,0.011501956217893971,9,34,592,150,COMPLETE
96,35.54759687377554,2026-05-07 17:24:06.804216,2026-05-07 17:24:10.353254,0 days 00:00:03.549038,98.55984900894602,0.9146765759752749,0.011848307913631272,9,34,591,148,COMPLETE
97,35.8867137209441,2026-05-07 17:24:10.353254,2026-05-07 17:24:12.973709,0 days 00:00:02.620455,97.3290454954935,0.9155989317603425,0.0232534943928298,9,31,591,150,COMPLETE
98,35.688490556068714,2026-05-07 17:24:12.973709,2026-05-07 17:24:15.740639,0 days 00:00:02.766930,99.2073151525624,0.9369861813232507,0.012455534145885157,9,44,412,150,COMPLETE
99,35.83842544866783,2026-05-07 17:24:15.740639,2026-05-07 17:24:18.155655,0 days 00:00:02.415016,109.95270299460047,0.9367324667067032,0.011524807738337924,9,44,335,125,COMPLETE
100,35.90269672159472,2026-05-07 17:24:18.155655,2026-05-07 17:24:21.461379,0 days 00:00:03.305724,94.35222034120062,0.9204565807125319,0.013068358815036804,9,19,420,150,COMPLETE
101,35.600650217590974,2026-05-07 17:24:21.461379,2026-05-07 17:24:24.981045,0 days 00:00:03.519666,99.82369864917572,0.9659328259151059,0.01145156854196685,9,34,559,138,COMPLETE
102,35.54405501190429,2026-05-07 17:24:24.981045,2026-05-07 17:24:28.507664,0 days 00:00:03.526619,98.70419846915627,0.9738383182302258,0.011555897778267368,9,33,598,139,COMPLETE
103,36.02141378605707,2026-05-07 17:24:28.507664,2026-05-07 17:24:31.474352,0 days 00:00:02.966688,31.300826860317713,0.9695806694668162,0.021044624535782125,9,35,594,138,COMPLETE
104,35.74384524390187,2026-05-07 17:24:31.474352,2026-05-07 17:24:35.151851,0 days 00:00:03.677499,98.0903580865884,0.994978257731912,0.011661324519002507,9,25,546,143,COMPLETE
105,35.80352828504202,2026-05-07 17:24:35.151851,2026-05-07 17:24:39.031240,0 days 00:00:03.879389,97.35116177779659,0.9968968194267483,0.011095024744401695,9,23,544,142,COMPLETE
106,35.90428624456721,2026-05-07 17:24:39.031240,2026-05-07 17:24:43.509690,0 days 00:00:04.478450,92.58031839156236,0.9675983106448601,0.012087626654014123,9,12,568,147,COMPLETE
107,35.88651455206179,2026-05-07 17:24:43.509690,2026-05-07 17:24:48.567072,0 days 00:00:05.057382,85.94853698482727,0.9783658754351029,0.006156074844909068,9,34,640,143,COMPLETE
108,35.957586848355795,2026-05-07 17:24:48.567072,2026-05-07 17:24:51.762394,0 days 00:00:03.195322,46.473177843435224,0.9316636630792948,0.018205734906956293,9,29,605,147,COMPLETE
109,35.48861307863955,2026-05-07 17:24:51.762394,2026-05-07 17:24:54.832318,0 days 00:00:03.069924,97.99562031329266,0.9844164034336668,0.013275620116116023,9,39,567,99,COMPLETE
110,35.581546844634794,2026-05-07 17:24:54.847940,2026-05-07 17:24:57.790807,0 days 00:00:02.942867,79.34141983637605,0.9602631648810608,0.01383333426038152,9,39,563,97,COMPLETE
111,35.83117675984632,2026-05-07 17:24:57.790807,2026-05-07 17:25:00.042454,0 days 00:00:02.251647,96.06589537984124,0.9573586347619107,0.02462318849447865,9,39,560,100,COMPLETE
112,36.12204530117826,2026-05-07 17:25:00.042454,2026-05-07 17:25:02.656850,0 days 00:00:02.614396,107.31935569338785,0.9913116176180538,0.020615403672468297,9,24,575,92,COMPLETE
113,35.76307535263674,2026-05-07 17:25:02.656850,2026-05-07 17:25:05.727786,0 days 00:00:03.070936,79.84350289806768,0.9836323249327573,0.01453671949623854,9,39,687,105,COMPLETE
114,35.60529609075269,2026-05-07 17:25:05.727786,2026-05-07 17:25:12.465622,0 days 00:00:06.737836,102.20737261885344,0.9418002448602428,0.006870119179596846,9,27,1493,88,COMPLETE
115,37.02765140160811,2026-05-07 17:25:12.465622,2026-05-07 17:25:15.086947,0 days 00:00:02.621325,102.7645558035159,0.94302043898173,0.006495190697972225,9,42,377,83,COMPLETE
116,35.824005493285306,2026-05-07 17:25:15.086947,2026-05-07 17:25:22.093731,0 days 00:00:07.006784,109.88083040588884,0.964097576039082,0.005499109806290971,10,51,1451,96,COMPLETE
117,35.552648543172516,2026-05-07 17:25:22.093731,2026-05-07 17:25:24.684397,0 days 00:00:02.590666,91.60714017899305,0.9092259127721833,0.013514289496703115,8,34,621,84,COMPLETE
118,35.72831979458365,2026-05-07 17:25:24.684397,2026-05-07 17:25:26.959378,0 days 00:00:02.274981,91.4429116438507,0.9067373111482997,0.017950417838871316,8,32,626,76,COMPLETE
119,35.56633396431206,2026-05-07 17:25:26.959378,2026-05-07 17:25:29.695358,0 days 00:00:02.735980,87.7118403420094,0.9284540178622678,0.01430861877908048,8,27,651,89,COMPLETE
120,35.634325780518076,2026-05-07 17:25:29.695358,2026-05-07 17:25:32.556662,0 days 00:00:02.861304,82.07334443277425,0.924676071002315,0.01411120195172342,8,27,707,87,COMPLETE
