number,value,datetime_start,datetime_complete,duration,params_alpha,params_feature_fraction,params_learning_rate,params_max_depth,params_min_child_samples,params_n_estimators,params_num_leaves,state
0,40.9227574460002,2026-05-07 17:32:02.224384,2026-05-07 17:32:03.672146,0 days 00:00:01.447762,69.320515942896,0.6849715644389074,0.002670262697699478,3,58,851,87,COMPLETE
1,37.22597084510022,2026-05-07 17:32:03.672146,2026-05-07 17:32:05.765102,0 days 00:00:02.092956,41.46791537540246,0.6951216415820397,0.047968966121158294,5,110,1263,137,COMPLETE
2,36.13088468998761,2026-05-07 17:32:05.765102,2026-05-07 17:32:06.648321,0 days 00:00:00.883219,75.40160546149762,0.9629711445451404,0.034268198697631355,6,135,422,76,COMPLETE
3,38.14372376264898,2026-05-07 17:32:06.648321,2026-05-07 17:32:08.448862,0 days 00:00:01.800541,31.94475317013255,0.4242162446532284,0.15327006128245457,10,27,646,45,COMPLETE
4,43.30002098241288,2026-05-07 17:32:08.448862,2026-05-07 17:32:11.236856,0 days 00:00:02.787994,48.47122599601005,0.8905864916517714,0.008010708531164238,10,40,202,110,COMPLETE
5,36.84479722408641,2026-05-07 17:32:11.252487,2026-05-07 17:32:12.684484,0 days 00:00:01.431997,74.53987757641346,0.619269557926383,0.03705988364266726,6,118,1006,19,COMPLETE
6,50.93670011171501,2026-05-07 17:32:12.684484,2026-05-07 17:32:16.669156,0 days 00:00:03.984672,32.29598662595866,0.4423979335483994,0.0011730883277152276,7,149,1214,130,COMPLETE
7,36.21047145479998,2026-05-07 17:32:16.669156,2026-05-07 17:32:17.446583,0 days 00:00:00.777427,47.88480751616738,0.5184503426119147,0.021847823226484916,4,130,656,65,COMPLETE
8,36.89614148984274,2026-05-07 17:32:17.446583,2026-05-07 17:32:17.785728,0 days 00:00:00.339145,39.71593706264509,0.6007830054373376,0.20219295838653217,4,84,266,33,COMPLETE
9,39.405200763846764,2026-05-07 17:32:17.785728,2026-05-07 17:32:22.271499,0 days 00:00:04.485771,31.180015439953717,0.9332465314704519,0.0032262460883500177,10,131,1147,28,COMPLETE
10,65.81750836458282,2026-05-07 17:32:22.271499,2026-05-07 17:32:24.992330,0 days 00:00:02.720831,102.28951045365774,0.8265384368344335,0.00011387030146902798,8,89,467,95,COMPLETE
11,36.12558268339221,2026-05-07 17:32:24.992330,2026-05-07 17:32:25.911673,0 days 00:00:00.919343,75.35404295424884,0.9940623606653809,0.020544437810488293,5,148,554,60,COMPLETE
12,36.20528664677405,2026-05-07 17:32:25.911673,2026-05-07 17:32:28.768803,0 days 00:00:02.857130,69.47395483604141,0.9846279443063966,0.013035998898617394,6,150,1498,66,COMPLETE
13,36.66873954678043,2026-05-07 17:32:28.768803,2026-05-07 17:32:29.804129,0 days 00:00:01.035326,99.33739655052344,0.8121596460774857,0.06585672835256384,8,105,454,69,COMPLETE
14,36.98794744290042,2026-05-07 17:32:29.804129,2026-05-07 17:32:30.965607,0 days 00:00:01.161478,83.67159526247156,0.9925045869801851,0.008843824454760816,5,6,402,53,COMPLETE
15,57.32954091704173,2026-05-07 17:32:30.965607,2026-05-07 17:32:34.028862,0 days 00:00:03.063255,56.97286842290128,0.8178759606743936,0.0005911516986159789,7,133,736,108,COMPLETE
16,37.531023131063414,2026-05-07 17:32:34.028862,2026-05-07 17:32:34.806559,0 days 00:00:00.777697,81.70694643160049,0.872868990785474,0.09383844036905659,5,99,558,78,COMPLETE
17,37.384650939268354,2026-05-07 17:32:34.806559,2026-05-07 17:32:35.003657,0 days 00:00:00.197098,61.38305372857654,0.7647567689836268,0.2914617807575746,3,66,142,50,COMPLETE
18,35.97635790992806,2026-05-07 17:32:35.003657,2026-05-07 17:32:36.090755,0 days 00:00:01.087098,87.9850364061203,0.935354234841737,0.022895916000025378,8,122,327,102,COMPLETE
19,36.05794885330059,2026-05-07 17:32:36.090755,2026-05-07 17:32:38.506001,0 days 00:00:02.415246,92.98063026812757,0.9046864099286762,0.014977472649712869,8,123,853,150,COMPLETE
20,37.30199350650536,2026-05-07 17:32:38.506001,2026-05-07 17:32:43.136374,0 days 00:00:04.630373,109.82466835459198,0.9068720376519659,0.002869561704249103,9,118,899,148,COMPLETE
21,36.05708229094487,2026-05-07 17:32:43.136374,2026-05-07 17:32:44.386557,0 days 00:00:01.250183,90.72580615084843,0.9984052373358016,0.01592503496818372,8,143,357,118,COMPLETE
22,40.3592170880346,2026-05-07 17:32:44.386557,2026-05-07 17:32:46.008047,0 days 00:00:01.621490,87.99554330372753,0.9254451962532736,0.005342779112136265,8,118,310,114,COMPLETE
23,36.173617398208286,2026-05-07 17:32:46.008047,2026-05-07 17:32:48.984735,0 days 00:00:02.976688,91.83039881349544,0.8630119239400827,0.015256106079827046,9,101,994,121,COMPLETE
24,51.75056302510982,2026-05-07 17:32:48.984735,2026-05-07 17:32:49.582561,0 days 00:00:00.597826,95.21552772718059,0.7756774243877238,0.005178358266833285,9,138,116,148,COMPLETE
25,57.597338134166804,2026-05-07 17:32:49.582561,2026-05-07 17:32:51.880432,0 days 00:00:02.297871,61.65547909158194,0.9474680528592884,0.0010977835594509738,8,71,351,98,COMPLETE
26,36.39954225047926,2026-05-07 17:32:51.881436,2026-05-07 17:32:53.289859,0 days 00:00:01.408423,105.52064649453422,0.7531192229648193,0.030756158263156096,7,122,678,132,COMPLETE
27,38.62902625759997,2026-05-07 17:32:53.289859,2026-05-07 17:32:55.188216,0 days 00:00:01.898357,83.94944603983613,0.8512548743744316,0.10267210111230142,9,85,805,122,COMPLETE
28,36.0353889127767,2026-05-07 17:32:55.188216,2026-05-07 17:32:57.337360,0 days 00:00:02.149144,64.8668024695026,0.9307039931706417,0.010667268133174623,8,95,532,100,COMPLETE
29,63.26575876568226,2026-05-07 17:32:57.337360,2026-05-07 17:32:58.720306,0 days 00:00:01.382946,25.33544619524771,0.9442273172349954,0.0013763097761481133,7,59,242,86,COMPLETE
30,36.420823813447235,2026-05-07 17:32:58.720306,2026-05-07 17:33:01.092783,0 days 00:00:02.372477,65.12575565371615,0.6288049038133737,0.00913900710571877,9,93,529,99,COMPLETE
31,35.976624669764384,2026-05-07 17:33:01.108290,2026-05-07 17:33:03.462241,0 days 00:00:02.353951,92.8544376585209,0.9016554156336181,0.015073335564374561,8,111,852,90,COMPLETE
32,36.27896112202083,2026-05-07 17:33:03.462241,2026-05-07 17:33:04.398557,0 days 00:00:00.936316,70.769971151597,0.9618477302819854,0.05157573273812339,8,112,364,91,COMPLETE
33,36.24570345379124,2026-05-07 17:33:04.398557,2026-05-07 17:33:06.485292,0 days 00:00:02.086735,79.44608163193364,0.9165692585060219,0.02288004519104147,7,107,955,106,COMPLETE
34,37.54936887420534,2026-05-07 17:33:06.485292,2026-05-07 17:33:09.618040,0 days 00:00:03.132748,56.26093153168283,0.9979588794616898,0.0044018988012232575,8,137,757,79,COMPLETE
35,35.83855229161013,2026-05-07 17:33:09.618040,2026-05-07 17:33:12.387722,0 days 00:00:02.769682,87.89965426256163,0.7273309440664206,0.009859220669833118,9,78,614,118,COMPLETE
36,35.88042148500849,2026-05-07 17:33:12.387722,2026-05-07 17:33:15.734230,0 days 00:00:03.346508,76.51681534562172,0.7090587534610152,0.00887821498932966,10,77,634,102,COMPLETE
37,38.9421745725421,2026-05-07 17:33:15.734230,2026-05-07 17:33:22.867360,0 days 00:00:07.133130,75.62570288461188,0.6765947351734654,0.0019841159178765827,10,50,1098,86,COMPLETE
38,36.46288670668306,2026-05-07 17:33:22.867360,2026-05-07 17:33:24.824209,0 days 00:00:01.956849,98.98500001253426,0.7296272483918795,0.03394003482601927,10,76,602,129,COMPLETE
39,35.80407221610123,2026-05-07 17:33:24.824209,2026-05-07 17:33:29.171681,0 days 00:00:04.347472,79.62412111408015,0.6693837402648409,0.006651576443334646,9,38,714,106,COMPLETE
40,36.98443586463311,2026-05-07 17:33:29.187847,2026-05-07 17:33:34.146450,0 days 00:00:04.958603,41.998752704364286,0.553747171776803,0.007645942246751764,9,31,707,138,COMPLETE
41,35.77838833971173,2026-05-07 17:33:34.146450,2026-05-07 17:33:39.311199,0 days 00:00:05.164749,85.02722748491023,0.6678210376386166,0.006829783719133454,10,47,795,107,COMPLETE
42,36.005978006758355,2026-05-07 17:33:39.311199,2026-05-07 17:33:43.875214,0 days 00:00:04.564015,79.0521400053963,0.7144127502915393,0.006926291542063521,10,44,617,110,COMPLETE
43,36.90933374516183,2026-05-07 17:33:43.876214,2026-05-07 17:33:50.692133,0 days 00:00:06.815919,85.6814219797285,0.6712044611184479,0.0037671825142251143,10,17,790,104,COMPLETE
44,43.05967615173773,2026-05-07 17:33:50.692133,2026-05-07 17:33:55.370569,0 days 00:00:04.678436,74.24417316388971,0.6379300067184319,0.002120715662099449,9,54,661,115,COMPLETE
45,36.051109159319026,2026-05-07 17:33:55.370569,2026-05-07 17:33:57.542207,0 days 00:00:02.171638,70.0307277470013,0.523760481907595,0.02565155188974922,10,33,482,122,COMPLETE
46,35.58420448577125,2026-05-07 17:33:57.542207,2026-05-07 17:34:02.753163,0 days 00:00:05.210956,78.45681942730401,0.6530014708306852,0.006389294089915954,9,40,937,126,COMPLETE
47,36.016305523086416,2026-05-07 17:34:02.753163,2026-05-07 17:34:10.247954,0 days 00:00:07.494791,66.44808498889873,0.5790245800574498,0.006407456370182964,10,23,1069,136,COMPLETE
48,37.793419940228425,2026-05-07 17:34:10.247954,2026-05-07 17:34:17.632632,0 days 00:00:07.384678,53.189767389990735,0.6496188796650507,0.0035185052518715153,9,40,921,129,COMPLETE
49,55.16020216395974,2026-05-07 17:34:17.632632,2026-05-07 17:34:28.007838,0 days 00:00:10.375206,78.42192207294717,0.7048581521985775,0.00032036976603982883,10,64,1439,112,COMPLETE
50,36.22375718765103,2026-05-07 17:34:28.007838,2026-05-07 17:34:32.514411,0 days 00:00:04.506573,46.43827739973839,0.6035150034586977,0.011123551183821042,9,50,1274,108,COMPLETE
51,36.0558133478515,2026-05-07 17:34:32.514411,2026-05-07 17:34:38.138878,0 days 00:00:05.624467,86.36353367721766,0.6586635898567139,0.005785062231975141,9,17,813,102,COMPLETE
52,36.05021180880656,2026-05-07 17:34:38.138878,2026-05-07 17:34:41.098892,0 days 00:00:02.960014,72.31624739235393,0.7311724286942932,0.019665628322206117,10,37,729,94,COMPLETE
53,35.66485292378381,2026-05-07 17:34:41.098892,2026-05-07 17:34:44.389477,0 days 00:00:03.290585,100.02403779278947,0.7850116814790593,0.010272413709844785,9,45,598,123,COMPLETE
54,40.96551187650606,2026-05-07 17:34:44.389477,2026-05-07 17:34:49.665553,0 days 00:00:05.276076,98.11226954814256,0.7959738932460434,0.002370172163779356,9,44,622,126,COMPLETE
55,35.73264653557386,2026-05-07 17:34:49.665553,2026-05-07 17:34:52.763951,0 days 00:00:03.098398,105.51080911043046,0.7422954588692092,0.011431409625796835,10,60,565,141,COMPLETE
56,35.75421822586205,2026-05-07 17:34:52.763951,2026-05-07 17:34:55.497828,0 days 00:00:02.733877,105.87734072400292,0.7473574494468774,0.012079512040717945,9,60,576,142,COMPLETE
57,38.33084342480544,2026-05-07 17:34:55.497828,2026-05-07 17:34:59.055596,0 days 00:00:03.557768,107.8959878508379,0.7872268483866185,0.004590232402286812,10,59,435,140,COMPLETE
58,35.85999293126953,2026-05-07 17:34:59.055596,2026-05-07 17:35:00.583618,0 days 00:00:01.528022,102.05751899733008,0.7516799289546203,0.011940998366410483,6,48,513,145,COMPLETE
59,42.03979927386886,2026-05-07 17:35:00.583618,2026-05-07 17:35:02.324293,0 days 00:00:01.740675,109.70691560027315,0.8363659811618543,0.0015917686860082616,4,65,893,142,COMPLETE
60,36.724283399668444,2026-05-07 17:35:02.324293,2026-05-07 17:35:04.046336,0 days 00:00:01.722043,104.02155884133283,0.6881731040640516,0.03993343064306831,9,54,574,134,COMPLETE
61,35.88637261271792,2026-05-07 17:35:04.046336,2026-05-07 17:35:07.517990,0 days 00:00:03.471654,97.79767071607256,0.7404209358732291,0.0073609898890213,9,71,674,117,COMPLETE
62,36.116128915525884,2026-05-07 17:35:07.517990,2026-05-07 17:35:10.911913,0 days 00:00:03.393923,89.16665214237517,0.7995603220784183,0.01827355110614457,9,26,775,125,COMPLETE
63,35.66494356700646,2026-05-07 17:35:10.911913,2026-05-07 17:35:14.855568,0 days 00:00:03.943655,82.36342739685597,0.690707469490119,0.01203074899048008,10,35,698,124,COMPLETE
64,38.343457420696915,2026-05-07 17:35:14.855568,2026-05-07 17:35:22.348056,0 days 00:00:07.492488,82.12931493651051,0.6924031324185541,0.0030343653018050816,10,35,736,142,COMPLETE
65,35.76104257161356,2026-05-07 17:35:22.348056,2026-05-07 17:35:25.829721,0 days 00:00:03.481665,95.15518137185707,0.6125158137424432,0.013097546336191054,10,40,712,135,COMPLETE
66,36.793608767765456,2026-05-07 17:35:25.829721,2026-05-07 17:35:28.734040,0 days 00:00:02.904319,95.30441998094503,0.6022899396321897,0.02689461291304199,10,43,838,134,COMPLETE
67,36.15396222812488,2026-05-07 17:35:28.734040,2026-05-07 17:35:32.900343,0 days 00:00:04.166303,103.07339947675896,0.7653528556684266,0.014223015169399876,10,54,1013,127,COMPLETE
68,35.77426164080903,2026-05-07 17:35:32.900343,2026-05-07 17:35:36.495668,0 days 00:00:03.595325,94.14218574998034,0.5845302409973828,0.011678071910611125,10,31,572,132,COMPLETE
69,36.643350184997345,2026-05-07 17:35:36.495668,2026-05-07 17:35:38.188969,0 days 00:00:01.693301,94.06612911066156,0.5699423228127689,0.05557476426275071,10,30,394,143,COMPLETE
70,36.506220685070176,2026-05-07 17:35:38.188969,2026-05-07 17:35:41.864234,0 days 00:00:03.675265,100.35339438755926,0.4500614729995655,0.011967981373089243,10,19,503,132,COMPLETE
71,36.39450301331481,2026-05-07 17:35:41.864234,2026-05-07 17:35:46.540905,0 days 00:00:04.676671,90.61312545219656,0.6181030092094569,0.016663233202336813,10,6,571,138,COMPLETE
72,35.78552421286965,2026-05-07 17:35:46.540905,2026-05-07 17:35:50.389369,0 days 00:00:03.848464,95.82286602701514,0.6433179231493447,0.009227182498705213,10,46,676,123,COMPLETE
73,35.82341276345774,2026-05-07 17:35:50.389369,2026-05-07 17:35:53.271448,0 days 00:00:02.882079,105.67091446688549,0.5813480270896731,0.013099800242465346,10,41,457,146,COMPLETE
74,36.56291141320021,2026-05-07 17:35:53.271448,2026-05-07 17:36:00.583788,0 days 00:00:07.312340,83.62189849372541,0.543744018813701,0.0044464911059899056,10,25,873,131,COMPLETE
75,40.32845477012245,2026-05-07 17:36:00.583788,2026-05-07 17:36:04.306708,0 days 00:00:03.722920,35.13048633352688,0.6263000175269893,0.00555214670712464,9,61,553,150,COMPLETE
76,35.78101130854185,2026-05-07 17:36:04.322331,2026-05-07 17:36:07.786718,0 days 00:00:03.464387,90.7685731211047,0.778309432863231,0.00798379343471195,9,53,579,120,COMPLETE
77,35.98709625565403,2026-05-07 17:36:07.786718,2026-05-07 17:36:11.252130,0 days 00:00:03.465412,101.12842697623364,0.6150579549083012,0.016952616272935546,10,29,701,138,COMPLETE
78,36.38484841659427,2026-05-07 17:36:11.252130,2026-05-07 17:36:14.281700,0 days 00:00:03.029570,106.93739234631198,0.6619590933639947,0.0205714829281717,10,70,961,134,COMPLETE
79,35.89595068644504,2026-05-07 17:36:14.281700,2026-05-07 17:36:15.117808,0 days 00:00:00.836108,93.80379672668215,0.7184771799758973,0.010620880522890478,3,34,770,126,COMPLETE
80,36.65978429493903,2026-05-07 17:36:15.133434,2026-05-07 17:36:18.604896,0 days 00:00:03.471462,86.1513946880838,0.6903066390606932,0.02601667553888434,9,10,807,71,COMPLETE
81,35.77744845068687,2026-05-07 17:36:18.604896,2026-05-07 17:36:22.200949,0 days 00:00:03.596053,90.46171089405426,0.7714813223135997,0.008063640164302466,9,52,586,129,COMPLETE
82,35.709293434033285,2026-05-07 17:36:22.200949,2026-05-07 17:36:25.498374,0 days 00:00:03.297425,99.57619799226326,0.746955106687513,0.007994686769399493,8,48,650,131,COMPLETE
83,35.477622084054296,2026-05-07 17:36:25.498374,2026-05-07 17:36:28.744898,0 days 00:00:03.246524,96.4170914823969,0.7503353242500111,0.009073269719044428,8,38,637,129,COMPLETE
84,35.660916130641446,2026-05-07 17:36:28.760521,2026-05-07 17:36:30.758599,0 days 00:00:01.998078,97.03288995184435,0.819209805273164,0.013195143669625703,8,58,628,36,COMPLETE
85,35.720866009885285,2026-05-07 17:36:30.758599,2026-05-07 17:36:32.143782,0 days 00:00:01.385183,99.54165949207493,0.815709638288399,0.009003746178556328,8,38,645,15,COMPLETE
86,36.357661139525725,2026-05-07 17:36:32.143782,2026-05-07 17:36:34.395606,0 days 00:00:02.251824,104.6818672567986,0.8162679456957093,0.005013685441528514,7,56,651,30,COMPLETE
87,35.776975325904246,2026-05-07 17:36:34.395606,2026-05-07 17:36:36.417537,0 days 00:00:02.021931,99.80448611554546,0.830257038431473,0.009467962827716654,8,60,497,45,COMPLETE
88,39.20146488025733,2026-05-07 17:36:36.417537,2026-05-07 17:36:37.921081,0 days 00:00:01.503544,97.91002671395952,0.7417703619806788,0.0038387524591923876,8,37,530,21,COMPLETE
89,36.40374086071127,2026-05-07 17:36:37.921081,2026-05-07 17:36:39.316643,0 days 00:00:01.395562,108.28068291357856,0.847695369015335,0.0060299984214116946,7,68,629,15,COMPLETE
90,35.86185643535849,2026-05-07 17:36:39.316643,2026-05-07 17:36:41.259768,0 days 00:00:01.943125,102.90423623990532,0.8676919923293537,0.015222191316011595,8,49,646,39,COMPLETE
91,35.851082092495275,2026-05-07 17:36:41.275392,2026-05-07 17:36:43.375918,0 days 00:00:02.100526,97.0120501172738,0.8038725892321017,0.013227456917292813,8,44,702,37,COMPLETE
92,35.5315176256958,2026-05-07 17:36:43.375918,2026-05-07 17:36:45.921712,0 days 00:00:02.545794,102.1860001895603,0.7529383296029476,0.0097477441820363,7,40,733,62,COMPLETE
93,35.64872856997913,2026-05-07 17:36:45.937343,2026-05-07 17:36:48.432021,0 days 00:00:02.494678,106.07124600890747,0.7581642664925853,0.0101421892261895,7,39,755,57,COMPLETE
94,35.86304848882341,2026-05-07 17:36:48.432021,2026-05-07 17:36:51.037703,0 days 00:00:02.605682,101.02517230881794,0.7850513856838185,0.009339434109434965,7,22,677,58,COMPLETE
95,35.670812092573264,2026-05-07 17:36:51.037703,2026-05-07 17:36:53.043694,0 days 00:00:02.005991,109.32834676394761,0.7666319706432773,0.007716488837736449,6,38,613,56,COMPLETE
96,35.66422160013447,2026-05-07 17:36:53.043694,2026-05-07 17:36:55.336601,0 days 00:00:02.292907,109.04527607751176,0.7591607351862497,0.007227618082987439,6,38,747,60,COMPLETE
97,35.70314520816818,2026-05-07 17:36:55.336601,2026-05-07 17:36:57.758868,0 days 00:00:02.422267,107.97438495518729,0.7574440683951207,0.006323868647630186,6,35,754,60,COMPLETE
98,64.93667777999936,2026-05-07 17:36:57.758868,2026-05-07 17:37:01.184492,0 days 00:00:03.425624,108.8009781352311,0.7625200926173276,0.00010367479053786787,6,34,763,58,COMPLETE
99,36.61618238208295,2026-05-07 17:37:01.184492,2026-05-07 17:37:04.899937,0 days 00:00:03.715445,109.9500160803972,0.7235955964995174,0.003920970930504643,6,28,748,63,COMPLETE
100,35.90348832625307,2026-05-07 17:37:04.899937,2026-05-07 17:37:06.740829,0 days 00:00:01.840892,103.81064669958754,0.7585093984632739,0.006440665202022514,5,41,818,51,COMPLETE
101,35.91706873525849,2026-05-07 17:37:06.740829,2026-05-07 17:37:08.632646,0 days 00:00:01.891817,101.37756395434279,0.6998285995217851,0.0074375098140385485,6,46,606,68,COMPLETE
102,36.0440312800285,2026-05-07 17:37:08.632646,2026-05-07 17:37:11.231395,0 days 00:00:02.598749,92.55286353489154,0.7781715349524072,0.005136042863177464,6,36,735,56,COMPLETE
103,49.31646946757786,2026-05-07 17:37:11.231395,2026-05-07 17:37:13.227650,0 days 00:00:01.996255,25.416668675702105,0.7947502867045196,0.002656345020007871,5,33,681,48,COMPLETE
104,35.799093556030826,2026-05-07 17:37:13.227650,2026-05-07 17:37:16.802589,0 days 00:00:03.574939,87.92238294697196,0.7101197279900534,0.006094616129296285,7,41,839,71,COMPLETE
105,35.790397018793385,2026-05-07 17:37:16.802589,2026-05-07 17:37:19.430531,0 days 00:00:02.627942,109.94287227879579,0.7331667550262442,0.007440739926080644,6,50,929,62,COMPLETE
106,36.08743544652919,2026-05-07 17:37:19.430531,2026-05-07 17:37:21.375987,0 days 00:00:01.945456,96.7084518615384,0.7530621115177619,0.018676852583060767,6,38,876,75,COMPLETE
107,35.92343106688654,2026-05-07 17:37:21.375987,2026-05-07 17:37:23.681657,0 days 00:00:02.305670,105.44108521491715,0.7699007473588365,0.010082853081637786,7,44,784,43,COMPLETE
108,36.176416036994894,2026-05-07 17:37:23.681657,2026-05-07 17:37:25.462081,0 days 00:00:01.780424,91.8634804198914,0.6817411613704114,0.022399216459982198,7,32,700,49,COMPLETE
109,36.80114169642867,2026-05-07 17:37:25.462081,2026-05-07 17:37:27.871342,0 days 00:00:02.409261,103.02589133462287,0.7935386584980686,0.0046038270514138354,6,27,610,55,COMPLETE
110,35.891098363529466,2026-05-07 17:37:27.871342,2026-05-07 17:37:30.625323,0 days 00:00:02.753981,61.32860451562461,0.8097085743598869,0.00833497132743998,7,47,740,63,COMPLETE
111,35.57048874588234,2026-05-07 17:37:30.625323,2026-05-07 17:37:32.563281,0 days 00:00:01.937958,99.21613900062789,0.8880731111528936,0.01025909074451653,8,37,652,26,COMPLETE
112,35.89780962336971,2026-05-07 17:37:32.563812,2026-05-07 17:37:34.160105,0 days 00:00:01.596293,106.91676867369044,0.7585381281849305,0.014382149656251403,8,42,656,23,COMPLETE
113,36.05243337680737,2026-05-07 17:37:34.160105,2026-05-07 17:37:35.907276,0 days 00:00:01.747171,98.3913706540692,0.7433802322389194,0.006738857545083477,6,39,544,32,COMPLETE
114,35.767476517255155,2026-05-07 17:37:35.907276,2026-05-07 17:37:37.972269,0 days 00:00:02.064993,81.52360235870475,0.8767184635244186,0.0098902624550479,7,23,719,26,COMPLETE
115,35.93205515816932,2026-05-07 17:37:37.972269,2026-05-07 17:37:41.067820,0 days 00:00:03.095551,96.50291166426891,0.8458593941481848,0.005767396865180752,8,36,627,53,COMPLETE
116,35.55567660809893,2026-05-07 17:37:41.072828,2026-05-07 17:37:43.993245,0 days 00:00:02.920417,88.49899864188238,0.8828666745077812,0.010817869599626181,8,30,689,65,COMPLETE
117,35.872902335730956,2026-05-07 17:37:43.993245,2026-05-07 17:37:45.835028,0 days 00:00:01.841783,90.33384453172889,0.8980384684394767,0.016456913939501494,6,31,760,65,COMPLETE
118,35.637091751747235,2026-05-07 17:37:45.835028,2026-05-07 17:37:48.142173,0 days 00:00:02.307145,88.12836569608402,0.8796374873570413,0.010713508756705585,7,28,598,60,COMPLETE
119,35.92149915131522,2026-05-07 17:37:48.142173,2026-05-07 17:37:50.212050,0 days 00:00:02.069877,83.5654233014279,0.8831055494905719,0.011354607927784617,7,18,601,37,COMPLETE
120,64.30229164141949,2026-05-07 17:37:50.212050,2026-05-07 17:37:55.415407,0 days 00:00:05.203357,76.98332723106748,0.9077220974037132,0.00015344227557413922,8,20,696,76,COMPLETE
