number,value,datetime_start,datetime_complete,duration,params_colsample_bytree,params_huber_slope,params_learning_rate,params_max_depth,params_min_child_weight,params_n_estimators,state
0,36.24495454657491,2026-05-05 15:52:26.219929,2026-05-05 15:52:28.771736,0 days 00:00:02.551807,0.8948742387577535,40.51109501926121,0.0687248447157282,4,49,700,COMPLETE
1,36.042390449694246,2026-05-05 15:52:28.773788,2026-05-05 15:52:31.221579,0 days 00:00:02.447791,0.9673349146364076,58.93868899746921,0.009223613432368773,4,57,700,COMPLETE
2,36.16734725091495,2026-05-05 15:52:31.224652,2026-05-05 15:52:37.000252,0 days 00:00:05.775600,0.6593074904633707,36.100181662111666,0.006687826383599748,7,98,1100,COMPLETE
3,60.150766183974454,2026-05-05 15:52:37.000252,2026-05-05 15:52:37.819705,0 days 00:00:00.819453,0.5627268559128584,90.7958710401978,0.001570176981168492,4,46,200,COMPLETE
4,35.864315356045836,2026-05-05 15:52:37.819705,2026-05-05 15:52:50.978331,0 days 00:00:13.158626,0.504231965736796,87.14228526667041,0.006010893207763178,9,41,1400,COMPLETE
5,36.43329623778497,2026-05-05 15:52:50.978331,2026-05-05 15:52:57.080800,0 days 00:00:06.102469,0.5767032426884267,70.6708897410042,0.03459398099525167,9,60,1000,COMPLETE
6,37.5028747023199,2026-05-05 15:52:57.081799,2026-05-05 15:53:04.224778,0 days 00:00:07.142979,0.6973931872340144,26.98551791247994,0.002164880322698148,10,57,700,COMPLETE
7,35.81519304309334,2026-05-05 15:53:04.224778,2026-05-05 15:53:14.532016,0 days 00:00:10.307238,0.8799141947232307,72.04216226030664,0.015401658905240468,10,77,1200,COMPLETE
8,35.85918860802809,2026-05-05 15:53:14.532016,2026-05-05 15:53:21.178243,0 days 00:00:06.646227,0.9927020622538152,41.963639934165386,0.005160634421678651,7,53,900,COMPLETE
9,37.18108774376835,2026-05-05 15:53:21.178243,2026-05-05 15:53:27.315721,0 days 00:00:06.137478,0.9867777841898691,45.1729339606436,0.09848221497426209,10,82,800,COMPLETE
10,38.868879082751874,2026-05-05 15:53:27.315721,2026-05-05 15:53:37.009439,0 days 00:00:09.693718,0.8277321325279198,109.77385345186524,0.26373400303221844,6,8,1500,COMPLETE
11,35.812972322644214,2026-05-05 15:53:37.009439,2026-05-05 15:53:43.439685,0 days 00:00:06.430246,0.8324247385710578,57.16282514720608,0.018876347398270394,7,75,1200,COMPLETE
12,35.826485881740595,2026-05-05 15:53:43.448281,2026-05-05 15:53:49.041113,0 days 00:00:05.592832,0.8109951767113253,59.115993168952116,0.017996322173220284,6,79,1200,COMPLETE
13,35.99859700198711,2026-05-05 15:53:49.042112,2026-05-05 15:53:57.088494,0 days 00:00:08.046382,0.8672669274263638,70.3527166776831,0.02206318547514925,8,77,1300,COMPLETE
14,35.96383694968568,2026-05-05 15:53:57.089496,2026-05-05 15:53:59.255384,0 days 00:00:02.165888,0.7826551760419068,54.30844976517543,0.04492332060529413,8,99,300,COMPLETE
15,35.6772123760316,2026-05-05 15:53:59.256388,2026-05-05 15:54:04.056862,0 days 00:00:04.800474,0.9052932349591752,72.06608862759744,0.012419592278960393,5,71,1200,COMPLETE
16,37.58305752006636,2026-05-05 15:54:04.056862,2026-05-05 15:54:06.000329,0 days 00:00:01.943467,0.7284853623222279,29.469477452355562,0.12095766379618987,5,25,500,COMPLETE
17,36.55529706951703,2026-05-05 15:54:06.000329,2026-05-05 15:54:09.625997,0 days 00:00:03.625668,0.9046734251891263,48.83844773491985,0.003791520262451027,3,67,1400,COMPLETE
18,35.68943322976672,2026-05-05 15:54:09.626542,2026-05-05 15:54:13.791274,0 days 00:00:04.164732,0.9253936505772422,84.66830075428602,0.011528802188234587,5,34,1000,COMPLETE
19,36.27961554835563,2026-05-05 15:54:13.791274,2026-05-05 15:54:19.901867,0 days 00:00:06.110593,0.9413309576795915,86.94638521184841,0.0030715049836447647,5,30,1000,COMPLETE
20,51.81640110114843,2026-05-05 15:54:19.901867,2026-05-05 15:54:22.806234,0 days 00:00:02.904367,0.9169371244471102,106.45614358911698,0.0010088381801047518,5,33,500,COMPLETE
21,35.55695889306842,2026-05-05 15:54:22.807276,2026-05-05 15:54:29.040035,0 days 00:00:06.232759,0.8489757375587571,76.2690249201877,0.014309391905918867,6,16,1100,COMPLETE
22,35.78862584052037,2026-05-05 15:54:29.040035,2026-05-05 15:54:34.993014,0 days 00:00:05.952979,0.7661732343726732,78.68363773546207,0.010380079711105382,6,12,1000,COMPLETE
23,36.104478157311796,2026-05-05 15:54:34.994014,2026-05-05 15:54:37.921301,0 days 00:00:02.927287,0.9418844043041669,97.20105881748945,0.028747226455777757,3,22,1100,COMPLETE
24,35.689430162361006,2026-05-05 15:54:37.921301,2026-05-05 15:54:42.080958,0 days 00:00:04.159657,0.8603894065917038,65.31491414626817,0.010407749212305792,5,18,900,COMPLETE
25,36.3341518425829,2026-05-05 15:54:42.080958,2026-05-05 15:54:48.448289,0 days 00:00:06.367331,0.8316038634934504,66.09259324516479,0.007926241517821531,6,3,800,COMPLETE
26,35.80440493165578,2026-05-05 15:54:48.448289,2026-05-05 15:54:53.444942,0 days 00:00:04.996653,0.8615445286229679,77.1513671451675,0.011794614611027928,4,17,1500,COMPLETE
27,36.405596561805154,2026-05-05 15:54:53.445942,2026-05-05 15:54:57.966455,0 days 00:00:04.520513,0.8018945840350382,62.573802674043094,0.05447607329620255,5,87,1300,COMPLETE
28,35.764663191089234,2026-05-05 15:54:57.966455,2026-05-05 15:55:04.454461,0 days 00:00:06.488006,0.7421063481860344,64.86707890976457,0.003969409639818929,6,18,900,COMPLETE
29,37.118140823468266,2026-05-05 15:55:04.454461,2026-05-05 15:55:06.364043,0 days 00:00:01.909582,0.8643482536371757,50.53631256877832,0.029126102943857722,4,1,500,COMPLETE
30,36.1819331351431,2026-05-05 15:55:06.364043,2026-05-05 15:55:07.858141,0 days 00:00:01.494098,0.6809094453950516,78.68047250790248,0.015595885586943305,3,67,600,COMPLETE
31,35.73142977932451,2026-05-05 15:55:07.859186,2026-05-05 15:55:12.550603,0 days 00:00:04.691417,0.9282836311079519,81.2811510189886,0.012901638440481847,5,38,1100,COMPLETE
32,35.748637618197584,2026-05-05 15:55:12.550603,2026-05-05 15:55:16.728872,0 days 00:00:04.178269,0.9556903995481432,99.72684695225041,0.009921807753200998,5,29,900,COMPLETE
33,35.75349290596777,2026-05-05 15:55:16.729874,2026-05-05 15:55:20.750206,0 days 00:00:04.020332,0.8927120731933273,72.73615192544175,0.007784515841755236,4,13,1100,COMPLETE
34,35.66465879075962,2026-05-05 15:55:20.751207,2026-05-05 15:55:25.192181,0 days 00:00:04.440974,0.9003001864651294,90.39965494512856,0.0220426547969729,7,44,700,COMPLETE
35,35.81533557361354,2026-05-05 15:55:25.193181,2026-05-05 15:55:29.612685,0 days 00:00:04.419504,0.8526393332217262,98.1505480769002,0.02336835048370937,7,44,700,COMPLETE
36,36.04826695610721,2026-05-05 15:55:29.613685,2026-05-05 15:55:34.103341,0 days 00:00:04.489656,0.9023367271803981,91.46859939583977,0.037800625521049146,8,50,600,COMPLETE
37,36.385669929638716,2026-05-05 15:55:34.104342,2026-05-05 15:55:38.694618,0 days 00:00:04.590276,0.7791876060018047,35.83781476603434,0.005032247968194996,7,90,800,COMPLETE
38,35.71186513394004,2026-05-05 15:55:38.694618,2026-05-05 15:55:45.595529,0 days 00:00:06.900911,0.9690383220248775,60.96298705296805,0.007866268719179318,6,66,1300,COMPLETE
39,35.999343898758696,2026-05-05 15:55:45.596532,2026-05-05 15:55:47.283899,0 days 00:00:01.687367,0.5894515592782112,68.18520525437114,0.06657578202119703,7,38,300,COMPLETE
40,37.61346219447051,2026-05-05 15:55:47.283899,2026-05-05 15:55:57.581715,0 days 00:00:10.297816,0.626353930902016,90.41318373909446,0.0023484092271352786,8,60,900,COMPLETE
41,35.56684764681465,2026-05-05 15:55:57.581715,2026-05-05 15:56:01.785533,0 days 00:00:04.203818,0.8854063526254654,84.72241586267434,0.013155980977903136,5,36,1000,COMPLETE
42,35.931306454462785,2026-05-05 15:56:01.786533,2026-05-05 15:56:05.379694,0 days 00:00:03.593161,0.8886566069364702,74.98199628072811,0.014162891805149666,4,45,1100,COMPLETE
43,35.56534403764955,2026-05-05 15:56:05.379694,2026-05-05 15:56:12.490774,0 days 00:00:07.111080,0.8454180101277006,83.28486159819633,0.006169406965294332,6,24,1200,COMPLETE
44,35.524188990970146,2026-05-05 15:56:12.490774,2026-05-05 15:56:19.899966,0 days 00:00:07.409192,0.8090129384246337,82.35664900606666,0.005534400156635661,6,25,1200,COMPLETE
45,35.50104596114501,2026-05-05 15:56:19.899966,2026-05-05 15:56:27.781330,0 days 00:00:07.881364,0.8068239136667311,83.85711215173954,0.005903423186784161,6,25,1300,COMPLETE
46,35.530129609803375,2026-05-05 15:56:27.781330,2026-05-05 15:56:35.632657,0 days 00:00:07.851327,0.8067033402097786,83.84198606560459,0.00581634775645348,6,25,1300,COMPLETE
47,35.55032730251435,2026-05-05 15:56:35.633657,2026-05-05 15:56:44.571076,0 days 00:00:08.937419,0.8072347962563047,105.6686470499157,0.005017659308393251,6,26,1400,COMPLETE
48,37.19646671949071,2026-05-05 15:56:44.571076,2026-05-05 15:56:56.003492,0 days 00:00:11.432416,0.7273087218530568,104.86088090833925,0.0017416448691831101,6,7,1400,COMPLETE
49,35.54106054982052,2026-05-05 15:56:56.004524,2026-05-05 15:57:05.637467,0 days 00:00:09.632943,0.8106408414923404,95.20698537316643,0.005071535908901421,6,28,1400,COMPLETE
50,35.54902675480076,2026-05-05 15:57:05.637467,2026-05-05 15:57:14.395154,0 days 00:00:08.757687,0.8076158504779245,95.10271792128769,0.004676975755955823,6,28,1400,COMPLETE
51,35.54427279804172,2026-05-05 15:57:14.395154,2026-05-05 15:57:23.070409,0 days 00:00:08.675255,0.8035496698219767,95.75341894934627,0.004723918560200098,6,28,1400,COMPLETE
52,35.547066178520836,2026-05-05 15:57:23.071416,2026-05-05 15:57:36.766116,0 days 00:00:13.694700,0.7912001614547851,94.37705047560652,0.002909829867113357,7,30,1500,COMPLETE
53,35.62853020290744,2026-05-05 15:57:36.767116,2026-05-05 15:57:50.996379,0 days 00:00:14.229263,0.7695378176365486,101.13251803923681,0.0028535828033075267,7,21,1500,COMPLETE
54,35.56793256786289,2026-05-05 15:57:50.996379,2026-05-05 15:58:07.470268,0 days 00:00:16.473889,0.7471669831367891,95.03431157375496,0.003109990878588321,8,30,1300,COMPLETE
55,37.161022576686705,2026-05-05 15:58:07.470268,2026-05-05 15:58:22.368098,0 days 00:00:14.897830,0.7094715808986035,89.06729171664428,0.0013883934283570125,7,33,1500,COMPLETE
56,35.59734209989996,2026-05-05 15:58:22.369099,2026-05-05 15:58:46.152010,0 days 00:00:23.782911,0.789153442283427,109.66655411969855,0.0035660734860952807,9,21,1300,COMPLETE
57,35.98957835627654,2026-05-05 15:58:46.152010,2026-05-05 15:58:59.601223,0 days 00:00:13.449213,0.8298116676532314,83.56188299812615,0.002213514652941858,7,40,1400,COMPLETE
58,35.817824377809714,2026-05-05 15:58:59.602106,2026-05-05 15:59:08.566697,0 days 00:00:08.964591,0.7608422963067855,93.29642753527364,0.006323305891610275,6,13,1500,COMPLETE
59,36.39569055246754,2026-05-05 15:59:08.566697,2026-05-05 15:59:18.161877,0 days 00:00:09.595180,0.5114275238466653,80.75308123164328,0.0026455583105493424,7,54,1300,COMPLETE
60,35.5060837159325,2026-05-05 15:59:18.162878,2026-05-05 15:59:26.822153,0 days 00:00:08.659275,0.817937728023953,87.30032703512413,0.0042538858332754025,6,33,1400,COMPLETE
61,35.51583392455142,2026-05-05 15:59:26.837476,2026-05-05 15:59:35.038585,0 days 00:00:08.201109,0.7946694072283735,87.60382070940955,0.004151879219816693,6,32,1400,COMPLETE
62,35.505784913807915,2026-05-05 15:59:35.038585,2026-05-05 15:59:43.743644,0 days 00:00:08.705059,0.8131529762155973,101.90629151791128,0.004150783742408874,6,33,1400,COMPLETE
63,35.60853921780924,2026-05-05 15:59:43.743644,2026-05-05 15:59:51.570380,0 days 00:00:07.826736,0.8268566317406625,102.45849797059073,0.0039565050582004825,6,33,1200,COMPLETE
64,35.586952427646004,2026-05-05 15:59:51.571381,2026-05-05 15:59:59.496331,0 days 00:00:07.924950,0.8358110434940501,87.95874488770275,0.007175767745757902,6,24,1400,COMPLETE
65,36.95552605067438,2026-05-05 15:59:59.497333,2026-05-05 16:00:06.742665,0 days 00:00:07.245332,0.818912921041721,86.39614533953078,0.0018546229495534612,5,36,1300,COMPLETE
66,35.54538480713933,2026-05-05 16:00:06.742665,2026-05-05 16:00:12.783890,0 days 00:00:06.041225,0.7800521022981871,73.39626667688617,0.008960457833811277,6,42,1200,COMPLETE
67,35.66058132875014,2026-05-05 16:00:12.783890,2026-05-05 16:00:18.846662,0 days 00:00:06.062772,0.8763706253135536,69.17008585053381,0.0055374661341771065,5,20,1300,COMPLETE
68,35.528680285516636,2026-05-05 16:00:18.846662,2026-05-05 16:00:26.900963,0 days 00:00:08.054301,0.7567755024742007,79.67972121328465,0.004237070650633146,6,25,1400,COMPLETE
69,57.19249249272243,2026-05-05 16:00:26.901165,2026-05-05 16:00:27.826982,0 days 00:00:00.925817,0.7322348341561953,78.31786286411739,0.0035046994285588186,6,9,100,COMPLETE
70,39.74874743748107,2026-05-05 16:00:27.827983,2026-05-05 16:00:34.636754,0 days 00:00:06.808771,0.752234010100297,82.28339141942055,0.001198700463890534,5,25,1200,COMPLETE
71,35.84347821067933,2026-05-05 16:00:34.637780,2026-05-05 16:00:41.327325,0 days 00:00:06.689545,0.81617358015387,25.4476916534931,0.006144759269073427,6,27,1400,COMPLETE
72,35.57073775695666,2026-05-05 16:00:41.327325,2026-05-05 16:00:49.967597,0 days 00:00:08.640272,0.7979886397063252,87.03258695764796,0.003905370254516227,6,47,1500,COMPLETE
73,35.6804953711606,2026-05-05 16:00:49.968511,2026-05-05 16:00:58.529383,0 days 00:00:08.560872,0.7781670566189678,99.29647724636578,0.0042581099549308275,6,16,1300,COMPLETE
74,35.71168986202169,2026-05-05 16:00:58.530384,2026-05-05 16:01:06.254953,0 days 00:00:07.724569,0.7603015005498617,38.62918271831846,0.0033054625755852404,6,34,1400,COMPLETE
75,35.743807703284645,2026-05-05 16:01:06.255954,2026-05-05 16:01:11.936330,0 days 00:00:05.680376,0.7110064563909058,55.4789688084324,0.008860538176697427,5,22,1500,COMPLETE
76,39.28223955876415,2026-05-05 16:01:11.936330,2026-05-05 16:01:19.278715,0 days 00:00:07.342385,0.8186371023079989,80.51697825830963,0.23757547035246668,7,40,1300,COMPLETE
77,35.72338311906225,2026-05-05 16:01:19.278715,2026-05-05 16:01:29.470791,0 days 00:00:10.192076,0.8417756655822547,75.78790223876909,0.0025590100118579252,6,31,1400,COMPLETE
78,35.5461207149538,2026-05-05 16:01:29.471791,2026-05-05 16:01:35.367679,0 days 00:00:05.895888,0.7920829087915998,91.23212063850906,0.007049698790987611,5,19,1400,COMPLETE
79,35.449651914656464,2026-05-05 16:01:35.367679,2026-05-05 16:01:43.001060,0 days 00:00:07.633381,0.7707996417346185,101.48634361195028,0.005650984976656683,6,37,1300,COMPLETE
80,35.61796073745569,2026-05-05 16:01:43.003063,2026-05-05 16:01:50.422058,0 days 00:00:07.418995,0.682984627238368,46.53176553706002,0.005597884575406991,7,37,1200,COMPLETE
81,35.52988872789665,2026-05-05 16:01:50.422058,2026-05-05 16:01:58.281377,0 days 00:00:07.859319,0.7719041137248722,102.32497482421074,0.004537668972121865,6,31,1300,COMPLETE
82,35.55446232056281,2026-05-05 16:01:58.281377,2026-05-05 16:02:06.902932,0 days 00:00:08.621555,0.771860662123922,108.75296735139595,0.004355784340482948,6,32,1300,COMPLETE
83,36.841502397137035,2026-05-05 16:02:06.902932,2026-05-05 16:02:15.538074,0 days 00:00:08.635142,0.7354981750382372,101.72700638196119,0.0020053234260526864,6,25,1200,COMPLETE
84,35.72818015268977,2026-05-05 16:02:15.538074,2026-05-05 16:02:21.307000,0 days 00:00:05.768926,0.7569612015028627,32.59850360790472,0.00670150650820884,6,36,1300,COMPLETE
85,35.84733758641503,2026-05-05 16:02:21.307000,2026-05-05 16:02:26.191455,0 days 00:00:04.884455,0.7201450504567803,86.35341819473415,0.004385709862843761,5,23,1100,COMPLETE
86,35.57717258606339,2026-05-05 16:02:26.191749,2026-05-05 16:02:32.967308,0 days 00:00:06.775559,0.8560003909316246,104.58760181081483,0.00826045726616994,6,31,1300,COMPLETE
87,35.450985346253574,2026-05-05 16:02:32.967308,2026-05-05 16:02:42.987946,0 days 00:00:10.020638,0.7921785933833982,98.46333893851055,0.005791885949922522,7,27,1500,COMPLETE
88,35.637497859670944,2026-05-05 16:02:42.987946,2026-05-05 16:02:51.190222,0 days 00:00:08.202276,0.7436936776178515,99.57311760001708,0.01074133887240907,7,35,1500,COMPLETE
89,35.642857101358985,2026-05-05 16:02:51.191222,2026-05-05 16:03:02.565135,0 days 00:00:11.373913,0.7905499422777758,92.30258577953265,0.0032122310482973803,7,42,1500,COMPLETE
90,35.41786219220508,2026-05-05 16:03:02.566135,2026-05-05 16:03:11.825389,0 days 00:00:09.259254,0.7800843130754537,98.15564935322396,0.0051885589459698695,7,39,1400,COMPLETE
91,35.51957643208048,2026-05-05 16:03:11.825389,2026-05-05 16:03:20.664457,0 days 00:00:08.839068,0.7695303289678167,97.8028279454327,0.005572503734692708,7,47,1400,COMPLETE
92,35.50444592525098,2026-05-05 16:03:20.664964,2026-05-05 16:03:29.330972,0 days 00:00:08.666008,0.7970807782531569,98.75374617808319,0.005637828882968405,7,54,1400,COMPLETE
93,35.55584584663816,2026-05-05 16:03:29.330972,2026-05-05 16:03:41.539585,0 days 00:00:12.208613,0.7863525179527806,97.28371423363363,0.005491064440476866,7,48,1500,COMPLETE
94,35.61350875136701,2026-05-05 16:03:41.539585,2026-05-05 16:03:52.746378,0 days 00:00:11.206793,0.825185916648432,106.64678050084608,0.0074272616786941244,8,51,1400,COMPLETE
95,35.46224987980887,2026-05-05 16:03:52.746378,2026-05-05 16:04:03.964555,0 days 00:00:11.218177,0.8400082049684394,96.96775369054042,0.006466285788366964,8,56,1400,COMPLETE
96,35.536470819560364,2026-05-05 16:04:03.965557,2026-05-05 16:04:14.982468,0 days 00:00:11.016911,0.8405493258069854,97.68213165754743,0.0066568741809488905,8,57,1400,COMPLETE
97,35.7827965447425,2026-05-05 16:04:14.983505,2026-05-05 16:04:26.386472,0 days 00:00:11.402967,0.7952757353106237,91.91359082542992,0.009540136147177714,9,60,1500,COMPLETE
98,35.59411341804473,2026-05-05 16:04:26.387472,2026-05-05 16:04:39.965541,0 days 00:00:13.578069,0.7806988509750554,103.87395828400388,0.0036414920553712728,8,53,1400,COMPLETE
99,35.621907497314034,2026-05-05 16:04:39.965869,2026-05-05 16:04:56.201213,0 days 00:00:16.235344,0.8720323059244623,109.2257659284822,0.005076271281687092,9,63,1500,COMPLETE
100,35.47443034182431,2026-05-05 16:04:56.202213,2026-05-05 16:05:05.573445,0 days 00:00:09.371232,0.8214584233880146,89.21995846068634,0.006111919971865656,7,55,1400,COMPLETE
101,35.48890870505936,2026-05-05 16:05:05.573445,2026-05-05 16:05:15.613087,0 days 00:00:10.039642,0.8218216689981723,88.85909422512043,0.005946451102350014,7,55,1400,COMPLETE
102,35.58116595951106,2026-05-05 16:05:15.614350,2026-05-05 16:05:24.571939,0 days 00:00:08.957589,0.849002864495731,88.72423637991605,0.008191515461709901,7,55,1400,COMPLETE
103,35.63972667758124,2026-05-05 16:05:24.571939,2026-05-05 16:05:34.166203,0 days 00:00:09.594264,0.8183962405838138,93.67658286624327,0.006443708686560242,7,59,1500,COMPLETE
104,35.59397753022515,2026-05-05 16:05:34.166203,2026-05-05 16:05:46.474866,0 days 00:00:12.308663,0.8319233572190601,89.18897565037382,0.004935995640093419,8,62,1400,COMPLETE
105,35.567883268484245,2026-05-05 16:05:46.475906,2026-05-05 16:05:55.766909,0 days 00:00:09.291003,0.7990790741006623,95.67844168511823,0.007355139440351899,7,51,1500,COMPLETE
106,35.621252092851215,2026-05-05 16:05:55.767909,2026-05-05 16:06:06.836645,0 days 00:00:11.068736,0.8629904703316548,84.93735624305835,0.0038160318213632726,7,56,1400,COMPLETE
107,35.96579694402336,2026-05-05 16:06:06.836645,2026-05-05 16:06:21.322527,0 days 00:00:14.485882,0.8232617917707501,100.08091420150365,0.0027360090925256375,8,70,1300,COMPLETE
108,35.726727258584845,2026-05-05 16:06:21.322527,2026-05-05 16:06:30.423033,0 days 00:00:09.100506,0.8073318893419468,91.11710310813886,0.01122214168555446,7,44,1500,COMPLETE
109,36.00289178278568,2026-05-05 16:06:30.424033,2026-05-05 16:06:43.775150,0 days 00:00:13.351117,0.8367827996569033,93.42478898916879,0.002386380460987259,7,39,1300,COMPLETE
110,35.596270932988695,2026-05-05 16:06:43.775150,2026-05-05 16:06:59.656039,0 days 00:00:15.880889,0.8510680348611975,106.36358783708681,0.00339952970743133,8,49,1400,COMPLETE
111,35.544425674703334,2026-05-05 16:06:59.657039,2026-05-05 16:07:09.583370,0 days 00:00:09.926331,0.7691768558327194,100.49723421536763,0.0056121623403397325,7,46,1400,COMPLETE
112,35.51018437702138,2026-05-05 16:07:09.583370,2026-05-05 16:07:19.313023,0 days 00:00:09.729653,0.8129805657952864,96.4425307788965,0.006098504878630057,7,53,1400,COMPLETE
113,35.58884838843874,2026-05-05 16:07:19.313023,2026-05-05 16:07:29.430299,0 days 00:00:10.117276,0.8050687369510898,88.6711321130269,0.004716247829143299,7,58,1400,COMPLETE
114,35.526017424096224,2026-05-05 16:07:29.431299,2026-05-05 16:07:45.026260,0 days 00:00:15.594961,0.7830200280906995,96.40914713428003,0.006487598413667978,10,55,1500,COMPLETE
115,35.61360642083217,2026-05-05 16:07:45.026260,2026-05-05 16:07:54.820183,0 days 00:00:09.793923,0.7969258188201175,103.0210553554397,0.004080206930441005,7,49,1300,COMPLETE
116,35.70377799311829,2026-05-05 16:07:54.821183,2026-05-05 16:08:02.726236,0 days 00:00:07.905053,0.8181197058099087,93.88550437321123,0.008663155451810452,7,63,1400,COMPLETE
117,35.452679760243456,2026-05-05 16:08:02.727286,2026-05-05 16:08:14.089045,0 days 00:00:11.361759,0.8321105674723265,84.83428588893528,0.00616639670419663,8,53,1500,COMPLETE
118,35.44316087225587,2026-05-05 16:08:14.094549,2026-05-05 16:08:25.710621,0 days 00:00:11.616072,0.8314186490080189,85.0322030387981,0.0059973887532967715,8,51,1500,COMPLETE
119,35.51478291948142,2026-05-05 16:08:25.710621,2026-05-05 16:08:38.678551,0 days 00:00:12.967930,0.8296947477258892,78.18532114830793,0.007397089096531762,9,52,1500,COMPLETE
120,35.78389901314587,2026-05-05 16:08:38.679551,2026-05-05 16:08:49.153725,0 days 00:00:10.474174,0.8577661799844857,85.0097868676696,0.009560834892939067,8,62,1500,COMPLETE
121,35.53827572607236,2026-05-05 16:08:49.153725,2026-05-05 16:09:00.686979,0 days 00:00:11.533254,0.8418477719098754,99.57952427594654,0.0062135571935622354,8,53,1500,COMPLETE
122,35.51285023109384,2026-05-05 16:09:00.686979,2026-05-05 16:09:12.059770,0 days 00:00:11.372791,0.8163660494627849,90.94219420009014,0.005168982040885697,8,56,1400,COMPLETE
