number,value,datetime_start,datetime_complete,duration,params_batch_size,params_dropout_0,params_dropout_1,params_dropout_2,params_learning_rate,params_n_mlp_layers,params_units_0,params_units_1,params_units_2,state
260,33.02577777549962,2026-04-29 18:48:14.731308,2026-04-29 18:48:38.617209,0 days 00:00:23.885901,128,0.045845107279272185,,,0.012917896672114309,1,192,,,COMPLETE
261,32.28823188424981,2026-04-29 18:48:38.617209,2026-04-29 18:49:03.841931,0 days 00:00:25.224722,128,0.011087858159813042,,,0.024551195997618836,1,192,,,COMPLETE
262,33.87878258720575,2026-04-29 18:49:03.841931,2026-04-29 18:49:24.167696,0 days 00:00:20.325765,128,0.03825330168595205,,,0.013674990855019782,1,192,,,COMPLETE
263,33.476669199788034,2026-04-29 18:49:24.167925,2026-04-29 18:49:46.029211,0 days 00:00:21.861286,128,0.017070075107212458,,,0.01148574620300477,1,192,,,COMPLETE
264,34.047486280056624,2026-04-29 18:49:46.029211,2026-04-29 18:50:08.658169,0 days 00:00:22.628958,128,0.008871174642718485,,,0.02053593482984558,1,192,,,COMPLETE
265,33.707204203981384,2026-04-29 18:50:08.658169,2026-04-29 18:50:31.232017,0 days 00:00:22.573848,128,0.3422792542555392,,,0.013294730239637828,1,192,,,COMPLETE
266,36.85745523871401,2026-04-29 18:50:31.232017,2026-04-29 18:51:02.860079,0 days 00:00:31.628062,128,0.023090157431687457,,,0.11862843051970369,1,192,,,COMPLETE
267,32.41342066512054,2026-04-29 18:51:02.860079,2026-04-29 18:51:25.343192,0 days 00:00:22.483113,128,0.034304103041706606,,,0.01742770075431643,1,192,,,COMPLETE
268,32.322264927180356,2026-04-29 18:51:25.343192,2026-04-29 18:51:48.301959,0 days 00:00:22.958767,128,0.010300554082823168,,,0.014184160394722188,1,192,,,COMPLETE
269,32.55786609884293,2026-04-29 18:51:48.301959,2026-04-29 18:52:06.020796,0 days 00:00:17.718837,128,0.020960799528566887,,,0.01115688200964121,1,128,,,COMPLETE
270,33.12589347222783,2026-04-29 18:52:06.027234,2026-04-29 18:52:54.713008,0 days 00:00:48.685774,128,0.008852758883487535,0.163926739317147,,0.016506933967295905,2,192,192.0,,COMPLETE
271,33.61173210013919,2026-04-29 18:52:54.713008,2026-04-29 18:53:16.690895,0 days 00:00:21.977887,32,0.018825982807888185,,,0.00627274752211367,1,192,,,COMPLETE
272,32.07199571635063,2026-04-29 18:53:16.690895,2026-04-29 18:53:35.802629,0 days 00:00:19.111734,128,0.007917731531138655,,,0.012141039508435016,1,192,,,COMPLETE
273,32.85591064862713,2026-04-29 18:53:35.802629,2026-04-29 18:53:51.670104,0 days 00:00:15.867475,128,0.0009464270030273211,,,0.012303182229963745,1,160,,,COMPLETE
274,32.72331169654079,2026-04-29 18:53:51.670104,2026-04-29 18:54:12.589968,0 days 00:00:20.919864,64,0.058838716603199684,,,0.01037404909751952,1,192,,,COMPLETE
275,33.506542472576946,2026-04-29 18:54:12.589968,2026-04-29 18:54:29.493917,0 days 00:00:16.903949,128,0.00026675530200084147,,,0.011774631623498377,1,192,,,COMPLETE
276,32.06138932950988,2026-04-29 18:54:29.493917,2026-04-29 18:54:47.712629,0 days 00:00:18.218712,128,0.036959889695011766,,,0.007097657437080082,1,192,,,COMPLETE
277,32.10516054635872,2026-04-29 18:54:47.712629,2026-04-29 18:55:07.133209,0 days 00:00:19.420580,128,0.04542951637989183,,,0.006850571303495729,1,192,,,COMPLETE
278,32.57301614487884,2026-04-29 18:55:07.133209,2026-04-29 18:55:22.259216,0 days 00:00:15.126007,128,0.04051122550237235,,,0.007152504812230999,1,192,,,COMPLETE
279,36.27097951229827,2026-04-29 18:55:22.259216,2026-04-29 18:55:43.578673,0 days 00:00:21.319457,128,0.04491031960246609,,,0.006541628710578236,1,192,,,COMPLETE
280,33.26287936196773,2026-04-29 18:55:43.578673,2026-04-29 18:56:00.032295,0 days 00:00:16.453622,128,0.046042478534373536,,,0.0069571617144305225,1,192,,,COMPLETE
281,32.37374625280402,2026-04-29 18:56:00.032295,2026-04-29 18:56:16.065751,0 days 00:00:16.033456,128,0.06366263744518466,,,0.005734607274825174,1,192,,,COMPLETE
282,33.354097943255276,2026-04-29 18:56:16.065751,2026-04-29 18:56:35.584114,0 days 00:00:19.518363,128,0.05312251365779287,,,0.00820157110653963,1,192,,,COMPLETE
283,32.72259560868714,2026-04-29 18:56:35.584114,2026-04-29 18:56:58.564196,0 days 00:00:22.980082,128,0.03546429060197877,,,0.04576859892807291,1,192,,,COMPLETE
284,32.35627758984727,2026-04-29 18:56:58.564196,2026-04-29 18:57:17.230815,0 days 00:00:18.666619,128,0.030787644047982617,,,0.007082025941035753,1,192,,,COMPLETE
285,37.03013750852263,2026-04-29 18:57:17.230815,2026-04-29 18:57:33.994500,0 days 00:00:16.763685,128,0.026733337817093448,,,0.008170742357505931,1,192,,,COMPLETE
