number,value,datetime_start,datetime_complete,duration,params_alpha,params_feature_fraction,params_learning_rate,params_max_depth,params_min_child_samples,params_n_estimators,params_num_leaves,state
242,52.14710398509938,2026-04-29 11:55:06.438951,2026-04-29 11:55:11.560464,0 days 00:00:05.121513,3.4069857254725244,0.8186394316985967,0.013956989151300496,10,29,722,106,COMPLETE
243,35.49369564881995,2026-04-29 11:55:11.560464,2026-04-29 11:55:15.281181,0 days 00:00:03.720717,47.56098189210214,0.7393299193998649,0.010725800509572034,10,27,677,108,COMPLETE
244,35.404664013309436,2026-04-29 11:55:15.281181,2026-04-29 11:55:18.753033,0 days 00:00:03.471852,48.364627037101215,0.7975271647502128,0.012772457137733772,10,30,707,104,COMPLETE
245,35.45996695504903,2026-04-29 11:55:18.753033,2026-04-29 11:55:22.204030,0 days 00:00:03.450997,55.40583268586451,0.7186016803517705,0.011852367150676914,10,31,710,104,COMPLETE
246,35.3600720946866,2026-04-29 11:55:22.204030,2026-04-29 11:55:25.929758,0 days 00:00:03.725728,51.10366520834935,0.8003822651199484,0.009637751233230279,10,33,742,95,COMPLETE
247,35.348510204011845,2026-04-29 11:55:25.929758,2026-04-29 11:55:29.440831,0 days 00:00:03.511073,53.63629814670911,0.7992935893454796,0.010218093795176493,10,33,700,95,COMPLETE
248,35.39202074251271,2026-04-29 11:55:29.440831,2026-04-29 11:55:33.026979,0 days 00:00:03.586148,51.36562380933169,0.8058885022028476,0.009466406259155713,9,33,745,95,COMPLETE
249,35.41859393021557,2026-04-29 11:55:33.026979,2026-04-29 11:55:36.505651,0 days 00:00:03.478672,51.800154282486645,0.8032929871897251,0.009112107800722498,9,33,739,93,COMPLETE
250,35.36478418790364,2026-04-29 11:55:36.505651,2026-04-29 11:55:40.273430,0 days 00:00:03.767779,55.8744896800935,0.7955015198842008,0.009622350470916155,10,33,753,95,COMPLETE
251,35.333749433308256,2026-04-29 11:55:40.273430,2026-04-29 11:55:44.080840,0 days 00:00:03.807410,55.72779036392599,0.7931129760772446,0.009327176792576837,10,33,749,95,COMPLETE
252,35.411492235026174,2026-04-29 11:55:44.080840,2026-04-29 11:55:48.013098,0 days 00:00:03.932258,56.73543006727938,0.796009640468776,0.00855153500713686,10,32,755,93,COMPLETE
253,35.34414864047914,2026-04-29 11:55:48.013098,2026-04-29 11:55:51.701375,0 days 00:00:03.688277,55.60102441607719,0.782442224159771,0.009783280902803951,10,33,751,95,COMPLETE
254,35.319696289493564,2026-04-29 11:55:51.701375,2026-04-29 11:55:55.368373,0 days 00:00:03.666998,56.16023507441117,0.781430879340665,0.010077928978554569,10,34,759,95,COMPLETE
255,35.35983017503823,2026-04-29 11:55:55.368373,2026-04-29 11:55:58.879964,0 days 00:00:03.511591,56.02384608598693,0.7826447048961158,0.009310059267632606,9,34,767,95,COMPLETE
256,35.35928472481505,2026-04-29 11:55:58.879964,2026-04-29 11:56:02.444830,0 days 00:00:03.564866,56.24540793488103,0.7863834151758528,0.009306653971506587,9,34,771,95,COMPLETE
257,35.4563763260992,2026-04-29 11:56:02.444830,2026-04-29 11:56:06.281924,0 days 00:00:03.837094,56.459424862287996,0.7839961604853725,0.007714003674871209,9,34,775,95,COMPLETE
258,35.38913038642873,2026-04-29 11:56:06.281924,2026-04-29 11:56:09.762817,0 days 00:00:03.480893,56.180163943682956,0.8299381128685768,0.009470012788236719,9,34,762,95,COMPLETE
259,35.38970196948935,2026-04-29 11:56:09.762817,2026-04-29 11:56:13.215305,0 days 00:00:03.452488,56.289041798975745,0.8301056995618318,0.009412971303687154,9,35,764,95,COMPLETE
260,35.378410604609655,2026-04-29 11:56:13.215305,2026-04-29 11:56:16.782650,0 days 00:00:03.567345,57.160108130808744,0.8330025669665508,0.009027498302154982,9,34,769,94,COMPLETE
261,35.366418159030516,2026-04-29 11:56:16.782650,2026-04-29 11:56:20.393898,0 days 00:00:03.611248,56.07451463178207,0.7819553197323944,0.008544302878935518,9,35,767,94,COMPLETE
262,35.44331877415705,2026-04-29 11:56:20.394409,2026-04-29 11:56:24.105009,0 days 00:00:03.710600,56.770903279216824,0.8315760493842296,0.00796737753084755,9,35,766,92,COMPLETE
263,35.35086672017688,2026-04-29 11:56:24.105009,2026-04-29 11:56:27.801183,0 days 00:00:03.696174,55.950539662754,0.7761359939840516,0.008656194284076178,9,36,772,94,COMPLETE
264,35.34346791823336,2026-04-29 11:56:27.801183,2026-04-29 11:56:31.500792,0 days 00:00:03.699609,56.89175905730864,0.777832833680192,0.008446119697379071,9,35,776,98,COMPLETE
265,35.582495322909,2026-04-29 11:56:31.500792,2026-04-29 11:56:35.596944,0 days 00:00:04.096152,57.17338532886963,0.7748640763863763,0.0069335511187957975,9,35,781,98,COMPLETE
266,35.3510608538375,2026-04-29 11:56:35.596944,2026-04-29 11:56:39.227494,0 days 00:00:03.630550,56.199969457273966,0.788325883607072,0.008536424450991956,9,33,770,93,COMPLETE
267,35.35939601478806,2026-04-29 11:56:39.227494,2026-04-29 11:56:42.929939,0 days 00:00:03.702445,59.221260580178495,0.7848352803446724,0.008193462874218519,9,33,772,89,COMPLETE
268,35.48737138715096,2026-04-29 11:56:42.929939,2026-04-29 11:56:46.789119,0 days 00:00:03.859180,59.223563501887725,0.7885393834591304,0.007449769534675124,9,33,774,91,COMPLETE
269,35.384936499226036,2026-04-29 11:56:46.789119,2026-04-29 11:56:50.338294,0 days 00:00:03.549175,59.13824471562865,0.7866026464748914,0.008148186907568836,9,37,755,89,COMPLETE
270,35.364324781245855,2026-04-29 11:56:50.338294,2026-04-29 11:56:53.913874,0 days 00:00:03.575580,55.38348581632712,0.7697371394640657,0.008629896643060518,9,36,777,93,COMPLETE
271,35.3700085468072,2026-04-29 11:56:53.913874,2026-04-29 11:56:57.473583,0 days 00:00:03.559709,56.5440417733213,0.7712115412697134,0.00861828315521687,9,35,778,88,COMPLETE
272,35.76839461321155,2026-04-29 11:56:57.473583,2026-04-29 11:57:01.616656,0 days 00:00:04.143073,55.21110834976812,0.7662609015045542,0.006550583748040697,9,35,782,93,COMPLETE
273,35.35286019869297,2026-04-29 11:57:01.616656,2026-04-29 11:57:05.179822,0 days 00:00:03.563166,59.585080168787485,0.7529258303758362,0.00839989236179626,9,36,776,92,COMPLETE
274,35.3679717071798,2026-04-29 11:57:05.179822,2026-04-29 11:57:08.719345,0 days 00:00:03.539523,59.999575067718695,0.749831428645163,0.008453258364472114,9,36,773,89,COMPLETE
275,35.33897064656235,2026-04-29 11:57:08.719345,2026-04-29 11:57:12.247949,0 days 00:00:03.528604,59.302185641851864,0.7510239843176328,0.008334278565549488,9,38,774,88,COMPLETE
276,35.47672366153822,2026-04-29 11:57:12.247949,2026-04-29 11:57:15.996237,0 days 00:00:03.748288,59.906985984413986,0.742874332046845,0.007316945425211183,9,38,783,88,COMPLETE
277,35.3943451095615,2026-04-29 11:57:15.996237,2026-04-29 11:57:19.596512,0 days 00:00:03.600275,57.60243292947296,0.754183722391683,0.008208724803341984,9,37,765,88,COMPLETE
278,35.35891214725691,2026-04-29 11:57:19.596512,2026-04-29 11:57:23.271048,0 days 00:00:03.674536,59.73564884573943,0.7532677950022795,0.008037470004035683,9,36,784,91,COMPLETE
279,35.356144541148616,2026-04-29 11:57:23.271048,2026-04-29 11:57:26.926840,0 days 00:00:03.655792,59.8119498140865,0.7594874017024416,0.008138259764172002,9,35,786,91,COMPLETE
280,35.61003465841732,2026-04-29 11:57:26.926840,2026-04-29 11:57:30.932830,0 days 00:00:04.005990,58.94801033473158,0.7521797818000835,0.006593642981778219,9,37,785,91,COMPLETE
281,35.31599274508871,2026-04-29 11:57:30.932830,2026-04-29 11:57:34.534377,0 days 00:00:03.601547,59.724596681964535,0.7653613030092515,0.008375245864116579,9,36,789,88,COMPLETE
282,35.41209537202524,2026-04-29 11:57:34.534377,2026-04-29 11:57:38.315689,0 days 00:00:03.781312,59.74475867895461,0.7469302348869048,0.007597280750783746,9,36,797,90,COMPLETE
283,35.440184134066065,2026-04-29 11:57:38.315689,2026-04-29 11:57:41.835879,0 days 00:00:03.520190,54.455530481394916,0.7584346913296748,0.008460330402191078,9,36,755,92,COMPLETE
284,35.82456589145484,2026-04-29 11:57:41.835879,2026-04-29 11:57:46.523974,0 days 00:00:04.688095,59.883091839048326,0.7669407997104701,0.0058474028707715476,9,39,787,89,COMPLETE
285,35.56408885659141,2026-04-29 11:57:46.523974,2026-04-29 11:57:50.350231,0 days 00:00:03.826257,54.86951056130132,0.7752578567629512,0.007335523396974486,9,36,766,92,COMPLETE
286,35.357247772583165,2026-04-29 11:57:50.350231,2026-04-29 11:57:54.023747,0 days 00:00:03.673516,59.82836594886609,0.7332954412803933,0.008553106650399987,9,33,828,87,COMPLETE
287,35.43694828294355,2026-04-29 11:57:54.023747,2026-04-29 11:57:57.549923,0 days 00:00:03.526176,56.99207890141216,0.7331846228970862,0.008299130769812516,9,36,755,90,COMPLETE
288,35.537231603541855,2026-04-29 11:57:57.549923,2026-04-29 11:58:01.585377,0 days 00:00:04.035454,59.35759600580494,0.7450214985024011,0.006930355955199519,9,33,821,87,COMPLETE
289,35.34530221942008,2026-04-29 11:58:01.601000,2026-04-29 11:58:05.222027,0 days 00:00:03.621027,59.77025245172752,0.7827900918330405,0.008959610748361475,9,34,822,92,COMPLETE
290,35.36288907129859,2026-04-29 11:58:05.222027,2026-04-29 11:58:08.811441,0 days 00:00:03.589414,59.790524066979756,0.7807580082102771,0.009139910413051788,9,33,813,93,COMPLETE
291,35.32411205429368,2026-04-29 11:58:08.811441,2026-04-29 11:58:12.469484,0 days 00:00:03.658043,53.83669711691614,0.7789422879416531,0.00916997438112626,9,33,836,92,COMPLETE
292,35.35106936185323,2026-04-29 11:58:12.469484,2026-04-29 11:58:16.474934,0 days 00:00:04.005450,59.83868496808233,0.7763072639293481,0.007660163021853887,9,33,853,92,COMPLETE
293,35.36527709484547,2026-04-29 11:58:16.474934,2026-04-29 11:58:20.536238,0 days 00:00:04.061304,59.050705478252596,0.7808435499094208,0.007570696212385877,9,33,861,91,COMPLETE
294,35.35680976386896,2026-04-29 11:58:20.536238,2026-04-29 11:58:24.127694,0 days 00:00:03.591456,59.748572362222546,0.7618746141810354,0.009215666504046439,9,33,820,92,COMPLETE
295,35.76918031368599,2026-04-29 11:58:24.127694,2026-04-29 11:58:28.456352,0 days 00:00:04.328658,53.719903026643536,0.7596370099468017,0.006087168987669149,9,39,839,87,COMPLETE
296,35.42921434055144,2026-04-29 11:58:28.456352,2026-04-29 11:58:32.623990,0 days 00:00:04.167638,59.98770078996546,0.7659801554539458,0.007008435545167883,9,33,848,91,COMPLETE
297,35.380662307052795,2026-04-29 11:58:32.623990,2026-04-29 11:58:36.531764,0 days 00:00:03.907774,53.99771455361493,0.7317092920970635,0.00803459909096578,9,33,860,90,COMPLETE
298,35.31363942145782,2026-04-29 11:58:36.531764,2026-04-29 11:58:39.980169,0 days 00:00:03.448405,59.929752179660376,0.7529460225312615,0.009426017743003239,9,38,835,92,COMPLETE
299,35.61606371849238,2026-04-29 11:58:39.980169,2026-04-29 11:58:44.349052,0 days 00:00:04.368883,55.21025169481097,0.740984915961785,0.006609468980283292,9,38,826,92,COMPLETE
300,35.3120542901092,2026-04-29 11:58:44.349052,2026-04-29 11:58:48.122917,0 days 00:00:03.773865,59.4182516437629,0.7561984209193962,0.007670015791579896,9,40,829,88,COMPLETE
301,35.34931524582355,2026-04-29 11:58:48.122917,2026-04-29 11:58:51.937815,0 days 00:00:03.814898,59.943278983128074,0.7259892795209207,0.007614667607733503,9,38,833,86,COMPLETE
302,36.1309210122065,2026-04-29 11:58:51.937815,2026-04-29 11:58:56.553493,0 days 00:00:04.615678,59.66467355137325,0.7496049940868476,0.004994279409852494,9,38,840,86,COMPLETE
303,44.65739183953026,2026-04-29 11:58:56.553493,2026-04-29 11:59:01.758124,0 days 00:00:05.204631,9.434372729798156,0.7280213159587503,0.007461943003514638,9,41,904,87,COMPLETE
304,35.923219996737245,2026-04-29 11:59:01.758124,2026-04-29 11:59:06.322772,0 days 00:00:04.564648,54.12925044889887,0.7268451306429737,0.0054787230909801735,9,40,880,91,COMPLETE
305,50.034343877445636,2026-04-29 11:59:06.322772,2026-04-29 11:59:11.210536,0 days 00:00:04.887764,7.93026585615439,0.7547797005234689,0.006254692125493433,9,39,833,85,COMPLETE
306,35.3304698756283,2026-04-29 11:59:11.210536,2026-04-29 11:59:15.037675,0 days 00:00:03.827139,59.735850259801914,0.7615576258633242,0.007665538340856354,9,37,823,88,COMPLETE
307,35.48224541441048,2026-04-29 11:59:15.037675,2026-04-29 11:59:19.004116,0 days 00:00:03.966441,53.79497419533829,0.7397939084256965,0.007348950208093422,9,37,858,88,COMPLETE
308,35.31341027252498,2026-04-29 11:59:19.004116,2026-04-29 11:59:22.660944,0 days 00:00:03.656828,59.539017975180684,0.7615141605686003,0.007872761296379815,9,40,824,84,COMPLETE
309,35.794148658683376,2026-04-29 11:59:22.660944,2026-04-29 11:59:26.653640,0 days 00:00:03.992696,53.022033279632865,0.7633896770826198,0.006580519041425723,9,41,819,87,COMPLETE
310,35.37708952383189,2026-04-29 11:59:26.653640,2026-04-29 11:59:30.507194,0 days 00:00:03.853554,56.65871163178315,0.7696955346136637,0.007497998752127517,9,38,842,85,COMPLETE
311,39.435604476542714,2026-04-29 11:59:30.507194,2026-04-29 11:59:35.152933,0 days 00:00:04.645739,13.897088616870395,0.7399840317160415,0.008871532140699719,9,40,875,83,COMPLETE
312,35.45143248294964,2026-04-29 11:59:35.152933,2026-04-29 11:59:38.429031,0 days 00:00:03.276098,53.34189660103661,0.7601810630765959,0.00993946859932955,9,43,817,89,COMPLETE
313,35.580439167866004,2026-04-29 11:59:38.429031,2026-04-29 11:59:41.920316,0 days 00:00:03.491285,59.59566462776865,0.7696082521911656,0.007956068055335877,9,60,833,98,COMPLETE
314,35.71353619725572,2026-04-29 11:59:41.920316,2026-04-29 11:59:44.590807,0 days 00:00:02.670491,59.61059745080384,0.7474299075819723,0.009865861430513725,9,96,820,93,COMPLETE
315,35.55194183930111,2026-04-29 11:59:44.590807,2026-04-29 11:59:48.634712,0 days 00:00:04.043905,53.58668723660433,0.7293505807112627,0.006909221730756885,9,38,852,89,COMPLETE
316,35.288595989309925,2026-04-29 11:59:48.634712,2026-04-29 11:59:52.087420,0 days 00:00:03.452708,59.8114107817836,0.7767745906006691,0.008974176981689633,9,36,807,84,COMPLETE
317,35.34889991793767,2026-04-29 11:59:52.087420,2026-04-29 11:59:55.598382,0 days 00:00:03.510962,56.23208637277906,0.7774506255556289,0.008695474856907397,9,35,811,84,COMPLETE
318,35.351158623145295,2026-04-29 11:59:55.598382,2026-04-29 11:59:59.163937,0 days 00:00:03.565555,53.1660421298794,0.7722481913101782,0.009008204721643837,9,37,807,83,COMPLETE
319,35.460449079891205,2026-04-29 11:59:59.163937,2026-04-29 12:00:02.845726,0 days 00:00:03.681789,53.661490944567504,0.7756026196030603,0.007586731206289741,9,40,803,81,COMPLETE
320,35.939022423438175,2026-04-29 12:00:02.845726,2026-04-29 12:00:06.995171,0 days 00:00:04.149445,52.99809007266145,0.7778825909712005,0.006061397016013819,9,36,805,83,COMPLETE
321,35.30261629587207,2026-04-29 12:00:06.995171,2026-04-29 12:00:10.239385,0 days 00:00:03.244214,55.44552493720671,0.7742851276723394,0.010075473113648021,9,38,804,84,COMPLETE
322,37.902346058697404,2026-04-29 12:00:10.239385,2026-04-29 12:00:14.868716,0 days 00:00:04.629331,52.883636122420114,0.7769730556060049,0.0037330140269552572,9,42,805,84,COMPLETE
323,35.34652993240695,2026-04-29 12:00:14.868716,2026-04-29 12:00:18.273479,0 days 00:00:03.404763,55.766754184541455,0.7864559239584846,0.010238974500000041,9,39,891,84,COMPLETE
324,35.34033895931696,2026-04-29 12:00:18.273479,2026-04-29 12:00:21.757219,0 days 00:00:03.483740,54.087767450890155,0.7928164687870094,0.010118191873616482,9,39,922,83,COMPLETE
325,35.356002888109245,2026-04-29 12:00:21.757219,2026-04-29 12:00:25.128837,0 days 00:00:03.371618,55.760033054741065,0.7901064977530872,0.01042818112719849,9,40,901,85,COMPLETE
326,35.38101781957248,2026-04-29 12:00:25.128837,2026-04-29 12:00:28.662754,0 days 00:00:03.533917,52.432247980526704,0.7905852952294585,0.010143920066042518,9,39,956,80,COMPLETE
327,35.55559557123704,2026-04-29 12:00:28.662754,2026-04-29 12:00:32.230735,0 days 00:00:03.567981,55.92465254510985,0.7838745300034479,0.010113795929986031,9,44,948,85,COMPLETE
328,40.23892863382811,2026-04-29 12:00:32.230735,2026-04-29 12:00:36.050927,0 days 00:00:03.820192,10.666858520842423,0.7919513066776859,0.010124053459933207,9,82,882,82,COMPLETE
329,38.08532017956033,2026-04-29 12:00:36.050927,2026-04-29 12:00:38.103043,0 days 00:00:02.052116,21.50505758080367,0.7726476141528258,0.2111554312831092,9,41,868,86,COMPLETE
330,50.86696119991907,2026-04-29 12:00:38.103043,2026-04-29 12:00:42.971739,0 days 00:00:04.868696,4.885048899381904,0.565152473333779,0.009067888583584576,9,42,915,85,COMPLETE
331,35.39482624757867,2026-04-29 12:00:42.971739,2026-04-29 12:00:46.835914,0 days 00:00:03.864175,55.61270447310611,0.7824659349300338,0.007304768785252576,9,38,842,83,COMPLETE
332,35.349254753529934,2026-04-29 12:00:46.835914,2026-04-29 12:00:50.443885,0 days 00:00:03.607971,51.93824913032122,0.7950659729080978,0.00933391702677096,9,38,923,81,COMPLETE
333,35.740389753751295,2026-04-29 12:00:50.443885,2026-04-29 12:00:51.615385,0 days 00:00:01.171500,51.78530248917995,0.7957375585748064,0.010166303976064264,4,39,937,84,COMPLETE
334,35.366473070915625,2026-04-29 12:00:51.615385,2026-04-29 12:00:55.426601,0 days 00:00:03.811216,51.58447707356899,0.7983906577100887,0.00900360598101036,9,37,979,80,COMPLETE
335,35.30035343368346,2026-04-29 12:00:55.426601,2026-04-29 12:00:58.790639,0 days 00:00:03.364038,55.26999422908725,0.7690078955297518,0.01047481010942548,9,40,924,79,COMPLETE
336,35.4949078782703,2026-04-29 12:00:58.790639,2026-04-29 12:01:02.150166,0 days 00:00:03.359527,52.31095425096589,0.7686610249896716,0.010577097601805127,9,43,937,81,COMPLETE
337,35.263648777313975,2026-04-29 12:01:02.150166,2026-04-29 12:01:05.593081,0 days 00:00:03.442915,55.48866996094423,0.7615646162547364,0.009643100366601364,9,40,923,79,COMPLETE
338,35.437929523164115,2026-04-29 12:01:05.593081,2026-04-29 12:01:09.203600,0 days 00:00:03.610519,51.49278681965324,0.756068918033468,0.010629544390999675,9,41,909,79,COMPLETE
339,35.292119765086376,2026-04-29 12:01:09.203600,2026-04-29 12:01:13.288015,0 days 00:00:04.084415,55.18256939370611,0.7613764844440442,0.009395799563460806,9,40,967,77,COMPLETE
340,35.473561430001475,2026-04-29 12:01:13.288015,2026-04-29 12:01:16.487427,0 days 00:00:03.199412,55.33020536900365,0.7622852871524716,0.009604148437230365,8,43,973,82,COMPLETE
341,35.537400455646385,2026-04-29 12:01:16.487427,2026-04-29 12:01:20.027801,0 days 00:00:03.540374,51.01404469420845,0.7547008496017313,0.009422676054258077,9,46,933,81,COMPLETE
342,35.32786733507258,2026-04-29 12:01:20.027801,2026-04-29 12:01:23.363462,0 days 00:00:03.335661,55.90466279549621,0.741598132418656,0.010120870834985344,9,40,920,77,COMPLETE
343,35.328418548565466,2026-04-29 12:01:23.363462,2026-04-29 12:01:26.725695,0 days 00:00:03.362233,52.5920501625929,0.7660614871862129,0.010732410324647139,9,40,959,76,COMPLETE
344,35.58617393756481,2026-04-29 12:01:26.725695,2026-04-29 12:01:30.005427,0 days 00:00:03.279732,55.74778142204014,0.7449118941347165,0.01062555494393543,9,45,963,77,COMPLETE
345,35.67160438249029,2026-04-29 12:01:30.005427,2026-04-29 12:01:33.051915,0 days 00:00:03.046488,49.20013931375413,0.4355298973257316,0.010513536853065487,9,40,894,78,COMPLETE
346,35.54175988114678,2026-04-29 12:01:33.051915,2026-04-29 12:01:36.102838,0 days 00:00:03.050923,55.961639351609925,0.7623811376992292,0.010549787181071454,8,42,988,77,COMPLETE
347,37.847519354649215,2026-04-29 12:01:36.102838,2026-04-29 12:01:38.016386,0 days 00:00:01.913548,52.344014719579896,0.7670214904764016,0.0963261641564371,9,68,922,76,COMPLETE
348,35.4384978653515,2026-04-29 12:01:38.016386,2026-04-29 12:01:41.537057,0 days 00:00:03.520671,55.73882331117067,0.746898785256994,0.009305904253788353,9,41,961,79,COMPLETE
349,35.679294361369905,2026-04-29 12:01:41.537057,2026-04-29 12:01:44.987666,0 days 00:00:03.450609,48.54511888514356,0.4989401850010051,0.008501261641669332,9,39,926,78,COMPLETE
350,39.342818440670136,2026-04-29 12:01:44.987666,2026-04-29 12:01:50.232775,0 days 00:00:05.245109,55.76227073048785,0.7656500115201913,0.0024518699159947607,9,44,956,75,COMPLETE
351,35.32319908504972,2026-04-29 12:01:50.234778,2026-04-29 12:01:53.497102,0 days 00:00:03.262324,52.14710173693363,0.7743010561217676,0.01073864620199674,9,40,892,79,COMPLETE
352,35.37830545612863,2026-04-29 12:01:53.497102,2026-04-29 12:01:56.745775,0 days 00:00:03.248673,49.36013213360937,0.7556606054572887,0.010700889647954494,9,40,891,79,COMPLETE
353,35.437366264924506,2026-04-29 12:01:56.745775,2026-04-29 12:02:00.136331,0 days 00:00:03.390556,52.88682608633218,0.7789234820526816,0.009768506492482832,9,42,917,77,COMPLETE
354,35.57692303099371,2026-04-29 12:02:00.136331,2026-04-29 12:02:03.534851,0 days 00:00:03.398520,46.2303108649483,0.7694323147434302,0.010636952776798233,9,48,998,79,COMPLETE
355,35.41618558173925,2026-04-29 12:02:03.534851,2026-04-29 12:02:06.955193,0 days 00:00:03.420342,51.612290101479836,0.7399186009051765,0.009629085839554043,9,41,947,74,COMPLETE
356,35.33670534358889,2026-04-29 12:02:06.955193,2026-04-29 12:02:10.238211,0 days 00:00:03.283018,56.067947520166186,0.7532256282385907,0.010891376650649152,9,39,900,82,COMPLETE
357,35.30664372835689,2026-04-29 12:02:10.238211,2026-04-29 12:02:13.904009,0 days 00:00:03.665798,59.86319249629216,0.7536922525351366,0.008207288729384496,9,39,885,81,COMPLETE
358,35.60373571856133,2026-04-29 12:02:13.904009,2026-04-29 12:02:17.916952,0 days 00:00:04.012943,59.990570450484874,0.7440588053575691,0.006655529212852992,9,44,908,82,COMPLETE
359,35.25496472236773,2026-04-29 12:02:17.916952,2026-04-29 12:02:21.468226,0 days 00:00:03.551274,59.808707177727996,0.7532235355801525,0.008491487066250303,9,40,877,80,COMPLETE
360,35.50637696262301,2026-04-29 12:02:21.468226,2026-04-29 12:02:25.082624,0 days 00:00:03.614398,56.36479739782759,0.7475621853134186,0.007691265909336442,9,42,879,76,COMPLETE
361,37.753774372509625,2026-04-29 12:02:25.083130,2026-04-29 12:02:27.056238,0 days 00:00:01.973108,59.907926671140146,0.752748916549973,0.008203313958638518,9,40,344,80,COMPLETE
362,35.75215610145766,2026-04-29 12:02:27.056238,2026-04-29 12:02:31.011829,0 days 00:00:03.955591,49.85043636116741,0.7368377634839959,0.006809657208277517,9,46,933,78,COMPLETE
363,38.78977056195869,2026-04-29 12:02:31.011829,2026-04-29 12:02:35.684285,0 days 00:00:04.672456,16.573161172099002,0.7577819127594142,0.00804409219856265,9,39,895,82,COMPLETE
