number,value,datetime_start,datetime_complete,duration,params_alpha,params_feature_fraction,params_learning_rate,params_max_depth,params_min_child_samples,params_n_estimators,params_num_leaves,state
486,35.46402563439327,2026-04-29 12:10:04.966741,2026-04-29 12:10:08.547696,0 days 00:00:03.580955,56.24824355142163,0.7499827246293896,0.009649646958705143,9,42,977,87,COMPLETE
487,35.28618798816413,2026-04-29 12:10:08.547696,2026-04-29 12:10:12.371147,0 days 00:00:03.823451,59.85914713560751,0.7409583849689637,0.007828464725708473,9,38,944,79,COMPLETE
488,35.56552825313525,2026-04-29 12:10:12.371147,2026-04-29 12:10:16.499877,0 days 00:00:04.128730,49.50627646612115,0.7107065934338161,0.007203743581499501,9,35,933,82,COMPLETE
489,35.936030636846034,2026-04-29 12:10:16.499877,2026-04-29 12:10:21.259082,0 days 00:00:04.759205,52.57609861296601,0.7324810761400499,0.005244916103885132,9,37,949,80,COMPLETE
490,35.44155430260539,2026-04-29 12:10:21.259082,2026-04-29 12:10:25.563032,0 days 00:00:04.303950,56.474317908937834,0.718766272621271,0.0065319869664937835,9,38,939,85,COMPLETE
491,53.0019456826242,2026-04-29 12:10:25.563032,2026-04-29 12:10:30.921760,0 days 00:00:05.358728,4.3511522668348865,0.7421649533512075,0.007857810461943868,9,35,948,79,COMPLETE
492,36.663814145326334,2026-04-29 12:10:30.921760,2026-04-29 12:10:33.317564,0 days 00:00:02.395804,53.39622848441606,0.7285440908406684,0.04995093814358113,9,39,930,83,COMPLETE
493,35.337473880441195,2026-04-29 12:10:33.317564,2026-04-29 12:10:37.209156,0 days 00:00:03.891592,59.896401579313135,0.7381297645284978,0.008337493464662586,9,37,963,88,COMPLETE
494,35.522167915613466,2026-04-29 12:10:37.209156,2026-04-29 12:10:41.260754,0 days 00:00:04.051598,49.919343358773645,0.7528745274125115,0.007428907962029289,9,41,985,81,COMPLETE
495,35.63101007536979,2026-04-29 12:10:41.260754,2026-04-29 12:10:45.424126,0 days 00:00:04.163372,59.90599261938794,0.7202284925007009,0.006147555603839341,9,45,951,79,COMPLETE
496,35.582956310825274,2026-04-29 12:10:45.424126,2026-04-29 12:10:48.814644,0 days 00:00:03.390518,56.015431679453165,0.7459265785610609,0.00891919799801869,9,58,923,85,COMPLETE
497,35.343951997238506,2026-04-29 12:10:48.814644,2026-04-29 12:10:52.844171,0 days 00:00:04.029527,59.96876977656775,0.7335477552929209,0.007884800804904628,9,34,982,82,COMPLETE
498,35.468785005940966,2026-04-29 12:10:52.844171,2026-04-29 12:10:57.034048,0 days 00:00:04.189877,53.34366473643266,0.7585781913814118,0.006619196192718001,9,39,936,78,COMPLETE
499,37.74654209807421,2026-04-29 12:10:57.034048,2026-04-29 12:10:59.181275,0 days 00:00:02.147227,47.9653930398316,0.7074645220431591,0.009162487411788751,9,43,375,87,COMPLETE
500,35.30983661902665,2026-04-29 12:10:59.181275,2026-04-29 12:11:03.387454,0 days 00:00:04.206179,56.11206165447093,0.7462981668526227,0.007198944676407988,9,37,967,84,COMPLETE
501,35.40576472593794,2026-04-29 12:11:03.387454,2026-04-29 12:11:07.672520,0 days 00:00:04.285066,52.35544942940953,0.7272206197981321,0.0070702875841554685,9,40,987,89,COMPLETE
502,41.20301648355907,2026-04-29 12:11:07.672520,2026-04-29 12:11:13.270348,0 days 00:00:05.597828,15.218300297791028,0.7439349263162501,0.005861222823163293,9,34,974,84,COMPLETE
503,35.39591065302306,2026-04-29 12:11:13.270348,2026-04-29 12:11:17.500603,0 days 00:00:04.230255,56.078210300372135,0.6963126398004315,0.006954081780711935,9,38,959,86,COMPLETE
504,35.50231782564508,2026-04-29 12:11:17.500603,2026-04-29 12:11:21.493729,0 days 00:00:03.993126,50.694204651115214,0.7164678313456148,0.00772787234204814,9,41,960,83,COMPLETE
505,37.76943784993509,2026-04-29 12:11:21.494233,2026-04-29 12:11:24.766089,0 days 00:00:03.271856,56.516901156881985,0.7371714053787892,0.005407456010605823,9,36,550,85,COMPLETE
506,35.5898362734891,2026-04-29 12:11:24.766089,2026-04-29 12:11:28.215988,0 days 00:00:03.449899,53.035113652613425,0.5406378568280645,0.009655426695840928,9,43,999,81,COMPLETE
507,35.32703813700569,2026-04-29 12:11:28.215988,2026-04-29 12:11:31.993537,0 days 00:00:03.777549,59.82604429805918,0.744521001621307,0.008547932024442276,9,39,973,83,COMPLETE
508,45.57943397411905,2026-04-29 12:11:31.993537,2026-04-29 12:11:37.719293,0 days 00:00:05.725756,47.171704504230114,0.7297484906834099,0.0014986400068078827,9,36,941,81,COMPLETE
509,35.81229183061181,2026-04-29 12:11:37.720068,2026-04-29 12:11:41.514725,0 days 00:00:03.794657,56.09915163147105,0.7556046219441722,0.006249723076126827,9,66,908,89,COMPLETE
510,35.522354520111136,2026-04-29 12:11:41.514725,2026-04-29 12:11:45.627893,0 days 00:00:04.113168,50.576656736890996,0.7664317661370824,0.007497358180318495,9,41,964,87,COMPLETE
511,35.36936497176258,2026-04-29 12:11:45.627893,2026-04-29 12:11:49.157122,0 days 00:00:03.529229,56.12473714961328,0.7109934663697889,0.009324836420152754,9,38,944,77,COMPLETE
512,35.2952485050258,2026-04-29 12:11:49.157122,2026-04-29 12:11:51.792836,0 days 00:00:02.635714,59.919589417184625,0.7497790753161154,0.008745960797186005,9,35,1000,31,COMPLETE
513,38.34175643545057,2026-04-29 12:11:51.792836,2026-04-29 12:11:55.562500,0 days 00:00:03.769664,59.916943885962645,0.7279436123419857,0.0027629949773376014,9,34,991,40,COMPLETE
514,35.32001169242138,2026-04-29 12:11:55.562500,2026-04-29 12:11:57.827042,0 days 00:00:02.264542,53.48648793407409,0.7471063315419672,0.009985585330889514,9,32,985,24,COMPLETE
515,37.82647092425831,2026-04-29 12:11:57.827042,2026-04-29 12:11:58.757501,0 days 00:00:00.930459,44.39595720358277,0.7349152268480845,0.008583938997880663,9,39,488,15,COMPLETE
516,35.52447458492601,2026-04-29 12:11:58.757501,2026-04-29 12:12:02.914543,0 days 00:00:04.157042,56.053548503992026,0.7174994092169823,0.00688439218965318,9,43,998,82,COMPLETE
517,35.38298366338965,2026-04-29 12:12:02.914543,2026-04-29 12:12:06.501253,0 days 00:00:03.586710,50.528620538730934,0.7521809627188825,0.00994594115576848,9,37,974,80,COMPLETE
518,35.471366588931794,2026-04-29 12:12:06.501253,2026-04-29 12:12:10.325222,0 days 00:00:03.823969,53.72459406066223,0.7408973686078609,0.00781269814117544,9,41,956,76,COMPLETE
519,40.5485605267653,2026-04-29 12:12:10.325222,2026-04-29 12:12:14.046347,0 days 00:00:03.721125,10.864245234365603,0.7198322278438397,0.008757294483146822,9,46,998,45,COMPLETE
520,35.35095575429189,2026-04-29 12:12:14.046347,2026-04-29 12:12:18.269286,0 days 00:00:04.222939,55.243215190599386,0.75217127050392,0.007470236801021879,9,34,980,84,COMPLETE
521,35.373937824790616,2026-04-29 12:12:18.269286,2026-04-29 12:12:21.898650,0 days 00:00:03.629364,48.04903914631542,0.7320793155857224,0.009368122881860577,9,39,964,78,COMPLETE
522,35.29831286401498,2026-04-29 12:12:21.898650,2026-04-29 12:12:25.825764,0 days 00:00:03.927114,59.946350424406376,0.7683578398191008,0.008126991299434646,9,36,1000,80,COMPLETE
523,35.6145034063083,2026-04-29 12:12:25.825764,2026-04-29 12:12:28.562641,0 days 00:00:02.736877,59.56133279619533,0.7679761466087777,0.005986128131325593,9,32,899,31,COMPLETE
524,35.31349063502822,2026-04-29 12:12:28.562641,2026-04-29 12:12:32.823419,0 days 00:00:04.260778,56.569370561395296,0.7669341775606,0.0071866616444890685,9,35,998,82,COMPLETE
525,35.481722105528775,2026-04-29 12:12:32.823419,2026-04-29 12:12:36.141741,0 days 00:00:03.318322,52.63255810282544,0.7703655952401616,0.006527726969861426,9,34,999,34,COMPLETE
526,36.08978743866089,2026-04-29 12:12:36.141741,2026-04-29 12:12:38.811395,0 days 00:00:02.669654,56.422511812450026,0.7669724978452875,0.004841995053782948,9,35,983,26,COMPLETE
527,35.48028613145912,2026-04-29 12:12:38.811395,2026-04-29 12:12:43.061656,0 days 00:00:04.250261,50.86682388230662,0.7604603124066405,0.007197098402478027,9,32,922,84,COMPLETE
