number,value,datetime_start,datetime_complete,duration,params_alpha,params_feature_fraction,params_learning_rate,params_max_depth,params_min_child_samples,params_n_estimators,params_num_leaves,state
364,35.476425149977466,2026-04-29 12:02:35.684285,2026-04-29 12:02:38.921613,0 days 00:00:03.237328,53.175787131500144,0.7623969711207296,0.011000732645558379,9,43,915,80,COMPLETE
365,35.30279979567298,2026-04-29 12:02:38.921613,2026-04-29 12:02:42.526824,0 days 00:00:03.605211,56.70989753909045,0.7387456627592183,0.009217496507781501,9,40,973,78,COMPLETE
366,35.43281110778974,2026-04-29 12:02:42.526824,2026-04-29 12:02:46.155930,0 days 00:00:03.629106,56.33304718527803,0.7244762998011249,0.008761664796837897,9,41,979,77,COMPLETE
367,35.64341000679568,2026-04-29 12:02:46.155930,2026-04-29 12:02:50.117465,0 days 00:00:03.961535,48.603507890563634,0.7362122407370405,0.007013739465081832,9,38,875,79,COMPLETE
368,35.7411335575028,2026-04-29 12:02:50.117465,2026-04-29 12:02:54.485518,0 days 00:00:04.368053,52.4810677256882,0.7510146289659597,0.00563590913951929,9,40,950,75,COMPLETE
369,35.42522725676973,2026-04-29 12:02:54.485518,2026-04-29 12:02:58.403749,0 days 00:00:03.918231,59.93480330703769,0.7412753808625084,0.007769899131503621,9,43,969,82,COMPLETE
370,35.33065462365836,2026-04-29 12:02:58.403749,2026-04-29 12:03:02.012194,0 days 00:00:03.608445,56.47896702804486,0.7182720796841358,0.00870655765854421,9,38,906,80,COMPLETE
371,35.44439888589578,2026-04-29 12:03:02.012194,2026-04-29 12:03:04.997231,0 days 00:00:02.985037,44.8503762442766,0.7094882176451297,0.010983031207499966,8,38,908,80,COMPLETE
372,35.463614133430426,2026-04-29 12:03:04.997231,2026-04-29 12:03:08.601183,0 days 00:00:03.603952,52.66407593013921,0.7213289496670401,0.009104310587839939,9,41,938,83,COMPLETE
373,35.30952546139971,2026-04-29 12:03:08.601183,2026-04-29 12:03:11.982002,0 days 00:00:03.380819,56.63707755980558,0.7324245513552604,0.009445339401517927,9,39,894,78,COMPLETE
374,35.319436357633506,2026-04-29 12:03:11.982002,2026-04-29 12:03:15.584490,0 days 00:00:03.602488,56.2107047193464,0.7249716668470909,0.007981040156987867,9,40,868,77,COMPLETE
375,35.69979314632196,2026-04-29 12:03:15.584490,2026-04-29 12:03:19.436114,0 days 00:00:03.851624,59.84582378320586,0.6993247851576953,0.006228548933897109,9,42,876,73,COMPLETE
376,35.37732583059337,2026-04-29 12:03:19.436114,2026-04-29 12:03:23.217392,0 days 00:00:03.781278,56.634304945037655,0.7167189525398958,0.007161724298904225,9,40,894,76,COMPLETE
377,35.57622365460885,2026-04-29 12:03:23.217392,2026-04-29 12:03:26.744466,0 days 00:00:03.527074,55.67494484192358,0.7298925492429398,0.008013575497078484,9,44,862,77,COMPLETE
378,35.31023953799171,2026-04-29 12:03:26.744466,2026-04-29 12:03:30.289929,0 days 00:00:03.545463,59.802075648773055,0.7220504932090616,0.008930203740548186,9,37,867,78,COMPLETE
379,35.34007647029477,2026-04-29 12:03:30.289929,2026-04-29 12:03:33.287328,0 days 00:00:02.997399,59.99692099971003,0.714948781364716,0.009135169497840497,8,37,868,75,COMPLETE
380,59.16487614648884,2026-04-29 12:03:33.287328,2026-04-29 12:03:38.031509,0 days 00:00:04.744181,2.7053646290867377,0.7251578946402308,0.007112865054730923,9,40,887,78,COMPLETE
381,35.600500329362475,2026-04-29 12:03:38.031509,2026-04-29 12:03:41.344650,0 days 00:00:03.313141,49.61337068289844,0.7034232905798806,0.009297014737503235,9,45,862,79,COMPLETE
382,35.363816303484754,2026-04-29 12:03:41.344650,2026-04-29 12:03:45.178115,0 days 00:00:03.833465,56.1142948930012,0.7364018297881154,0.007689041079153126,9,37,891,80,COMPLETE
383,35.53807800919921,2026-04-29 12:03:45.178115,2026-04-29 12:03:48.568886,0 days 00:00:03.390771,51.81302228883982,0.725313702945577,0.008452387358317033,9,42,851,73,COMPLETE
384,35.481454454274065,2026-04-29 12:03:48.568886,2026-04-29 12:03:52.663937,0 days 00:00:04.095051,56.477888077197875,0.7374660588146763,0.006470688926044711,9,39,905,78,COMPLETE
385,35.352925468523566,2026-04-29 12:03:52.663937,2026-04-29 12:03:56.056281,0 days 00:00:03.392344,52.37652617467269,0.7429719851356933,0.009409473198669875,9,37,875,75,COMPLETE
386,35.45553882234591,2026-04-29 12:03:56.056281,2026-04-29 12:03:59.316629,0 days 00:00:03.260348,56.00746008037552,0.7173920473087969,0.010958609210817693,9,41,930,81,COMPLETE
387,35.41133863259105,2026-04-29 12:03:59.316629,2026-04-29 12:04:03.305902,0 days 00:00:03.989273,47.63626721913197,0.7333405037683568,0.008021964930659152,9,39,999,78,COMPLETE
388,35.43827674181224,2026-04-29 12:04:03.305902,2026-04-29 12:04:06.659552,0 days 00:00:03.353650,56.54477062446003,0.7492578208152891,0.009175166618808722,9,43,903,76,COMPLETE
389,35.35539522838077,2026-04-29 12:04:06.659552,2026-04-29 12:04:10.524823,0 days 00:00:03.865271,59.94848905128466,0.7597268244836528,0.007112209262491707,9,37,847,81,COMPLETE
390,35.464746130772696,2026-04-29 12:04:10.524823,2026-04-29 12:04:14.031439,0 days 00:00:03.506616,49.83191745203839,0.712048754814339,0.009743634118948916,9,41,954,79,COMPLETE
391,35.34321366590094,2026-04-29 12:04:14.031439,2026-04-29 12:04:17.200270,0 days 00:00:03.168831,53.876364714049,0.7537731868860635,0.011216455574805854,9,39,888,77,COMPLETE
392,36.72034257448365,2026-04-29 12:04:17.200270,2026-04-29 12:04:19.773486,0 days 00:00:02.573216,53.20008990398933,0.7281505229311788,0.008425441308022643,9,37,462,81,COMPLETE
393,35.755694086028114,2026-04-29 12:04:19.773486,2026-04-29 12:04:22.299635,0 days 00:00:02.526149,56.59377247967225,0.6976717153267324,0.00954697294077982,8,88,867,83,COMPLETE
394,35.67313148197268,2026-04-29 12:04:22.299635,2026-04-29 12:04:26.132640,0 days 00:00:03.833005,50.55353744062648,0.740241415986259,0.007367287909602932,9,45,908,80,COMPLETE
395,35.31850211341036,2026-04-29 12:04:26.132640,2026-04-29 12:04:29.395212,0 days 00:00:03.262572,59.9286231642159,0.762597187923927,0.010925835299161439,9,40,972,74,COMPLETE
396,35.51829712095137,2026-04-29 12:04:29.395212,2026-04-29 12:04:33.571543,0 days 00:00:04.176331,59.784882546003104,0.7639110378362659,0.006076602303715373,9,43,973,73,COMPLETE
397,35.40078807709977,2026-04-29 12:04:33.571543,2026-04-29 12:04:37.214749,0 days 00:00:03.643206,53.15570299860621,0.7665994517156992,0.008503946388701687,9,41,981,71,COMPLETE
398,48.63839448399671,2026-04-29 12:04:37.214749,2026-04-29 12:04:42.476189,0 days 00:00:05.261440,59.67468182590457,0.6333328318506615,0.0010310156037622428,9,36,949,74,COMPLETE
399,35.57587940757772,2026-04-29 12:04:42.476189,2026-04-29 12:04:45.799050,0 days 00:00:03.322861,46.85657948936351,0.7427151551583597,0.00998047469248685,9,54,961,77,COMPLETE
400,37.25468807267046,2026-04-29 12:04:45.799050,2026-04-29 12:04:47.725660,0 days 00:00:01.926610,56.06345223580998,0.7629133086394131,0.07080677374933284,9,47,846,76,COMPLETE
401,35.25767304149644,2026-04-29 12:04:47.727663,2026-04-29 12:04:51.583628,0 days 00:00:03.855965,59.79568515553178,0.722728429153785,0.00783610884159404,9,38,933,78,COMPLETE
402,35.86572240126121,2026-04-29 12:04:51.583628,2026-04-29 12:04:56.034057,0 days 00:00:04.450429,56.74824044363983,0.7215938736832409,0.005215127850005128,9,40,919,78,COMPLETE
403,35.53254027439256,2026-04-29 12:04:56.034057,2026-04-29 12:05:00.068719,0 days 00:00:04.034662,52.56000662489147,0.7202658220938079,0.006696188520759869,9,38,932,75,COMPLETE
404,35.499796658983044,2026-04-29 12:05:00.068719,2026-04-29 12:05:03.853286,0 days 00:00:03.784567,56.363301293543934,0.7069132129689937,0.007788948686910812,9,42,941,79,COMPLETE
405,40.16311966128551,2026-04-29 12:05:03.853286,2026-04-29 12:05:08.837691,0 days 00:00:04.984405,12.669435714676776,0.7346804315571585,0.008046289596098153,9,37,961,76,COMPLETE
406,35.35766291563912,2026-04-29 12:05:08.837691,2026-04-29 12:05:12.559336,0 days 00:00:03.721645,49.7994293550012,0.6948017859823334,0.00879951875303785,9,40,983,78,COMPLETE
407,35.562980111364894,2026-04-29 12:05:12.559336,2026-04-29 12:05:16.345706,0 days 00:00:03.786370,56.95917792860175,0.7488514807652719,0.007634686806171946,9,44,940,80,COMPLETE
408,35.471534673678036,2026-04-29 12:05:16.345706,2026-04-29 12:05:20.299464,0 days 00:00:03.953758,59.63571508239126,0.7329638475048841,0.0064718083291995555,9,38,879,73,COMPLETE
409,35.42296000815675,2026-04-29 12:05:20.299464,2026-04-29 12:05:23.310006,0 days 00:00:03.010542,59.65097838469495,0.7686499090199008,0.010943497556232723,9,42,835,77,COMPLETE
410,36.22192305745357,2026-04-29 12:05:23.310006,2026-04-29 12:05:24.186323,0 days 00:00:00.876317,52.58886323556398,0.7460981364907949,0.008905438832992071,3,36,924,84,COMPLETE
411,35.42295429914514,2026-04-29 12:05:24.186323,2026-04-29 12:05:27.136566,0 days 00:00:02.950243,52.496666239514546,0.7548059434364567,0.01001030222507202,8,39,854,81,COMPLETE
412,35.50369411305634,2026-04-29 12:05:27.152196,2026-04-29 12:05:31.242308,0 days 00:00:04.090112,59.97608703029813,0.7085190920928531,0.007000743006403625,9,41,967,79,COMPLETE
413,35.380588116413854,2026-04-29 12:05:31.242308,2026-04-29 12:05:34.370388,0 days 00:00:03.128080,48.052791767114634,0.7258904457867515,0.011267749561094557,9,36,861,75,COMPLETE
414,35.30075309022554,2026-04-29 12:05:34.370388,2026-04-29 12:05:38.194842,0 days 00:00:03.824454,53.98494746069803,0.7671190695517148,0.00826567264074825,9,40,915,86,COMPLETE
415,35.942647664305845,2026-04-29 12:05:38.194842,2026-04-29 12:05:42.800651,0 days 00:00:04.605809,46.1362760747336,0.7694371028091489,0.00596431478380798,9,44,994,86,COMPLETE
416,35.39669195716561,2026-04-29 12:05:42.800651,2026-04-29 12:05:46.789557,0 days 00:00:03.988906,50.62009554852842,0.7612323468429084,0.007688656099329571,9,40,936,85,COMPLETE
417,35.83005629986659,2026-04-29 12:05:46.789557,2026-04-29 12:05:49.342991,0 days 00:00:02.553434,54.21716717226931,0.7730892218985675,0.010054613306416582,9,42,508,87,COMPLETE
418,35.51827903598547,2026-04-29 12:05:49.342991,2026-04-29 12:05:53.184389,0 days 00:00:03.841398,53.63908508137232,0.75387162264868,0.007112867572538937,9,40,834,83,COMPLETE
419,45.013135158895935,2026-04-29 12:05:53.184389,2026-04-29 12:05:58.270973,0 days 00:00:05.086584,8.326645640146166,0.7409673227429525,0.00841306052673636,9,38,886,87,COMPLETE
420,35.57217904461432,2026-04-29 12:05:58.270973,2026-04-29 12:06:01.810150,0 days 00:00:03.539177,43.679783233829575,0.7631738278042167,0.009549158971922739,9,46,925,82,COMPLETE
421,35.48419552354203,2026-04-29 12:06:01.810150,2026-04-29 12:06:05.174388,0 days 00:00:03.364238,51.05060785368424,0.7692359309071863,0.011276048202556148,9,43,955,85,COMPLETE
422,38.06451524884914,2026-04-29 12:06:05.174388,2026-04-29 12:06:09.270154,0 days 00:00:04.095766,18.868918247232564,0.7499186459751565,0.00839886973979576,9,36,866,70,COMPLETE
423,35.323486131460704,2026-04-29 12:06:09.270154,2026-04-29 12:06:12.661035,0 days 00:00:03.390881,59.61063921675476,0.7578353400129327,0.007605272008091456,8,40,915,77,COMPLETE
424,35.471193452469905,2026-04-29 12:06:12.661035,2026-04-29 12:06:15.640619,0 days 00:00:02.979584,56.135477575473395,0.7771463104424308,0.009836117940871091,8,41,915,75,COMPLETE
425,35.41265895312857,2026-04-29 12:06:15.640619,2026-04-29 12:06:18.605585,0 days 00:00:02.964966,48.63108632345552,0.7377574982104577,0.011117848621175546,8,39,948,72,COMPLETE
426,35.57329464677569,2026-04-29 12:06:18.605585,2026-04-29 12:06:22.153162,0 days 00:00:03.547577,59.99087300453778,0.750980715742077,0.006664983741680096,8,43,897,78,COMPLETE
427,35.24477372698282,2026-04-29 12:06:22.153162,2026-04-29 12:06:25.762755,0 days 00:00:03.609593,59.96250921401762,0.7733268704526309,0.009069734227624547,9,40,974,76,COMPLETE
428,35.47889972703311,2026-04-29 12:06:25.762755,2026-04-29 12:06:29.530021,0 days 00:00:03.767266,59.81222195861272,0.7748555372561016,0.007814501122851272,9,45,977,77,COMPLETE
429,35.53461598343746,2026-04-29 12:06:29.530021,2026-04-29 12:06:32.803629,0 days 00:00:03.273608,55.964142840526435,0.7341190100826379,0.008807887725814334,9,50,883,74,COMPLETE
430,38.98130996142562,2026-04-29 12:06:32.803629,2026-04-29 12:06:35.311899,0 days 00:00:02.508270,55.86265258744047,0.7570449907409942,0.005731305592501045,9,41,432,80,COMPLETE
431,45.78239485842291,2026-04-29 12:06:35.320902,2026-04-29 12:06:40.365269,0 days 00:00:05.044367,6.848764136182404,0.7774221417274501,0.009166555159998294,9,38,921,78,COMPLETE
432,36.0644043541309,2026-04-29 12:06:40.365269,2026-04-29 12:06:44.224020,0 days 00:00:03.858751,59.77310781799832,0.4077991435424392,0.006977067004613167,9,42,1000,82,COMPLETE
433,35.86727576506598,2026-04-29 12:06:44.224020,2026-04-29 12:06:45.440327,0 days 00:00:01.216307,53.91040551406157,0.7454885730835117,0.00789697128656357,4,39,909,76,COMPLETE
434,35.62506507117417,2026-04-29 12:06:45.440327,2026-04-29 12:06:48.398418,0 days 00:00:02.958091,55.97414286247113,0.759097701234197,0.009483106574934707,9,77,892,79,COMPLETE
435,35.341219366464784,2026-04-29 12:06:48.398930,2026-04-29 12:06:52.124145,0 days 00:00:03.725215,59.99629294970756,0.7753994093433372,0.008692469301145108,9,35,939,81,COMPLETE
436,35.58114123586315,2026-04-29 12:06:52.124145,2026-04-29 12:06:56.077475,0 days 00:00:03.953330,50.46496151601951,0.744919805795847,0.007284596034657587,9,43,977,74,COMPLETE
437,35.32660697836227,2026-04-29 12:06:56.077475,2026-04-29 12:06:59.389407,0 days 00:00:03.311932,54.019292934721996,0.7315530110263492,0.010158396030973037,9,40,855,84,COMPLETE
438,35.40985225091648,2026-04-29 12:06:59.389407,2026-04-29 12:07:03.258344,0 days 00:00:03.868937,53.16904583272916,0.7280303663615625,0.008155232137134665,9,37,853,85,COMPLETE
439,37.50155067305777,2026-04-29 12:07:03.258344,2026-04-29 12:07:05.163620,0 days 00:00:01.905276,49.981005185988224,0.7825897598885253,0.1448171403179284,9,39,839,84,COMPLETE
440,35.59363973547012,2026-04-29 12:07:05.163620,2026-04-29 12:07:09.384489,0 days 00:00:04.220869,56.32880273745096,0.7650055825565532,0.006416393399517964,9,35,871,83,COMPLETE
441,64.51814120770867,2026-04-29 12:07:09.384489,2026-04-29 12:07:10.399582,0 days 00:00:01.015093,3.7480044719368335,0.7142712786290581,0.009209187094693651,9,44,175,86,COMPLETE
442,35.559095363943655,2026-04-29 12:07:10.400127,2026-04-29 12:07:13.403416,0 days 00:00:03.003289,46.59056838328844,0.7302882008396433,0.010078332638984703,8,41,855,82,COMPLETE
443,35.34130963835102,2026-04-29 12:07:13.403416,2026-04-29 12:07:17.066577,0 days 00:00:03.663161,59.91198263302464,0.7565428288184151,0.007704667867446214,9,37,828,80,COMPLETE
444,35.63188947126562,2026-04-29 12:07:17.066577,2026-04-29 12:07:20.141200,0 days 00:00:03.074623,53.42298175346737,0.7724058856280117,0.011498222309055301,9,47,873,84,COMPLETE
445,35.34293947022926,2026-04-29 12:07:20.141200,2026-04-29 12:07:23.627122,0 days 00:00:03.485922,56.320385098000315,0.74883666313651,0.008772703387085613,9,39,844,81,COMPLETE
446,35.60660682394761,2026-04-29 12:07:23.627122,2026-04-29 12:07:27.502911,0 days 00:00:03.875789,52.16736350444171,0.7833962531287817,0.007148422365781312,9,42,886,79,COMPLETE
447,35.38687549287565,2026-04-29 12:07:27.502911,2026-04-29 12:07:31.007524,0 days 00:00:03.504613,49.29416830545801,0.7629604342212304,0.00966400105535072,9,36,808,88,COMPLETE
448,36.294469247738206,2026-04-29 12:07:31.007524,2026-04-29 12:07:36.088941,0 days 00:00:05.081417,56.16563153414716,0.68761259861586,0.0043328938172610635,9,40,965,83,COMPLETE
449,35.303828917541736,2026-04-29 12:07:36.088941,2026-04-29 12:07:39.798034,0 days 00:00:03.709093,59.89620609868732,0.7330329268026845,0.008246525247527307,9,38,866,86,COMPLETE
450,35.63450644980784,2026-04-29 12:07:39.798034,2026-04-29 12:07:44.115330,0 days 00:00:04.317296,59.65301428819829,0.7260614075196177,0.006127251009961021,9,35,862,86,COMPLETE
451,35.29877234144509,2026-04-29 12:07:44.115330,2026-04-29 12:07:47.867334,0 days 00:00:03.752004,59.904095250339225,0.7355878319892908,0.008113364903901544,9,38,897,84,COMPLETE
452,35.40710325509842,2026-04-29 12:07:47.867334,2026-04-29 12:07:51.988831,0 days 00:00:04.121497,59.865113119337586,0.7389925440036161,0.006993510946502844,9,37,902,88,COMPLETE
453,37.062660841384385,2026-04-29 12:07:51.988831,2026-04-29 12:07:56.436224,0 days 00:00:04.447393,24.721066692501502,0.7481054360734886,0.008022716398513182,9,35,881,86,COMPLETE
454,36.05345650668385,2026-04-29 12:07:56.436224,2026-04-29 12:08:01.022043,0 days 00:00:04.585819,59.766721454230776,0.7169489391918203,0.004832471346667076,9,38,902,78,COMPLETE
455,35.459249859181554,2026-04-29 12:08:01.022043,2026-04-29 12:08:05.266101,0 days 00:00:04.244058,59.95274630572291,0.7007070062506396,0.006355343332081973,9,38,938,81,COMPLETE
456,60.222291483664506,2026-04-29 12:08:05.266101,2026-04-29 12:08:09.917118,0 days 00:00:04.651017,2.097373567144937,0.7381970682503539,0.007672075915291864,8,36,917,76,COMPLETE
457,35.42917572248352,2026-04-29 12:08:09.917118,2026-04-29 12:08:13.546461,0 days 00:00:03.629343,56.25258301487027,0.7536490411449213,0.008314919084961549,9,42,890,83,COMPLETE
458,35.484221984899236,2026-04-29 12:08:13.546461,2026-04-29 12:08:17.267280,0 days 00:00:03.720819,54.703704710047894,0.7188706938792819,0.007079201204885186,9,39,877,72,COMPLETE
459,35.31698870824022,2026-04-29 12:08:17.267280,2026-04-29 12:08:21.051982,0 days 00:00:03.784702,56.319474650910784,0.7586338557387174,0.008167122810316181,9,37,929,79,COMPLETE
460,35.54860619653666,2026-04-29 12:08:21.051982,2026-04-29 12:08:25.373925,0 days 00:00:04.321943,56.45960979192212,0.7451644194723506,0.005934009440661964,9,38,944,77,COMPLETE
461,35.804556189360824,2026-04-29 12:08:25.373925,2026-04-29 12:08:28.893516,0 days 00:00:03.519591,56.45988561400446,0.4644663506701925,0.00786519633278936,9,41,928,79,COMPLETE
462,35.68941288980944,2026-04-29 12:08:28.903521,2026-04-29 12:08:33.384390,0 days 00:00:04.480869,59.863528255130504,0.7583289721118913,0.005508654103885308,9,37,910,81,COMPLETE
463,41.416749601397086,2026-04-29 12:08:33.400020,2026-04-29 12:08:34.966249,0 days 00:00:01.566229,56.322994961346716,0.7242594713270258,0.006748632846770047,9,44,275,75,COMPLETE
464,35.31494389470022,2026-04-29 12:08:34.966249,2026-04-29 12:08:38.728413,0 days 00:00:03.762164,59.92735368348264,0.7363899695374264,0.0083821366855205,9,39,971,80,COMPLETE
465,35.41511055450358,2026-04-29 12:08:38.728413,2026-04-29 12:08:42.848597,0 days 00:00:04.120184,51.85943958468227,0.708189006615392,0.008639337841036853,9,35,975,82,COMPLETE
466,35.31546290968574,2026-04-29 12:08:42.848597,2026-04-29 12:08:46.666089,0 days 00:00:03.817492,56.227586957229136,0.7309229688987126,0.008567689714617847,9,38,989,80,COMPLETE
467,35.32190012246612,2026-04-29 12:08:46.666089,2026-04-29 12:08:50.550865,0 days 00:00:03.884776,56.3128298859951,0.725611657121826,0.008445808038966213,9,37,967,84,COMPLETE
468,35.33342756764263,2026-04-29 12:08:50.550865,2026-04-29 12:08:54.680792,0 days 00:00:04.129927,56.85835563315731,0.7356680102400989,0.007467977771304298,9,35,1000,80,COMPLETE
469,35.33869848488466,2026-04-29 12:08:54.680792,2026-04-29 12:08:58.443259,0 days 00:00:03.762467,59.8577543741971,0.7171455832672802,0.008721408140930387,9,38,982,82,COMPLETE
470,37.840927313601,2026-04-29 12:08:58.443259,2026-04-29 12:09:03.383724,0 days 00:00:04.940465,22.533119383907216,0.7385605166991634,0.006686454155288665,9,39,955,85,COMPLETE
471,35.36851606639624,2026-04-29 12:09:03.383724,2026-04-29 12:09:07.338230,0 days 00:00:03.954506,53.91978392896082,0.7077218933868288,0.008105631387477755,9,36,991,80,COMPLETE
472,35.45490343289473,2026-04-29 12:09:07.338230,2026-04-29 12:09:11.116475,0 days 00:00:03.778245,53.26130538128822,0.7301949152894177,0.008945776028034577,9,41,976,86,COMPLETE
473,35.32229429314913,2026-04-29 12:09:11.116475,2026-04-29 12:09:15.158677,0 days 00:00:04.042202,56.37794041740963,0.7403332431674164,0.00725911172101648,9,38,964,78,COMPLETE
474,49.37883745966783,2026-04-29 12:09:15.158677,2026-04-29 12:09:20.493114,0 days 00:00:05.334437,4.99665966181062,0.7478656687865919,0.009203136686610797,9,42,949,83,COMPLETE
475,35.2931698249207,2026-04-29 12:09:20.493114,2026-04-29 12:09:24.465695,0 days 00:00:03.972581,59.79254434792115,0.7231027444528056,0.0079976697860454,9,35,990,80,COMPLETE
476,35.4023864212535,2026-04-29 12:09:24.465695,2026-04-29 12:09:28.796235,0 days 00:00:04.330540,59.82661776238053,0.7098288833136442,0.006478830907791846,9,37,992,81,COMPLETE
477,35.39375229571914,2026-04-29 12:09:28.796235,2026-04-29 12:09:32.844258,0 days 00:00:04.048023,50.18271588369861,0.6940998583377819,0.007599410990933044,9,39,1000,79,COMPLETE
478,35.31468830006628,2026-04-29 12:09:32.844258,2026-04-29 12:09:36.844992,0 days 00:00:04.000734,59.812725006664444,0.7280596228687588,0.007850694100644078,9,35,982,82,COMPLETE
479,35.34853382745679,2026-04-29 12:09:36.844992,2026-04-29 12:09:41.148402,0 days 00:00:04.303410,56.72644818637091,0.733220681802221,0.0070570321922032294,9,35,988,84,COMPLETE
480,35.55195975323302,2026-04-29 12:09:41.148402,2026-04-29 12:09:45.789144,0 days 00:00:04.640742,59.70658341228572,0.720338567578981,0.005722462731997127,9,35,971,83,COMPLETE
481,35.373711586125225,2026-04-29 12:09:45.789144,2026-04-29 12:09:49.650987,0 days 00:00:03.861843,53.124368301998274,0.7349757857135633,0.008324657885650153,9,37,969,81,COMPLETE
482,35.35806570556779,2026-04-29 12:09:49.650987,2026-04-29 12:09:53.432875,0 days 00:00:03.781888,59.82726206971782,0.7027309679943514,0.009026800482132839,9,37,985,86,COMPLETE
483,35.353393395369075,2026-04-29 12:09:53.432875,2026-04-29 12:09:57.548024,0 days 00:00:04.115149,59.74593093888562,0.7463150494338137,0.007192546088593389,9,35,952,82,COMPLETE
484,47.52953711132777,2026-04-29 12:09:57.548024,2026-04-29 12:10:03.124015,0 days 00:00:05.575991,6.256193394124441,0.6821920204063406,0.008188831380622718,9,39,1000,84,COMPLETE
485,35.85288342862588,2026-04-29 12:10:03.124015,2026-04-29 12:10:04.966741,0 days 00:00:01.842726,53.748687596431,0.7235954507735796,0.006400324094663644,5,36,961,80,COMPLETE
