number,value,datetime_start,datetime_complete,duration,params_batch_size,params_dropout_0,params_dropout_1,params_dropout_2,params_learning_rate,params_n_mlp_layers,params_units_0,params_units_1,params_units_2,state
128,32.28421506158607,2026-05-07 20:53:15.499961,2026-05-07 20:53:33.230598,0 days 00:00:17.730637,32,0.4299923812494768,,,0.0015980787577076273,1,256,,,COMPLETE
129,32.15657784531419,2026-05-07 20:53:33.231600,2026-05-07 20:53:54.245724,0 days 00:00:21.014124,32,0.4424353424942446,,,0.0013708791580540611,1,160,,,COMPLETE
130,32.329852191958196,2026-05-07 20:53:54.246741,2026-05-07 20:54:13.255636,0 days 00:00:19.008895,32,0.49980616957417484,,,0.0010075997087456302,1,256,,,COMPLETE
131,31.751447555193078,2026-05-07 20:54:13.256304,2026-05-07 20:54:29.708469,0 days 00:00:16.452165,64,0.49017773316595725,,,0.0011361455898211412,1,256,,,COMPLETE
132,44.02400947346854,2026-05-07 20:54:29.708469,2026-05-07 20:54:43.576236,0 days 00:00:13.867767,64,0.4815663429653851,0.4943878403991264,0.49154755546718776,0.001203779687317772,3,256,32.0,160.0,COMPLETE
133,31.828245460007025,2026-05-07 20:54:43.577161,2026-05-07 20:54:59.998654,0 days 00:00:16.421493,32,0.46066319554691576,,,0.0013087633058235504,1,256,,,COMPLETE
134,32.04312356771887,2026-05-07 20:54:59.999650,2026-05-07 20:55:16.682464,0 days 00:00:16.682814,64,0.4597979595506252,,,0.0010906129521744683,1,256,,,COMPLETE
135,32.72925484874324,2026-05-07 20:55:16.683791,2026-05-07 20:55:32.057604,0 days 00:00:15.373813,32,0.46680210437127245,,,0.0014825710556593964,1,256,,,COMPLETE
136,32.49130503964498,2026-05-07 20:55:32.057604,2026-05-07 20:55:44.891945,0 days 00:00:12.834341,128,0.4743110273378221,,,0.0013277259666441817,1,256,,,COMPLETE
137,32.36561120897234,2026-05-07 20:55:44.891945,2026-05-07 20:55:58.540346,0 days 00:00:13.648401,64,0.45113055718783895,,,0.0017383027494590395,1,224,,,COMPLETE
138,32.36145788053791,2026-05-07 20:55:58.541554,2026-05-07 20:56:13.088986,0 days 00:00:14.547432,64,0.49047634392717515,,,0.001167114354534182,1,256,,,COMPLETE
139,35.08352626312181,2026-05-07 20:56:13.089878,2026-05-07 20:56:31.839672,0 days 00:00:18.749794,32,0.43451028544025194,,,0.012702743530337249,1,224,,,COMPLETE
140,32.39474776208341,2026-05-07 20:56:31.840660,2026-05-07 20:56:48.009930,0 days 00:00:16.169270,64,0.4794491081591085,,,0.0010038111588178006,1,256,,,COMPLETE
141,31.787831066294235,2026-05-07 20:56:48.011061,2026-05-07 20:57:04.288261,0 days 00:00:16.277200,32,0.48995933511155626,,,0.00127341449432122,1,256,,,COMPLETE
142,32.25888127192981,2026-05-07 20:57:04.288261,2026-05-07 20:57:23.243196,0 days 00:00:18.954935,32,0.46747212967208285,,,0.001451298774969443,1,256,,,COMPLETE
143,32.23625645086358,2026-05-07 20:57:23.244214,2026-05-07 20:57:45.743524,0 days 00:00:22.499310,32,0.4905362601276805,,,0.001128239522977067,1,256,,,COMPLETE
144,32.33876300458282,2026-05-07 20:57:45.744531,2026-05-07 20:58:03.788696,0 days 00:00:18.044165,32,0.49968477137369816,,,0.0015924110081691875,1,256,,,COMPLETE
145,31.94876410633524,2026-05-07 20:58:03.788696,2026-05-07 20:58:22.559072,0 days 00:00:18.770376,32,0.45832310384703534,,,0.0013537820161805168,1,224,,,COMPLETE
146,32.492611486752025,2026-05-07 20:58:22.560072,2026-05-07 20:58:38.133254,0 days 00:00:15.573182,32,0.4804212310600067,,,0.0012246169329533194,1,256,,,COMPLETE
147,32.37948463427658,2026-05-07 20:58:38.133254,2026-05-07 20:58:53.243388,0 days 00:00:15.110134,64,0.4713171783186982,,,0.0010627690975276135,1,256,,,COMPLETE
148,74.54121912408846,2026-05-07 20:58:53.243388,2026-05-07 20:59:18.354619,0 days 00:00:25.111231,32,0.4838709365124437,,,0.07036376959295544,1,224,,,COMPLETE
149,31.88452837630798,2026-05-07 20:59:18.354619,2026-05-07 20:59:32.418666,0 days 00:00:14.064047,64,0.4574461273680136,,,0.0012810297136921236,1,256,,,COMPLETE
150,31.739115612216107,2026-05-07 20:59:32.418666,2026-05-07 20:59:50.280364,0 days 00:00:17.861698,32,0.44261387019647014,,,0.001745606940302802,1,224,,,COMPLETE
151,32.364770834809654,2026-05-07 20:59:50.281186,2026-05-07 21:00:25.720967,0 days 00:00:35.439781,32,0.4480431184487625,,,0.0017724680191187323,1,224,,,COMPLETE
152,32.27077398666569,2026-05-07 21:00:25.720967,2026-05-07 21:00:50.497965,0 days 00:00:24.776998,32,0.4214516624499776,,,0.0015404482621225483,1,224,,,COMPLETE
153,31.833420187060852,2026-05-07 21:00:50.497965,2026-05-07 21:01:23.887893,0 days 00:00:33.389928,32,0.49952001584510164,,,0.0013764966241835487,1,224,,,COMPLETE
154,32.15800158132331,2026-05-07 21:01:23.887893,2026-05-07 21:01:53.142882,0 days 00:00:29.254989,32,0.4431413839738841,,,0.002016140555275479,1,224,,,COMPLETE
155,31.687720316544578,2026-05-07 21:01:53.142882,2026-05-07 21:02:16.148768,0 days 00:00:23.005886,32,0.4709145751080217,,,0.0014063749180279097,1,256,,,COMPLETE
156,31.783018524155455,2026-05-07 21:02:16.148768,2026-05-07 21:02:49.549042,0 days 00:00:33.400274,32,0.4708157008457013,,,0.0011987687575821212,1,256,,,COMPLETE
157,32.52312833315438,2026-05-07 21:02:49.550898,2026-05-07 21:03:09.985882,0 days 00:00:20.434984,32,0.28127946519544444,,,0.0011524274437858268,1,256,,,COMPLETE
158,32.287082813784714,2026-05-07 21:03:09.985882,2026-05-07 21:03:35.255184,0 days 00:00:25.269302,32,0.4759822407375811,,,0.0016709921734715664,1,256,,,COMPLETE
159,32.01473751821734,2026-05-07 21:03:35.255791,2026-05-07 21:04:00.240678,0 days 00:00:24.984887,32,0.3890456935493124,,,0.0014676539365998968,1,256,,,COMPLETE
160,32.07189832436895,2026-05-07 21:04:00.240678,2026-05-07 21:04:30.318909,0 days 00:00:30.078231,32,0.4698690519988472,,,0.0011129474041086547,1,256,,,COMPLETE
161,39.3178787451814,2026-05-07 21:04:30.319812,2026-05-07 21:04:56.681747,0 days 00:00:26.361935,32,0.4594375765019154,,,0.020261707623593462,1,256,,,COMPLETE
162,32.579154341921125,2026-05-07 21:04:56.681747,2026-05-07 21:05:30.990550,0 days 00:00:34.308803,32,0.48861552415808085,,,0.0012774693299285294,1,256,,,COMPLETE
163,31.77184499693754,2026-05-07 21:05:30.990550,2026-05-07 21:05:56.415710,0 days 00:00:25.425160,32,0.46637656513208003,,,0.0012049081955244445,1,256,,,COMPLETE
164,31.749464769209045,2026-05-07 21:05:56.416709,2026-05-07 21:06:23.203692,0 days 00:00:26.786983,32,0.4752742922221153,,,0.0011735364875272223,1,256,,,COMPLETE
165,31.616976762620133,2026-05-07 21:06:23.204693,2026-05-07 21:06:43.435591,0 days 00:00:20.230898,32,0.44983448285909355,,,0.0014531969790311558,1,256,,,COMPLETE
166,32.17798404774945,2026-05-07 21:06:43.435591,2026-05-07 21:07:05.517129,0 days 00:00:22.081538,32,0.4395682656618038,,,0.001445961511316396,1,256,,,COMPLETE
167,32.464141070369855,2026-05-07 21:07:05.517129,2026-05-07 21:07:34.174324,0 days 00:00:28.657195,32,0.4722059554250422,,,0.0016258693825656743,1,256,,,COMPLETE
168,32.54966701095479,2026-05-07 21:07:34.175372,2026-05-07 21:07:48.462572,0 days 00:00:14.287200,128,0.4646297925024151,,,0.0019165242087681325,1,256,,,COMPLETE
169,32.22637619059431,2026-05-07 21:07:48.462855,2026-05-07 21:08:08.737064,0 days 00:00:20.274209,32,0.4840227201370519,,,0.001067168310573938,1,256,,,COMPLETE
170,32.929931777314906,2026-05-07 21:08:08.737602,2026-05-07 21:08:29.699712,0 days 00:00:20.962110,32,0.4326641062645588,,,0.0013702988362442484,1,256,,,COMPLETE
171,31.915154985793002,2026-05-07 21:08:29.699712,2026-05-07 21:08:51.703199,0 days 00:00:22.003487,32,0.4489649024525758,,,0.001207594901359981,1,256,,,COMPLETE
172,32.15067269994323,2026-05-07 21:08:51.703199,2026-05-07 21:09:10.948617,0 days 00:00:19.245418,32,0.4779792596277992,,,0.0052543314241258856,1,256,,,COMPLETE
173,33.280030468710024,2026-05-07 21:09:10.949616,2026-05-07 21:09:32.959581,0 days 00:00:22.009965,32,0.4510674502208953,,,0.00823592750797037,1,256,,,COMPLETE
174,32.78634123381557,2026-05-07 21:09:32.963581,2026-05-07 21:09:50.476406,0 days 00:00:17.512825,32,0.46641802898779494,,,0.0012291154480939248,1,128,,,COMPLETE
175,32.455133329154776,2026-05-07 21:09:50.476406,2026-05-07 21:10:08.344151,0 days 00:00:17.867745,32,0.33003215458241664,,,0.0015379151195952924,1,256,,,COMPLETE
176,32.66852048664818,2026-05-07 21:10:08.344801,2026-05-07 21:10:28.093167,0 days 00:00:19.748366,32,0.48858695119824447,,,0.0010879005732022842,1,256,,,COMPLETE
177,32.37184871143505,2026-05-07 21:10:28.093167,2026-05-07 21:10:43.624904,0 days 00:00:15.531737,32,0.4539057137005101,,,0.0013809576011360734,1,256,,,COMPLETE
178,32.54995300087802,2026-05-07 21:10:43.624904,2026-05-07 21:11:02.713731,0 days 00:00:19.088827,32,0.4758297603468225,,,0.00101298273923465,1,256,,,COMPLETE
179,32.461528590390316,2026-05-07 21:11:02.713731,2026-05-07 21:11:29.649816,0 days 00:00:26.936085,16,0.4394453852702615,,,0.0012088151972158311,1,256,,,COMPLETE
180,32.235880799855124,2026-05-07 21:11:29.649816,2026-05-07 21:11:48.179280,0 days 00:00:18.529464,32,0.46653466851102593,,,0.0014851674752285684,1,224,,,COMPLETE
181,31.693128079439497,2026-05-07 21:11:48.180275,2026-05-07 21:12:11.833038,0 days 00:00:23.652763,32,0.4901470397857669,,,0.0011675492400430505,1,256,,,COMPLETE
182,31.74584325716618,2026-05-07 21:12:11.833038,2026-05-07 21:12:30.179893,0 days 00:00:18.346855,32,0.48437288929673983,,,0.0011990154731961159,1,256,,,COMPLETE
183,31.946607397386458,2026-05-07 21:12:30.179893,2026-05-07 21:12:47.830442,0 days 00:00:17.650549,32,0.4852951284185392,,,0.0013125880496348112,1,256,,,COMPLETE
184,31.699678344077093,2026-05-07 21:12:47.830442,2026-05-07 21:13:08.401244,0 days 00:00:20.570802,32,0.49137294023577444,,,0.0011173045490181284,1,256,,,COMPLETE
185,32.660556303348535,2026-05-07 21:13:08.401244,2026-05-07 21:13:23.787701,0 days 00:00:15.386457,64,0.482110674959395,,,0.0011139575213846066,1,256,,,COMPLETE
186,32.07144345727443,2026-05-07 21:13:23.788471,2026-05-07 21:13:49.839481,0 days 00:00:26.051010,32,0.4918390247278186,,,0.0010184155979969245,1,256,,,COMPLETE
187,32.59768340863039,2026-05-07 21:13:49.839481,2026-05-07 21:14:13.860265,0 days 00:00:24.020784,32,0.4740286815471446,,,0.0011481792076375136,1,256,,,COMPLETE
188,37.099915119185326,2026-05-07 21:14:13.875824,2026-05-07 21:14:31.060421,0 days 00:00:17.184597,64,0.47881041231465427,0.3919394838564797,0.009877102721979614,0.0013974762400899364,3,256,64.0,32.0,COMPLETE
189,32.070890047818736,2026-05-07 21:14:31.061408,2026-05-07 21:14:48.077889,0 days 00:00:17.016481,32,0.49177384439061084,,,0.0017550184804656574,1,256,,,COMPLETE
190,32.57346775767448,2026-05-07 21:14:48.077889,2026-05-07 21:15:06.594712,0 days 00:00:18.516823,32,0.12481666147345541,,,0.0012011466181636183,1,256,,,COMPLETE
191,32.001166218695346,2026-05-07 21:15:06.595710,2026-05-07 21:15:26.348693,0 days 00:00:19.752983,32,0.49276701952720475,,,0.0012787028404382607,1,256,,,COMPLETE
192,32.10883310973439,2026-05-07 21:15:26.352197,2026-05-07 21:15:46.240043,0 days 00:00:19.887846,32,0.4694871753789092,,,0.0010969820941409809,1,256,,,COMPLETE
193,32.72485486846857,2026-05-07 21:15:46.240043,2026-05-07 21:16:07.558570,0 days 00:00:21.318527,32,0.48240575701845934,,,0.0012948832974937338,1,256,,,COMPLETE
194,31.48561146746865,2026-05-07 21:16:07.558570,2026-05-07 21:16:25.290098,0 days 00:00:17.731528,32,0.46210892184966335,,,0.0015588668847174006,1,256,,,COMPLETE
195,32.03135088751501,2026-05-07 21:16:25.292132,2026-05-07 21:16:46.198612,0 days 00:00:20.906480,32,0.4623212327479754,,,0.0015466797396010228,1,256,,,COMPLETE
196,31.878706163513783,2026-05-07 21:16:46.198612,2026-05-07 21:17:02.369829,0 days 00:00:16.171217,64,0.45642599047553845,,,0.0016465519221071558,1,256,,,COMPLETE
197,32.08541487623636,2026-05-07 21:17:02.369829,2026-05-07 21:17:19.087812,0 days 00:00:16.717983,32,0.47368792268214094,,,0.0014161401938685388,1,256,,,COMPLETE
198,32.79102194970488,2026-05-07 21:17:19.087812,2026-05-07 21:17:38.984493,0 days 00:00:19.896681,32,0.46222976342939465,,,0.0011918244163825348,1,256,,,COMPLETE
199,32.292111048688504,2026-05-07 21:17:38.984493,2026-05-07 21:17:55.995494,0 days 00:00:17.011001,128,0.48106626073098685,,,0.0010029464111667439,1,256,,,COMPLETE
200,32.16604088888242,2026-05-07 21:17:55.996179,2026-05-07 21:18:08.300225,0 days 00:00:12.304046,64,0.2568978012136533,,,0.0014298485357722938,1,256,,,COMPLETE
201,31.87524286848957,2026-05-07 21:18:08.300225,2026-05-07 21:18:29.100110,0 days 00:00:20.799885,32,0.4924009813011624,,,0.0012707134900033603,1,256,,,COMPLETE
202,32.271672187400235,2026-05-07 21:18:29.101100,2026-05-07 21:19:12.677681,0 days 00:00:43.576581,32,0.4892230797330055,,,0.0011079390254300791,1,256,,,COMPLETE
203,32.12528225850953,2026-05-07 21:19:12.677681,2026-05-07 21:19:52.116704,0 days 00:00:39.439023,32,0.49932721703887417,,,0.0013119059360970204,1,256,,,COMPLETE
204,32.16356991511378,2026-05-07 21:19:52.116704,2026-05-07 21:20:22.437023,0 days 00:00:30.320319,32,0.47278783549581094,,,0.0011745376103456545,1,256,,,COMPLETE
205,32.55498092227144,2026-05-07 21:20:22.437023,2026-05-07 21:20:50.507576,0 days 00:00:28.070553,32,0.48303022320533207,,,0.0015387315058400354,1,256,,,COMPLETE
206,32.06162800931646,2026-05-07 21:20:50.507576,2026-05-07 21:21:31.097761,0 days 00:00:40.590185,32,0.4659078533688296,,,0.0017870627929342877,1,256,,,COMPLETE
207,32.08352289203316,2026-05-07 21:21:31.097761,2026-05-07 21:22:02.182696,0 days 00:00:31.084935,32,0.48228657539206554,,,0.001335040957834249,1,256,,,COMPLETE
208,32.27610860039904,2026-05-07 21:22:02.182696,2026-05-07 21:22:37.147647,0 days 00:00:34.964951,32,0.4552667027749136,,,0.0011931181541412778,1,256,,,COMPLETE
209,32.083495432493265,2026-05-07 21:22:37.148052,2026-05-07 21:23:00.754373,0 days 00:00:23.606321,64,0.47275365850839773,,,0.0010721876937735025,1,256,,,COMPLETE
210,31.952711190565118,2026-05-07 21:23:00.754373,2026-05-07 21:23:32.349170,0 days 00:00:31.594797,32,0.310408465465354,,,0.0014746371999902357,1,256,,,COMPLETE
211,32.839797447561764,2026-05-07 21:23:32.349170,2026-05-07 21:23:57.333343,0 days 00:00:24.984173,32,0.4472531222809076,,,0.0012472621859231324,1,224,,,COMPLETE
212,32.02126935185903,2026-05-07 21:23:57.333343,2026-05-07 21:24:25.984947,0 days 00:00:28.651604,32,0.4908355770107937,,,0.0011406297828761834,1,224,,,COMPLETE
213,32.41715746191958,2026-05-07 21:24:25.985992,2026-05-07 21:24:52.535580,0 days 00:00:26.549588,32,0.499248021311629,,,0.0013754454177310107,1,224,,,COMPLETE
214,32.111168550248976,2026-05-07 21:24:52.536432,2026-05-07 21:25:19.631188,0 days 00:00:27.094756,32,0.4203657577359115,,,0.001193075424154875,1,256,,,COMPLETE
215,31.793392288289056,2026-05-07 21:25:19.632255,2026-05-07 21:25:39.061540,0 days 00:00:19.429285,32,0.4592306141674513,,,0.0012824024721875276,1,160,,,COMPLETE
216,33.159837288701695,2026-05-07 21:25:39.061540,2026-05-07 21:26:15.859182,0 days 00:00:36.797642,32,0.46452788063570355,0.40823113865224026,,0.0016204576524594453,2,160,64.0,,COMPLETE
217,31.98216717674071,2026-05-07 21:26:15.859182,2026-05-07 21:26:36.636230,0 days 00:00:20.777048,32,0.47696841732416795,,,0.0010004559005947012,1,192,,,COMPLETE
218,32.18196451060101,2026-05-07 21:26:36.637231,2026-05-07 21:26:55.551994,0 days 00:00:18.914763,64,0.3661234529003932,,,0.0013781220839283162,1,256,,,COMPLETE
219,32.24987411806595,2026-05-07 21:26:55.551994,2026-05-07 21:27:29.149996,0 days 00:00:33.598002,16,0.4575792799582222,,,0.0012730046742206718,1,160,,,COMPLETE
220,32.24810597571134,2026-05-07 21:27:29.150365,2026-05-07 21:27:53.415904,0 days 00:00:24.265539,32,0.4849604407162373,,,0.0011334238997665392,1,256,,,COMPLETE
221,32.17195470504522,2026-05-07 21:27:53.416901,2026-05-07 21:28:13.437513,0 days 00:00:20.020612,32,0.445844831132751,,,0.0012451550689973033,1,96,,,COMPLETE
222,32.65843478704128,2026-05-07 21:28:13.438216,2026-05-07 21:28:38.949037,0 days 00:00:25.510821,32,0.4701108097518725,,,0.0010940551103437056,1,96,,,COMPLETE
223,32.12568474837779,2026-05-07 21:28:38.949037,2026-05-07 21:28:58.032150,0 days 00:00:19.083113,32,0.45447270643191706,,,0.0013776717068190495,1,192,,,COMPLETE
224,32.06525483622079,2026-05-07 21:28:58.032729,2026-05-07 21:29:19.808780,0 days 00:00:21.776051,32,0.4773075810608949,,,0.0012407113017896463,1,224,,,COMPLETE
225,32.291798219177416,2026-05-07 21:29:19.808780,2026-05-07 21:29:38.503029,0 days 00:00:18.694249,32,0.4321467515426525,,,0.0014949341837928996,1,256,,,COMPLETE
226,31.94958370129593,2026-05-07 21:29:38.503029,2026-05-07 21:30:00.145351,0 days 00:00:21.642322,32,0.4916225288449414,,,0.0010752591717798148,1,256,,,COMPLETE
227,32.63134699476857,2026-05-07 21:30:00.145351,2026-05-07 21:30:17.464201,0 days 00:00:17.318850,64,0.46431547287177716,,,0.0011704165304981839,1,224,,,COMPLETE
228,32.238767051855994,2026-05-07 21:30:17.464201,2026-05-07 21:30:36.321958,0 days 00:00:18.857757,32,0.44213146160758765,,,0.0013127644257920393,1,256,,,COMPLETE
229,31.613981401144947,2026-05-07 21:30:36.321958,2026-05-07 21:30:58.026529,0 days 00:00:21.704571,32,0.48351829084292974,,,0.0015846037847403684,1,256,,,COMPLETE
230,31.9853720802195,2026-05-07 21:30:58.027521,2026-05-07 21:31:17.146047,0 days 00:00:19.118526,32,0.48471279698174974,,,0.0019043868341856113,1,256,,,COMPLETE
231,32.11171334255621,2026-05-07 21:31:17.146047,2026-05-07 21:31:37.207732,0 days 00:00:20.061685,32,0.4766309666145515,,,0.0015890285208259086,1,256,,,COMPLETE
232,32.21460747978647,2026-05-07 21:31:37.207732,2026-05-07 21:31:55.601266,0 days 00:00:18.393534,32,0.48985956658129126,,,0.0014410545710991998,1,256,,,COMPLETE
233,32.689868073460985,2026-05-07 21:31:55.601417,2026-05-07 21:32:16.080253,0 days 00:00:20.478836,32,0.4698214132810188,,,0.001725042446447405,1,256,,,COMPLETE
234,32.197766709577714,2026-05-07 21:32:16.081036,2026-05-07 21:32:34.426628,0 days 00:00:18.345592,32,0.4994336092420428,,,0.0012016527863129467,1,256,,,COMPLETE
235,31.80866604401311,2026-05-07 21:32:34.426628,2026-05-07 21:32:52.755754,0 days 00:00:18.329126,32,0.4611315693127006,,,0.0013415905057791602,1,256,,,COMPLETE
236,32.72696606156539,2026-05-07 21:32:52.756553,2026-05-07 21:33:06.524877,0 days 00:00:13.768324,64,0.48050244582052687,,,0.0021275410851445617,1,256,,,COMPLETE
237,32.190080386169285,2026-05-07 21:33:06.524877,2026-05-07 21:33:27.969875,0 days 00:00:21.444998,32,0.4622539812268406,,,0.0014155620630544204,1,256,,,COMPLETE
238,32.0809341886238,2026-05-07 21:33:27.969875,2026-05-07 21:33:48.807644,0 days 00:00:20.837769,32,0.4880596202387285,,,0.001612569000141244,1,256,,,COMPLETE
239,31.949350055764352,2026-05-07 21:33:48.808650,2026-05-07 21:34:09.829100,0 days 00:00:21.020450,32,0.4738943867391032,,,0.0013171632995092931,1,256,,,COMPLETE
240,31.867035905000442,2026-05-07 21:34:09.830565,2026-05-07 21:34:26.123399,0 days 00:00:16.292834,64,0.4617776068660318,,,0.0014784257944219232,1,256,,,COMPLETE
241,31.969531300344908,2026-05-07 21:34:26.123399,2026-05-07 21:34:46.920474,0 days 00:00:20.797075,32,0.4512599137123672,,,0.0010962749991408412,1,256,,,COMPLETE
242,31.980209129652998,2026-05-07 21:34:46.920991,2026-05-07 21:35:09.559426,0 days 00:00:22.638435,32,0.47240039449512555,,,0.0012492321802464704,1,256,,,COMPLETE
243,32.38906674666967,2026-05-07 21:35:09.559426,2026-05-07 21:35:28.550863,0 days 00:00:18.991437,32,0.483732045111141,,,0.001183497217146646,1,256,,,COMPLETE
244,32.28780766316629,2026-05-07 21:35:28.551367,2026-05-07 21:35:52.293501,0 days 00:00:23.742134,32,0.45431057857111573,,,0.001337096337272587,1,224,,,COMPLETE
245,32.763169382743314,2026-05-07 21:35:52.295083,2026-05-07 21:36:04.414897,0 days 00:00:12.119814,128,0.4925195079732298,,,0.0011386634101479122,1,256,,,COMPLETE
246,32.05483465633475,2026-05-07 21:36:04.416450,2026-05-07 21:36:21.646405,0 days 00:00:17.229955,32,0.4662846680884892,,,0.001531525412746271,1,256,,,COMPLETE
247,31.947868113856345,2026-05-07 21:36:21.646405,2026-05-07 21:36:46.791897,0 days 00:00:25.145492,32,0.49996713288950856,,,0.0010633442124001393,1,256,,,COMPLETE
248,32.48348575372806,2026-05-07 21:36:46.791897,2026-05-07 21:37:09.826503,0 days 00:00:23.034606,32,0.48074902556569876,,,0.0012789420700962957,1,256,,,COMPLETE
249,32.982143572672065,2026-05-07 21:37:09.827509,2026-05-07 21:37:29.189909,0 days 00:00:19.362400,32,0.4366303547682126,,,0.0013609381510066819,1,128,,,COMPLETE
250,31.99295384714688,2026-05-07 21:37:29.189909,2026-05-07 21:37:43.492783,0 days 00:00:14.302874,64,0.44931017750008784,,,0.0012112314027503321,1,256,,,COMPLETE
251,32.50001682461737,2026-05-07 21:37:43.508417,2026-05-07 21:38:01.036661,0 days 00:00:17.528244,32,0.47071783326513933,,,0.0014719801442145404,1,224,,,COMPLETE
252,31.830265000296492,2026-05-07 21:38:01.037777,2026-05-07 21:38:19.802248,0 days 00:00:18.764471,32,0.46041080507686377,,,0.0016663655186979604,1,256,,,COMPLETE
253,33.39962754661591,2026-05-07 21:38:19.802248,2026-05-07 21:38:39.529723,0 days 00:00:19.727475,32,0.4859286771919478,,,0.006717588085129118,1,256,,,COMPLETE
254,31.516128282940077,2026-05-07 21:38:39.530715,2026-05-07 21:38:57.153525,0 days 00:00:17.622810,64,0.4757466368430192,,,0.0010217268551587055,1,256,,,COMPLETE
255,32.57585428884389,2026-05-07 21:38:57.153525,2026-05-07 21:39:15.355533,0 days 00:00:18.202008,64,0.47936486728280436,,,0.0010151948806842578,1,256,,,COMPLETE
256,32.10139253409417,2026-05-07 21:39:15.355533,2026-05-07 21:39:33.314079,0 days 00:00:17.958546,64,0.48901052847769044,,,0.001095041753675774,1,256,,,COMPLETE
257,32.3489552634298,2026-05-07 21:39:33.315278,2026-05-07 21:39:50.929441,0 days 00:00:17.614163,64,0.4735389944784635,,,0.0011433456458079102,1,256,,,COMPLETE
258,31.782906219229847,2026-05-07 21:39:50.929687,2026-05-07 21:40:08.210478,0 days 00:00:17.280791,64,0.4677219657746238,,,0.001292944470657404,1,256,,,COMPLETE
259,32.31344835179213,2026-05-07 21:40:08.210478,2026-05-07 21:40:26.383308,0 days 00:00:18.172830,64,0.40054877380082965,,,0.0010371948695556891,1,64,,,COMPLETE
260,33.19204088624363,2026-05-07 21:40:26.391895,2026-05-07 21:40:40.763164,0 days 00:00:14.371269,64,0.15295846716234532,,,0.0012307302017701264,1,256,,,COMPLETE
