number,value,datetime_start,datetime_complete,duration,params_batch_size,params_dropout_0,params_dropout_1,params_dropout_2,params_learning_rate,params_n_mlp_layers,params_units_0,params_units_1,params_units_2,state
261,31.94391420436464,2026-05-07 21:40:40.763331,2026-05-07 21:41:23.053723,0 days 00:00:42.290392,64,0.49206138354021356,,,0.001134435363222961,1,256,,,COMPLETE
262,33.611822503752336,2026-05-07 21:41:23.053723,2026-05-07 21:41:53.026503,0 days 00:00:29.972780,64,0.4784125486020639,0.4736499904499677,,0.0024897910602359455,2,256,32.0,,COMPLETE
263,32.158207598253554,2026-05-07 21:41:53.026503,2026-05-07 21:42:21.975662,0 days 00:00:28.949159,64,0.4707648568487635,,,0.0018571056069454674,1,256,,,COMPLETE
264,32.50368843042777,2026-05-07 21:42:21.975662,2026-05-07 21:42:46.836671,0 days 00:00:24.861009,64,0.49188877831648425,,,0.0014256895760709023,1,256,,,COMPLETE
265,32.89138499418156,2026-05-07 21:42:46.837671,2026-05-07 21:43:22.248767,0 days 00:00:35.411096,16,0.23100225740133995,,,0.0012785282272353754,1,256,,,COMPLETE
266,31.71011826234537,2026-05-07 21:43:22.248767,2026-05-07 21:43:57.683599,0 days 00:00:35.434832,64,0.4992006323987699,,,0.0010027937925850302,1,256,,,COMPLETE
267,31.807389060417727,2026-05-07 21:43:57.683599,2026-05-07 21:44:23.679514,0 days 00:00:25.995915,64,0.4950632375846365,,,0.0010092909479830327,1,256,,,COMPLETE
268,31.961055429730834,2026-05-07 21:44:23.680150,2026-05-07 21:44:50.397477,0 days 00:00:26.717327,64,0.4992483980921785,,,0.00107615667494715,1,256,,,COMPLETE
269,32.12271091005797,2026-05-07 21:44:50.398501,2026-05-07 21:45:20.156246,0 days 00:00:29.757745,64,0.4832561558606801,,,0.0010063328871689225,1,256,,,COMPLETE
270,32.203799965141535,2026-05-07 21:45:20.156246,2026-05-07 21:45:42.539455,0 days 00:00:22.383209,64,0.48408100433281315,,,0.0011439896276856179,1,256,,,COMPLETE
271,32.452337233579364,2026-05-07 21:45:42.539455,2026-05-07 21:46:04.472528,0 days 00:00:21.933073,64,0.19667359716903213,,,0.0011414585223801183,1,256,,,COMPLETE
272,32.18287709092562,2026-05-07 21:46:04.472528,2026-05-07 21:46:33.650161,0 days 00:00:29.177633,64,0.49959434298828687,,,0.0010053918592273633,1,256,,,COMPLETE
273,32.34418077278296,2026-05-07 21:46:33.650666,2026-05-07 21:46:54.979922,0 days 00:00:21.329256,64,0.47673489006178177,,,0.001694783042557553,1,256,,,COMPLETE
274,34.1335950518307,2026-05-07 21:46:54.980921,2026-05-07 21:47:25.590601,0 days 00:00:30.609680,64,0.018984684198423418,0.31309968990953285,0.21378869933051123,0.0015621257736739887,3,256,256.0,256.0,COMPLETE
275,32.06867480880431,2026-05-07 21:47:25.591728,2026-05-07 21:47:44.571332,0 days 00:00:18.979604,128,0.4870367354495619,,,0.001213380117473277,1,256,,,COMPLETE
276,32.246596231044194,2026-05-07 21:47:44.571332,2026-05-07 21:48:13.436980,0 days 00:00:28.865648,64,0.3392029978759836,,,0.0013598593820904673,1,256,,,COMPLETE
277,32.406203152180595,2026-05-07 21:48:13.437980,2026-05-07 21:48:35.359609,0 days 00:00:21.921629,64,0.46875546369702276,,,0.0011068074915202796,1,256,,,COMPLETE
278,32.78022817916177,2026-05-07 21:48:35.359609,2026-05-07 21:48:49.581105,0 days 00:00:14.221496,64,0.47879764996466256,,,0.004133622988200109,1,256,,,COMPLETE
279,32.5928449107211,2026-05-07 21:48:49.581655,2026-05-07 21:49:16.360459,0 days 00:00:26.778804,32,0.49223942071460147,,,0.001472295095457513,1,256,,,COMPLETE
280,32.10825099983774,2026-05-07 21:49:16.366950,2026-05-07 21:49:44.456406,0 days 00:00:28.089456,32,0.467745338885326,,,0.0012363633933759174,1,256,,,COMPLETE
281,31.82472925352179,2026-05-07 21:49:44.456586,2026-05-07 21:50:20.237205,0 days 00:00:35.780619,16,0.48886461442054147,,,0.001097061591386238,1,256,,,COMPLETE
282,32.04149710141856,2026-05-07 21:50:20.237205,2026-05-07 21:50:38.199433,0 days 00:00:17.962228,64,0.4783755724451164,,,0.0013616888048301418,1,256,,,COMPLETE
283,32.03013937622718,2026-05-07 21:50:38.199433,2026-05-07 21:50:59.083539,0 days 00:00:20.884106,32,0.4718649326660317,,,0.0028870516926296267,1,256,,,COMPLETE
284,32.970585287480986,2026-05-07 21:50:59.083539,2026-05-07 21:51:28.597939,0 days 00:00:29.514400,32,0.37501277578891845,,,0.0011870863210819997,1,256,,,COMPLETE
285,32.36452613854472,2026-05-07 21:51:28.597939,2026-05-07 21:51:59.251938,0 days 00:00:30.653999,32,0.4999977083395173,,,0.0017665617863992546,1,256,,,COMPLETE
286,35.121878633533875,2026-05-07 21:51:59.252937,2026-05-07 21:52:17.033082,0 days 00:00:17.780145,64,0.48462085233643043,,,0.02314028565718855,1,256,,,COMPLETE
287,32.56508406840333,2026-05-07 21:52:17.033082,2026-05-07 21:52:43.630586,0 days 00:00:26.597504,32,0.4618688243503834,,,0.0015730641877067168,1,256,,,COMPLETE
288,31.934760757947505,2026-05-07 21:52:43.630586,2026-05-07 21:53:07.612229,0 days 00:00:23.981643,32,0.48245427994803447,,,0.0020582827476960603,1,256,,,COMPLETE
289,32.157222992904536,2026-05-07 21:53:07.613271,2026-05-07 21:53:22.849905,0 days 00:00:15.236634,64,0.45427602148931634,,,0.0012957533955402563,1,224,,,COMPLETE
290,34.35708719419002,2026-05-07 21:53:22.849905,2026-05-07 21:53:45.199679,0 days 00:00:22.349774,32,0.4701053452491418,,,0.014026700099651084,1,256,,,COMPLETE
291,32.53804738308251,2026-05-07 21:53:45.200686,2026-05-07 21:54:06.762846,0 days 00:00:21.562160,32,0.07085487508865956,,,0.0010934664501264049,1,256,,,COMPLETE
292,32.31301930769397,2026-05-07 21:54:06.762846,2026-05-07 21:54:28.320399,0 days 00:00:21.557553,32,0.491948712157389,,,0.0014460723575207067,1,256,,,COMPLETE
293,35.1416639097837,2026-05-07 21:54:28.320399,2026-05-07 21:54:48.421064,0 days 00:00:20.100665,64,0.47681393306459363,0.43735180405672275,,0.008840943417418895,2,256,224.0,,COMPLETE
294,32.9268903916142,2026-05-07 21:54:48.421064,2026-05-07 21:55:09.624624,0 days 00:00:21.203560,32,0.40923031643536667,,,0.003355470132027467,1,256,,,COMPLETE
