number,value,datetime_start,datetime_complete,duration,params_batch_size,params_dropout_0,params_dropout_1,params_dropout_2,params_learning_rate,params_n_mlp_layers,params_units_0,params_units_1,params_units_2,state
0,66.92339276360279,2026-05-07 20:09:45.316590,2026-05-07 20:10:21.514604,0 days 00:00:36.198014,16,0.38187509904402556,0.38004944670720364,0.09984216603073387,0.07553666976685884,3,32,96.0,224.0,COMPLETE
1,32.74216384915475,2026-05-07 20:10:21.517602,2026-05-07 20:10:41.901242,0 days 00:00:20.383640,32,0.136686770229975,0.16028587139250172,,0.001832035951021034,2,64,192.0,,COMPLETE
2,32.581884796866674,2026-05-07 20:10:41.901242,2026-05-07 20:11:12.470096,0 days 00:00:30.568854,16,0.24876499519607026,,,0.007193115633090091,1,32,,,COMPLETE
3,38.75894891833627,2026-05-07 20:11:12.471029,2026-05-07 20:11:31.834853,0 days 00:00:19.363824,32,0.3422162020378886,0.4474351412414218,0.17356291406286578,0.004776228547550829,3,160,32.0,192.0,COMPLETE
4,33.489533462133764,2026-05-07 20:11:31.834853,2026-05-07 20:11:46.260732,0 days 00:00:14.425879,32,0.15369854914288994,,,0.0054811312264547146,1,256,,,COMPLETE
5,39.342690717444256,2026-05-07 20:11:46.260732,2026-05-07 20:11:57.640953,0 days 00:00:11.380221,128,0.4785775803034682,0.20034992424357184,0.11242542832758057,0.0062632620215455495,3,32,256.0,192.0,COMPLETE
6,36.92562930855104,2026-05-07 20:11:57.642347,2026-05-07 20:12:10.183604,0 days 00:00:12.541257,64,0.10238154597048293,,,0.03169702448733326,1,128,,,COMPLETE
7,34.013929050136596,2026-05-07 20:12:10.183604,2026-05-07 20:12:18.653891,0 days 00:00:08.470287,128,0.026504320202197507,,,0.00960281935086229,1,192,,,COMPLETE
8,33.15912424729483,2026-05-07 20:12:18.654493,2026-05-07 20:12:27.993728,0 days 00:00:09.339235,128,0.09862999815950291,,,0.025778068297585357,1,256,,,COMPLETE
9,34.52130735327476,2026-05-07 20:12:27.993728,2026-05-07 20:12:37.907922,0 days 00:00:09.914194,128,0.20193982855904236,,,0.019991974227330258,1,224,,,COMPLETE
10,32.9107640558699,2026-05-07 20:12:37.907922,2026-05-07 20:13:07.982169,0 days 00:00:30.074247,16,0.27736152914029927,0.02731715510930513,,0.0014343475677878366,2,96,128.0,,COMPLETE
11,33.631032079718956,2026-05-07 20:13:07.983173,2026-05-07 20:13:25.325706,0 days 00:00:17.342533,32,0.2570566757972178,0.14310067569912,,0.0013365411305268319,2,64,224.0,,COMPLETE
12,33.657262890350886,2026-05-07 20:13:25.325706,2026-05-07 20:14:01.146153,0 days 00:00:35.820447,16,0.008388612167350845,0.30355134543708684,,0.002740559420994596,2,64,192.0,,COMPLETE
13,33.72093866426016,2026-05-07 20:14:01.147150,2026-05-07 20:14:15.277544,0 days 00:00:14.130394,64,0.17589335226571035,0.05550272341138984,,0.0029100635715456616,2,96,160.0,,COMPLETE
14,37.132352431972244,2026-05-07 20:14:15.278545,2026-05-07 20:14:32.174614,0 days 00:00:16.896069,32,0.3531908062748621,0.28383132621764784,,0.0024581659773209494,2,32,64.0,,COMPLETE
15,34.66796872074791,2026-05-07 20:14:32.174614,2026-05-07 20:15:17.187733,0 days 00:00:45.013119,16,0.08873490313639582,0.12319336100729436,,0.011480129332826881,2,96,192.0,,COMPLETE
16,47.22405175734624,2026-05-07 20:15:17.188729,2026-05-07 20:15:35.268905,0 days 00:00:18.080176,32,0.22613031707039505,,,0.09424575439888738,1,64,,,COMPLETE
17,33.599490332700725,2026-05-07 20:15:35.268905,2026-05-07 20:16:10.895995,0 days 00:00:35.627090,16,0.29270717103341554,0.21021917926415173,0.4889764040663974,0.0010094699399212901,3,128,256.0,32.0,COMPLETE
18,33.83471790369191,2026-05-07 20:16:10.895995,2026-05-07 20:16:19.744653,0 days 00:00:08.848658,64,0.43517955815977094,,,0.012205728247775573,1,64,,,COMPLETE
19,33.91231035517126,2026-05-07 20:16:19.744653,2026-05-07 20:16:44.209827,0 days 00:00:24.465174,32,0.14177272262068646,0.11472547850527531,,0.002038563986287562,2,160,128.0,,COMPLETE
20,62.06551246099601,2026-05-07 20:16:44.210823,2026-05-07 20:17:08.636255,0 days 00:00:24.425432,16,0.30692734204630895,0.3573915453645972,,0.050118103809641754,2,32,192.0,,COMPLETE
21,32.732675411928156,2026-05-07 20:17:08.636255,2026-05-07 20:17:48.659253,0 days 00:00:40.022998,16,0.2377363480557937,0.00029586363514175207,,0.0015594706956444724,2,96,128.0,,COMPLETE
22,32.08553253576174,2026-05-07 20:17:48.659253,2026-05-07 20:18:20.352596,0 days 00:00:31.693343,16,0.2245136718282714,0.001750432023720716,,0.003922103286555234,2,96,160.0,,COMPLETE
23,33.08145966399573,2026-05-07 20:18:20.355596,2026-05-07 20:18:54.563843,0 days 00:00:34.208247,16,0.2237715338249886,0.006512522749172296,0.3937845603446818,0.004102667652487311,3,128,96.0,64.0,COMPLETE
24,33.51725970274526,2026-05-07 20:18:54.563843,2026-05-07 20:19:30.971719,0 days 00:00:36.407876,16,0.2422573123699842,,,0.007303908205605023,1,96,,,COMPLETE
25,32.540950576819725,2026-05-07 20:19:30.972503,2026-05-07 20:20:05.852624,0 days 00:00:34.880121,16,0.3208534650941669,0.06961333227262705,,0.0033970120206270895,2,160,160.0,,COMPLETE
26,34.05648961158694,2026-05-07 20:20:05.852624,2026-05-07 20:20:33.021324,0 days 00:00:27.168700,16,0.3283837715812227,0.06883476523607082,,0.0037652734585044076,2,192,160.0,,COMPLETE
27,33.95223031644808,2026-05-07 20:20:33.021324,2026-05-07 20:21:09.820614,0 days 00:00:36.799290,16,0.43444448013521786,0.07839605303866337,0.0013317887321198096,0.008156379019580528,3,192,96.0,96.0,COMPLETE
28,35.08564557675658,2026-05-07 20:21:09.820753,2026-05-07 20:21:35.217633,0 days 00:00:25.396880,16,0.3866814907319029,,,0.015098402153211244,1,160,,,COMPLETE
29,35.74319267144168,2026-05-07 20:21:35.218634,2026-05-07 20:22:04.031296,0 days 00:00:28.812662,16,0.37403579865806247,0.21926522412162536,0.3290917980188012,0.0037317620238174697,3,128,224.0,128.0,COMPLETE
30,32.60783206147814,2026-05-07 20:22:04.032297,2026-05-07 20:22:35.092177,0 days 00:00:31.059880,16,0.17879992304697734,0.08743929454994673,,0.005827959468669314,2,32,160.0,,COMPLETE
31,32.657300864420904,2026-05-07 20:22:35.093178,2026-05-07 20:23:10.031877,0 days 00:00:34.938699,16,0.19644755665979918,0.09229530438106137,,0.00526110409062313,2,32,160.0,,COMPLETE
32,34.69133882963866,2026-05-07 20:23:10.031877,2026-05-07 20:23:36.978979,0 days 00:00:26.947102,16,0.2761304136408409,0.04421855544577563,,0.003255483074137983,2,32,160.0,,COMPLETE
33,33.92978755607309,2026-05-07 20:23:36.978979,2026-05-07 20:24:12.539508,0 days 00:00:35.560529,16,0.18297935482288086,0.17585604573303254,,0.0071511029414306595,2,64,224.0,,COMPLETE
34,33.734264846733346,2026-05-07 20:24:12.539508,2026-05-07 20:24:41.508686,0 days 00:00:28.969178,16,0.31947767039874136,0.10000326768190027,,0.004685950894964194,2,160,128.0,,COMPLETE
35,34.70698333525517,2026-05-07 20:24:41.508686,2026-05-07 20:25:06.262078,0 days 00:00:24.753392,16,0.26403970706355256,0.03837843182134812,,0.0023279357462790556,2,32,160.0,,COMPLETE
36,34.51592440210078,2026-05-07 20:25:06.263247,2026-05-07 20:25:26.643282,0 days 00:00:20.380035,64,0.1581077876228059,0.25247921948232,0.27502911112226264,0.005688945023456047,3,224,192.0,256.0,COMPLETE
37,33.115598600269735,2026-05-07 20:25:26.644344,2026-05-07 20:25:52.258651,0 days 00:00:25.614307,16,0.11330892725429731,,,0.00978647184976085,1,32,,,COMPLETE
38,33.226249978966315,2026-05-07 20:25:52.259633,2026-05-07 20:26:00.016026,0 days 00:00:07.756393,128,0.21072704306888865,,,0.006158752710631246,1,64,,,COMPLETE
39,34.96408459943908,2026-05-07 20:26:00.017085,2026-05-07 20:26:29.599703,0 days 00:00:29.582618,16,0.07439159025641368,0.003422655855350773,,0.016602214305559602,2,128,96.0,,COMPLETE
40,32.283126761108576,2026-05-07 20:26:29.599703,2026-05-07 20:26:41.597356,0 days 00:00:11.997653,64,0.2989888346759534,,,0.004462729871262805,1,192,,,COMPLETE
41,32.44810656249867,2026-05-07 20:26:41.597356,2026-05-07 20:26:54.789504,0 days 00:00:13.192148,64,0.2945271449257804,,,0.0045488699894840195,1,192,,,COMPLETE
42,32.46362986606764,2026-05-07 20:26:54.790965,2026-05-07 20:27:05.833178,0 days 00:00:11.042213,64,0.29688867913551276,,,0.004214939258401259,1,192,,,COMPLETE
43,31.745002242133495,2026-05-07 20:27:05.833178,2026-05-07 20:27:19.435718,0 days 00:00:13.602540,64,0.35346450827387743,,,0.00324183252843672,1,224,,,COMPLETE
44,32.096274452556415,2026-05-07 20:27:19.452511,2026-05-07 20:27:33.367937,0 days 00:00:13.915426,64,0.353272576549807,,,0.0045940703927526035,1,224,,,COMPLETE
45,32.16370585446864,2026-05-07 20:27:33.368938,2026-05-07 20:27:49.046756,0 days 00:00:15.677818,64,0.39711929606214225,,,0.0016958182447504193,1,224,,,COMPLETE
46,32.43020146167644,2026-05-07 20:27:49.047755,2026-05-07 20:28:02.151547,0 days 00:00:13.103792,64,0.40941859764516314,,,0.0017919823899032246,1,224,,,COMPLETE
47,32.114368969388075,2026-05-07 20:28:02.152397,2026-05-07 20:28:17.614760,0 days 00:00:15.462363,64,0.4945806819873932,,,0.001192079836290192,1,256,,,COMPLETE
48,31.75726030983654,2026-05-07 20:28:17.615670,2026-05-07 20:28:37.295799,0 days 00:00:19.680129,64,0.47622544817274176,,,0.001191612138188354,1,256,,,COMPLETE
49,31.94511791729999,2026-05-07 20:28:37.295799,2026-05-07 20:28:54.011290,0 days 00:00:16.715491,64,0.497164609047289,,,0.0011275561554149555,1,256,,,COMPLETE
50,32.1592559638101,2026-05-07 20:28:54.011290,2026-05-07 20:29:08.712148,0 days 00:00:14.700858,64,0.45676344377049877,,,0.0011714573615617479,1,256,,,COMPLETE
51,32.291505894865836,2026-05-07 20:29:08.712148,2026-05-07 20:29:24.875803,0 days 00:00:16.163655,64,0.48718562517693836,,,0.0010479517268675337,1,256,,,COMPLETE
52,31.65340086267098,2026-05-07 20:29:24.882031,2026-05-07 20:29:39.164285,0 days 00:00:14.282254,64,0.4943958233523592,,,0.00141995642920331,1,256,,,COMPLETE
53,32.461885343684756,2026-05-07 20:29:39.166548,2026-05-07 20:29:51.632774,0 days 00:00:12.466226,64,0.4633037118724035,,,0.002130054685439808,1,256,,,COMPLETE
54,32.178043918966836,2026-05-07 20:29:51.633760,2026-05-07 20:30:03.773261,0 days 00:00:12.139501,64,0.4634526362786036,,,0.0014144877111668115,1,224,,,COMPLETE
55,32.92496685879633,2026-05-07 20:30:03.774289,2026-05-07 20:30:18.101015,0 days 00:00:14.326726,64,0.43542582526095786,,,0.002744065784281771,1,256,,,COMPLETE
56,31.855104846272457,2026-05-07 20:30:18.101015,2026-05-07 20:30:34.210529,0 days 00:00:16.109514,64,0.49984734976076467,,,0.0013090674260714855,1,224,,,COMPLETE
57,32.368853935624614,2026-05-07 20:30:34.211530,2026-05-07 20:30:46.828718,0 days 00:00:12.617188,64,0.4793333262276991,,,0.001313016366276126,1,256,,,COMPLETE
58,32.27979371246152,2026-05-07 20:30:46.828718,2026-05-07 20:30:59.409611,0 days 00:00:12.580893,128,0.42101414166502793,,,0.0019069956102126177,1,224,,,COMPLETE
59,32.06012964159488,2026-05-07 20:30:59.410608,2026-05-07 20:31:15.649458,0 days 00:00:16.238850,64,0.4471405166021084,,,0.0015635019093140242,1,256,,,COMPLETE
60,32.012052995657896,2026-05-07 20:31:15.649458,2026-05-07 20:31:29.762914,0 days 00:00:14.113456,64,0.4964122076738262,,,0.0016428440043451508,1,256,,,COMPLETE
61,32.043924298361674,2026-05-07 20:31:29.762914,2026-05-07 20:31:47.467534,0 days 00:00:17.704620,64,0.49804567575022174,,,0.0015637711770638194,1,256,,,COMPLETE
62,32.39820984454612,2026-05-07 20:31:47.467855,2026-05-07 20:32:01.428108,0 days 00:00:13.960253,64,0.49602448175728103,,,0.001178117908788219,1,256,,,COMPLETE
63,32.12813849603363,2026-05-07 20:32:01.429108,2026-05-07 20:32:16.678962,0 days 00:00:15.249854,64,0.47362258884850134,,,0.0015227410278061725,1,224,,,COMPLETE
64,32.42858075680226,2026-05-07 20:32:16.679535,2026-05-07 20:32:32.218910,0 days 00:00:15.539375,64,0.4996263357973462,,,0.0010057243485266055,1,256,,,COMPLETE
65,32.27486844021712,2026-05-07 20:32:32.219631,2026-05-07 20:32:49.320783,0 days 00:00:17.101152,64,0.4774231999233598,,,0.0012969867871245877,1,224,,,COMPLETE
66,32.883119782519344,2026-05-07 20:32:49.321773,2026-05-07 20:33:03.309333,0 days 00:00:13.987560,32,0.45414744092375103,,,0.0023366212531856344,1,256,,,COMPLETE
67,32.75552729733791,2026-05-07 20:33:03.309333,2026-05-07 20:33:19.466014,0 days 00:00:16.156681,64,0.4167286527463245,,,0.0017091386309763736,1,256,,,COMPLETE
68,32.00010726798945,2026-05-07 20:33:19.466337,2026-05-07 20:33:32.237617,0 days 00:00:12.771280,64,0.436628176560928,,,0.0019918734512450204,1,224,,,COMPLETE
69,32.615022259199705,2026-05-07 20:33:32.237617,2026-05-07 20:33:57.072255,0 days 00:00:24.834638,64,0.44230391760331605,,,0.0019855465393000702,1,224,,,COMPLETE
70,32.477666923577445,2026-05-07 20:33:57.072255,2026-05-07 20:34:11.090746,0 days 00:00:14.018491,64,0.46896066165596495,,,0.002636407203726403,1,224,,,COMPLETE
71,32.50403619309431,2026-05-07 20:34:11.090746,2026-05-07 20:34:28.366065,0 days 00:00:17.275319,64,0.4804952177724308,,,0.0014621092412722496,1,256,,,COMPLETE
72,32.59446149308373,2026-05-07 20:34:28.366664,2026-05-07 20:34:46.422116,0 days 00:00:18.055452,64,0.4288958986439468,,,0.0013143105671135015,1,256,,,COMPLETE
73,31.970607969454967,2026-05-07 20:34:46.422116,2026-05-07 20:35:00.738677,0 days 00:00:14.316561,64,0.4870367369903817,,,0.002244648842393692,1,224,,,COMPLETE
74,32.33784425621762,2026-05-07 20:35:00.739681,2026-05-07 20:35:15.265485,0 days 00:00:14.525804,64,0.45410852264299867,,,0.0030134736619501982,1,224,,,COMPLETE
75,32.04906955059353,2026-05-07 20:35:15.266146,2026-05-07 20:35:28.575588,0 days 00:00:13.309442,128,0.4837040504606413,,,0.0022100691114574056,1,192,,,COMPLETE
76,32.06320773422051,2026-05-07 20:35:28.576595,2026-05-07 20:35:53.390591,0 days 00:00:24.813996,32,0.3933469364815198,,,0.0011215524664922333,1,224,,,COMPLETE
77,31.676547070515614,2026-05-07 20:35:53.390591,2026-05-07 20:36:09.332970,0 days 00:00:15.942379,64,0.40691289185857793,,,0.0019835778023179888,1,224,,,COMPLETE
78,32.516366466610236,2026-05-07 20:36:09.332970,2026-05-07 20:36:21.870478,0 days 00:00:12.537508,64,0.3544556555079493,,,0.0018582695534476678,1,192,,,COMPLETE
79,32.14434162634159,2026-05-07 20:36:21.871243,2026-05-07 20:36:33.994217,0 days 00:00:12.122974,64,0.40515683826135546,,,0.002487263141290546,1,224,,,COMPLETE
80,32.21995607031047,2026-05-07 20:36:34.001015,2026-05-07 20:36:47.710283,0 days 00:00:13.709268,64,0.3823961015461015,,,0.0031029447903522483,1,192,,,COMPLETE
81,32.756545734709356,2026-05-07 20:36:47.725908,2026-05-07 20:37:02.667072,0 days 00:00:14.941164,64,0.3723337995367261,,,0.0016684450264752323,1,224,,,COMPLETE
82,38.18116879622501,2026-05-07 20:37:02.672600,2026-05-07 20:37:13.933389,0 days 00:00:11.260789,64,0.4684686395900658,,,0.02992611835751038,1,224,,,COMPLETE
83,32.15694808356908,2026-05-07 20:37:13.933653,2026-05-07 20:37:27.356681,0 days 00:00:13.423028,64,0.4428593404321784,,,0.0020515961955892194,1,256,,,COMPLETE
84,32.223078990244915,2026-05-07 20:37:27.357148,2026-05-07 20:37:44.199946,0 days 00:00:16.842798,64,0.42505880423424847,,,0.0012708582386255446,1,224,,,COMPLETE
85,42.654282739550226,2026-05-07 20:37:44.200868,2026-05-07 20:37:58.052026,0 days 00:00:13.851158,64,0.48624437885396393,,,0.04335301828565424,1,256,,,COMPLETE
86,32.42234332604835,2026-05-07 20:37:58.053024,2026-05-07 20:38:09.896391,0 days 00:00:11.843367,64,0.45576471765100485,,,0.001424152021328203,1,256,,,COMPLETE
87,32.392327026170896,2026-05-07 20:38:09.896391,2026-05-07 20:38:23.277321,0 days 00:00:13.380930,64,0.4886895308615952,,,0.003545389608980507,1,224,,,COMPLETE
88,32.13699463390754,2026-05-07 20:38:23.277321,2026-05-07 20:38:36.947780,0 days 00:00:13.670459,128,0.46735773010313925,,,0.0010903013013183116,1,192,,,COMPLETE
89,31.954293222440175,2026-05-07 20:38:36.948794,2026-05-07 20:38:58.136461,0 days 00:00:21.187667,32,0.447125659104576,,,0.001775546622917132,1,224,,,COMPLETE
90,31.97805141233605,2026-05-07 20:38:58.137458,2026-05-07 20:39:17.114225,0 days 00:00:18.976767,32,0.4109476391843121,,,0.0019057726341119325,1,224,,,COMPLETE
91,32.38298805488848,2026-05-07 20:39:17.115218,2026-05-07 20:39:33.200885,0 days 00:00:16.085667,32,0.4130657476204211,,,0.0018712588415164188,1,224,,,COMPLETE
92,32.71967492388869,2026-05-07 20:39:33.200885,2026-05-07 20:39:49.060638,0 days 00:00:15.859753,32,0.4389778966073851,,,0.0022137293437341173,1,224,,,COMPLETE
93,33.022886736685166,2026-05-07 20:39:49.061743,2026-05-07 20:40:04.432349,0 days 00:00:15.370606,32,0.36500689062671454,,,0.002645006611853875,1,192,,,COMPLETE
94,32.08420407898438,2026-05-07 20:40:04.432349,2026-05-07 20:40:20.485734,0 days 00:00:16.053385,32,0.4010913151494366,,,0.0013904767536140194,1,224,,,COMPLETE
95,32.40851087176409,2026-05-07 20:40:20.485734,2026-05-07 20:40:37.850134,0 days 00:00:17.364400,32,0.34021336617187503,,,0.0017604409836630582,1,224,,,COMPLETE
96,31.80872016953278,2026-05-07 20:40:37.850134,2026-05-07 20:41:00.786443,0 days 00:00:22.936309,32,0.44874238725825805,,,0.001202951810422285,1,224,,,COMPLETE
97,32.24359914756665,2026-05-07 20:41:00.786663,2026-05-07 20:41:22.304944,0 days 00:00:21.518281,32,0.4583310409602152,,,0.0010320871434950632,1,192,,,COMPLETE
98,32.13267919284431,2026-05-07 20:41:22.304944,2026-05-07 20:41:44.200317,0 days 00:00:21.895373,32,0.44846260478131,,,0.0012373864067494475,1,224,,,COMPLETE
99,32.097097403831796,2026-05-07 20:41:44.200317,2026-05-07 20:42:02.376759,0 days 00:00:18.176442,32,0.4714659235246963,,,0.001526027924362753,1,256,,,COMPLETE
100,31.96195537104045,2026-05-07 20:42:02.377670,2026-05-07 20:42:22.013849,0 days 00:00:19.636179,32,0.47871921037745097,,,0.0011240772093430702,1,224,,,COMPLETE
101,32.06800702562173,2026-05-07 20:42:22.013849,2026-05-07 20:42:43.236826,0 days 00:00:21.222977,32,0.4768774576114657,,,0.0011582705027779134,1,224,,,COMPLETE
102,31.765517690998166,2026-05-07 20:42:43.237824,2026-05-07 20:43:00.825117,0 days 00:00:17.587293,32,0.4900514435042142,,,0.001372401043419127,1,224,,,COMPLETE
103,32.02712574526786,2026-05-07 20:43:00.825117,2026-05-07 20:43:20.760843,0 days 00:00:19.935726,32,0.48651761141549416,,,0.0013515539568677653,1,224,,,COMPLETE
104,31.821519257968117,2026-05-07 20:43:20.767643,2026-05-07 20:43:40.330750,0 days 00:00:19.563107,32,0.49939247809291487,,,0.0011551630927607423,1,256,,,COMPLETE
105,31.706708935563945,2026-05-07 20:43:40.330750,2026-05-07 20:44:04.166185,0 days 00:00:23.835435,32,0.4980473270564406,,,0.0011369387281624493,1,256,,,COMPLETE
106,31.98777277570977,2026-05-07 20:44:04.166185,2026-05-07 20:44:25.869889,0 days 00:00:21.703704,32,0.4946291026796152,,,0.001003332308338882,1,256,,,COMPLETE
107,32.26761152052335,2026-05-07 20:44:25.873585,2026-05-07 20:45:00.343315,0 days 00:00:34.469730,32,0.4645838615656413,,,0.0012302304159583386,1,256,,,COMPLETE
108,32.179106045756654,2026-05-07 20:45:00.343315,2026-05-07 20:45:36.127232,0 days 00:00:35.783917,32,0.49975792863546104,,,0.0014749073706901744,1,256,,,COMPLETE
109,32.56936762705278,2026-05-07 20:45:36.127232,2026-05-07 20:46:04.273066,0 days 00:00:28.145834,32,0.4269187211520548,,,0.0010979596104503436,1,256,,,COMPLETE
110,32.1087922035519,2026-05-07 20:46:04.274047,2026-05-07 20:46:25.348623,0 days 00:00:21.074576,32,0.45037766433306925,,,0.0015996198733298872,1,256,,,COMPLETE
111,32.16006059994897,2026-05-07 20:46:25.350366,2026-05-07 20:46:51.005879,0 days 00:00:25.655513,32,0.4744445089189559,,,0.0011660646289701655,1,256,,,COMPLETE
112,31.49671307990019,2026-05-07 20:46:51.005960,2026-05-07 20:47:20.443341,0 days 00:00:29.437381,32,0.479934305541862,,,0.0013307944173383318,1,256,,,COMPLETE
113,32.33469491767333,2026-05-07 20:47:20.445371,2026-05-07 20:47:50.159347,0 days 00:00:29.713976,32,0.4619207836315663,,,0.0013438403075356773,1,256,,,COMPLETE
114,31.904572413407443,2026-05-07 20:47:50.160302,2026-05-07 20:48:13.945950,0 days 00:00:23.785648,32,0.48877021302270385,,,0.001273324631910932,1,256,,,COMPLETE
115,32.32740862736558,2026-05-07 20:48:13.945950,2026-05-07 20:48:39.652458,0 days 00:00:25.706508,32,0.4880955662855551,,,0.0012589710796043882,1,256,,,COMPLETE
116,32.59164206819532,2026-05-07 20:48:39.653540,2026-05-07 20:49:06.168195,0 days 00:00:26.514655,32,0.4993191751895335,,,0.001497668044395723,1,256,,,COMPLETE
117,32.542041608082805,2026-05-07 20:49:06.168195,2026-05-07 20:49:24.033480,0 days 00:00:17.865285,128,0.47857895035306386,,,0.001388029920702421,1,256,,,COMPLETE
118,32.009018480631404,2026-05-07 20:49:24.033674,2026-05-07 20:49:49.220942,0 days 00:00:25.187268,32,0.4893238669268266,,,0.0010085857754892306,1,256,,,COMPLETE
119,32.57991350667716,2026-05-07 20:49:49.220942,2026-05-07 20:50:13.526881,0 days 00:00:24.305939,32,0.04820591117499415,,,0.0012280573306631525,1,256,,,COMPLETE
120,31.700121893532632,2026-05-07 20:50:13.526881,2026-05-07 20:50:35.525293,0 days 00:00:21.998412,32,0.4702608793807198,,,0.0011223704071614982,1,256,,,COMPLETE
121,31.756565760974468,2026-05-07 20:50:35.525293,2026-05-07 20:50:57.551405,0 days 00:00:22.026112,32,0.46819139971484763,,,0.0011257391612168263,1,256,,,COMPLETE
122,32.33938913748099,2026-05-07 20:50:57.552415,2026-05-07 20:51:21.782957,0 days 00:00:24.230542,32,0.46897445233136437,,,0.0011216160429214127,1,256,,,COMPLETE
123,32.50082226450804,2026-05-07 20:51:21.783476,2026-05-07 20:51:50.867526,0 days 00:00:29.084050,32,0.48042838929223897,,,0.0012983657854874092,1,256,,,COMPLETE
124,32.151488086159496,2026-05-07 20:51:50.868607,2026-05-07 20:52:10.970562,0 days 00:00:20.101955,32,0.4551540018847937,,,0.001649358086250764,1,256,,,COMPLETE
125,32.37334329901147,2026-05-07 20:52:10.971204,2026-05-07 20:52:32.711390,0 days 00:00:21.740186,32,0.4630318106151691,,,0.0014415821349832703,1,256,,,COMPLETE
126,32.49045685154018,2026-05-07 20:52:32.712019,2026-05-07 20:52:52.937990,0 days 00:00:20.225971,32,0.47275696072944406,,,0.001090620802188606,1,256,,,COMPLETE
127,32.27951733684885,2026-05-07 20:52:52.939531,2026-05-07 20:53:15.499713,0 days 00:00:22.560182,32,0.4881389510328967,,,0.0012169897145459714,1,256,,,COMPLETE
