number,value,datetime_start,datetime_complete,duration,params_batch_size,params_dropout_0,params_dropout_1,params_dropout_2,params_learning_rate,params_n_mlp_layers,params_units_0,params_units_1,params_units_2,state
0,63.84317505528669,2026-05-05 12:29:45.146091,2026-05-05 12:30:12.503361,0 days 00:00:27.357270,64,0.14420648477523507,0.4721848294517503,,0.23469721530634746,2,96,224.0,,COMPLETE
1,34.32999096252247,2026-05-05 12:30:12.504659,2026-05-05 12:30:32.048900,0 days 00:00:19.544241,128,0.19750379964763798,0.23721473030962842,0.44319643779413087,0.012227784968506777,3,256,192.0,128.0,COMPLETE
2,31.62590006065495,2026-05-05 12:30:32.050405,2026-05-05 12:30:47.569927,0 days 00:00:15.519522,32,0.3009055385756659,,,0.0037603544591693254,1,160,,,COMPLETE
3,32.02899113007637,2026-05-05 12:30:47.574867,2026-05-05 12:31:12.838271,0 days 00:00:25.263404,64,0.35422602293613314,0.1749470857126828,0.057002080409815525,0.0017475753424520204,3,160,128.0,160.0,COMPLETE
4,31.82242194839207,2026-05-05 12:31:12.838271,2026-05-05 12:31:58.304196,0 days 00:00:45.465925,16,0.3530827002155517,0.29116916107002694,0.20434256283812258,0.0017146058137096432,3,96,192.0,96.0,COMPLETE
5,32.5827204191272,2026-05-05 12:31:58.304196,2026-05-05 12:32:17.196378,0 days 00:00:18.892182,64,0.2191057795854343,0.02213761355438315,0.11294762355249965,0.00623848339616041,3,128,160.0,64.0,COMPLETE
6,31.590607446924956,2026-05-05 12:32:17.199381,2026-05-05 12:32:55.237874,0 days 00:00:38.038493,32,0.3451960727646255,0.4873013472969381,0.36759163130663597,0.0029360975240593818,3,128,96.0,128.0,COMPLETE
7,247.94896253387546,2026-05-05 12:32:55.239879,2026-05-05 12:33:38.563862,0 days 00:00:43.323983,64,0.02690435140869346,0.3216158861780698,0.28479348454020387,0.20533964231395122,3,96,224.0,192.0,COMPLETE
8,31.471345835306927,2026-05-05 12:33:38.564862,2026-05-05 12:33:52.744373,0 days 00:00:14.179511,64,0.416203538858834,,,0.0028425072310721933,1,224,,,COMPLETE
9,32.11603768499335,2026-05-05 12:33:52.746601,2026-05-05 12:34:10.677106,0 days 00:00:17.930505,64,0.3064030992252488,0.04070937788912088,0.46053257710231443,0.0018708091289759725,3,32,32.0,128.0,COMPLETE
10,32.73287413653681,2026-05-05 12:34:10.677106,2026-05-05 12:34:21.930218,0 days 00:00:11.253112,128,0.49372555153408615,,,0.04840512541239019,1,256,,,COMPLETE
11,43.02650217495396,2026-05-05 12:34:21.931897,2026-05-05 12:34:40.451876,0 days 00:00:18.519979,32,0.4635585793898275,0.49513047475747274,,0.02873678720496161,2,192,64.0,,COMPLETE
12,33.07328750857084,2026-05-05 12:34:40.452876,2026-05-05 12:34:57.110498,0 days 00:00:16.657622,32,0.410545029113064,,,0.0062033731796002954,1,224,,,COMPLETE
13,31.759408548937586,2026-05-05 12:34:57.111063,2026-05-05 12:35:35.214976,0 days 00:00:38.103913,16,0.3999379518319094,0.3765030375945116,,0.0010150236837994007,2,192,96.0,,COMPLETE
14,31.654124323556506,2026-05-05 12:35:35.216139,2026-05-05 12:35:54.786733,0 days 00:00:19.570594,32,0.4279774991211741,,,0.004161261385964488,1,32,,,COMPLETE
15,32.552601060205845,2026-05-05 12:35:54.786733,2026-05-05 12:36:18.465110,0 days 00:00:23.678377,32,0.2829147118487404,0.4025329931077391,,0.010989320925222146,2,192,96.0,,COMPLETE
16,53.00938027260545,2026-05-05 12:36:18.466105,2026-05-05 12:36:50.391892,0 days 00:00:31.925787,16,0.35535602480029355,0.14434353890257823,,0.06879154143081445,2,128,32.0,,COMPLETE
17,31.201537234876366,2026-05-05 12:36:50.391892,2026-05-05 12:37:01.419129,0 days 00:00:11.027237,128,0.14340802769551408,,,0.0032546283627804423,1,224,,,COMPLETE
18,31.504260381124148,2026-05-05 12:37:01.423091,2026-05-05 12:37:13.203752,0 days 00:00:11.780661,128,0.07870298554275594,,,0.0010063336305500391,1,224,,,COMPLETE
19,31.9317380619417,2026-05-05 12:37:13.204156,2026-05-05 12:37:21.240739,0 days 00:00:08.036583,128,0.13741186350882428,,,0.022297628234975456,1,224,,,COMPLETE
20,31.36525759559391,2026-05-05 12:37:21.241745,2026-05-05 12:37:36.190948,0 days 00:00:14.949203,128,0.1479518606664199,,,0.007533334382521944,1,256,,,COMPLETE
21,31.688177251285225,2026-05-05 12:37:36.190948,2026-05-05 12:37:45.436850,0 days 00:00:09.245902,128,0.14161985689397452,,,0.007559037438023737,1,256,,,COMPLETE
22,30.976447411937716,2026-05-05 12:37:45.436850,2026-05-05 12:37:57.329039,0 days 00:00:11.892189,128,0.08298737194303507,,,0.003438878365966116,1,224,,,COMPLETE
23,31.524679864059017,2026-05-05 12:37:57.331237,2026-05-05 12:38:08.026287,0 days 00:00:10.695050,128,0.08085627680243801,,,0.005364817360803091,1,256,,,COMPLETE
24,31.55263360252706,2026-05-05 12:38:08.028212,2026-05-05 12:38:17.944626,0 days 00:00:09.916414,128,0.008575936797249079,,,0.011621902570614663,1,192,,,COMPLETE
25,31.637516610162255,2026-05-05 12:38:17.944626,2026-05-05 12:38:32.864539,0 days 00:00:14.919913,128,0.07723604211994922,0.10029584329521987,,0.0025256571368137653,2,224,256.0,,COMPLETE
26,31.45542229999208,2026-05-05 12:38:32.864539,2026-05-05 12:38:42.916661,0 days 00:00:10.052122,128,0.17678483881446738,,,0.00790419519238747,1,256,,,COMPLETE
27,32.23579124901288,2026-05-05 12:38:42.916661,2026-05-05 12:38:53.241355,0 days 00:00:10.324694,128,0.24153973343303037,,,0.017097169214523533,1,224,,,COMPLETE
28,31.66823262336596,2026-05-05 12:38:53.242353,2026-05-05 12:39:08.564643,0 days 00:00:15.322290,128,0.10029699947098009,0.21536631086543345,,0.003618051590977183,2,160,256.0,,COMPLETE
29,31.750514433694196,2026-05-05 12:39:08.565642,2026-05-05 12:39:22.551569,0 days 00:00:13.985927,128,0.17769028243630172,0.09433335137475118,,0.004829087316050386,2,192,160.0,,COMPLETE
30,30.955434874536955,2026-05-05 12:39:22.551569,2026-05-05 12:39:32.099240,0 days 00:00:09.547671,128,0.04263340371997949,,,0.0021082814739512555,1,64,,,COMPLETE
31,31.005430099410177,2026-05-05 12:39:32.101241,2026-05-05 12:39:43.649261,0 days 00:00:11.548020,128,0.04142099171528655,,,0.002061525315718821,1,64,,,COMPLETE
32,31.358295748242988,2026-05-05 12:39:43.649261,2026-05-05 12:39:55.131308,0 days 00:00:11.482047,128,0.03632212911617323,,,0.0015475781018485701,1,64,,,COMPLETE
33,31.09354788222951,2026-05-05 12:39:55.131308,2026-05-05 12:40:05.536806,0 days 00:00:10.405498,128,0.03592070050163764,,,0.002285814152619633,1,64,,,COMPLETE
34,31.268695562695058,2026-05-05 12:40:05.536806,2026-05-05 12:40:17.254266,0 days 00:00:11.717460,128,0.0011939224419540428,,,0.0022291943453990105,1,64,,,COMPLETE
35,31.430597825386815,2026-05-05 12:40:17.255270,2026-05-05 12:40:28.157578,0 days 00:00:10.902308,128,0.04758300790648837,,,0.0014715068055729695,1,64,,,COMPLETE
36,31.44190177646958,2026-05-05 12:40:28.157578,2026-05-05 12:41:03.088045,0 days 00:00:34.930467,16,0.1016314557894453,,,0.0012312627273547271,1,96,,,COMPLETE
37,31.483315279785113,2026-05-05 12:41:03.088045,2026-05-05 12:41:13.438266,0 days 00:00:10.350221,128,0.05251408973989785,,,0.0019098306972175987,1,64,,,COMPLETE
38,31.58565612679965,2026-05-05 12:41:13.439266,2026-05-05 12:41:26.675675,0 days 00:00:13.236409,128,0.11444219529572733,0.38689389281876085,,0.002570674153189526,2,32,128.0,,COMPLETE
39,37.706062913804836,2026-05-05 12:41:26.675675,2026-05-05 12:41:55.311390,0 days 00:00:28.635715,16,0.05981684108205274,,,0.2699123711469146,1,96,,,COMPLETE
40,30.838943435617246,2026-05-05 12:41:55.312303,2026-05-05 12:42:09.154007,0 days 00:00:13.841704,64,0.01222750587811024,,,0.004119689481687429,1,64,,,COMPLETE
41,31.604798130749607,2026-05-05 12:42:09.157008,2026-05-05 12:42:24.962683,0 days 00:00:15.805675,64,0.022952674147112606,,,0.0035388049389528157,1,64,,,COMPLETE
42,31.356885237995375,2026-05-05 12:42:24.962683,2026-05-05 12:42:36.576886,0 days 00:00:11.614203,64,0.0009437618637215418,,,0.0021006370660979663,1,32,,,COMPLETE
43,30.98878020818217,2026-05-05 12:42:36.577886,2026-05-05 12:42:49.431774,0 days 00:00:12.853888,64,0.03848422353924483,,,0.0014672880775842617,1,128,,,COMPLETE
44,31.521472005311914,2026-05-05 12:42:49.431774,2026-05-05 12:43:01.916239,0 days 00:00:12.484465,64,0.06518328942600175,,,0.001287725916875281,1,128,,,COMPLETE
45,31.120353812148842,2026-05-05 12:43:01.917232,2026-05-05 12:43:15.553738,0 days 00:00:13.636506,64,0.1018608370212518,,,0.0046365013244409545,1,96,,,COMPLETE
46,33.15172045330324,2026-05-05 12:43:15.553738,2026-05-05 12:43:26.087700,0 days 00:00:10.533962,64,0.0379804680513815,,,0.1632457201571849,1,160,,,COMPLETE
47,31.485592879996585,2026-05-05 12:43:26.088699,2026-05-05 12:43:39.210906,0 days 00:00:13.122207,64,0.020913026867502505,,,0.0017846509424015453,1,128,,,COMPLETE
48,31.275744537228952,2026-05-05 12:43:39.211919,2026-05-05 12:43:56.634362,0 days 00:00:17.422443,64,0.12199957432164263,0.3072123832276024,,0.0030757639062459928,2,96,64.0,,COMPLETE
49,32.2346026907045,2026-05-05 12:43:56.635351,2026-05-05 12:44:14.451083,0 days 00:00:17.815732,64,0.0816066329191319,,,0.0014033600498378016,1,32,,,COMPLETE
50,31.08820146784094,2026-05-05 12:44:14.452083,2026-05-05 12:44:26.369925,0 days 00:00:11.917842,64,0.05980338069121502,,,0.004221547499805391,1,96,,,COMPLETE
51,31.19653040424061,2026-05-05 12:44:26.369925,2026-05-05 12:44:38.636392,0 days 00:00:12.266467,64,0.051400402490508354,,,0.004065820898054841,1,96,,,COMPLETE
52,31.21725136366435,2026-05-05 12:44:38.636392,2026-05-05 12:44:50.511464,0 days 00:00:11.875072,64,0.020297741712026696,,,0.00598971337597774,1,128,,,COMPLETE
53,31.137839590512556,2026-05-05 12:44:50.512464,2026-05-05 12:45:05.398587,0 days 00:00:14.886123,64,0.06976764111592643,,,0.002789279445780034,1,96,,,COMPLETE
54,31.08447823848757,2026-05-05 12:45:05.398990,2026-05-05 12:45:26.701349,0 days 00:00:21.302359,32,0.09745338095653244,,,0.0011530270144991647,1,64,,,COMPLETE
55,31.08747845600908,2026-05-05 12:45:26.701349,2026-05-05 12:45:50.758921,0 days 00:00:24.057572,32,0.1642181579651915,,,0.0011409998488973985,1,64,,,COMPLETE
56,31.86365310686143,2026-05-05 12:45:50.758921,2026-05-05 12:46:13.243245,0 days 00:00:22.484324,32,0.0956667260253432,,,0.0016390672969623368,1,32,,,COMPLETE
57,31.0617122410374,2026-05-05 12:46:13.243245,2026-05-05 12:46:35.217743,0 days 00:00:21.974498,32,0.12474203252752054,,,0.001030759325196564,1,64,,,COMPLETE
58,31.961273681902952,2026-05-05 12:46:35.218554,2026-05-05 12:46:58.770228,0 days 00:00:23.551674,32,0.12402760956263713,1.8560825904373468e-05,0.18430468525303412,0.0019314512970166208,3,64,192.0,256.0,COMPLETE
59,35.53065922116508,2026-05-05 12:46:58.771200,2026-05-05 12:47:14.064939,0 days 00:00:15.293739,32,0.20675464925855602,0.42549431700274887,,0.04355402689175935,2,32,64.0,,COMPLETE
60,31.277199585316833,2026-05-05 12:47:14.065525,2026-05-05 12:47:41.514014,0 days 00:00:27.448489,16,0.01754399162005165,,,0.0029505996905070876,1,160,,,COMPLETE
61,31.16029463392983,2026-05-05 12:47:41.514014,2026-05-05 12:48:03.009295,0 days 00:00:21.495281,32,0.08297253949408409,,,0.001049543063019709,1,64,,,COMPLETE
62,30.990622708293593,2026-05-05 12:48:03.010296,2026-05-05 12:48:27.561124,0 days 00:00:24.550828,32,0.28465286293127784,,,0.0013238445287422867,1,64,,,COMPLETE
63,31.256701979262452,2026-05-05 12:48:27.562125,2026-05-05 12:48:49.848942,0 days 00:00:22.286817,32,0.2920957836862609,,,0.0014218082704628484,1,64,,,COMPLETE
64,31.785847403144288,2026-05-05 12:48:49.848942,2026-05-05 12:49:11.459356,0 days 00:00:21.610414,32,0.31998927044195813,,,0.0016591478917475973,1,32,,,COMPLETE
65,31.198548870272607,2026-05-05 12:49:11.459356,2026-05-05 12:49:27.423244,0 days 00:00:15.963888,32,0.33430595723778955,,,0.0022357924810777704,1,96,,,COMPLETE
66,31.547507809448632,2026-05-05 12:49:27.425209,2026-05-05 12:49:37.480400,0 days 00:00:10.055191,128,0.22695677341015552,,,0.0025408717721832163,1,64,,,COMPLETE
67,31.316945021927733,2026-05-05 12:49:37.481399,2026-05-05 12:50:02.198408,0 days 00:00:24.717009,32,0.28118108061772357,,,0.0013156749118222446,1,32,,,COMPLETE
68,31.682723054459398,2026-05-05 12:50:02.199409,2026-05-05 12:50:11.768051,0 days 00:00:09.568642,128,0.04244163331978911,,,0.009369295854671904,1,64,,,COMPLETE
69,30.829546306509332,2026-05-05 12:50:11.769138,2026-05-05 12:50:22.557404,0 days 00:00:10.788266,128,0.026762165930874465,,,0.0018453391702585927,1,128,,,COMPLETE
70,31.210242286536364,2026-05-05 12:50:22.559264,2026-05-05 12:50:32.671504,0 days 00:00:10.112240,128,0.2571843504178104,,,0.003607238107662796,1,160,,,COMPLETE
71,31.219652763320532,2026-05-05 12:50:32.671504,2026-05-05 12:50:45.194025,0 days 00:00:12.522521,128,0.385731682568523,,,0.0018627288936842795,1,128,,,COMPLETE
72,31.171606824912875,2026-05-05 12:50:45.195126,2026-05-05 12:50:56.853047,0 days 00:00:11.657921,128,0.033962043062185684,,,0.0010044669884166112,1,128,,,COMPLETE
73,31.724135244230173,2026-05-05 12:50:56.853047,2026-05-05 12:51:06.583967,0 days 00:00:09.730920,128,0.2669697249419605,,,0.0015414147061355741,1,128,,,COMPLETE
74,31.096900818624857,2026-05-05 12:51:06.584956,2026-05-05 12:51:17.675836,0 days 00:00:11.090880,128,0.008943106539738871,,,0.0022010527776966803,1,64,,,COMPLETE
75,31.29023978063335,2026-05-05 12:51:17.676837,2026-05-05 12:51:51.534072,0 days 00:00:33.857235,16,0.029642552468562098,,,0.0012642497490503984,1,160,,,COMPLETE
76,31.752529414361806,2026-05-05 12:51:51.535071,2026-05-05 12:51:59.087102,0 days 00:00:07.552031,128,0.04922697429338804,,,0.016629433760831577,1,64,,,COMPLETE
77,32.05473485093419,2026-05-05 12:51:59.088109,2026-05-05 12:52:15.794509,0 days 00:00:16.706400,32,0.06777936815765137,,,0.0025007329687514617,1,96,,,COMPLETE
78,31.64389589474507,2026-05-05 12:52:15.794509,2026-05-05 12:52:26.448846,0 days 00:00:10.654337,128,0.012747203950339833,,,0.00334706678448382,1,192,,,COMPLETE
79,31.40193531451187,2026-05-05 12:52:26.448846,2026-05-05 12:52:40.789706,0 days 00:00:14.340860,128,0.08938384944427766,0.1911680945624288,0.0011486215515242593,0.0019049139822497367,3,96,224.0,32.0,COMPLETE
80,31.118289613098476,2026-05-05 12:52:40.789706,2026-05-05 12:52:53.376382,0 days 00:00:12.586676,64,0.05695052136474217,,,0.005048694950378148,1,96,,,COMPLETE
81,31.242468488520597,2026-05-05 12:52:53.376382,2026-05-05 12:53:18.168122,0 days 00:00:24.791740,32,0.10918855659960405,,,0.0016276963415819184,1,64,,,COMPLETE
82,31.44740987187769,2026-05-05 12:53:18.169166,2026-05-05 12:53:34.360160,0 days 00:00:16.190994,32,0.07166461397355092,,,0.0010609236415598208,1,64,,,COMPLETE
83,31.353173146077513,2026-05-05 12:53:34.361376,2026-05-05 12:53:53.391467,0 days 00:00:19.030091,32,0.13019364063289698,,,0.0012338430212409076,1,64,,,COMPLETE
84,31.5796366465403,2026-05-05 12:53:53.391878,2026-05-05 12:54:13.964973,0 days 00:00:20.573095,32,0.15475138779510628,,,0.0014788695501303422,1,32,,,COMPLETE
85,31.049995780776406,2026-05-05 12:54:13.966073,2026-05-05 12:54:41.886925,0 days 00:00:27.920852,32,0.03231710800985117,,,0.0019924288255294565,1,64,,,COMPLETE
86,34.143886368585854,2026-05-05 12:54:41.887732,2026-05-05 12:54:53.817342,0 days 00:00:11.929610,128,0.02967554606076089,,,0.002040549651863623,1,64,,,COMPLETE
87,31.278009662422924,2026-05-05 12:54:53.818340,2026-05-05 12:55:05.049205,0 days 00:00:11.230865,64,0.04378688581971955,,,0.002939146050002065,1,96,,,COMPLETE
88,31.19866841615155,2026-05-05 12:55:05.049554,2026-05-05 12:55:35.887376,0 days 00:00:30.837822,16,0.003689822386394849,,,0.001702129305716598,1,128,,,COMPLETE
89,30.783651334805818,2026-05-05 12:55:35.887376,2026-05-05 12:56:00.214879,0 days 00:00:24.327503,32,0.025430801736414325,,,0.0024548789696164893,1,32,,,COMPLETE
90,33.084623357872246,2026-05-05 12:56:00.216886,2026-05-05 12:56:10.779604,0 days 00:00:10.562718,128,0.023021495907493528,,,0.0023966151382969047,1,32,,,COMPLETE
91,31.323019919821284,2026-05-05 12:56:10.780616,2026-05-05 12:56:28.819683,0 days 00:00:18.039067,32,0.0368791430625421,,,0.0028658641439239926,1,32,,,COMPLETE
92,31.47840862784317,2026-05-05 12:56:28.819683,2026-05-05 12:56:45.776653,0 days 00:00:16.956970,32,0.014948220015885638,,,0.004309695147655266,1,32,,,COMPLETE
93,31.34343647729735,2026-05-05 12:56:45.777658,2026-05-05 12:57:01.842335,0 days 00:00:16.064677,32,0.058641330622678046,,,0.0020170913627667324,1,64,,,COMPLETE
94,31.292323131308706,2026-05-05 12:57:01.843741,2026-05-05 12:57:19.891068,0 days 00:00:18.047327,32,0.04665991081544289,,,0.00136356070550107,1,64,,,COMPLETE
95,31.809495326043987,2026-05-05 12:57:19.891976,2026-05-05 12:57:29.925912,0 days 00:00:10.033936,64,0.02719989953902862,,,0.1092080734954806,1,32,,,COMPLETE
96,31.270794319237325,2026-05-05 12:57:29.925912,2026-05-05 12:57:49.557051,0 days 00:00:19.631139,32,0.0007086355928770868,,,0.0032594628565278333,1,64,,,COMPLETE
97,31.77649570112314,2026-05-05 12:57:49.557051,2026-05-05 12:57:59.400114,0 days 00:00:09.843063,128,0.077218751587769,,,0.002555858951325134,1,96,,,COMPLETE
98,31.39174484705736,2026-05-05 12:57:59.401122,2026-05-05 12:58:14.273307,0 days 00:00:14.872185,64,0.06576452857259099,,,0.0038408203330244214,1,224,,,COMPLETE
99,32.38289986859174,2026-05-05 12:58:14.273307,2026-05-05 12:58:31.164132,0 days 00:00:16.890825,32,0.04994084469295445,,,0.005801457866111405,1,160,,,COMPLETE
100,31.6990139090061,2026-05-05 12:58:31.164132,2026-05-05 12:58:43.825878,0 days 00:00:12.661746,128,0.4976186393165567,,,0.001779302145168416,1,64,,,COMPLETE
101,31.185496489158435,2026-05-05 12:58:43.826880,2026-05-05 12:59:01.904748,0 days 00:00:18.077868,32,0.09468066364310004,,,0.0011287178460324652,1,64,,,COMPLETE
102,30.877590991145997,2026-05-05 12:59:01.904748,2026-05-05 12:59:21.877396,0 days 00:00:19.972648,32,0.30546399232886384,,,0.0011803004459471909,1,64,,,COMPLETE
103,31.394800740160843,2026-05-05 12:59:21.877396,2026-05-05 12:59:50.473352,0 days 00:00:28.595956,32,0.3233560826527915,,,0.001386141814513692,1,64,,,COMPLETE
104,31.539437674913245,2026-05-05 12:59:50.473776,2026-05-05 13:00:09.272041,0 days 00:00:18.798265,32,0.2946534742040243,,,0.0022600069164339736,1,32,,,COMPLETE
105,31.47944021438122,2026-05-05 13:00:09.272041,2026-05-05 13:00:29.769931,0 days 00:00:20.497890,32,0.36319703842266504,,,0.0011523859854750606,1,128,,,COMPLETE
106,31.31476524961579,2026-05-05 13:00:29.770375,2026-05-05 13:00:51.816830,0 days 00:00:22.046455,32,0.31507967773975776,,,0.0014968015361242312,1,64,,,COMPLETE
107,31.41245062802492,2026-05-05 13:00:51.817828,2026-05-05 13:01:05.492978,0 days 00:00:13.675150,64,0.28097418664426127,,,0.0017765268658120963,1,96,,,COMPLETE
108,31.237763680858684,2026-05-05 13:01:05.494282,2026-05-05 13:01:16.608638,0 days 00:00:11.114356,128,0.30723770744770823,,,0.0020096869209041295,1,192,,,COMPLETE
109,31.922599782642674,2026-05-05 13:01:16.608638,2026-05-05 13:01:49.043446,0 days 00:00:32.434808,16,0.012760820012965614,,,0.030006447863241314,1,64,,,COMPLETE
110,31.70034057440081,2026-05-05 13:01:49.043446,2026-05-05 13:02:09.794736,0 days 00:00:20.751290,32,0.24497002781718977,0.2693134733740906,,0.0026861808832238337,2,256,128.0,,COMPLETE
111,31.213388841908493,2026-05-05 13:02:09.794736,2026-05-05 13:02:28.188904,0 days 00:00:18.394168,32,0.08683454442750156,,,0.0011870749324278814,1,64,,,COMPLETE
112,31.048479632301348,2026-05-05 13:02:28.190905,2026-05-05 13:02:47.380982,0 days 00:00:19.190077,32,0.03676194886739078,,,0.0016084105634364004,1,64,,,COMPLETE
113,31.12386420929546,2026-05-05 13:02:47.381981,2026-05-05 13:03:07.316574,0 days 00:00:19.934593,32,0.03776210490616652,,,0.001538492482008631,1,64,,,COMPLETE
114,31.309544732572583,2026-05-05 13:03:07.316574,2026-05-05 13:03:32.708906,0 days 00:00:25.392332,32,0.26967434688492137,,,0.0012998109624642097,1,32,,,COMPLETE
115,31.33627807289194,2026-05-05 13:03:32.709907,2026-05-05 13:03:44.822156,0 days 00:00:12.112249,128,0.0263673964688445,,,0.002239943200992718,1,64,,,COMPLETE
116,31.632634925877625,2026-05-05 13:03:44.822666,2026-05-05 13:04:03.492035,0 days 00:00:18.669369,32,0.05844282379836935,,,0.0015899785247099737,1,96,,,COMPLETE
117,31.334449810853933,2026-05-05 13:04:03.492035,2026-05-05 13:04:16.218257,0 days 00:00:12.726222,64,0.233557790022463,,,0.0018535671446324102,1,64,,,COMPLETE
118,31.269882440773678,2026-05-05 13:04:16.218257,2026-05-05 13:04:24.643811,0 days 00:00:08.425554,128,0.01946999320124153,,,0.0013876359810704845,1,64,,,COMPLETE
119,31.4089428478296,2026-05-05 13:04:24.643811,2026-05-05 13:04:44.533087,0 days 00:00:19.889276,32,0.45824509334107644,,,0.001006642602654147,1,128,,,COMPLETE
120,31.1473715646174,2026-05-05 13:04:44.534085,2026-05-05 13:05:12.745997,0 days 00:00:28.211912,32,0.042273249694165745,,,0.002132360694558702,1,96,,,COMPLETE
121,30.88635541267026,2026-05-05 13:05:12.746425,2026-05-05 13:05:33.223091,0 days 00:00:20.476666,32,0.07147946440765898,,,0.001172603239480823,1,64,,,COMPLETE
122,31.412837964986913,2026-05-05 13:05:33.223091,2026-05-05 13:05:56.272730,0 days 00:00:23.049639,32,0.03457146047684078,,,0.0012581226426822253,1,64,,,COMPLETE
123,31.60518938261297,2026-05-05 13:05:56.273727,2026-05-05 13:06:16.252390,0 days 00:00:19.978663,32,0.07160110337597503,,,0.0016704189940842501,1,64,,,COMPLETE
124,31.332826690159106,2026-05-05 13:06:16.252390,2026-05-05 13:06:39.116719,0 days 00:00:22.864329,32,0.05230932646523967,,,0.014229626987036777,1,64,,,COMPLETE
125,31.58327583439842,2026-05-05 13:06:39.116719,2026-05-05 13:06:47.539781,0 days 00:00:08.423062,128,0.011652434974038684,,,0.006982800577154186,1,32,,,COMPLETE
126,31.191520531937563,2026-05-05 13:06:47.540777,2026-05-05 13:07:00.492629,0 days 00:00:12.951852,64,0.1107964349043576,,,0.0014696285610293098,1,64,,,COMPLETE
127,31.47349787974659,2026-05-05 13:07:00.492629,2026-05-05 13:07:21.635556,0 days 00:00:21.142927,32,0.02404727093796469,,,0.0011329867929595777,1,64,,,COMPLETE
128,31.582136264892988,2026-05-05 13:07:21.635556,2026-05-05 13:07:41.134563,0 days 00:00:19.499007,32,0.3427774218094865,,,0.0032108287267242352,1,32,,,COMPLETE
