number,value,datetime_start,datetime_complete,duration,params_colsample_bytree,params_huber_slope,params_learning_rate,params_max_depth,params_min_child_weight,params_n_estimators,state
248,35.583275668377546,2026-04-29 13:00:01.328109,2026-04-29 13:00:04.234616,0 days 00:00:02.906507,0.8254064771666455,59.48649584355787,0.01519320811438514,10,35,300,COMPLETE
249,67.12369188703019,2026-04-29 13:00:04.234616,2026-04-29 13:00:06.614720,0 days 00:00:02.380104,0.823352552198877,13.575185858024412,0.016407268951230874,10,30,400,COMPLETE
250,35.856781535788926,2026-04-29 13:00:06.614720,2026-04-29 13:00:10.180798,0 days 00:00:03.566078,0.843173095245561,56.77371283762316,0.010172235671301481,10,31,300,COMPLETE
