number,value,datetime_start,datetime_complete,duration,params_colsample_bytree,params_huber_slope,params_learning_rate,params_max_depth,params_min_child_weight,params_n_estimators,state
369,35.92513599279026,2026-05-08 23:39:41.232424,2026-05-08 23:40:16.952569,0 days 00:00:35.720145,0.969713731066347,81.49880197956726,0.003234377940299837,10,41,1500,COMPLETE
370,35.759866272953005,2026-05-08 23:40:16.952569,2026-05-08 23:40:49.334219,0 days 00:00:32.381650,0.9362816090551991,86.20665989493975,0.003701351014130108,10,44,1500,COMPLETE
371,35.759987007338374,2026-05-08 23:40:49.334219,2026-05-08 23:41:21.708254,0 days 00:00:32.374035,0.9597962719253004,83.11151274257578,0.0034735283860536903,10,47,1500,COMPLETE
372,35.90855641402361,2026-05-08 23:41:21.708254,2026-05-08 23:41:57.428926,0 days 00:00:35.720672,0.9518091994338912,83.48720677300796,0.002564139587074556,10,51,1500,COMPLETE
373,35.82572248161175,2026-05-08 23:41:57.428926,2026-05-08 23:42:33.723477,0 days 00:00:36.294551,0.9670468305183038,90.35612090234503,0.0030598158306684017,10,44,1500,COMPLETE
374,35.786695066106404,2026-05-08 23:42:33.723477,2026-05-08 23:43:03.579710,0 days 00:00:29.856233,0.9384404630478733,80.06502042060276,0.003573514803763137,10,52,1500,COMPLETE
375,35.78997722309288,2026-05-08 23:43:03.579710,2026-05-08 23:43:34.763955,0 days 00:00:31.184245,0.9763537370777527,86.23241185371724,0.003971100036963728,10,48,1500,COMPLETE
376,35.94211445717694,2026-05-08 23:43:34.763955,2026-05-08 23:44:28.875787,0 days 00:00:54.111832,0.9455047586895536,91.91146181241635,0.002807107368803786,10,18,1500,COMPLETE
377,35.72206846931503,2026-05-08 23:44:28.875787,2026-05-08 23:45:01.961058,0 days 00:00:33.085271,0.959086408466187,89.11868053685245,0.0032830817593953476,10,50,1500,COMPLETE
378,35.75276978305005,2026-05-08 23:45:01.961058,2026-05-08 23:45:35.420379,0 days 00:00:33.459321,0.9557624536385726,88.13927960934377,0.003267931152873537,10,49,1500,COMPLETE
379,35.771911748664785,2026-05-08 23:45:35.420379,2026-05-08 23:46:09.341292,0 days 00:00:33.920913,0.9359073593010959,84.30754451307224,0.003146290835473508,10,46,1500,COMPLETE
380,35.92069557801608,2026-05-08 23:46:09.341292,2026-05-08 23:46:44.023937,0 days 00:00:34.682645,0.9516186096442542,87.91831200366067,0.0036213414650200886,10,40,1500,COMPLETE
381,38.2181928182181,2026-05-08 23:46:44.023937,2026-05-08 23:47:01.577840,0 days 00:00:17.553903,0.9641634080261942,90.86778015171308,0.045669613553208296,10,50,1500,COMPLETE
382,35.86519844988017,2026-05-08 23:47:01.577840,2026-05-08 23:47:35.768206,0 days 00:00:34.190366,0.9400061373244153,86.79344781118394,0.0028242536688702826,10,52,1500,COMPLETE
383,35.934909119363894,2026-05-08 23:47:35.768206,2026-05-08 23:47:58.753922,0 days 00:00:22.985716,0.9321205775502398,27.332124277320624,0.003995646260209811,10,38,1500,COMPLETE
384,35.93294572659514,2026-05-08 23:47:58.753922,2026-05-08 23:48:23.580594,0 days 00:00:24.826672,0.9472013839486919,40.22399416521251,0.003390518994015936,10,47,1500,COMPLETE
385,35.969050530866284,2026-05-08 23:48:23.580594,2026-05-08 23:48:54.630343,0 days 00:00:31.049749,0.9619845026499085,49.67586468363745,0.0024530703065558388,10,43,1400,COMPLETE
386,35.71617699243066,2026-05-08 23:48:54.630343,2026-05-08 23:49:25.478694,0 days 00:00:30.848351,0.9269121715063233,84.21835541845716,0.0036504457979302184,10,50,1500,COMPLETE
387,35.80523238137598,2026-05-08 23:49:25.478694,2026-05-08 23:49:57.056806,0 days 00:00:31.578112,0.9269193778653225,81.06521588939412,0.0031428896278362407,10,49,1400,COMPLETE
388,35.75091990242648,2026-05-08 23:49:57.056806,2026-05-08 23:50:26.782119,0 days 00:00:29.725313,0.8903928301440266,84.0377609288903,0.004047080930089672,10,47,1500,COMPLETE
389,35.78124958469466,2026-05-08 23:50:26.782119,2026-05-08 23:50:56.484685,0 days 00:00:29.702566,0.9272054615819701,83.35937395958398,0.0036120540474679956,10,53,1500,COMPLETE
390,35.86823816584244,2026-05-08 23:50:56.484685,2026-05-08 23:51:30.427595,0 days 00:00:33.942910,0.9569687939749686,89.05136418854671,0.0027949074064533962,10,50,1400,COMPLETE
391,35.7362488837755,2026-05-08 23:51:30.427595,2026-05-08 23:52:00.777130,0 days 00:00:30.349535,0.8984866687724783,85.25880645901108,0.004136952214497967,10,44,1500,COMPLETE
392,35.8971953268902,2026-05-08 23:52:00.777130,2026-05-08 23:52:37.460770,0 days 00:00:36.683640,0.8884898824608134,79.23514696467075,0.0031798966604726867,10,36,1500,COMPLETE
393,35.76732702326647,2026-05-08 23:52:37.460770,2026-05-08 23:53:07.868249,0 days 00:00:30.407479,0.8988904603324119,85.18937229343902,0.0041282857653258615,10,44,1500,COMPLETE
394,35.80519664938637,2026-05-08 23:53:07.868249,2026-05-08 23:53:40.964596,0 days 00:00:33.096347,0.9698078062913434,82.02209736078589,0.003624415116826454,10,44,1500,COMPLETE
395,35.89515318618082,2026-05-08 23:53:40.964596,2026-05-08 23:54:17.695115,0 days 00:00:36.730519,0.9379435017697384,77.25040430676115,0.0029666453735824054,10,40,1500,COMPLETE
396,35.76546430570386,2026-05-08 23:54:17.695115,2026-05-08 23:54:47.647222,0 days 00:00:29.952107,0.9197749926746738,87.3935330574773,0.003956199842523173,10,45,1400,COMPLETE
397,36.53292119001324,2026-05-08 23:54:47.647222,2026-05-08 23:55:32.428361,0 days 00:00:44.781139,0.9545639399269383,84.17984639085576,0.0016096508745548133,10,42,1500,COMPLETE
398,35.793742987662554,2026-05-08 23:55:32.428878,2026-05-08 23:56:04.060889,0 days 00:00:31.632011,0.931780196454736,90.4489478170967,0.003462319507521717,10,47,1400,COMPLETE
399,35.776905128565595,2026-05-08 23:56:04.060889,2026-05-08 23:56:37.619959,0 days 00:00:33.559070,0.9778418065238955,86.07219472588142,0.003303554976887206,10,48,1500,COMPLETE
400,35.87138793603988,2026-05-08 23:56:37.619959,2026-05-08 23:57:14.228146,0 days 00:00:36.608187,0.943914870517891,89.1984319277071,0.002593220356232806,10,50,1500,COMPLETE
401,35.79467674906139,2026-05-08 23:57:14.228146,2026-05-08 23:57:44.369792,0 days 00:00:30.141646,0.9657509487113837,92.31933730623399,0.00411458960762709,10,46,1400,COMPLETE
402,35.78507323896347,2026-05-08 23:57:44.385415,2026-05-08 23:58:13.048539,0 days 00:00:28.663124,0.9003242122040551,81.02804802838298,0.00374966706323624,10,52,1400,COMPLETE
403,35.734801223300096,2026-05-08 23:58:13.048539,2026-05-08 23:58:47.748432,0 days 00:00:34.699893,0.9261482573045228,88.1426741390314,0.003100216721597144,10,49,1500,COMPLETE
404,35.92907194489982,2026-05-08 23:58:47.748432,2026-05-08 23:59:25.333683,0 days 00:00:37.585251,0.9246254229230083,87.28500805277217,0.00241847774339275,10,48,1500,COMPLETE
405,35.97782955061083,2026-05-08 23:59:25.333683,2026-05-09 00:00:08.423734,0 days 00:00:43.090051,0.9313362364903606,84.7796193645109,0.0027661158319292277,10,31,1500,COMPLETE
406,35.75049856204155,2026-05-09 00:00:08.423734,2026-05-09 00:00:43.241058,0 days 00:00:34.817324,0.9415642895842579,90.99844977105441,0.002995116961876926,10,49,1500,COMPLETE
407,36.28524579662137,2026-05-09 00:00:43.241058,2026-05-09 00:01:05.061726,0 days 00:00:21.820668,0.9509610753054736,88.16123902932749,0.012906687156051663,10,45,1500,COMPLETE
408,35.76302044584121,2026-05-09 00:01:05.061726,2026-05-09 00:01:37.999925,0 days 00:00:32.938199,0.9157141546855503,92.78687056518889,0.003248174528923829,10,50,1500,COMPLETE
409,36.58065684502692,2026-05-09 00:01:37.999925,2026-05-09 00:01:49.187050,0 days 00:00:11.187125,0.9611053520808323,29.108887110513436,0.0034213872412870603,10,47,600,COMPLETE
410,35.888224138797554,2026-05-09 00:01:49.187050,2026-05-09 00:02:21.311443,0 days 00:00:32.124393,0.9215227575028173,82.16161121655757,0.0029800567561841956,10,51,1400,COMPLETE
411,35.78381849667973,2026-05-09 00:02:21.311443,2026-05-09 00:02:54.499910,0 days 00:00:33.188467,0.9438611245972328,85.63182765107932,0.003636678893698152,10,44,1500,COMPLETE
412,35.964490187043296,2026-05-09 00:02:54.499910,2026-05-09 00:03:19.911040,0 days 00:00:25.411130,0.5004499262340976,90.03233317458414,0.004066247323370727,10,49,1500,COMPLETE
413,36.101841659915266,2026-05-09 00:03:19.911040,2026-05-09 00:03:55.629046,0 days 00:00:35.718006,0.9309470752753755,92.54714562395698,0.002290774721988941,10,52,1400,COMPLETE
414,35.83535550946646,2026-05-09 00:03:55.629046,2026-05-09 00:04:30.090447,0 days 00:00:34.461401,0.9558797226336337,88.14059777366369,0.0032902762999437243,10,42,1400,COMPLETE
415,36.281120918001854,2026-05-09 00:04:30.090447,2026-05-09 00:05:09.076389,0 days 00:00:38.985942,0.9769599938807652,85.6901560278741,0.0018849617714788273,10,53,1500,COMPLETE
416,35.75054372143438,2026-05-09 00:05:09.076389,2026-05-09 00:05:41.081339,0 days 00:00:32.004950,0.9374064192814315,90.16623472955034,0.0037262713038976277,10,46,1500,COMPLETE
417,35.84386311710769,2026-05-09 00:05:41.081339,2026-05-09 00:06:17.633173,0 days 00:00:36.551834,0.970643930232291,93.48661340072354,0.0027260023434856227,10,50,1500,COMPLETE
418,35.73399764884996,2026-05-09 00:06:17.633173,2026-05-09 00:06:45.745599,0 days 00:00:28.112426,0.9119120191305091,83.11906797165325,0.004182477409125536,10,48,1400,COMPLETE
419,35.703373375102124,2026-05-09 00:06:45.745599,2026-05-09 00:07:13.793644,0 days 00:00:28.048045,0.9232832138574191,80.72861863199601,0.004184160895844162,10,48,1400,COMPLETE
420,35.748327864002725,2026-05-09 00:07:13.794619,2026-05-09 00:07:41.475589,0 days 00:00:27.680970,0.9134624654941951,78.39654244132556,0.004356192967786761,10,47,1400,COMPLETE
421,35.80059461799287,2026-05-09 00:07:41.476611,2026-05-09 00:08:14.204627,0 days 00:00:32.728016,0.9241790423308459,79.72520240897579,0.00309898817204122,10,45,1400,COMPLETE
422,35.76615458430892,2026-05-09 00:08:14.220249,2026-05-09 00:08:43.512289,0 days 00:00:29.292040,0.9836134991477828,84.27145479588918,0.004209844901742463,10,48,1400,COMPLETE
423,35.995502955471395,2026-05-09 00:08:43.512289,2026-05-09 00:09:11.867546,0 days 00:00:28.355257,0.5825397161185921,79.90648143552593,0.003392027279872994,10,43,1500,COMPLETE
424,35.71039868429615,2026-05-09 00:09:11.867546,2026-05-09 00:09:41.279929,0 days 00:00:29.412383,0.9517134561287434,81.71289611961619,0.0042312174010278765,10,48,1500,COMPLETE
425,35.72489840319973,2026-05-09 00:09:41.279929,2026-05-09 00:10:13.481606,0 days 00:00:32.201677,0.9459486546453332,82.9551169320593,0.0036100792078537264,10,46,1500,COMPLETE
426,35.74809389231183,2026-05-09 00:10:13.481606,2026-05-09 00:10:43.400166,0 days 00:00:29.918560,0.9488622721000539,75.23286796595339,0.004221152882940416,10,44,1500,COMPLETE
427,35.851016492501714,2026-05-09 00:10:43.400166,2026-05-09 00:11:18.136041,0 days 00:00:34.735875,0.9414234609087117,77.97124650321076,0.0029165937100286525,10,46,1500,COMPLETE
428,35.74238867904282,2026-05-09 00:11:18.136041,2026-05-09 00:11:51.255524,0 days 00:00:33.119483,0.9498702020595772,81.84925736402393,0.003321942131563467,10,47,1500,COMPLETE
429,35.90716490525099,2026-05-09 00:11:51.255524,2026-05-09 00:12:29.779658,0 days 00:00:38.524134,0.9634105978476173,81.77659066631857,0.002712376406289046,10,42,1500,COMPLETE
430,35.9539564176309,2026-05-09 00:12:29.779658,2026-05-09 00:13:06.204059,0 days 00:00:36.424401,0.9525800841575872,81.95491370296347,0.0032072586757108616,10,40,1500,COMPLETE
431,35.78106635764265,2026-05-09 00:13:06.204059,2026-05-09 00:13:40.031629,0 days 00:00:33.827570,0.9686849079075369,77.31347762588337,0.0032855785135234984,10,45,1500,COMPLETE
432,35.88346885740598,2026-05-09 00:13:40.031629,2026-05-09 00:14:16.496297,0 days 00:00:36.464668,0.9526389458154418,80.33687167700124,0.0026121252865847857,10,47,1500,COMPLETE
433,35.762877849857915,2026-05-09 00:14:16.496297,2026-05-09 00:14:49.850556,0 days 00:00:33.354259,0.9352935363180347,82.3983648028694,0.003514784347465343,10,44,1500,COMPLETE
434,35.78904206361478,2026-05-09 00:14:49.850556,2026-05-09 00:15:20.385704,0 days 00:00:30.535148,0.9931576219957745,80.24180061964093,0.004272764812789631,10,47,1500,COMPLETE
435,36.054181543731076,2026-05-09 00:15:20.385704,2026-05-09 00:15:59.540834,0 days 00:00:39.155130,0.9592235229897842,83.19128996161155,0.0021207060804163923,10,48,1500,COMPLETE
436,35.851438508440495,2026-05-09 00:15:59.540834,2026-05-09 00:16:33.897795,0 days 00:00:34.356961,0.9708279198723788,75.62091325567567,0.002984531863526929,10,46,1500,COMPLETE
437,35.767358292032576,2026-05-09 00:16:33.897795,2026-05-09 00:17:06.297310,0 days 00:00:32.399515,0.9457752280155345,83.70706003515839,0.0037754106773482984,10,43,1500,COMPLETE
438,35.784082926724004,2026-05-09 00:17:06.297310,2026-05-09 00:17:36.023162,0 days 00:00:29.725852,0.9805835100409956,83.98041242181016,0.004276361970130816,10,48,1500,COMPLETE
439,35.77103172772607,2026-05-09 00:17:36.023162,2026-05-09 00:18:08.637851,0 days 00:00:32.614689,0.9314340868774418,81.07372552473569,0.0034360218377252954,10,45,1500,COMPLETE
440,35.97535551066496,2026-05-09 00:18:08.637851,2026-05-09 00:18:45.872686,0 days 00:00:37.234835,0.959800170266977,78.27890566484493,0.0024153495993414053,10,49,1500,COMPLETE
441,35.778163592852344,2026-05-09 00:18:45.872686,2026-05-09 00:19:20.082876,0 days 00:00:34.210190,0.9428954977728213,86.04879967601916,0.0030424177861983113,10,48,1500,COMPLETE
442,35.76509047749836,2026-05-09 00:19:20.083469,2026-05-09 00:19:50.476781,0 days 00:00:30.393312,0.9074805393881836,84.04946614553138,0.003926834866110259,10,46,1500,COMPLETE
443,35.72060980204269,2026-05-09 00:19:50.476781,2026-05-09 00:20:22.638124,0 days 00:00:32.161343,0.9214860018677031,86.09705425232534,0.003382325017670846,10,49,1500,COMPLETE
444,35.81578688725558,2026-05-09 00:20:22.638124,2026-05-09 00:20:57.252571,0 days 00:00:34.614447,0.9287868610625054,81.96866760143396,0.0028378862062360616,10,49,1500,COMPLETE
445,35.93637129097068,2026-05-09 00:20:57.252571,2026-05-09 00:21:33.848382,0 days 00:00:36.595811,0.9228466978702018,85.8490072907195,0.003267375197005697,10,38,1500,COMPLETE
446,35.77321598897911,2026-05-09 00:21:33.848382,2026-05-09 00:22:04.123797,0 days 00:00:30.275415,0.9390238220863203,83.72760085453115,0.004394899028732055,10,43,1500,COMPLETE
447,36.1738266468238,2026-05-09 00:22:04.123797,2026-05-09 00:22:11.996797,0 days 00:00:07.873000,0.9486826460224693,86.67899962647454,0.003436440897147206,4,41,1500,COMPLETE
448,37.8338410056456,2026-05-09 00:22:11.996797,2026-05-09 00:22:29.968389,0 days 00:00:17.971592,0.9544406736432244,80.54220339285612,0.03993208293262343,10,46,1500,COMPLETE
449,35.77381680937822,2026-05-09 00:22:29.968389,2026-05-09 00:23:04.354827,0 days 00:00:34.386438,0.9366005726559892,86.7388456736922,0.0030063185916233562,10,49,1500,COMPLETE
450,35.78799345922998,2026-05-09 00:23:04.354827,2026-05-09 00:23:36.479938,0 days 00:00:32.125111,0.9710146876260651,83.26858591719339,0.0037843255164087793,10,45,1500,COMPLETE
451,35.839574888707986,2026-05-09 00:23:36.479938,2026-05-09 00:24:11.802969,0 days 00:00:35.323031,0.922406050818807,76.417407450699,0.002693412632788739,10,47,1500,COMPLETE
452,35.784045676122695,2026-05-09 00:24:11.802969,2026-05-09 00:24:40.899938,0 days 00:00:29.096969,0.962628526116896,78.75722117961892,0.004304088744465286,10,49,1500,COMPLETE
453,38.56382534487038,2026-05-09 00:24:40.900456,2026-05-09 00:24:57.807906,0 days 00:00:16.907450,0.9183574277287078,87.1196211739915,0.056995656258606774,10,50,1500,COMPLETE
454,35.73056436714976,2026-05-09 00:24:57.807906,2026-05-09 00:25:31.146410,0 days 00:00:33.338504,0.9479705932351038,84.30710740237747,0.0033433550426545614,10,47,1500,COMPLETE
455,35.87750885350766,2026-05-09 00:25:31.146410,2026-05-09 00:26:09.415240,0 days 00:00:38.268830,0.9500048435708922,81.64907779439953,0.0025256524509419554,10,44,1500,COMPLETE
456,35.78342716817786,2026-05-09 00:26:09.415240,2026-05-09 00:26:43.984261,0 days 00:00:34.569021,0.9841355310500672,84.78589508257122,0.003136288280524496,10,47,1500,COMPLETE
457,35.755606916394186,2026-05-09 00:26:43.984261,2026-05-09 00:27:17.245626,0 days 00:00:33.261365,0.9383916165290204,82.06012244652669,0.0033493388118570836,10,46,1500,COMPLETE
458,35.92765513745774,2026-05-09 00:27:17.245626,2026-05-09 00:27:55.198646,0 days 00:00:37.953020,0.9589490854530209,84.88796171246933,0.002930274148158442,10,41,1500,COMPLETE
459,35.772529379312594,2026-05-09 00:27:55.198646,2026-05-09 00:28:27.941478,0 days 00:00:32.742832,0.9729226569949209,87.860251325147,0.0035313739963433923,10,48,1500,COMPLETE
460,39.788925442161556,2026-05-09 00:28:27.941478,2026-05-09 00:28:45.099662,0 days 00:00:17.158184,0.9483744420973663,79.13492806531956,0.1504877105000047,10,44,1500,COMPLETE
461,35.75682623834259,2026-05-09 00:28:45.099662,2026-05-09 00:29:16.133109,0 days 00:00:31.033447,0.931670934100184,88.20746960427151,0.0038116022935402206,10,48,1500,COMPLETE
462,35.828838257530876,2026-05-09 00:29:16.133109,2026-05-09 00:29:48.465265,0 days 00:00:32.332156,0.9656192917950815,84.25881132268525,0.0031086976080770073,10,50,1400,COMPLETE
463,36.026734428273,2026-05-09 00:29:48.479270,2026-05-09 00:30:25.397918,0 days 00:00:36.918648,0.9428247530319088,80.82357479688635,0.0023187752438641814,10,46,1400,COMPLETE
464,35.847594660613105,2026-05-09 00:30:25.397918,2026-05-09 00:31:03.879804,0 days 00:00:38.481886,0.9536968541712083,86.02637299656273,0.0026746847948407957,10,43,1500,COMPLETE
465,39.372439192133626,2026-05-09 00:31:03.879804,2026-05-09 00:31:15.897666,0 days 00:00:12.017862,0.9312321191476698,88.21594771979937,0.003458695801665448,10,50,400,COMPLETE
466,35.74929578976796,2026-05-09 00:31:15.897666,2026-05-09 00:31:46.790281,0 days 00:00:30.892615,0.9764568829687321,82.66828471594343,0.003918845608073393,10,48,1500,COMPLETE
467,36.112337548114816,2026-05-09 00:31:46.790281,2026-05-09 00:32:08.094172,0 days 00:00:21.303891,0.9606267515129888,25.10525222514029,0.0032735430923073465,10,45,1400,COMPLETE
468,35.881634663621035,2026-05-09 00:32:08.094172,2026-05-09 00:32:41.964455,0 days 00:00:33.870283,0.942695087987575,76.5948876085066,0.002878167099104843,10,50,1500,COMPLETE
469,35.75859016103631,2026-05-09 00:32:41.964455,2026-05-09 00:33:13.167776,0 days 00:00:31.203321,0.9164577548168035,85.1077395372225,0.003713163359970446,10,47,1500,COMPLETE
470,35.74970659124952,2026-05-09 00:33:13.167776,2026-05-09 00:33:42.807959,0 days 00:00:29.640183,0.9528450481319971,82.86468800353784,0.004141954809967182,10,50,1500,COMPLETE
471,36.061958681489735,2026-05-09 00:33:42.807959,2026-05-09 00:33:52.254499,0 days 00:00:09.446540,0.9888938479860909,57.95626428953238,0.0033531922398848165,5,45,1400,COMPLETE
472,35.81043969627525,2026-05-09 00:33:52.254499,2026-05-09 00:34:27.460539,0 days 00:00:35.206040,0.9669225994248516,88.71509333632919,0.002979367593472395,10,48,1500,COMPLETE
473,36.8441299792291,2026-05-09 00:34:27.460539,2026-05-09 00:35:35.015967,0 days 00:01:07.555428,0.9317141850626233,79.93899597898425,0.003658482228084606,10,6,1500,COMPLETE
474,35.75485594742911,2026-05-09 00:35:35.015967,2026-05-09 00:36:06.200670,0 days 00:00:31.184703,0.9412520391243432,86.03113850262555,0.004312323075620628,10,43,1500,COMPLETE
475,35.888466330516735,2026-05-09 00:36:06.200670,2026-05-09 00:36:42.812782,0 days 00:00:36.612112,0.9502586352010759,89.20942655945603,0.0025409835272215474,10,51,1500,COMPLETE
476,35.88557068389788,2026-05-09 00:36:42.814290,2026-05-09 00:37:16.939555,0 days 00:00:34.125265,0.9271182348605489,83.14865626873825,0.003275838889513653,10,41,1400,COMPLETE
477,54.42761316872186,2026-05-09 00:37:16.939555,2026-05-09 00:37:20.409255,0 days 00:00:03.469700,0.9791425384456207,86.44072613249354,0.0040480501486740705,10,49,100,COMPLETE
478,35.806972836139494,2026-05-09 00:37:20.409255,2026-05-09 00:37:50.740718,0 days 00:00:30.331463,0.9644228883363157,74.14799225213487,0.0037453513468550053,10,46,1400,COMPLETE
479,35.87811383933961,2026-05-09 00:37:50.740718,2026-05-09 00:38:24.032073,0 days 00:00:33.291355,0.9538648766324159,79.34770831983252,0.0029541545291781783,10,51,1500,COMPLETE
480,35.83099294453844,2026-05-09 00:38:24.032073,2026-05-09 00:38:48.072609,0 days 00:00:24.040536,0.9139618256572066,53.01974946870107,0.004534482216548003,10,48,1400,COMPLETE
481,35.750808722410895,2026-05-09 00:38:48.072609,2026-05-09 00:39:19.540679,0 days 00:00:31.468070,0.9396082570907429,89.32305850103401,0.003426659758600726,10,52,1500,COMPLETE
482,35.754478961618574,2026-05-09 00:39:19.540679,2026-05-09 00:39:49.318099,0 days 00:00:29.777420,0.9250918532299364,81.54821206655089,0.004068436886641264,10,47,1500,COMPLETE
483,35.8577593237436,2026-05-09 00:39:49.333732,2026-05-09 00:40:25.127099,0 days 00:00:35.793367,0.9701864165647341,85.1096613728448,0.0027093971208023565,10,50,1500,COMPLETE
484,35.80963323968922,2026-05-09 00:40:25.127099,2026-05-09 00:41:00.584526,0 days 00:00:35.457427,0.9609725076343753,88.40420706388275,0.0031746025571553795,10,44,1500,COMPLETE
485,35.73089962783557,2026-05-09 00:41:00.584526,2026-05-09 00:41:31.394010,0 days 00:00:30.809484,0.9488398792847551,77.47816011223615,0.0036465422350694674,10,49,1500,COMPLETE
486,35.83306556190898,2026-05-09 00:41:31.399514,2026-05-09 00:41:57.462455,0 days 00:00:26.062941,0.9370726537197063,79.80257112518103,0.004383515625606986,10,53,1400,COMPLETE
487,36.376680478627144,2026-05-09 00:41:57.462455,2026-05-09 00:42:03.232862,0 days 00:00:05.770407,0.949208899653171,76.28807336265018,0.003654311743744798,3,49,1500,COMPLETE
488,37.144429398105515,2026-05-09 00:42:03.232862,2026-05-09 00:42:21.938446,0 days 00:00:18.705584,0.9304911391217421,77.90597014395667,0.023531630591969395,10,51,1500,COMPLETE
489,35.73438358377911,2026-05-09 00:42:21.943450,2026-05-09 00:42:51.070695,0 days 00:00:29.127245,0.9100001056666738,82.02429459703137,0.0037694753758707403,10,49,1400,COMPLETE
490,35.76369287824895,2026-05-09 00:42:51.070695,2026-05-09 00:43:19.207375,0 days 00:00:28.136680,0.9060643072619557,77.55198227283375,0.003968575832868697,10,49,1400,COMPLETE
491,35.78843669681795,2026-05-09 00:43:19.207375,2026-05-09 00:43:46.337699,0 days 00:00:27.130324,0.9129384087282901,80.71859609794599,0.0045627265944725185,10,47,1400,COMPLETE
