number,value,datetime_start,datetime_complete,duration,params_colsample_bytree,params_huber_slope,params_learning_rate,params_max_depth,params_min_child_weight,params_n_estimators,state
123,35.79221177851732,2026-05-08 22:02:51.454343,2026-05-08 22:03:07.995987,0 days 00:00:16.541644,0.7652434658280608,109.84930267944875,0.005218249789938055,9,57,1000,COMPLETE
124,35.81457797240675,2026-05-08 22:03:07.995987,2026-05-08 22:03:24.646212,0 days 00:00:16.650225,0.7692954224056702,109.96679395326744,0.005222125204000326,9,56,1000,COMPLETE
125,35.80212410853253,2026-05-08 22:03:24.646212,2026-05-08 22:03:41.374871,0 days 00:00:16.728659,0.7690959960765629,109.52167270695621,0.005082348537411554,9,57,1000,COMPLETE
126,35.841575820452974,2026-05-08 22:03:41.374871,2026-05-08 22:03:55.357257,0 days 00:00:13.982386,0.7675464775287053,108.32650734743405,0.00811367790301482,9,56,1000,COMPLETE
127,35.80144336602313,2026-05-08 22:03:55.357257,2026-05-08 22:04:10.462385,0 days 00:00:15.105128,0.7949674068585613,102.62093893035805,0.0066347659048412245,9,55,1000,COMPLETE
128,35.78833146033722,2026-05-08 22:04:10.462385,2026-05-08 22:04:26.898729,0 days 00:00:16.436344,0.7990538750936206,103.29463461903762,0.006355469373915944,9,54,1100,COMPLETE
129,35.75751766497069,2026-05-08 22:04:26.898729,2026-05-08 22:04:42.965901,0 days 00:00:16.067172,0.8229614713087968,103.73174084486858,0.006467159230091667,9,58,1100,COMPLETE
130,35.81136151062235,2026-05-08 22:04:42.965901,2026-05-08 22:05:01.921572,0 days 00:00:18.955671,0.8276600606798887,103.89229152497691,0.006640547146710585,10,54,1100,COMPLETE
131,35.80660042830335,2026-05-08 22:05:01.921572,2026-05-08 22:05:16.422846,0 days 00:00:14.501274,0.8111824091864794,100.52226441612522,0.006108506057431306,9,58,900,COMPLETE
132,35.759203970606066,2026-05-08 22:05:16.422846,2026-05-08 22:05:33.114054,0 days 00:00:16.691208,0.8001921713941624,98.84483404943018,0.006038211904710181,9,54,1100,COMPLETE
133,35.77729023533586,2026-05-08 22:05:33.114054,2026-05-08 22:05:49.312186,0 days 00:00:16.198132,0.7962033677519703,99.24837442274782,0.006502004468384085,9,54,1100,COMPLETE
134,35.90858758942578,2026-05-08 22:05:49.312186,2026-05-08 22:06:04.093850,0 days 00:00:14.781664,0.8028521848455403,99.39279924228249,0.00859154881325128,9,54,1100,COMPLETE
135,35.76575142976519,2026-05-08 22:06:04.109482,2026-05-08 22:06:19.959794,0 days 00:00:15.850312,0.7959819644243047,105.85537780298169,0.006801819667798389,9,58,1100,COMPLETE
136,35.84974700636653,2026-05-08 22:06:19.959794,2026-05-08 22:06:35.985404,0 days 00:00:16.025610,0.7918683568378928,105.88658437706698,0.00673568166698239,9,48,1000,COMPLETE
137,36.14564168035388,2026-05-08 22:06:35.985404,2026-05-08 22:06:49.030427,0 days 00:00:13.045023,0.7822001837091587,103.39835525322167,0.011158828425161247,9,63,1100,COMPLETE
138,35.82505871775885,2026-05-08 22:06:49.030427,2026-05-08 22:07:05.939738,0 days 00:00:16.909311,0.803898730551531,97.25840237961582,0.007878995937560992,10,52,1000,COMPLETE
139,35.84565349995857,2026-05-08 22:07:05.939738,2026-05-08 22:07:21.580289,0 days 00:00:15.640551,0.8324330253049135,109.69414350272652,0.005861201817744884,9,62,1000,COMPLETE
140,35.85744644889272,2026-05-08 22:07:21.580289,2026-05-08 22:07:35.924935,0 days 00:00:14.344646,0.8212634344242854,102.23124880478261,0.009131929607260295,9,58,1100,COMPLETE
141,35.778874891687494,2026-05-08 22:07:35.924935,2026-05-08 22:07:51.763698,0 days 00:00:15.838763,0.7914169749844614,106.48033784258828,0.006643109176535711,9,58,1100,COMPLETE
142,35.815884966689794,2026-05-08 22:07:51.763698,2026-05-08 22:08:08.892610,0 days 00:00:17.128912,0.8414764414283595,106.34626935436275,0.00679657943127355,9,54,1100,COMPLETE
143,35.7578134168232,2026-05-08 22:08:08.892610,2026-05-08 22:08:26.574589,0 days 00:00:17.681979,0.7925954318128415,95.2460430566809,0.006140261885007598,9,51,900,COMPLETE
144,35.7845277900495,2026-05-08 22:08:26.582094,2026-05-08 22:08:40.682234,0 days 00:00:14.100140,0.7925882340133097,95.33094424628442,0.007659331786387211,9,50,900,COMPLETE
145,35.80705671741062,2026-05-08 22:08:40.682234,2026-05-08 22:08:54.597239,0 days 00:00:13.915005,0.7921372452323546,94.48558072544878,0.0077967969124575764,9,48,900,COMPLETE
146,35.82475044850825,2026-05-08 22:08:54.597239,2026-05-08 22:09:12.594105,0 days 00:00:17.996866,0.8071638789491486,96.78308358507368,0.006170403670220913,10,44,800,COMPLETE
147,35.763952028276655,2026-05-08 22:09:12.594105,2026-05-08 22:09:26.614576,0 days 00:00:14.020471,0.783625252891506,99.02677104483888,0.00728576765137464,9,50,900,COMPLETE
148,35.854624476339495,2026-05-08 22:09:26.614576,2026-05-08 22:09:37.023113,0 days 00:00:10.408537,0.8578848138549698,99.7761481479424,0.010026801743884062,8,50,900,COMPLETE
149,35.80731368057542,2026-05-08 22:09:37.023113,2026-05-08 22:09:50.419912,0 days 00:00:13.396799,0.7822151544550513,104.88857716438568,0.007518355201921171,9,47,800,COMPLETE
150,35.85948704055658,2026-05-08 22:09:50.419912,2026-05-08 22:10:08.966828,0 days 00:00:18.546916,0.8165110951772612,96.29804374808896,0.006048787984846359,9,40,1100,COMPLETE
151,35.82163440129703,2026-05-08 22:10:08.966828,2026-05-08 22:10:24.470692,0 days 00:00:15.503864,0.7970475706323907,106.88249093626406,0.006946174557267874,9,51,1000,COMPLETE
152,35.83510081642243,2026-05-08 22:10:24.470692,2026-05-08 22:10:37.733871,0 days 00:00:13.263179,0.7845608235223263,101.04464807463833,0.008459849991715711,9,55,900,COMPLETE
153,35.79160380059666,2026-05-08 22:10:37.733871,2026-05-08 22:10:55.026452,0 days 00:00:17.292581,0.7968506184531082,98.35262188187124,0.005882098345055772,9,50,1100,COMPLETE
154,35.759877802580604,2026-05-08 22:10:55.026452,2026-05-08 22:11:12.447506,0 days 00:00:17.421054,0.8069254081047579,94.25709853865521,0.00576601742955405,9,49,1100,COMPLETE
155,35.85589045969887,2026-05-08 22:11:12.447506,2026-05-08 22:11:25.800165,0 days 00:00:13.352659,0.8065464296580477,94.19920150979723,0.0062169650489826474,9,49,700,COMPLETE
156,36.88590441956005,2026-05-08 22:11:25.800165,2026-05-08 22:11:37.347872,0 days 00:00:11.547707,0.8197152021492549,89.4864248167522,0.0312357431640508,9,43,1100,COMPLETE
157,35.80872813755502,2026-05-08 22:11:37.347872,2026-05-08 22:11:57.813613,0 days 00:00:20.465741,0.8331296465482634,98.61012272545464,0.004026827343731624,9,51,1100,COMPLETE
158,37.77684026049498,2026-05-08 22:11:57.813613,2026-05-08 22:12:10.025242,0 days 00:00:12.211629,0.7790590935888646,94.95133423387003,0.050288071568574004,10,46,1100,COMPLETE
159,35.93740588040853,2026-05-08 22:12:10.025242,2026-05-08 22:12:22.850210,0 days 00:00:12.824968,0.7978187768221311,36.82413112912153,0.0057852878076001465,9,53,1100,COMPLETE
160,35.861331146817484,2026-05-08 22:12:22.850210,2026-05-08 22:12:36.513681,0 days 00:00:13.663471,0.7872678591541038,91.33278151201505,0.007292599588624018,8,49,1200,COMPLETE
161,35.822211467989526,2026-05-08 22:12:36.513681,2026-05-08 22:12:52.675627,0 days 00:00:16.161946,0.7583066079538595,98.45019178276429,0.005805028487547865,9,58,1100,COMPLETE
162,35.85891150042833,2026-05-08 22:12:52.675627,2026-05-08 22:13:11.040915,0 days 00:00:18.365288,0.7775040687920998,105.34510302826718,0.00451134672022826,9,51,1000,COMPLETE
163,35.762361475440244,2026-05-08 22:13:11.040915,2026-05-08 22:13:30.342068,0 days 00:00:19.301153,0.8124205540624053,102.72418534533864,0.0056044512405026385,9,45,1200,COMPLETE
164,36.01673530939318,2026-05-08 22:13:30.342068,2026-05-08 22:13:46.397612,0 days 00:00:16.055544,0.8129356410265617,101.39506400027813,0.009304312933222444,9,44,1200,COMPLETE
165,35.91163096229614,2026-05-08 22:13:46.398611,2026-05-08 22:14:02.992592,0 days 00:00:16.593981,0.826793839366493,96.99371911642612,0.007910315417552034,9,47,1200,COMPLETE
166,35.79160744189998,2026-05-08 22:14:02.992592,2026-05-08 22:14:19.837067,0 days 00:00:16.844475,0.8010732202132693,104.9753219394481,0.0068865977236505635,9,45,1100,COMPLETE
167,35.85956602856839,2026-05-08 22:14:19.837067,2026-05-08 22:14:38.595325,0 days 00:00:18.758258,0.840908242046649,94.82159788439625,0.005745089820577285,9,42,1100,COMPLETE
168,35.755674394203105,2026-05-08 22:14:38.595325,2026-05-08 22:14:59.156899,0 days 00:00:20.561574,0.8116660262519805,100.3800898947815,0.0044587771955127455,9,52,1200,COMPLETE
169,35.764790802612346,2026-05-08 22:14:59.166753,2026-05-08 22:15:20.104116,0 days 00:00:20.937363,0.8544232028846539,103.40946293422472,0.004322185167509987,9,53,1200,COMPLETE
170,35.79713852560933,2026-05-08 22:15:20.104116,2026-05-08 22:15:41.155475,0 days 00:00:21.051359,0.8207893066319467,103.19543213783582,0.004064771606046237,9,53,1200,COMPLETE
171,35.76726217867448,2026-05-08 22:15:41.155475,2026-05-08 22:16:01.315495,0 days 00:00:20.160020,0.8622025667782932,106.77258327849754,0.004486177292525554,9,54,1200,COMPLETE
172,35.781821194971606,2026-05-08 22:16:01.315495,2026-05-08 22:16:21.878170,0 days 00:00:20.562675,0.8511818419365625,106.77710885144693,0.004465647454253558,9,52,1200,COMPLETE
173,35.78346345252072,2026-05-08 22:16:21.878170,2026-05-08 22:16:43.545951,0 days 00:00:21.667781,0.9014142382779653,106.75125669634328,0.004432946240382339,9,52,1200,COMPLETE
174,35.83457083905883,2026-05-08 22:16:43.545951,2026-05-08 22:17:06.488456,0 days 00:00:22.942505,0.9316600713107738,106.55657427849363,0.003985146178660323,9,52,1200,COMPLETE
175,35.8403034511792,2026-05-08 22:17:06.488456,2026-05-08 22:17:28.563406,0 days 00:00:22.074950,0.8741452083261103,107.64214763476599,0.004445973893875629,9,49,1200,COMPLETE
176,35.88947258295925,2026-05-08 22:17:28.563406,2026-05-08 22:17:50.386280,0 days 00:00:21.822874,0.8935227400139416,100.31186203959814,0.0036897968717107756,9,59,1200,COMPLETE
177,35.77072244545137,2026-05-08 22:17:50.386280,2026-05-08 22:18:10.994493,0 days 00:00:20.608213,0.8619299730638336,106.16440311485772,0.0044417496567784945,9,52,1200,COMPLETE
178,35.79428304274958,2026-05-08 22:18:10.994493,2026-05-08 22:18:33.170097,0 days 00:00:22.175604,0.8891089608024988,106.2743561409291,0.004310774538647105,9,52,1200,COMPLETE
179,35.78206855726749,2026-05-08 22:18:33.170097,2026-05-08 22:18:54.317457,0 days 00:00:21.147360,0.8566341758581558,109.82985800838013,0.004570692687205055,9,50,1200,COMPLETE
180,35.86882448045516,2026-05-08 22:18:54.317457,2026-05-08 22:19:12.570366,0 days 00:00:18.252909,0.8584642948353723,102.91422068807779,0.003914137658616997,8,48,1200,COMPLETE
181,35.79503961655534,2026-05-08 22:19:12.570366,2026-05-08 22:19:33.469270,0 days 00:00:20.898904,0.8524779230636339,109.50174818082823,0.0045710312540433295,9,51,1200,COMPLETE
182,35.77974413912177,2026-05-08 22:19:33.469270,2026-05-08 22:19:53.086955,0 days 00:00:19.617685,0.8754527861614558,106.31238036546642,0.005293090068287568,9,53,1200,COMPLETE
183,35.91368905587287,2026-05-08 22:19:53.086955,2026-05-08 22:20:17.215530,0 days 00:00:24.128575,0.8725927758268942,104.22018627857919,0.0032823671746948163,9,53,1200,COMPLETE
184,35.8372863212164,2026-05-08 22:20:17.215530,2026-05-08 22:20:37.622574,0 days 00:00:20.407044,0.9147261997808087,101.20948723426594,0.005373363650390648,9,50,1200,COMPLETE
185,35.74552352371306,2026-05-08 22:20:37.622574,2026-05-08 22:20:58.812361,0 days 00:00:21.189787,0.8701096454039282,106.20954902402924,0.004310548490580908,9,56,1200,COMPLETE
186,35.76637866389565,2026-05-08 22:20:58.822704,2026-05-08 22:21:20.161330,0 days 00:00:21.338626,0.90327012511999,105.52192869350117,0.0043240215819745145,9,56,1200,COMPLETE
187,35.84121643194227,2026-05-08 22:21:20.161330,2026-05-08 22:21:41.833087,0 days 00:00:21.671757,0.8660943992703346,104.58766343332665,0.0036654045223317006,9,57,1200,COMPLETE
188,35.97071431312071,2026-05-08 22:21:41.833087,2026-05-08 22:22:05.757819,0 days 00:00:23.924732,0.8808686727405398,101.19857360343168,0.0031206217943294005,9,56,1200,COMPLETE
189,35.80673016545681,2026-05-08 22:22:05.757819,2026-05-08 22:22:24.593247,0 days 00:00:18.835428,0.8500234074397633,105.80892336652869,0.005490707859055661,9,54,1200,COMPLETE
190,35.78899885650942,2026-05-08 22:22:24.593247,2026-05-08 22:22:45.180193,0 days 00:00:20.586946,0.8667406638114914,109.90089862456482,0.0041522634280800625,9,57,1200,COMPLETE
191,35.758595060310476,2026-05-08 22:22:45.180193,2026-05-08 22:23:06.518701,0 days 00:00:21.338508,0.913546582864094,106.4841093439758,0.004421720421290438,9,53,1200,COMPLETE
192,35.75593177848372,2026-05-08 22:23:06.518701,2026-05-08 22:23:27.067596,0 days 00:00:20.548895,0.9168511036118795,103.4349832548341,0.004700830689847986,9,55,1200,COMPLETE
193,35.75892498429526,2026-05-08 22:23:27.067596,2026-05-08 22:23:47.404305,0 days 00:00:20.336709,0.9258962925959955,102.3922258880414,0.004798718447020071,9,55,1200,COMPLETE
194,35.84201733437071,2026-05-08 22:23:47.404305,2026-05-08 22:24:04.876995,0 days 00:00:17.472690,0.9163369172486762,98.9837099216989,0.005445458332722616,9,61,1100,COMPLETE
195,35.83515172978821,2026-05-08 22:24:04.876995,2026-05-08 22:24:27.618640,0 days 00:00:22.741645,0.9339385214128063,102.4719457110308,0.003739764246704377,9,55,1200,COMPLETE
196,35.82120564755371,2026-05-08 22:24:27.618640,2026-05-08 22:24:47.191010,0 days 00:00:19.572370,0.9322921909768825,97.55061448174308,0.004911204163560867,9,59,1200,COMPLETE
197,35.80587300364878,2026-05-08 22:24:47.191010,2026-05-08 22:25:04.493293,0 days 00:00:17.302283,0.9455576253742789,102.43505032922383,0.006544826240857628,9,55,1100,COMPLETE
198,35.805384972842305,2026-05-08 22:25:04.493293,2026-05-08 22:25:26.578145,0 days 00:00:22.084852,0.914217201376156,100.4577170873175,0.005400579141231224,10,57,1200,COMPLETE
199,35.76995028874302,2026-05-08 22:25:26.578145,2026-05-08 22:25:46.088619,0 days 00:00:19.510474,0.895701550606191,104.21616120372198,0.004855750178532872,9,54,1100,COMPLETE
200,36.2679771672519,2026-05-08 22:25:46.088619,2026-05-08 22:26:08.722526,0 days 00:00:22.633907,0.8938281359539566,97.53569298899963,0.002657388393494508,9,62,1100,COMPLETE
201,39.65832817960352,2026-05-08 22:26:08.722526,2026-05-08 22:26:19.337987,0 days 00:00:10.615461,0.9011375513719553,104.3551439821749,0.12923775452726802,9,54,1100,COMPLETE
202,35.74974186506968,2026-05-08 22:26:19.337987,2026-05-08 22:26:39.747443,0 days 00:00:20.409456,0.8835474229767756,107.00966171297846,0.0048692631235484835,9,56,1200,COMPLETE
203,35.818556877072965,2026-05-08 22:26:39.747443,2026-05-08 22:27:00.379108,0 days 00:00:20.631665,0.9215707254717916,103.30259975541702,0.004118715939794962,9,56,1100,COMPLETE
204,35.8052895237784,2026-05-08 22:27:00.379108,2026-05-08 22:27:18.806522,0 days 00:00:18.427414,0.8840267725041424,101.48033018922311,0.004915366409083967,9,59,1100,COMPLETE
205,35.94516127712414,2026-05-08 22:27:18.806522,2026-05-08 22:27:42.386940,0 days 00:00:23.580418,0.9050841866587815,99.23173445008787,0.0033380403379587916,9,57,1200,COMPLETE
206,36.08485550063707,2026-05-08 22:27:42.386940,2026-05-08 22:27:57.372054,0 days 00:00:14.985114,0.9655879207643238,30.6101132437482,0.004685871092542579,9,55,1200,COMPLETE
207,35.786095734705,2026-05-08 22:27:57.372054,2026-05-08 22:28:15.037220,0 days 00:00:17.665166,0.9092730352840284,106.16577124575966,0.006305646887625385,9,53,1100,COMPLETE
208,35.90202158796988,2026-05-08 22:28:15.037220,2026-05-08 22:28:32.963791,0 days 00:00:17.926571,0.8977356058482356,50.48267698034698,0.004070575064314524,9,58,1200,COMPLETE
209,35.861017294047386,2026-05-08 22:28:32.963791,2026-05-08 22:28:47.044241,0 days 00:00:14.080450,0.8396348842850488,107.21052869604085,0.005760546312393524,9,60,800,COMPLETE
210,36.359106169342894,2026-05-08 22:28:47.044241,2026-05-08 22:28:51.604010,0 days 00:00:04.559769,0.8839706604654497,95.74864073040804,0.004797587624679704,3,54,1200,COMPLETE
211,36.18486406573513,2026-05-08 22:28:51.604010,2026-05-08 22:29:04.766510,0 days 00:00:13.162500,0.8667171847849016,104.86357333389161,0.00514829044445008,9,52,600,COMPLETE
212,35.790661747886,2026-05-08 22:29:04.766510,2026-05-08 22:29:24.543292,0 days 00:00:19.776782,0.9266761495474714,107.41538912908975,0.005451738336155608,9,53,1200,COMPLETE
213,35.78873890066647,2026-05-08 22:29:24.543292,2026-05-08 22:29:41.418722,0 days 00:00:16.875430,0.9492625170497786,102.63384548161221,0.006994493896407068,9,56,1100,COMPLETE
214,35.81622223499859,2026-05-08 22:29:41.434617,2026-05-08 22:30:03.775543,0 days 00:00:22.340926,0.8767809780745994,100.17935870677461,0.003782585787478176,9,54,1200,COMPLETE
215,35.81314375536384,2026-05-08 22:30:03.775543,2026-05-08 22:30:24.747748,0 days 00:00:20.972205,0.811502886495547,104.53166884787669,0.004325617478416777,9,51,1200,COMPLETE
216,35.83067278886549,2026-05-08 22:30:24.747748,2026-05-08 22:30:43.688122,0 days 00:00:18.940374,0.8857320331044549,107.54939103860372,0.006193416613949208,9,49,1200,COMPLETE
217,35.791177414966135,2026-05-08 22:30:43.688122,2026-05-08 22:31:06.004934,0 days 00:00:22.316812,0.90582866019435,97.86399753913767,0.004773727279949914,9,47,1300,COMPLETE
218,35.78689591323172,2026-05-08 22:31:06.004934,2026-05-08 22:31:23.859830,0 days 00:00:17.854896,0.8733099603501571,101.4244612054905,0.005442876067725103,9,57,1100,COMPLETE
219,35.86347105378087,2026-05-08 22:31:23.859830,2026-05-08 22:31:40.776884,0 days 00:00:16.917054,0.82863990615536,104.86401540570952,0.006720111411626535,9,55,1200,COMPLETE
220,42.03748884818696,2026-05-08 22:31:40.776884,2026-05-08 22:31:50.986547,0 days 00:00:10.209663,0.8644803453995282,109.95476999459906,0.2748613550426035,9,52,1100,COMPLETE
221,35.96781369142863,2026-05-08 22:31:50.986547,2026-05-08 22:32:19.270417,0 days 00:00:28.283870,0.8442039747818861,106.30862119125104,0.0042425103538908555,9,22,1200,COMPLETE
222,35.78683396983577,2026-05-08 22:32:19.270417,2026-05-08 22:32:40.416869,0 days 00:00:21.146452,0.8906976542972772,107.36600973406208,0.004656439477825752,9,52,1200,COMPLETE
223,35.98198578693998,2026-05-08 22:32:40.416869,2026-05-08 22:32:57.065972,0 days 00:00:16.649103,0.5314079076843353,102.03784566622829,0.005397688713987926,9,53,1200,COMPLETE
224,35.79646511361201,2026-05-08 22:32:57.065972,2026-05-08 22:33:18.227553,0 days 00:00:21.161581,0.849377295292747,103.92527762898146,0.00439220235261186,9,50,1200,COMPLETE
225,35.81357227716327,2026-05-08 22:33:18.227553,2026-05-08 22:33:40.527369,0 days 00:00:22.299816,0.8058653308649955,99.61696755066342,0.003759539210826698,9,55,1300,COMPLETE
226,35.78061507172892,2026-05-08 22:33:40.527369,2026-05-08 22:33:57.681519,0 days 00:00:17.154150,0.8756349483614423,106.65570470369197,0.005951586758214444,9,58,1100,COMPLETE
227,35.83888330255378,2026-05-08 22:33:57.681519,2026-05-08 22:34:14.323677,0 days 00:00:16.642158,0.8765416270752461,95.9101068135303,0.006237759318353762,9,58,1100,COMPLETE
228,35.831044947990215,2026-05-08 22:34:14.323677,2026-05-08 22:34:30.453635,0 days 00:00:16.129958,0.7871954662603906,103.69444851251019,0.005818324689441884,9,62,1100,COMPLETE
229,35.9454808901253,2026-05-08 22:34:30.453635,2026-05-08 22:34:43.985533,0 days 00:00:13.531898,0.8195746068779414,42.61301727569172,0.00501055905840509,9,60,1100,COMPLETE
230,35.784285368347966,2026-05-08 22:34:43.985533,2026-05-08 22:34:59.375283,0 days 00:00:15.389750,0.8970100116754327,99.84295547684049,0.007038420146510776,9,57,1000,COMPLETE
231,35.78033884769092,2026-05-08 22:34:59.375283,2026-05-08 22:35:18.952114,0 days 00:00:19.576831,0.8611256128746329,107.13189444465033,0.004865001252186145,9,54,1200,COMPLETE
232,35.98215253714591,2026-05-08 22:35:18.952114,2026-05-08 22:35:33.146966,0 days 00:00:14.194852,0.8588737284392463,109.84125479370452,0.005376576052686796,9,55,700,COMPLETE
233,35.76140610557749,2026-05-08 22:35:33.146966,2026-05-08 22:35:55.738942,0 days 00:00:22.591976,0.8710868037699946,106.98524461978391,0.004842592332568386,9,54,1200,COMPLETE
234,35.75617192709451,2026-05-08 22:35:55.738942,2026-05-08 22:36:16.812214,0 days 00:00:21.073272,0.9202230079546916,102.96695441635194,0.0045933174821216,9,54,1200,COMPLETE
235,35.79326347304625,2026-05-08 22:36:16.812214,2026-05-08 22:36:38.896102,0 days 00:00:22.083888,0.9100963901243682,102.77688466960598,0.004173981025837206,9,51,1200,COMPLETE
236,35.85406125749331,2026-05-08 22:36:38.896102,2026-05-08 22:37:02.368054,0 days 00:00:23.471952,0.9232112227185804,97.78465670731802,0.0034876408589559166,9,53,1200,COMPLETE
237,35.81712340213604,2026-05-08 22:37:02.368054,2026-05-08 22:37:24.095665,0 days 00:00:21.727611,0.9423249077927963,101.27217449523089,0.00474624961230215,9,48,1200,COMPLETE
238,35.764445637088194,2026-05-08 22:37:24.095665,2026-05-08 22:37:46.318920,0 days 00:00:22.223255,0.9200160682848045,93.61358590415654,0.004267254598713344,9,56,1300,COMPLETE
239,35.806606760142394,2026-05-08 22:37:46.318920,2026-05-08 22:38:08.681847,0 days 00:00:22.362927,0.9202322686607413,93.20168179516482,0.004053355032272884,9,56,1300,COMPLETE
240,35.82594406441409,2026-05-08 22:38:08.681847,2026-05-08 22:38:30.393986,0 days 00:00:21.712139,0.8068697983493517,94.34318495518721,0.0037786727554554476,9,59,1300,COMPLETE
241,35.76670023556425,2026-05-08 22:38:30.393986,2026-05-08 22:38:51.609778,0 days 00:00:21.215792,0.9099671439773669,104.17605232885411,0.004401234307469358,9,54,1200,COMPLETE
242,35.75057655341961,2026-05-08 22:38:51.609778,2026-05-08 22:39:12.313426,0 days 00:00:20.703648,0.9088320460169549,103.61280694539694,0.0045105412099995,9,56,1200,COMPLETE
243,35.756032077444516,2026-05-08 22:39:12.313426,2026-05-08 22:39:33.395264,0 days 00:00:21.081838,0.9071741692703681,99.36044231635901,0.004341273408826132,9,55,1200,COMPLETE
244,35.7705375491433,2026-05-08 22:39:33.395264,2026-05-08 22:39:54.508109,0 days 00:00:21.112845,0.9244546959413197,103.1554085145239,0.004426810640330513,9,56,1200,COMPLETE
245,35.76339196927186,2026-05-08 22:39:54.508109,2026-05-08 22:40:17.850898,0 days 00:00:23.342789,0.9158035318216724,102.57642195368864,0.003957954561510542,9,55,1300,COMPLETE
