number,value,datetime_start,datetime_complete,duration,params_colsample_bytree,params_huber_slope,params_learning_rate,params_max_depth,params_min_child_weight,params_n_estimators,state
492,35.796950154423605,2026-05-09 00:43:46.337699,2026-05-09 00:44:14.233328,0 days 00:00:27.895629,0.9196962372075784,72.17467384297335,0.0040619735545212995,10,47,1400,COMPLETE
493,35.8572759359704,2026-05-09 00:44:14.233328,2026-05-09 00:44:39.534359,0 days 00:00:25.301031,0.9028144966642174,74.4612243785698,0.004504383070352125,10,52,1400,COMPLETE
494,35.7811426957707,2026-05-09 00:44:39.534359,2026-05-09 00:45:11.037395,0 days 00:00:31.503036,0.9156337356484457,83.5383656347498,0.0031539612539919107,10,49,1400,COMPLETE
495,37.34436170999978,2026-05-09 00:45:11.037395,2026-05-09 00:45:26.342553,0 days 00:00:15.305158,0.9245268561057622,82.29039449863868,0.0038091452411676096,10,45,500,COMPLETE
496,35.816674862124664,2026-05-09 00:45:26.342553,2026-05-09 00:45:55.877178,0 days 00:00:29.534625,0.9376986757464156,78.46563670453226,0.003531173904407558,10,50,1400,COMPLETE
497,35.90382529753803,2026-05-09 00:45:55.880181,2026-05-09 00:46:28.299554,0 days 00:00:32.419373,0.9092596648778872,80.68235156592935,0.002894612038390462,10,53,1500,COMPLETE
498,36.088952115936664,2026-05-09 00:46:28.299554,2026-05-09 00:46:53.593878,0 days 00:00:25.294324,0.5437496412762554,90.39760853967144,0.004700433907851327,10,42,1500,COMPLETE
499,35.69372350022818,2026-05-09 00:46:53.593878,2026-05-09 00:47:22.422695,0 days 00:00:28.828817,0.8951884715832902,82.08071404622518,0.003919473445757161,10,48,1400,COMPLETE
500,35.70197305734125,2026-05-09 00:47:22.422695,2026-05-09 00:47:51.139337,0 days 00:00:28.716642,0.8939430871169182,83.03136999181743,0.004132199965998105,10,48,1400,COMPLETE
501,35.74931025619893,2026-05-09 00:47:51.139337,2026-05-09 00:48:17.661909,0 days 00:00:26.522572,0.8990719566212899,82.89473968200423,0.004810645048601514,10,48,1400,COMPLETE
502,35.9607477094044,2026-05-09 00:48:17.661909,2026-05-09 00:48:38.106172,0 days 00:00:20.444263,0.8885355461138427,33.49715041233921,0.004156798129314757,10,51,1400,COMPLETE
503,35.85887646750867,2026-05-09 00:48:38.121805,2026-05-09 00:49:03.478254,0 days 00:00:25.356449,0.8978074257905198,63.85512442327823,0.0045314701628537905,10,47,1400,COMPLETE
504,35.68149204688369,2026-05-09 00:49:03.478625,2026-05-09 00:49:31.378484,0 days 00:00:27.899859,0.8801081899872094,83.51772794572304,0.004081629680490102,10,49,1400,COMPLETE
505,35.81225245061657,2026-05-09 00:49:31.378484,2026-05-09 00:49:56.180814,0 days 00:00:24.802330,0.8983600926275994,84.79698951070807,0.005169437640759032,10,53,1400,COMPLETE
506,35.729616880965814,2026-05-09 00:49:56.180814,2026-05-09 00:50:23.531259,0 days 00:00:27.350445,0.8823119981432417,84.11502002365135,0.004287456924357809,10,50,1400,COMPLETE
507,35.740893659778266,2026-05-09 00:50:23.531259,2026-05-09 00:50:49.726763,0 days 00:00:26.195504,0.8823576696829877,83.97656493396727,0.004854140501888828,10,49,1400,COMPLETE
508,35.77083832188417,2026-05-09 00:50:49.726763,2026-05-09 00:51:15.123199,0 days 00:00:25.396436,0.8787800053484626,83.31519789594627,0.005161358848085867,10,49,1400,COMPLETE
509,35.74406582910005,2026-05-09 00:51:15.123199,2026-05-09 00:51:40.626213,0 days 00:00:25.503014,0.8876731490244163,80.32982881147962,0.005078571658889518,10,49,1400,COMPLETE
510,35.77585376367397,2026-05-09 00:51:40.626213,2026-05-09 00:52:07.748864,0 days 00:00:27.122651,0.8827270734059872,84.87050790627455,0.004646458669065604,10,46,1400,COMPLETE
511,43.71465436378213,2026-05-09 00:52:07.748864,2026-05-09 00:52:13.820061,0 days 00:00:06.071197,0.8798222547593411,81.76737987675904,0.004508967848453789,10,50,200,COMPLETE
512,35.80944275083383,2026-05-09 00:52:13.820061,2026-05-09 00:52:39.456969,0 days 00:00:25.636908,0.8725724658628812,84.35081288826761,0.0051380174372299406,10,48,1400,COMPLETE
513,35.756254073269815,2026-05-09 00:52:39.456969,2026-05-09 00:53:08.319043,0 days 00:00:28.862074,0.8888009639145056,86.71224688353979,0.004185036981204297,10,45,1400,COMPLETE
514,35.761971395529386,2026-05-09 00:53:08.319043,2026-05-09 00:53:34.910057,0 days 00:00:26.591014,0.8943143817938586,81.85245895267079,0.004590896208754843,10,50,1400,COMPLETE
515,35.73005067383017,2026-05-09 00:53:34.910057,2026-05-09 00:54:02.636931,0 days 00:00:27.726874,0.8913525132565511,77.40928479178218,0.004080521763778742,10,48,1400,COMPLETE
516,35.73647018077637,2026-05-09 00:54:02.636931,2026-05-09 00:54:31.360342,0 days 00:00:28.723411,0.9020530577914669,77.89464133605958,0.004033202336177447,10,46,1400,COMPLETE
517,35.71547901585431,2026-05-09 00:54:31.360342,2026-05-09 00:54:59.354206,0 days 00:00:27.993864,0.8828762202988669,74.9954775003286,0.004123504539040957,10,45,1400,COMPLETE
518,35.72661564925237,2026-05-09 00:54:59.354206,2026-05-09 00:55:27.287978,0 days 00:00:27.933772,0.8909005351503201,73.09006798594444,0.004185878179777847,10,44,1400,COMPLETE
519,35.71561956301353,2026-05-09 00:55:27.287978,2026-05-09 00:55:55.355841,0 days 00:00:28.067863,0.8724950299727918,73.54947363903,0.004098991027995721,10,44,1400,COMPLETE
520,35.744238342663536,2026-05-09 00:55:55.355841,2026-05-09 00:56:23.177599,0 days 00:00:27.821758,0.8682623803750295,68.58748821508264,0.004067541503620561,10,40,1400,COMPLETE
521,35.73794763963052,2026-05-09 00:56:23.177599,2026-05-09 00:56:50.782972,0 days 00:00:27.605373,0.8826333546264914,73.08336100574358,0.0042983067189508745,10,44,1400,COMPLETE
522,35.732055505262075,2026-05-09 00:56:50.782972,2026-05-09 00:57:19.138729,0 days 00:00:28.355757,0.8760729939588576,75.49478661264924,0.003944837322185246,10,46,1400,COMPLETE
523,35.78208231740158,2026-05-09 00:57:19.138729,2026-05-09 00:57:46.478642,0 days 00:00:27.339913,0.8663636277790986,70.17915911201459,0.003999934509683386,10,45,1400,COMPLETE
524,35.7527395865376,2026-05-09 00:57:46.478642,2026-05-09 00:58:14.521547,0 days 00:00:28.042905,0.8720721770102176,71.82887269247816,0.0045629514953680365,10,42,1400,COMPLETE
525,35.73215111533828,2026-05-09 00:58:14.521547,2026-05-09 00:58:44.472226,0 days 00:00:29.950679,0.8886464086776029,74.86493056017616,0.003977715552672127,10,43,1400,COMPLETE
526,35.770598696436494,2026-05-09 00:58:44.472226,2026-05-09 00:59:11.655858,0 days 00:00:27.183632,0.8759033516701579,74.792887004322,0.0045717915973801275,10,43,1400,COMPLETE
527,35.73682380516893,2026-05-09 00:59:11.655858,2026-05-09 00:59:40.276868,0 days 00:00:28.621010,0.8801109439109254,72.58735366925748,0.004106592478349204,10,41,1400,COMPLETE
528,35.89530974770459,2026-05-09 00:59:40.276868,2026-05-09 01:00:06.728814,0 days 00:00:26.451946,0.8891473773560378,74.16888129402214,0.005300559583306291,10,40,1400,COMPLETE
529,36.57012823803052,2026-05-09 01:00:06.744445,2026-05-09 01:00:26.224824,0 days 00:00:19.480379,0.8878372958191647,75.5567838355156,0.016865418316600364,10,39,1400,COMPLETE
530,35.88219353631861,2026-05-09 01:00:26.224824,2026-05-09 01:00:57.426875,0 days 00:00:31.202051,0.8915048944680672,76.02351206562916,0.0039854211573207695,10,37,1400,COMPLETE
531,35.73361082221502,2026-05-09 01:00:57.426875,2026-05-09 01:01:23.680175,0 days 00:00:26.253300,0.867985499796359,70.71391532455527,0.004564963006813605,10,42,1400,COMPLETE
532,35.907933396533686,2026-05-09 01:01:23.680175,2026-05-09 01:01:49.732618,0 days 00:00:26.052443,0.8654920938673911,71.09074757693098,0.005043148579369851,10,39,1400,COMPLETE
533,35.79235890431953,2026-05-09 01:01:49.732618,2026-05-09 01:02:15.679831,0 days 00:00:25.947213,0.8739005049387905,75.18789962376319,0.005381399024668733,10,42,1400,COMPLETE
534,35.72863990031802,2026-05-09 01:02:15.679831,2026-05-09 01:02:42.865991,0 days 00:00:27.186160,0.8790527358826535,72.27040264375805,0.004506137258252685,10,43,1400,COMPLETE
535,35.760604170522086,2026-05-09 01:02:42.865991,2026-05-09 01:03:09.227276,0 days 00:00:26.361285,0.8555724850499326,66.61419891072366,0.00468764440846081,10,41,1400,COMPLETE
536,35.75865915944845,2026-05-09 01:03:09.227276,2026-05-09 01:03:36.909337,0 days 00:00:27.682061,0.8754796695832318,72.87850901315156,0.004392244441983382,10,43,1400,COMPLETE
537,35.78846019032193,2026-05-09 01:03:36.910346,2026-05-09 01:04:01.036757,0 days 00:00:24.126411,0.8614906639904795,69.2037990107642,0.005590364156516922,10,42,1400,COMPLETE
538,35.93226884907976,2026-05-09 01:04:01.036757,2026-05-09 01:04:29.280593,0 days 00:00:28.243836,0.8775248142601682,71.76198931108239,0.004877340426202515,10,37,1400,COMPLETE
539,35.769422161247135,2026-05-09 01:04:29.280593,2026-05-09 01:04:40.363441,0 days 00:00:11.082848,0.8660456040910886,74.14476483550716,0.004466017989362853,6,44,1400,COMPLETE
540,35.73175071864277,2026-05-09 01:04:40.363441,2026-05-09 01:05:09.098149,0 days 00:00:28.734708,0.8805585266902319,67.32818981386745,0.004054936431010603,10,40,1400,COMPLETE
541,35.89967777540666,2026-05-09 01:05:09.098149,2026-05-09 01:05:40.452908,0 days 00:00:31.354759,0.8840134705650025,76.01000821689202,0.003850103816315254,10,38,1400,COMPLETE
542,35.84558061284833,2026-05-09 01:05:40.452908,2026-05-09 01:06:12.161507,0 days 00:00:31.708599,0.883222803688605,68.4266435642709,0.0038071672582551683,10,34,1400,COMPLETE
543,35.86475329733908,2026-05-09 01:06:12.161507,2026-05-09 01:06:42.989951,0 days 00:00:30.828444,0.8923117023557645,76.8482101040627,0.003794037132215961,10,40,1400,COMPLETE
544,36.01711961440477,2026-05-09 01:06:42.989951,2026-05-09 01:06:49.959565,0 days 00:00:06.969614,0.89251289899345,73.22469708567256,0.004350756658059188,4,44,1400,COMPLETE
545,35.849350085646044,2026-05-09 01:06:49.959565,2026-05-09 01:07:19.939941,0 days 00:00:29.980376,0.8499432799013066,74.52883015864451,0.0038420477039226393,10,39,1400,COMPLETE
546,35.734714996508814,2026-05-09 01:07:19.939941,2026-05-09 01:07:48.056098,0 days 00:00:28.116157,0.8778265544749382,77.402018772498,0.004215775570105433,10,45,1400,COMPLETE
547,35.75470727750455,2026-05-09 01:07:48.056098,2026-05-09 01:08:17.504652,0 days 00:00:29.448554,0.8922392587433452,72.12605593349389,0.003601991048417081,10,45,1400,COMPLETE
548,35.76447259042174,2026-05-09 01:08:17.504652,2026-05-09 01:08:43.377175,0 days 00:00:25.872523,0.8818832987897233,67.219196732971,0.005109634816530801,10,43,1400,COMPLETE
549,35.71504685883632,2026-05-09 01:08:43.377175,2026-05-09 01:09:10.667147,0 days 00:00:27.289972,0.8574984950820912,76.16840623961355,0.004015115575368028,10,46,1400,COMPLETE
550,41.441238409430476,2026-05-09 01:09:10.667147,2026-05-09 01:09:31.574111,0 days 00:00:20.906964,0.8659117966739874,76.50760060511845,0.0015504434321427893,10,41,700,COMPLETE
551,38.83620746715932,2026-05-09 01:09:31.574111,2026-05-09 01:09:46.527671,0 days 00:00:14.953560,0.8594856070310252,73.66639685048008,0.09014812120238853,10,36,1400,COMPLETE
552,35.72665806844638,2026-05-09 01:09:46.527671,2026-05-09 01:10:14.757211,0 days 00:00:28.229540,0.87558594664892,76.53599311185573,0.004840718623799131,10,44,1400,COMPLETE
553,35.788642900258864,2026-05-09 01:10:14.757211,2026-05-09 01:10:39.452479,0 days 00:00:24.695268,0.8417942922336495,77.6818215682644,0.005539840988440395,10,46,1400,COMPLETE
554,35.7906290953142,2026-05-09 01:10:39.452479,2026-05-09 01:11:05.076109,0 days 00:00:25.623630,0.8748242054213257,70.08089527880948,0.004901368843177191,10,45,1400,COMPLETE
555,35.77703053084848,2026-05-09 01:11:05.076109,2026-05-09 01:11:27.716757,0 days 00:00:22.640648,0.8585849505363446,76.50053122242338,0.005670403097089924,10,46,1300,COMPLETE
556,35.72867256980214,2026-05-09 01:11:27.716757,2026-05-09 01:11:53.648235,0 days 00:00:25.931478,0.869512675764781,72.986149999846,0.00445767818281705,10,44,1300,COMPLETE
557,35.74568759691317,2026-05-09 01:11:53.648235,2026-05-09 01:12:18.256118,0 days 00:00:24.607883,0.8652074938692239,71.66816458253017,0.0049432318527385735,10,41,1300,COMPLETE
558,35.93584943309567,2026-05-09 01:12:18.256118,2026-05-09 01:12:37.401760,0 days 00:00:19.145642,0.8825687132085628,73.01549511751482,0.004489374105470628,10,89,1300,COMPLETE
559,35.74342949149819,2026-05-09 01:12:37.401760,2026-05-09 01:13:00.568929,0 days 00:00:23.167169,0.8545821234397956,65.53068789679604,0.005409858618602433,10,43,1300,COMPLETE
560,35.99959590971342,2026-05-09 01:13:00.568929,2026-05-09 01:13:21.830443,0 days 00:00:21.261514,0.8730044793700255,76.56445798522161,0.004604944538161576,10,39,800,COMPLETE
561,37.7584691062333,2026-05-09 01:13:21.830443,2026-05-09 01:14:01.708828,0 days 00:00:39.878385,0.8895852139515137,70.16596356034249,0.001222572047936952,10,43,1400,COMPLETE
562,35.69726924598923,2026-05-09 01:14:01.708828,2026-05-09 01:14:27.895692,0 days 00:00:26.186864,0.8486817047749072,78.55743056790024,0.004334916787705858,10,44,1300,COMPLETE
563,35.74265296011892,2026-05-09 01:14:27.895692,2026-05-09 01:14:52.541659,0 days 00:00:24.645967,0.8481590122290333,78.55709574595954,0.005114544290414125,10,45,1300,COMPLETE
564,35.79990519315928,2026-05-09 01:14:52.541659,2026-05-09 01:15:15.205471,0 days 00:00:22.663812,0.8571097897664308,78.66087518755795,0.006020708165021558,10,46,1300,COMPLETE
565,35.70463399151814,2026-05-09 01:15:15.205471,2026-05-09 01:15:40.663026,0 days 00:00:25.457555,0.8663622340247122,78.54207657925754,0.004510416342894639,10,44,1300,COMPLETE
566,35.71914505117043,2026-05-09 01:15:40.663026,2026-05-09 01:16:05.484584,0 days 00:00:24.821558,0.8424684902244682,77.5160931955801,0.004732530981716667,10,44,1300,COMPLETE
567,35.74947627017187,2026-05-09 01:16:05.484584,2026-05-09 01:16:28.533874,0 days 00:00:23.049290,0.8366807547275021,79.09986774807817,0.00584819864611723,10,43,1300,COMPLETE
568,35.708985026160676,2026-05-09 01:16:28.533874,2026-05-09 01:16:52.166146,0 days 00:00:23.632272,0.8564230462865315,73.960487702816,0.005296020259702327,10,44,1300,COMPLETE
569,35.78789843190867,2026-05-09 01:16:52.166146,2026-05-09 01:17:15.002802,0 days 00:00:22.836656,0.8462402778578456,73.83094887961052,0.006189566535958904,10,42,1300,COMPLETE
570,35.71296582391735,2026-05-09 01:17:15.002802,2026-05-09 01:17:40.108513,0 days 00:00:25.105711,0.8504230167188289,74.92447466886559,0.004710356877008597,10,44,1300,COMPLETE
571,35.770758194825454,2026-05-09 01:17:40.108513,2026-05-09 01:17:53.372463,0 days 00:00:13.263950,0.842081251156693,74.82397848705789,0.005082363473668845,7,41,1300,COMPLETE
572,35.73788471553111,2026-05-09 01:17:53.372463,2026-05-09 01:18:16.123905,0 days 00:00:22.751442,0.8319125546645592,72.52327951618958,0.005710592738943653,10,44,1300,COMPLETE
573,35.73254610948443,2026-05-09 01:18:16.123905,2026-05-09 01:18:40.430140,0 days 00:00:24.306235,0.8514359644410625,76.80458571240332,0.00537822764749334,10,44,1300,COMPLETE
574,35.7607635173663,2026-05-09 01:18:40.430140,2026-05-09 01:19:05.227936,0 days 00:00:24.797796,0.8491644823819877,74.30902582134587,0.005012306585394293,10,42,1300,COMPLETE
575,35.73550225051599,2026-05-09 01:19:05.227936,2026-05-09 01:19:30.152757,0 days 00:00:24.924821,0.8374444030611077,78.71936585667082,0.0048109274680536536,10,44,1300,COMPLETE
576,35.833656172968475,2026-05-09 01:19:30.152757,2026-05-09 01:19:54.129506,0 days 00:00:23.976749,0.8588874708279416,75.88003457575007,0.005528625777908452,10,41,1300,COMPLETE
577,35.71790306026961,2026-05-09 01:19:54.129506,2026-05-09 01:20:18.659194,0 days 00:00:24.529688,0.8632445320562112,72.11639076588544,0.004720665267843416,10,44,1300,COMPLETE
578,35.754358663457,2026-05-09 01:20:18.659194,2026-05-09 01:20:42.614396,0 days 00:00:23.955202,0.8553150992256962,70.22041919923024,0.0052653491959833215,10,42,1300,COMPLETE
579,35.89425216577287,2026-05-09 01:20:42.614396,2026-05-09 01:21:08.443573,0 days 00:00:25.829177,0.8670018117327273,72.01913275473504,0.004754223416504346,10,39,1300,COMPLETE
580,35.75257679423428,2026-05-09 01:21:08.443573,2026-05-09 01:21:30.919502,0 days 00:00:22.475929,0.8399855268904096,73.16154695826795,0.006016176039450025,10,44,1300,COMPLETE
581,35.73549762268008,2026-05-09 01:21:30.919502,2026-05-09 01:21:55.842233,0 days 00:00:24.922731,0.8492198488487319,70.57045111772297,0.004730238689707628,10,43,1300,COMPLETE
582,35.770263057697626,2026-05-09 01:21:55.842233,2026-05-09 01:22:18.066082,0 days 00:00:22.223849,0.8615767391604898,74.77150792608303,0.006118196796638708,10,45,1300,COMPLETE
583,35.766206387609095,2026-05-09 01:22:18.066082,2026-05-09 01:22:41.638015,0 days 00:00:23.571933,0.8659927688916802,69.35384745350981,0.005332720104080619,10,42,1300,COMPLETE
584,35.71218392952501,2026-05-09 01:22:41.638015,2026-05-09 01:23:06.470894,0 days 00:00:24.832879,0.8531635243199985,78.71062440980243,0.0048400353555984035,10,45,1300,COMPLETE
585,35.76147285769738,2026-05-09 01:23:06.470894,2026-05-09 01:23:30.196957,0 days 00:00:23.726063,0.8280686314476121,76.0340393726596,0.00536002036159051,10,44,1300,COMPLETE
586,35.85793593132863,2026-05-09 01:23:30.196957,2026-05-09 01:23:52.310592,0 days 00:00:22.113635,0.8437278970282613,74.0321353018622,0.006657107496303787,10,41,1300,COMPLETE
587,35.88079980289058,2026-05-09 01:23:52.310592,2026-05-09 01:24:18.934041,0 days 00:00:26.623449,0.8527063566988463,79.4172017132575,0.004855752397444731,10,39,1300,COMPLETE
588,37.06389192882675,2026-05-09 01:24:18.934041,2026-05-09 01:24:34.296919,0 days 00:00:15.362878,0.8594045274600985,71.28473693806797,0.028279000184056675,10,45,1300,COMPLETE
589,35.742100560607085,2026-05-09 01:24:34.296919,2026-05-09 01:24:59.971570,0 days 00:00:25.674651,0.8565682327945141,78.40931477448852,0.004588253976605577,10,43,1300,COMPLETE
590,35.80240517331593,2026-05-09 01:24:59.972591,2026-05-09 01:25:07.907206,0 days 00:00:07.934615,0.8702286850419334,75.74919352760908,0.006300017360717332,5,45,1300,COMPLETE
591,35.77633973432019,2026-05-09 01:25:07.907206,2026-05-09 01:25:31.757973,0 days 00:00:23.850767,0.8392034713715695,73.28139384020832,0.005472288422312892,10,41,1300,COMPLETE
592,35.755311710445866,2026-05-09 01:25:31.757973,2026-05-09 01:25:56.847990,0 days 00:00:25.090017,0.8519892736718682,79.10515701804907,0.004645776800678323,10,46,1300,COMPLETE
593,35.74377200738206,2026-05-09 01:25:56.847990,2026-05-09 01:26:22.313042,0 days 00:00:25.465052,0.8280828205412386,76.55060640672133,0.0045875214158172225,10,43,1300,COMPLETE
594,35.755892126306094,2026-05-09 01:26:22.313042,2026-05-09 01:26:45.576337,0 days 00:00:23.263295,0.8441242736449454,71.74428925972397,0.005122427015302311,10,46,1300,COMPLETE
595,35.76265586270172,2026-05-09 01:26:45.576337,2026-05-09 01:27:11.057355,0 days 00:00:25.481018,0.8639868075558611,62.26764870263193,0.0043691334172284825,10,40,1300,COMPLETE
596,35.770645431645036,2026-05-09 01:27:11.057355,2026-05-09 01:27:34.633813,0 days 00:00:23.576458,0.8705082171631024,69.02532254667967,0.005546963298155222,10,44,1300,COMPLETE
597,35.86718259201864,2026-05-09 01:27:34.633813,2026-05-09 01:28:02.968317,0 days 00:00:28.334504,0.859497636797428,79.26302596335701,0.004380042250126328,10,37,1300,COMPLETE
598,35.73421645845197,2026-05-09 01:28:02.968317,2026-05-09 01:28:27.150021,0 days 00:00:24.181704,0.8686684199787669,74.66165193088722,0.004828050451659954,10,46,1300,COMPLETE
599,35.798353960451216,2026-05-09 01:28:27.150021,2026-05-09 01:28:50.967652,0 days 00:00:23.817631,0.8498057257430773,77.27381716972994,0.005978179427531383,10,42,1300,COMPLETE
600,36.32097228927701,2026-05-09 01:28:50.967652,2026-05-09 01:28:55.599569,0 days 00:00:04.631917,0.8673491734004974,80.35614311768492,0.004432188278902228,3,44,1300,COMPLETE
601,36.34852126554391,2026-05-09 01:28:55.599569,2026-05-09 01:29:12.200709,0 days 00:00:16.601140,0.8449269782526905,48.0513948205639,0.014387577516890529,10,45,1300,COMPLETE
602,35.755645156027626,2026-05-09 01:29:12.216339,2026-05-09 01:29:36.070489,0 days 00:00:23.854150,0.8357592583342534,72.98415097047697,0.004949065620477448,10,46,1300,COMPLETE
603,35.75492471333181,2026-05-09 01:29:36.070489,2026-05-09 01:30:03.270565,0 days 00:00:27.200076,0.8736555575340432,75.88077913688848,0.004309908167504051,10,42,1300,COMPLETE
604,35.745679742668145,2026-05-09 01:30:03.270565,2026-05-09 01:30:26.343259,0 days 00:00:23.072694,0.8582027672148255,77.94673704196741,0.0054096892537561616,10,47,1300,COMPLETE
