number,value,datetime_start,datetime_complete,duration,params_colsample_bytree,params_huber_slope,params_learning_rate,params_max_depth,params_min_child_weight,params_n_estimators,state
246,35.81612615022701,2026-05-08 22:40:17.850898,2026-05-08 22:40:41.882794,0 days 00:00:24.031896,0.9140089891222403,97.40826966412816,0.0035241384495394326,9,56,1300,COMPLETE
247,35.74774966756139,2026-05-08 22:40:41.882794,2026-05-08 22:41:05.137469,0 days 00:00:23.254675,0.9070769839004775,100.50067726432424,0.003896072948298759,9,55,1300,COMPLETE
248,35.98130321532322,2026-05-08 22:41:05.137469,2026-05-08 22:41:31.131776,0 days 00:00:25.994307,0.9334397932655345,99.12010593888061,0.0029434708254370712,9,56,1300,COMPLETE
249,35.908493223163454,2026-05-08 22:41:31.131776,2026-05-08 22:41:55.378680,0 days 00:00:24.246904,0.9109934589600813,92.54653192638074,0.0032559335769215933,9,58,1300,COMPLETE
250,35.75545700763992,2026-05-08 22:41:55.378680,2026-05-08 22:42:19.017092,0 days 00:00:23.638412,0.9101175990084991,100.59201232695538,0.003800100031113738,9,54,1300,COMPLETE
251,35.77393365553727,2026-05-08 22:42:19.017092,2026-05-08 22:42:42.828844,0 days 00:00:23.811752,0.9182069188132556,95.88110375575488,0.003975946456693724,9,51,1300,COMPLETE
252,35.77430583863936,2026-05-08 22:42:42.828844,2026-05-08 22:43:06.715873,0 days 00:00:23.887029,0.937760366630985,100.01032987714602,0.003701087751130502,9,55,1300,COMPLETE
253,35.81628020604781,2026-05-08 22:43:06.715873,2026-05-08 22:43:29.119418,0 days 00:00:22.403545,0.9038564253800553,90.9644963930464,0.003959273419324537,9,57,1300,COMPLETE
254,35.952448624433174,2026-05-08 22:43:29.119418,2026-05-08 22:43:53.750321,0 days 00:00:24.630903,0.9259825915775611,101.31602721246428,0.0030984106287858695,9,60,1300,COMPLETE
255,35.806871875398585,2026-05-08 22:43:53.750321,2026-05-08 22:44:18.533420,0 days 00:00:24.783099,0.9052645897667503,96.00718329298742,0.003420158260580868,9,53,1300,COMPLETE
256,35.8234961734349,2026-05-08 22:44:18.533420,2026-05-08 22:44:42.337983,0 days 00:00:23.804563,0.9078547322046902,101.1974823867549,0.004079141432709658,9,50,1300,COMPLETE
257,35.76093638228231,2026-05-08 22:44:42.337983,2026-05-08 22:45:03.971215,0 days 00:00:21.633232,0.9597444707723344,97.64778948965488,0.004346280616791396,9,55,1200,COMPLETE
258,35.88631440710902,2026-05-08 22:45:03.971215,2026-05-08 22:45:25.995480,0 days 00:00:22.024265,0.8907868812189964,97.40572787368185,0.0037072443094189824,9,57,1200,COMPLETE
259,35.73671602496039,2026-05-08 22:45:25.995480,2026-05-08 22:45:47.169438,0 days 00:00:21.173958,0.9212059781734353,98.45574793753653,0.004851929274344471,9,55,1300,COMPLETE
260,35.751465527029964,2026-05-08 22:45:47.178236,2026-05-08 22:46:05.244133,0 days 00:00:18.065897,0.9774182308401418,92.78372030652727,0.004985095709597703,8,52,1300,COMPLETE
261,35.75452291857651,2026-05-08 22:46:05.244133,2026-05-08 22:46:31.806807,0 days 00:00:26.562674,0.9868434804387514,90.34331422000483,0.004796800982973444,10,49,1300,COMPLETE
262,35.759730193885545,2026-05-08 22:46:31.806807,2026-05-08 22:46:58.155325,0 days 00:00:26.348518,0.9850137545204756,89.59370440668962,0.004834028163191505,10,49,1300,COMPLETE
263,35.772289339756234,2026-05-08 22:46:58.155325,2026-05-08 22:47:24.542514,0 days 00:00:26.387189,0.9864270843627465,88.73737219766213,0.004980566119350115,10,46,1300,COMPLETE
264,35.784411437557004,2026-05-08 22:47:24.542514,2026-05-08 22:47:51.317440,0 days 00:00:26.774926,0.9830780298300373,91.2115251482808,0.004828041868248832,10,48,1300,COMPLETE
265,35.830161335344506,2026-05-08 22:47:51.317440,2026-05-08 22:48:16.488981,0 days 00:00:25.171541,0.995574949073286,92.72385873762617,0.005429771122762832,10,49,1300,COMPLETE
266,35.728532440775865,2026-05-08 22:48:16.491490,2026-05-08 22:48:43.162726,0 days 00:00:26.671236,0.9755807578126792,94.60856389855836,0.004717760082466751,10,51,1300,COMPLETE
267,35.77152553961963,2026-05-08 22:48:43.162726,2026-05-08 22:49:08.990343,0 days 00:00:25.827617,0.971911112947777,87.7409754527933,0.005284233372782476,10,45,1300,COMPLETE
268,35.802726284384434,2026-05-08 22:49:09.005965,2026-05-08 22:49:35.300824,0 days 00:00:26.294859,0.9787802620561421,94.56341272266506,0.0047255341383845954,10,50,1300,COMPLETE
269,35.8266844027313,2026-05-08 22:49:35.300824,2026-05-08 22:50:00.056207,0 days 00:00:24.755383,0.96097348962348,89.635990953415,0.005622147004850146,10,47,1300,COMPLETE
270,35.79026818764107,2026-05-08 22:50:00.071830,2026-05-08 22:50:28.910855,0 days 00:00:28.839025,0.9524565741844117,96.09582121345774,0.0037730641538914226,10,51,1300,COMPLETE
271,35.762264703689674,2026-05-08 22:50:28.910855,2026-05-08 22:50:54.896099,0 days 00:00:25.985244,0.9726722989544464,91.16636183665793,0.004909482172299657,10,49,1300,COMPLETE
272,35.765472833205536,2026-05-08 22:50:54.896099,2026-05-08 22:51:21.417320,0 days 00:00:26.521221,0.9680950232366231,89.34541558385489,0.004759572239865109,10,48,1300,COMPLETE
273,35.765802591789495,2026-05-08 22:51:21.417320,2026-05-08 22:51:49.510975,0 days 00:00:28.093655,0.9966356547950045,92.57615922269696,0.004025050627676828,10,51,1300,COMPLETE
274,35.81518604678608,2026-05-08 22:51:49.510975,2026-05-08 22:52:15.961667,0 days 00:00:26.450692,0.9795755796775594,87.10342323558852,0.005133772095694571,10,43,1300,COMPLETE
275,35.82356026220107,2026-05-08 22:52:15.961667,2026-05-08 22:52:45.230149,0 days 00:00:29.268482,0.955240309240059,91.58909175827075,0.0034251087764116638,10,52,1300,COMPLETE
276,35.77899869081475,2026-05-08 22:52:45.230149,2026-05-08 22:53:03.918672,0 days 00:00:18.688523,0.9700754383528855,95.18299289357131,0.004683623715998027,8,49,1300,COMPLETE
277,35.83097394709477,2026-05-08 22:53:03.918672,2026-05-08 22:53:32.500958,0 days 00:00:28.582286,0.978140677864524,97.25457609392082,0.004218174494374622,10,47,1300,COMPLETE
278,37.11617076584059,2026-05-08 22:53:32.500958,2026-05-08 22:53:44.082895,0 days 00:00:11.581937,0.9591506436189099,98.43086568687778,0.005247416693027565,10,53,400,COMPLETE
279,35.82490528636959,2026-05-08 22:53:44.082895,2026-05-08 22:54:08.266104,0 days 00:00:24.183209,0.9877416536453086,94.37660210282296,0.005752019825321797,10,51,1300,COMPLETE
280,35.761618474720464,2026-05-08 22:54:08.266104,2026-05-08 22:54:27.660547,0 days 00:00:19.394443,0.9870348547784894,89.64902394010083,0.004434296983836439,8,46,1300,COMPLETE
281,35.81083143324885,2026-05-08 22:54:27.660547,2026-05-08 22:54:46.164090,0 days 00:00:18.503543,0.9948922628160586,90.73308999766734,0.004586574024366251,8,45,1200,COMPLETE
282,35.8378357261836,2026-05-08 22:54:46.164090,2026-05-08 22:55:04.228696,0 days 00:00:18.064606,0.987544632751904,86.6945975931459,0.005078000465029126,8,47,1300,COMPLETE
283,35.78906444621111,2026-05-08 22:55:04.228696,2026-05-08 22:55:28.497745,0 days 00:00:24.269049,0.999918111807551,93.23457891513009,0.005765595787544885,10,45,1200,COMPLETE
284,35.88994535003422,2026-05-08 22:55:28.497745,2026-05-08 22:55:58.499044,0 days 00:00:30.001299,0.9687209986088772,89.5912436617419,0.004386141126601148,10,39,1300,COMPLETE
285,35.76811988199138,2026-05-08 22:55:58.514669,2026-05-08 22:56:16.313911,0 days 00:00:17.799242,0.9732922046831127,96.15078055308082,0.004841216067721308,8,49,1200,COMPLETE
286,35.742808308760836,2026-05-08 22:56:16.313911,2026-05-08 22:56:46.904368,0 days 00:00:30.590457,0.9453392227287342,91.76656501832021,0.0036313992218039524,10,49,1400,COMPLETE
287,35.88709017346199,2026-05-08 22:56:46.904368,2026-05-08 22:57:21.535603,0 days 00:00:34.631235,0.943501156776155,87.45991701275592,0.0027311435481312406,10,49,1400,COMPLETE
288,35.87654915754929,2026-05-08 22:57:21.535603,2026-05-08 22:57:52.338143,0 days 00:00:30.802540,0.9584427669150895,90.91561352005273,0.003090955654165635,10,53,1300,COMPLETE
289,35.746668331217464,2026-05-08 22:57:52.338143,2026-05-08 22:58:23.497659,0 days 00:00:31.159516,0.94336697431413,94.34824244639621,0.0037653406997899684,10,51,1400,COMPLETE
290,35.7824936505295,2026-05-08 22:58:23.497659,2026-05-08 22:58:54.057344,0 days 00:00:30.559685,0.9395500968169752,93.85762410903936,0.0035373267116271634,10,52,1400,COMPLETE
291,35.88469964868634,2026-05-08 22:58:54.057344,2026-05-08 22:59:22.837173,0 days 00:00:28.779829,0.9316037967448606,97.46988965050225,0.003337641524288931,10,51,1200,COMPLETE
292,35.76841651835583,2026-05-08 22:59:22.837173,2026-05-08 22:59:43.578248,0 days 00:00:20.741075,0.9459256703260579,98.19264137069962,0.003747630062392388,8,54,1400,COMPLETE
293,35.742166378769,2026-05-08 22:59:43.578248,2026-05-08 23:00:12.539753,0 days 00:00:28.961505,0.9275710898180335,93.22947873293826,0.0038255879556401,10,52,1400,COMPLETE
294,35.85520353085879,2026-05-08 23:00:12.539753,2026-05-08 23:00:45.299927,0 days 00:00:32.760174,0.9349981551528306,94.92179526567529,0.0029566808232588484,10,52,1400,COMPLETE
295,37.235955253551516,2026-05-08 23:00:45.299927,2026-05-08 23:02:12.717782,0 days 00:01:27.417855,0.9276496431660661,100.20069150277699,0.00390080832702628,10,3,1400,COMPLETE
296,35.79858514368815,2026-05-08 23:02:12.717782,2026-05-08 23:02:43.219912,0 days 00:00:30.502130,0.9491333109733064,92.90133576788567,0.003401506743647233,10,54,1400,COMPLETE
297,39.16318414570601,2026-05-08 23:02:43.219912,2026-05-08 23:02:58.406022,0 days 00:00:15.186110,0.9241016743889525,99.30339165073173,0.08385757402260605,10,52,1400,COMPLETE
298,35.756111688175785,2026-05-08 23:02:58.406022,2026-05-08 23:03:26.487416,0 days 00:00:28.081394,0.9498091475758682,95.93813533788109,0.004008286071348351,10,55,1400,COMPLETE
299,35.765153437452724,2026-05-08 23:03:26.487416,2026-05-08 23:03:56.518439,0 days 00:00:30.031023,0.954067420358787,95.38070734919913,0.0038378656885094697,10,50,1400,COMPLETE
300,35.85559731778986,2026-05-08 23:03:56.518439,2026-05-08 23:04:25.607568,0 days 00:00:29.089129,0.9383417162709149,96.35492376792008,0.0032913600444291857,10,59,1400,COMPLETE
301,51.52357800758667,2026-05-08 23:04:25.607568,2026-05-08 23:04:31.450769,0 days 00:00:05.843201,0.9634803766809731,93.87002690137568,0.00250138975643376,10,56,200,COMPLETE
302,35.77013578984346,2026-05-08 23:04:31.451767,2026-05-08 23:04:58.937873,0 days 00:00:27.486106,0.9275199171144569,99.16998385425009,0.004109890476612716,10,55,1400,COMPLETE
303,35.75267092929066,2026-05-08 23:04:58.937873,2026-05-08 23:05:28.899552,0 days 00:00:29.961679,0.9454202344739141,97.00569460586286,0.0038082253193807186,10,51,1400,COMPLETE
304,35.83671423639074,2026-05-08 23:05:28.915174,2026-05-08 23:06:01.764388,0 days 00:00:32.849214,0.9429178125462604,93.16014665767617,0.0030195234257308283,10,51,1400,COMPLETE
305,35.82838626574408,2026-05-08 23:06:01.764388,2026-05-08 23:06:33.150861,0 days 00:00:31.386473,0.921217037355745,100.52009281240258,0.0034943538248860696,10,49,1400,COMPLETE
306,35.74758909017322,2026-05-08 23:06:33.150861,2026-05-08 23:07:02.482886,0 days 00:00:29.332025,0.931763875648373,91.73743930229813,0.003735377519029946,10,52,1400,COMPLETE
307,35.76909233433255,2026-05-08 23:07:02.482886,2026-05-08 23:07:31.483963,0 days 00:00:29.001077,0.9325721275109032,88.63579312759333,0.0037411501761557982,10,53,1400,COMPLETE
308,35.92449970567133,2026-05-08 23:07:31.483963,2026-05-08 23:08:05.276521,0 days 00:00:33.792558,0.9177791831602921,91.43692380777205,0.002690707756551988,10,52,1400,COMPLETE
309,35.843812708963654,2026-05-08 23:08:05.276521,2026-05-08 23:08:34.838214,0 days 00:00:29.561693,0.948750420126047,96.91381976060988,0.0036137175015731457,10,57,1400,COMPLETE
310,35.81882843033577,2026-05-08 23:08:34.838214,2026-05-08 23:09:06.796822,0 days 00:00:31.958608,0.9378059274979654,101.20468659794795,0.0032782297605640797,10,51,1400,COMPLETE
311,36.50483930751127,2026-05-08 23:09:06.796822,2026-05-08 23:09:25.476214,0 days 00:00:18.679392,0.9098449916941158,91.0774581256958,0.015343361794198204,10,54,1400,COMPLETE
312,35.73105752479809,2026-05-08 23:09:25.476214,2026-05-08 23:09:55.077910,0 days 00:00:29.601696,0.8991405253149004,95.98853282614881,0.0038748315562271377,10,53,1500,COMPLETE
313,35.84464078333001,2026-05-08 23:09:55.077910,2026-05-08 23:10:22.954087,0 days 00:00:27.876177,0.8966051659557811,95.80715111199983,0.003985410241500726,10,58,1500,COMPLETE
314,35.80728811420996,2026-05-08 23:10:22.954087,2026-05-08 23:10:55.725788,0 days 00:00:32.771701,0.9003103900554102,99.0114960327235,0.0030867744607586613,10,53,1500,COMPLETE
315,35.865584837927095,2026-05-08 23:10:55.725788,2026-05-08 23:11:19.877536,0 days 00:00:24.151748,0.9152860455279113,54.840010407332066,0.003976065274605092,10,61,1500,COMPLETE
316,36.10334178178499,2026-05-08 23:11:19.877536,2026-05-08 23:11:27.585207,0 days 00:00:07.707671,0.8907165680441254,101.18343656258278,0.003536806179624079,4,55,1500,COMPLETE
317,37.37558875821652,2026-05-08 23:11:27.585207,2026-05-08 23:11:45.269946,0 days 00:00:17.684739,0.9254209433851314,96.3185339274344,0.02852480129978476,10,57,1500,COMPLETE
318,35.76329922791207,2026-05-08 23:11:45.269946,2026-05-08 23:12:12.818671,0 days 00:00:27.548725,0.9093922663790563,101.92435305828886,0.004324965291462498,10,53,1400,COMPLETE
319,35.756583468569396,2026-05-08 23:12:12.818671,2026-05-08 23:12:42.513685,0 days 00:00:29.695014,0.9305717811210389,99.44933963382174,0.003855601986975877,10,51,1400,COMPLETE
320,35.88061817128111,2026-05-08 23:12:42.513685,2026-05-08 23:13:16.409988,0 days 00:00:33.896303,0.9328577819850274,93.81851955976181,0.002831513301376029,10,50,1400,COMPLETE
321,35.75141517646743,2026-05-08 23:13:16.409988,2026-05-08 23:13:48.164024,0 days 00:00:31.754036,0.9462387765366942,98.50738286731854,0.0036573044195524276,10,51,1500,COMPLETE
322,35.7781207638743,2026-05-08 23:13:48.164024,2026-05-08 23:14:21.528523,0 days 00:00:33.364499,0.9496046726644566,97.8652045671,0.0032121399376479403,10,51,1500,COMPLETE
323,37.07273176879321,2026-05-08 23:14:21.528523,2026-05-08 23:14:41.010544,0 days 00:00:19.482021,0.940447829293639,85.14970458825405,0.0195414732290858,10,48,1500,COMPLETE
324,35.746035718362236,2026-05-08 23:14:41.010544,2026-05-08 23:15:11.973159,0 days 00:00:30.962615,0.9012909152345275,95.17957306002755,0.003682711622186651,10,51,1500,COMPLETE
325,38.56588288448925,2026-05-08 23:15:11.973159,2026-05-08 23:15:55.133770,0 days 00:00:43.160611,0.9031815575222426,92.74754403709447,0.0010454935002765869,10,51,1500,COMPLETE
326,35.79777501822254,2026-05-08 23:15:55.133770,2026-05-08 23:16:28.307759,0 days 00:00:33.173989,0.9501295429435506,95.02368004792352,0.003562609367778143,10,48,1500,COMPLETE
327,35.83265868590637,2026-05-08 23:16:28.307759,2026-05-08 23:17:02.522436,0 days 00:00:34.214677,0.8843188862208262,96.94402197158215,0.002875358740398342,10,51,1500,COMPLETE
328,35.77405520889241,2026-05-08 23:17:02.522436,2026-05-08 23:17:35.312969,0 days 00:00:32.790533,0.8971667965912671,92.23530948388402,0.0032549434996980925,10,50,1500,COMPLETE
329,36.046288674354614,2026-05-08 23:17:35.312969,2026-05-08 23:18:13.220480,0 days 00:00:37.907511,0.9403199366878271,99.23324816321526,0.0022277900150394782,10,53,1500,COMPLETE
330,35.74684144429019,2026-05-08 23:18:13.220480,2026-05-08 23:18:43.534304,0 days 00:00:30.313824,0.9199905442060329,94.7492549475179,0.0036737665081727775,10,52,1400,COMPLETE
331,35.77141704891551,2026-05-08 23:18:43.534304,2026-05-08 23:19:11.994912,0 days 00:00:28.460608,0.9202782258259886,95.01367458076813,0.0037040214071264294,10,56,1400,COMPLETE
332,40.083094415031994,2026-05-08 23:19:11.994912,2026-05-08 23:19:26.779023,0 days 00:00:14.784111,0.9252505552933035,45.78341997197253,0.23419922188511522,10,53,1400,COMPLETE
333,35.81383737251706,2026-05-08 23:19:26.779023,2026-05-08 23:19:57.305258,0 days 00:00:30.526235,0.9324309471914399,99.69268598641645,0.00384661568313615,10,47,1400,COMPLETE
334,35.87514885614554,2026-05-08 23:19:57.305258,2026-05-08 23:20:26.088015,0 days 00:00:28.782757,0.9139386762838083,88.4045492701442,0.0031907251734343825,10,59,1400,COMPLETE
335,35.74724530798979,2026-05-08 23:20:26.088015,2026-05-08 23:20:54.087961,0 days 00:00:27.999946,0.9591688790447797,91.83246897458535,0.003994271675263184,10,55,1400,COMPLETE
336,35.77992365894899,2026-05-08 23:20:54.087961,2026-05-08 23:21:24.692649,0 days 00:00:30.604688,0.9619127233397261,92.41184346081899,0.003459124281374113,10,52,1400,COMPLETE
337,37.66210909646834,2026-05-08 23:21:24.692649,2026-05-08 23:22:02.024872,0 days 00:00:37.332223,0.9546365200210059,85.8545964125953,0.0013004025510054565,10,55,1400,COMPLETE
338,35.942455264380264,2026-05-08 23:22:02.024872,2026-05-08 23:22:24.615433,0 days 00:00:22.590561,0.9469153412630538,35.84650822442927,0.0039958841961297625,10,49,1500,COMPLETE
339,35.86574071028823,2026-05-08 23:22:24.615433,2026-05-08 23:22:56.924698,0 days 00:00:32.309265,0.9638700293616279,89.26181740100627,0.0029937466511982046,10,54,1400,COMPLETE
340,35.73021265083891,2026-05-08 23:22:56.924698,2026-05-08 23:23:28.695872,0 days 00:00:31.771174,0.9378447775698328,91.97355336482191,0.003503275941361342,10,51,1500,COMPLETE
341,35.963899438032385,2026-05-08 23:23:28.695872,2026-05-08 23:24:03.129850,0 days 00:00:34.433978,0.9396346140422415,90.23288365422948,0.002569641366699552,10,56,1500,COMPLETE
342,35.74178218358993,2026-05-08 23:24:03.129850,2026-05-08 23:24:34.193903,0 days 00:00:31.064053,0.9557380033663222,92.65473092807387,0.0035831959892576996,10,53,1500,COMPLETE
343,35.736785422194,2026-05-08 23:24:34.193903,2026-05-08 23:25:07.238573,0 days 00:00:33.044670,0.962100297306047,87.09775649381399,0.003392621307003036,10,49,1500,COMPLETE
344,35.82283057297943,2026-05-08 23:25:07.238573,2026-05-08 23:25:42.302207,0 days 00:00:35.063634,0.9729393243694107,88.29313671823456,0.0030694104259225254,10,48,1500,COMPLETE
345,35.78391092873883,2026-05-08 23:25:42.302207,2026-05-08 23:26:16.176301,0 days 00:00:33.874094,0.9652022491933182,91.03950745725221,0.003400752491990576,10,47,1500,COMPLETE
346,35.850100678058176,2026-05-08 23:26:16.176301,2026-05-08 23:26:52.429835,0 days 00:00:36.253534,0.9590955013380791,92.96106679282863,0.0027662398886899634,10,50,1500,COMPLETE
347,35.7326945316335,2026-05-08 23:26:52.430346,2026-05-08 23:27:25.120095,0 days 00:00:32.689749,0.9760584841359788,86.03003156463663,0.0033378362111129286,10,50,1500,COMPLETE
348,35.967632400813116,2026-05-08 23:27:25.120095,2026-05-08 23:28:04.780178,0 days 00:00:39.660083,0.9734758050081309,82.81821642172022,0.0023092879620404015,10,46,1500,COMPLETE
349,35.868130875732454,2026-05-08 23:28:04.780178,2026-05-08 23:28:41.699731,0 days 00:00:36.919553,0.9755447156960709,85.21106276737446,0.002722041276453857,10,48,1500,COMPLETE
350,35.7355240676855,2026-05-08 23:28:41.699731,2026-05-08 23:29:14.250551,0 days 00:00:32.550820,0.9559060668450239,87.11170191160204,0.003317526255107192,10,50,1500,COMPLETE
351,35.75904383060704,2026-05-08 23:29:14.250551,2026-05-08 23:29:48.314233,0 days 00:00:34.063682,0.9565310425798328,86.55418546672757,0.0030852138734827348,10,49,1500,COMPLETE
352,35.71593275079781,2026-05-08 23:29:48.314400,2026-05-08 23:30:20.840028,0 days 00:00:32.525628,0.964008472257412,87.06551074184202,0.0033979046942090594,10,50,1500,COMPLETE
353,35.74540973032953,2026-05-08 23:30:20.840028,2026-05-08 23:30:54.700753,0 days 00:00:33.860725,0.9694804865065131,84.86468953746017,0.0033996060223655945,10,46,1500,COMPLETE
354,35.89428767653439,2026-05-08 23:30:54.700753,2026-05-08 23:31:32.761447,0 days 00:00:38.060694,0.9795317930531376,82.81145608284609,0.0025691408728640286,10,46,1500,COMPLETE
355,35.780840574885396,2026-05-08 23:31:32.761447,2026-05-08 23:32:06.605170,0 days 00:00:33.843723,0.9652033494956139,84.058753476529,0.003278385752811687,10,46,1500,COMPLETE
356,35.805896031936,2026-05-08 23:32:06.605170,2026-05-08 23:32:41.595019,0 days 00:00:34.989849,0.9665126957246581,84.80271020480014,0.0030195004406150597,10,48,1500,COMPLETE
357,35.771592533524014,2026-05-08 23:32:41.595019,2026-05-08 23:33:15.122770,0 days 00:00:33.527751,0.9571968720615875,87.15745416995937,0.0035356731648910357,10,45,1500,COMPLETE
358,35.833091244900274,2026-05-08 23:33:15.122770,2026-05-08 23:33:50.632571,0 days 00:00:35.509801,0.9830998622009349,86.82676075003539,0.0028447458961976557,10,50,1500,COMPLETE
359,35.94258786193149,2026-05-08 23:33:50.632571,2026-05-08 23:34:30.372542,0 days 00:00:39.739971,0.951762321845273,81.38256694031612,0.002425102311705049,10,42,1500,COMPLETE
360,35.792385433814694,2026-05-08 23:34:30.372542,2026-05-08 23:35:03.915588,0 days 00:00:33.543046,0.9758131490464707,88.34017325084137,0.0033518920460266916,10,47,1500,COMPLETE
361,35.777329716077695,2026-05-08 23:35:03.915588,2026-05-08 23:35:36.790041,0 days 00:00:32.874453,0.9892750419903745,89.4374493119648,0.0034528692307621935,10,50,1500,COMPLETE
362,36.095947435020214,2026-05-08 23:35:36.790041,2026-05-08 23:36:16.788817,0 days 00:00:39.998776,0.9666108282009771,86.2321427515445,0.002044791954021243,10,49,1500,COMPLETE
363,35.8491412032066,2026-05-08 23:36:16.788817,2026-05-08 23:36:53.716922,0 days 00:00:36.928105,0.945890037176465,89.9200498593792,0.002809099761124599,10,45,1500,COMPLETE
364,35.744661956023364,2026-05-08 23:36:53.716922,2026-05-08 23:37:25.092556,0 days 00:00:31.375634,0.9551935869192724,86.75965192975796,0.0035605462150290687,10,51,1500,COMPLETE
365,35.79403805870412,2026-05-08 23:37:25.092556,2026-05-08 23:37:57.729945,0 days 00:00:32.637389,0.957725130615091,85.0272632736405,0.0031383701209428184,10,52,1500,COMPLETE
366,35.744000762822175,2026-05-08 23:37:57.729945,2026-05-08 23:38:30.906098,0 days 00:00:33.176153,0.9435099921165043,79.39993081964187,0.00358117509698217,10,43,1500,COMPLETE
367,35.87333106510251,2026-05-08 23:38:30.906098,2026-05-08 23:39:05.371101,0 days 00:00:34.465003,0.954863427619315,87.78001501699944,0.0035174921896249764,10,42,1500,COMPLETE
368,35.81827880288723,2026-05-08 23:39:05.371101,2026-05-08 23:39:41.232424,0 days 00:00:35.861323,0.9448637471681776,78.78321899556396,0.0029438005098530195,10,43,1500,COMPLETE
