number,value,datetime_start,datetime_complete,duration,params_fair_c,params_feature_fraction,params_learning_rate,params_max_depth,params_min_child_samples,params_n_estimators,params_num_leaves,state
242,35.601071459478916,2026-05-05 13:50:29.703773,2026-05-05 13:50:30.717605,0 days 00:00:01.013832,101.01433565316144,0.9182689799935573,0.04600904142066839,10,57,197,79,COMPLETE
243,35.515652894679434,2026-05-05 13:50:30.717605,2026-05-05 13:50:31.592547,0 days 00:00:00.874942,96.89442468225063,0.951721131179938,0.04205324727194735,10,58,148,76,COMPLETE
244,35.414468379111085,2026-05-05 13:50:31.592547,2026-05-05 13:50:32.717415,0 days 00:00:01.124868,103.58867234331088,0.9388865685664449,0.029528482075776016,10,59,177,79,COMPLETE
245,35.468373330068985,2026-05-05 13:50:32.717415,2026-05-05 13:50:33.877029,0 days 00:00:01.159614,103.62073826273867,0.9380915147362406,0.028863564564489144,10,59,185,79,COMPLETE
246,35.373382937346534,2026-05-05 13:50:33.877029,2026-05-05 13:50:35.282781,0 days 00:00:01.405752,101.76754239464675,0.9200867832358548,0.024621056040586543,10,57,229,79,COMPLETE
247,35.76043783631087,2026-05-05 13:50:35.285781,2026-05-05 13:50:36.755681,0 days 00:00:01.469900,101.1219334656951,0.9462730889495602,0.025637806365367007,10,53,232,79,COMPLETE
248,35.4500227186255,2026-05-05 13:50:36.756680,2026-05-05 13:50:37.498908,0 days 00:00:00.742228,99.90827902215611,0.9661838990226189,0.04990713258924924,10,59,103,78,COMPLETE
249,35.5664320130405,2026-05-05 13:50:37.499908,2026-05-05 13:50:38.147599,0 days 00:00:00.647691,94.23374451943579,0.9847176502156407,0.06099500570679851,10,59,111,73,COMPLETE
250,35.676272869505894,2026-05-05 13:50:38.148599,2026-05-05 13:50:39.227339,0 days 00:00:01.078740,99.5927654244157,0.9659244031322768,0.04550464599775459,10,57,219,80,COMPLETE
251,35.45142969232116,2026-05-05 13:50:39.228339,2026-05-05 13:50:40.378024,0 days 00:00:01.149685,103.94991911943472,0.9360118131975574,0.02946880226655627,10,59,191,75,COMPLETE
252,35.49089989918899,2026-05-05 13:50:40.378380,2026-05-05 13:50:41.504542,0 days 00:00:01.126162,103.72711797167729,0.9342444937488531,0.030676928484909594,10,60,177,77,COMPLETE
253,35.45757367752495,2026-05-05 13:50:41.504542,2026-05-05 13:50:42.293015,0 days 00:00:00.788473,101.54063025512113,0.9126961188539309,0.05205798213279366,10,59,145,75,COMPLETE
254,35.395714844222525,2026-05-05 13:50:42.293015,2026-05-05 13:50:43.042968,0 days 00:00:00.749953,101.05260034639355,0.9126353613765125,0.05268719784155267,10,57,132,75,COMPLETE
255,35.725921865239854,2026-05-05 13:50:43.042968,2026-05-05 13:50:43.952688,0 days 00:00:00.909720,98.82426324102528,0.9564433030257318,0.027840712666381818,10,57,115,78,COMPLETE
256,35.43256239611193,2026-05-05 13:50:43.952688,2026-05-05 13:50:45.244219,0 days 00:00:01.291531,103.92037737109814,0.9233371263671297,0.024318815389999176,10,57,205,74,COMPLETE
257,35.66669464615687,2026-05-05 13:50:45.244219,2026-05-05 13:50:46.173562,0 days 00:00:00.929343,95.18848360812645,0.942528235040657,0.05555234866143614,10,57,195,72,COMPLETE
258,36.24288552449582,2026-05-05 13:50:46.173562,2026-05-05 13:50:46.977055,0 days 00:00:00.803493,100.8323888005066,0.9297480956311163,0.024546622502553787,10,54,103,74,COMPLETE
259,35.57447916645159,2026-05-05 13:50:46.977055,2026-05-05 13:50:47.881672,0 days 00:00:00.904617,105.10528522022916,0.914635832853712,0.033763621816302866,10,60,135,75,COMPLETE
260,35.48868334710538,2026-05-05 13:50:47.882189,2026-05-05 13:50:48.861998,0 days 00:00:00.979809,98.88651725812926,0.9710062882812155,0.041987299682861204,10,56,180,77,COMPLETE
261,35.50328544815332,2026-05-05 13:50:48.861998,2026-05-05 13:50:50.261743,0 days 00:00:01.399745,102.36109514173636,0.9503538045177763,0.0260218337501864,10,59,250,72,COMPLETE
262,35.48573680523523,2026-05-05 13:50:50.261743,2026-05-05 13:50:51.368716,0 days 00:00:01.106973,105.23183779104515,0.90966348986864,0.03683816335777451,10,57,207,80,COMPLETE
263,35.661519064852214,2026-05-05 13:50:51.368716,2026-05-05 13:50:52.445008,0 days 00:00:01.076292,95.43136910998312,0.9319690708197195,0.03232145613118842,10,53,163,75,COMPLETE
264,35.50796806957267,2026-05-05 13:50:52.445008,2026-05-05 13:50:53.647380,0 days 00:00:01.202372,100.95645001444919,0.9228011051718221,0.0275916022088368,10,60,197,77,COMPLETE
265,35.716078974820206,2026-05-05 13:50:53.648381,2026-05-05 13:50:54.712586,0 days 00:00:01.064205,105.99912416505188,0.9360708575420772,0.02357369302286065,10,57,136,81,COMPLETE
266,35.765823291565184,2026-05-05 13:50:54.712586,2026-05-05 13:50:55.778108,0 days 00:00:01.065522,97.84216629713151,0.9110804490211426,0.05092008525126634,10,59,243,74,COMPLETE
267,35.62377067737904,2026-05-05 13:50:55.778108,2026-05-05 13:50:57.027997,0 days 00:00:01.249889,102.8183908629016,0.946852689128333,0.022588788382243624,10,56,170,78,COMPLETE
268,35.59443688865864,2026-05-05 13:50:57.027997,2026-05-05 13:50:58.273015,0 days 00:00:01.245018,90.8188594056642,0.9238299903342704,0.031310163692687784,10,54,216,79,COMPLETE
269,35.709840319099236,2026-05-05 13:50:58.273015,2026-05-05 13:50:59.297744,0 days 00:00:01.024729,105.43854309231952,0.9087475690113532,0.025625220539160116,10,59,138,77,COMPLETE
270,35.619791131668975,2026-05-05 13:50:59.298683,2026-05-05 13:51:00.064558,0 days 00:00:00.765875,99.8346959593593,0.9633303410064599,0.040212034996554374,10,56,101,81,COMPLETE
271,35.45860462139959,2026-05-05 13:51:00.065560,2026-05-05 13:51:01.249937,0 days 00:00:01.184377,102.94111895700946,0.9376717943616156,0.028555983837908788,10,60,195,74,COMPLETE
272,35.448399175809755,2026-05-05 13:51:01.249937,2026-05-05 13:51:02.812280,0 days 00:00:01.562343,97.32089487241363,0.923676591203879,0.02267327378288845,10,54,254,77,COMPLETE
273,35.68398139856113,2026-05-05 13:51:02.812280,2026-05-05 13:51:03.833549,0 days 00:00:01.021269,94.18038908070939,0.9537649107853272,0.03653418289029103,10,53,162,76,COMPLETE
274,35.861917857519586,2026-05-05 13:51:03.833549,2026-05-05 13:51:04.844927,0 days 00:00:01.011378,96.351438137945,0.9826469067526045,0.04870486996172179,10,54,212,72,COMPLETE
275,35.43397269166907,2026-05-05 13:51:04.845927,2026-05-05 13:51:06.416140,0 days 00:00:01.570213,99.12649520938061,0.906865971586861,0.02245179619107722,10,57,263,81,COMPLETE
276,35.530690238612245,2026-05-05 13:51:06.416140,2026-05-05 13:51:07.992438,0 days 00:00:01.576298,97.87537110198024,0.9072290031851213,0.022657093702515098,10,55,258,81,COMPLETE
277,35.551316804728145,2026-05-05 13:51:07.992438,2026-05-05 13:51:08.678744,0 days 00:00:00.686306,100.08772089894701,0.920586613746654,0.06737113534186372,10,57,129,78,COMPLETE
278,35.7494231509606,2026-05-05 13:51:08.679744,2026-05-05 13:51:10.157038,0 days 00:00:01.477294,106.16752963696062,0.9060625789463294,0.025353085226429546,10,52,245,81,COMPLETE
279,35.427194525923426,2026-05-05 13:51:10.158038,2026-05-05 13:51:11.721298,0 days 00:00:01.563260,93.89561280514309,0.9254740092644258,0.02220646064645333,10,56,264,77,COMPLETE
280,35.49362585837586,2026-05-05 13:51:11.721298,2026-05-05 13:51:13.297562,0 days 00:00:01.576264,92.53916024640642,0.9268016315205363,0.022397955496726362,10,57,262,80,COMPLETE
281,35.5593050109111,2026-05-05 13:51:13.297562,2026-05-05 13:51:14.957149,0 days 00:00:01.659587,95.46098838508706,0.9129480461992453,0.021852599972678844,10,54,275,82,COMPLETE
282,35.57801830233825,2026-05-05 13:51:14.957149,2026-05-05 13:51:16.480922,0 days 00:00:01.523773,102.00541709743332,0.9265470708266818,0.026914037985135177,10,27,223,76,COMPLETE
283,35.45660835704494,2026-05-05 13:51:16.480922,2026-05-05 13:51:17.549281,0 days 00:00:01.068359,90.20681984889931,0.9049729210607653,0.031211161222986953,10,56,173,73,COMPLETE
284,35.564928196949026,2026-05-05 13:51:17.549784,2026-05-05 13:51:19.222434,0 days 00:00:01.672650,107.05874145068424,0.9440322378461391,0.021405326989857098,10,55,252,77,COMPLETE
285,35.42171495663029,2026-05-05 13:51:19.222434,2026-05-05 13:51:20.616420,0 days 00:00:01.393986,97.80808166572812,0.9176062689677611,0.025086208040943227,10,57,214,82,COMPLETE
286,35.71544841514021,2026-05-05 13:51:20.616420,2026-05-05 13:51:22.050908,0 days 00:00:01.434488,97.52814521797899,0.9113484603003313,0.024181906842112237,10,53,220,82,COMPLETE
287,35.404235684059934,2026-05-05 13:51:22.051908,2026-05-05 13:51:23.518952,0 days 00:00:01.467044,94.37913898611095,0.9187662396078669,0.025918057934397557,10,56,264,80,COMPLETE
288,37.362238716547665,2026-05-05 13:51:23.533956,2026-05-05 13:51:24.639005,0 days 00:00:01.105049,91.8154796598319,0.9026872014064522,0.07930324837760619,10,50,274,83,COMPLETE
289,35.415854678265205,2026-05-05 13:51:24.639334,2026-05-05 13:51:26.178512,0 days 00:00:01.539178,93.56716340364524,0.9210026180023374,0.021127441868305827,10,56,240,82,COMPLETE
290,35.42500229398242,2026-05-05 13:51:26.178512,2026-05-05 13:51:27.726967,0 days 00:00:01.548455,93.15320018547096,0.9189510846156225,0.021379127249150306,10,56,243,81,COMPLETE
291,35.453501885141506,2026-05-05 13:51:27.726967,2026-05-05 13:51:29.336065,0 days 00:00:01.609098,94.43445891727796,0.9173750886655626,0.025196443058063102,10,56,291,82,COMPLETE
292,35.694603018752744,2026-05-05 13:51:29.336065,2026-05-05 13:51:30.877610,0 days 00:00:01.541545,90.12273039029749,0.9354536985459362,0.021099426888270705,10,52,237,80,COMPLETE
293,35.497750140345104,2026-05-05 13:51:30.878610,2026-05-05 13:51:32.252507,0 days 00:00:01.373897,91.25185506649903,0.9035331880347415,0.02486211590663076,10,55,208,81,COMPLETE
294,36.48356489276506,2026-05-05 13:51:32.253508,2026-05-05 13:51:33.156256,0 days 00:00:00.902748,93.78920825691775,0.8858213955006105,0.09497329180019173,10,56,232,84,COMPLETE
295,35.386644018928116,2026-05-05 13:51:33.157037,2026-05-05 13:51:34.837551,0 days 00:00:01.680514,106.99495222263039,0.9169341978974477,0.020124276575428836,10,57,269,83,COMPLETE
296,35.39893631694785,2026-05-05 13:51:34.837551,2026-05-05 13:51:36.531849,0 days 00:00:01.694298,106.43898163992499,0.9179750755615679,0.020628011029885252,10,57,279,82,COMPLETE
297,35.48869507071679,2026-05-05 13:51:36.531849,2026-05-05 13:51:38.306590,0 days 00:00:01.774741,106.41716959488193,0.9160349498135888,0.02025389924951742,10,56,300,80,COMPLETE
298,35.43970886228658,2026-05-05 13:51:38.307589,2026-05-05 13:51:39.925309,0 days 00:00:01.617720,102.51549126286434,0.8992510713401172,0.02168578386736364,10,57,270,82,COMPLETE
299,35.388466382115155,2026-05-05 13:51:39.926310,2026-05-05 13:51:41.504710,0 days 00:00:01.578400,101.83117633103119,0.913631593531309,0.02168870120871531,10,57,263,82,COMPLETE
300,35.687376113083936,2026-05-05 13:51:41.504710,2026-05-05 13:51:43.107697,0 days 00:00:01.602987,101.41182713220422,0.9190712299527668,0.022038372155830665,10,53,260,82,COMPLETE
301,35.36010231790986,2026-05-05 13:51:43.107697,2026-05-05 13:51:44.588791,0 days 00:00:01.481094,103.10528174103494,0.9299358794720056,0.026844073691828865,10,57,264,79,COMPLETE
302,35.41582593293726,2026-05-05 13:51:44.591790,2026-05-05 13:51:45.894207,0 days 00:00:01.302417,97.71083636204402,0.936336624094597,0.02760619159749615,10,57,199,79,COMPLETE
303,35.49930249776506,2026-05-05 13:51:45.895209,2026-05-05 13:51:47.177876,0 days 00:00:01.282667,106.37171759478771,0.9409161162651425,0.02847446620602223,10,54,197,79,COMPLETE
304,35.86376237544399,2026-05-05 13:51:47.177876,2026-05-05 13:51:48.464512,0 days 00:00:01.286636,96.61156564122292,0.9339363090691377,0.03203806691372195,10,51,224,79,COMPLETE
305,35.418247895552454,2026-05-05 13:51:48.465511,2026-05-05 13:51:49.677669,0 days 00:00:01.212158,103.33710466854448,0.9286943400723486,0.026113393251656222,10,57,181,80,COMPLETE
306,35.54164325103034,2026-05-05 13:51:49.677669,2026-05-05 13:51:50.905709,0 days 00:00:01.228040,101.98056401308037,0.9469692359680787,0.02718422333921184,10,55,182,79,COMPLETE
307,35.575981169546594,2026-05-05 13:51:50.905709,2026-05-05 13:51:52.204209,0 days 00:00:01.298500,96.0871014664227,0.9313732806878487,0.03284387768737835,10,58,238,83,COMPLETE
308,35.55024818282696,2026-05-05 13:51:52.204209,2026-05-05 13:51:53.332205,0 days 00:00:01.127996,106.57826583407679,0.9190084309939731,0.026723826927877968,10,60,157,81,COMPLETE
309,36.38817256366125,2026-05-05 13:51:53.333204,2026-05-05 13:51:53.655483,0 days 00:00:00.322279,99.600918965953,0.5483724218608979,0.03000826896479865,3,56,215,79,COMPLETE
310,35.746880927378776,2026-05-05 13:51:53.655483,2026-05-05 13:51:55.435929,0 days 00:00:01.780446,103.07136510974003,0.9318532502826077,0.019312538669561546,10,53,283,78,COMPLETE
311,35.46175377095156,2026-05-05 13:51:55.436929,2026-05-05 13:51:56.686589,0 days 00:00:01.249660,106.25903591830642,0.9151752162089181,0.024961595746601555,10,58,183,83,COMPLETE
312,36.10575159699453,2026-05-05 13:51:56.686589,2026-05-05 13:51:57.787615,0 days 00:00:01.101026,97.0017276765996,0.5027561299911865,0.03467441215785783,10,55,238,80,COMPLETE
313,35.5339982563857,2026-05-05 13:51:57.787615,2026-05-05 13:51:58.887318,0 days 00:00:01.099703,101.60347625642252,0.9467651449597417,0.027588940880998513,10,60,156,81,COMPLETE
314,35.432740785962075,2026-05-05 13:51:58.887318,2026-05-05 13:52:00.321636,0 days 00:00:01.434318,104.41598711687568,0.9283676219979311,0.024366167130920113,10,57,196,77,COMPLETE
315,35.43321962514034,2026-05-05 13:52:00.321636,2026-05-05 13:52:02.059648,0 days 00:00:01.738012,98.94349217399926,0.9131799648750856,0.020073614704176974,10,59,282,83,COMPLETE
316,35.86224398663939,2026-05-05 13:52:02.059648,2026-05-05 13:52:03.402630,0 days 00:00:01.342982,94.26172968859612,0.9392380765549478,0.03095593272156472,10,52,248,78,COMPLETE
317,35.527801554541625,2026-05-05 13:52:03.402630,2026-05-05 13:52:04.855979,0 days 00:00:01.453349,106.7629829863649,0.9278452245725874,0.023488177065417348,10,55,230,80,COMPLETE
318,35.38678324639649,2026-05-05 13:52:04.855979,2026-05-05 13:52:06.126722,0 days 00:00:01.270743,101.28017199744902,0.9070408887404945,0.02752943871858584,10,57,206,76,COMPLETE
319,35.58175922447994,2026-05-05 13:52:06.126722,2026-05-05 13:52:07.182257,0 days 00:00:01.055535,98.79627863685648,0.889391190881507,0.03599642008879129,10,54,184,75,COMPLETE
320,35.47703569550308,2026-05-05 13:52:07.182257,2026-05-05 13:52:08.216879,0 days 00:00:01.034622,101.42801263956396,0.9058414368175101,0.02938435434103927,10,57,157,71,COMPLETE
321,37.860671038480305,2026-05-05 13:52:08.216879,2026-05-05 13:52:09.883381,0 days 00:00:01.666502,95.71624155856473,0.9123801868832548,0.02629017274098737,10,12,213,76,COMPLETE
322,35.4337764852508,2026-05-05 13:52:09.883381,2026-05-05 13:52:11.063825,0 days 00:00:01.180444,102.31051821868637,0.944315880125931,0.028098150524917254,10,59,191,77,COMPLETE
323,36.005705778429444,2026-05-05 13:52:11.063825,2026-05-05 13:52:12.223483,0 days 00:00:01.159658,107.00832523181454,0.8973713443330446,0.018787373226854632,10,56,146,78,COMPLETE
324,35.483506515393074,2026-05-05 13:52:12.223483,2026-05-05 13:52:13.714513,0 days 00:00:01.491030,98.59808063602749,0.9286236088336973,0.02492910743320287,10,60,280,75,COMPLETE
325,35.54872207146258,2026-05-05 13:52:13.714513,2026-05-05 13:52:14.952428,0 days 00:00:01.237915,104.15403615021569,0.9154982094526687,0.03202823233055722,10,54,219,80,COMPLETE
326,35.43369003733452,2026-05-05 13:52:14.967725,2026-05-05 13:52:16.691158,0 days 00:00:01.723433,92.19879795853538,0.9049564767253381,0.02062147907454339,10,57,308,73,COMPLETE
327,35.5241887462512,2026-05-05 13:52:16.691158,2026-05-05 13:52:17.674420,0 days 00:00:00.983262,100.73927625083613,0.9511149023819065,0.03739629936535777,10,63,174,78,COMPLETE
328,35.557661925277465,2026-05-05 13:52:17.674420,2026-05-05 13:52:19.056256,0 days 00:00:01.381836,95.88454827102875,0.9386854983490702,0.0292671981896348,10,60,262,81,COMPLETE
329,35.75493753202709,2026-05-05 13:52:19.056256,2026-05-05 13:52:20.438109,0 days 00:00:01.381853,107.22941567762409,0.9207952950139016,0.02461831043673377,10,52,208,83,COMPLETE
330,35.46627014570876,2026-05-05 13:52:20.438109,2026-05-05 13:52:22.062082,0 days 00:00:01.623973,103.68745004818199,0.887584898069582,0.018881232028843325,10,56,250,76,COMPLETE
331,35.68463065463868,2026-05-05 13:52:22.062910,2026-05-05 13:52:23.222617,0 days 00:00:01.159707,98.49846390666416,0.9312682978324408,0.022579887730647154,10,58,149,84,COMPLETE
332,35.50900713421588,2026-05-05 13:52:23.222617,2026-05-05 13:52:24.375340,0 days 00:00:01.152723,101.17557223809412,0.9070858281572902,0.0328754105872606,10,61,225,69,COMPLETE
333,35.609115775644966,2026-05-05 13:52:24.375340,2026-05-05 13:52:25.631028,0 days 00:00:01.255688,104.80418761304499,0.9554710629935148,0.02682724081256445,10,54,185,79,COMPLETE
334,35.40251953650663,2026-05-05 13:52:25.632159,2026-05-05 13:52:27.286827,0 days 00:00:01.654668,88.75382315730087,0.9207812651994604,0.020648974272439096,10,58,276,81,COMPLETE
335,35.444702639650046,2026-05-05 13:52:27.286827,2026-05-05 13:52:28.736073,0 days 00:00:01.449246,107.39568018863952,0.8926839388987419,0.029722181240966445,10,59,300,81,COMPLETE
336,54.34385739815487,2026-05-05 13:52:28.736073,2026-05-05 13:52:29.762857,0 days 00:00:01.026784,109.66334483257675,0.9140981627580677,0.001312716378154635,10,58,210,33,COMPLETE
337,35.91190453725877,2026-05-05 13:52:29.763737,2026-05-05 13:52:30.966085,0 days 00:00:01.202348,89.0426967194428,0.9033158290041392,0.018738182754147858,10,63,158,84,COMPLETE
338,35.65335329947011,2026-05-05 13:52:30.966085,2026-05-05 13:52:31.654489,0 days 00:00:00.688404,97.82571230672916,0.938868224360661,0.025782121662430796,10,61,240,15,COMPLETE
339,35.95079790405525,2026-05-05 13:52:31.654926,2026-05-05 13:52:32.662441,0 days 00:00:01.007515,102.32016392050134,0.9174105835616018,0.021162885197187842,10,58,127,82,COMPLETE
340,35.54722333303725,2026-05-05 13:52:32.663444,2026-05-05 13:52:34.064059,0 days 00:00:01.400615,100.56559111457332,0.9295886122768178,0.03374332073932644,10,56,284,80,COMPLETE
341,35.51250800662782,2026-05-05 13:52:34.065058,2026-05-05 13:52:35.304997,0 days 00:00:01.239939,104.16418936745464,0.901164849405926,0.024166090172605337,10,60,188,82,COMPLETE
342,36.10346624436815,2026-05-05 13:52:35.304997,2026-05-05 13:52:36.471546,0 days 00:00:01.166549,96.59234844320272,0.4303064491420757,0.02871523403854173,10,54,235,79,COMPLETE
343,35.40979468771709,2026-05-05 13:52:36.471546,2026-05-05 13:52:38.271073,0 days 00:00:01.799527,93.00306375075901,0.9432709429607345,0.020398230059414265,10,57,303,84,COMPLETE
344,35.73232220327804,2026-05-05 13:52:38.272073,2026-05-05 13:52:39.962232,0 days 00:00:01.690159,90.24571302251852,0.9594044894918347,0.021678831643400738,10,50,294,74,COMPLETE
345,35.871889491558946,2026-05-05 13:52:39.963232,2026-05-05 13:52:41.408640,0 days 00:00:01.445408,92.44116464790969,0.9421999209450896,0.03856467893191689,10,56,322,81,COMPLETE
346,35.48019445144047,2026-05-05 13:52:41.408640,2026-05-05 13:52:42.694318,0 days 00:00:01.285678,95.27454507995913,0.9465959360815047,0.026664200100475623,10,60,207,78,COMPLETE
347,35.559128524270605,2026-05-05 13:52:42.694318,2026-05-05 13:52:43.912561,0 days 00:00:01.218243,89.20856996818374,0.9297903795676797,0.024249666363424217,10,57,167,85,COMPLETE
348,35.70785984476025,2026-05-05 13:52:43.913562,2026-05-05 13:52:45.568048,0 days 00:00:01.654486,92.5332782245547,0.9231636869371971,0.020619782765254162,10,52,266,76,COMPLETE
349,36.27937233538965,2026-05-05 13:52:45.568048,2026-05-05 13:52:45.930709,0 days 00:00:00.362661,98.78186223288024,0.9717487600666596,0.031114617105001227,4,55,134,80,COMPLETE
350,35.603879664992135,2026-05-05 13:52:45.930709,2026-05-05 13:52:47.148173,0 days 00:00:01.217464,100.5918646171983,0.9422500990594523,0.02700239520453444,10,63,187,82,COMPLETE
351,35.52772628364751,2026-05-05 13:52:47.148173,2026-05-05 13:52:48.824742,0 days 00:00:01.676569,94.0579334227464,0.9126011332009953,0.02291640963454779,10,60,312,84,COMPLETE
352,35.45412141915617,2026-05-05 13:52:48.824742,2026-05-05 13:52:49.984383,0 days 00:00:01.159641,96.81423107299669,0.8841616281337401,0.03540433633902657,10,58,222,77,COMPLETE
353,35.71379068435518,2026-05-05 13:52:49.984383,2026-05-05 13:52:51.662925,0 days 00:00:01.678542,102.95556825661043,0.9600038911298648,0.019057254580188213,10,53,247,79,COMPLETE
354,35.466443336588966,2026-05-05 13:52:51.663925,2026-05-05 13:52:52.733319,0 days 00:00:01.069394,99.59836853703365,0.9333175361305998,0.03061679912988057,10,56,169,74,COMPLETE
355,35.48814618132112,2026-05-05 13:52:52.734169,2026-05-05 13:52:54.311801,0 days 00:00:01.577632,107.43502316676262,0.899554948311819,0.023898335756742606,10,62,280,82,COMPLETE
356,35.546220371616556,2026-05-05 13:52:54.312115,2026-05-05 13:52:55.745713,0 days 00:00:01.433598,109.92651204847196,0.9206713183837583,0.02096854519241037,10,58,206,79,COMPLETE
357,35.5594669083888,2026-05-05 13:52:55.745713,2026-05-05 13:52:57.087996,0 days 00:00:01.342283,102.75926150131234,0.9124739884505267,0.026636641069641625,10,55,238,72,COMPLETE
358,38.01033425835105,2026-05-05 13:52:57.087996,2026-05-05 13:52:57.636563,0 days 00:00:00.548567,94.59506439341754,0.9505684232759498,0.29878998952277214,10,60,137,76,COMPLETE
359,39.39369513473358,2026-05-05 13:52:57.636563,2026-05-05 13:52:59.422570,0 days 00:00:01.786007,88.37441597015035,0.9355537705851951,0.018817679916792007,10,5,186,85,COMPLETE
360,35.587186858165694,2026-05-05 13:52:59.423041,2026-05-05 13:53:00.934914,0 days 00:00:01.511873,105.27083232237919,0.8944667899025182,0.029681526911453978,10,57,302,81,COMPLETE
361,35.59907733766495,2026-05-05 13:53:00.934914,2026-05-05 13:53:02.469546,0 days 00:00:01.534632,98.13845134908134,0.928393338067454,0.02451056447502197,10,54,265,78,COMPLETE
362,35.4509973400169,2026-05-05 13:53:02.470546,2026-05-05 13:53:03.922837,0 days 00:00:01.452291,101.14787310131227,0.9074501976657149,0.02185410228221172,10,59,223,83,COMPLETE
