number,value,datetime_start,datetime_complete,duration,params_fair_c,params_feature_fraction,params_learning_rate,params_max_depth,params_min_child_samples,params_n_estimators,params_num_leaves,state
0,36.0951179914857,2026-05-05 13:39:48.397295,2026-05-05 13:39:52.601230,0 days 00:00:04.203935,77.05738049337744,0.9727154792904502,0.0062686449627507345,9,96,591,66,COMPLETE
1,37.618707733456446,2026-05-05 13:39:52.603231,2026-05-05 13:39:55.073244,0 days 00:00:02.470013,54.17446148619333,0.7955570554156748,0.1015054937568568,10,42,1225,16,COMPLETE
2,39.28913846731766,2026-05-05 13:39:55.073244,2026-05-05 13:39:57.586919,0 days 00:00:02.513675,42.68803918504795,0.569852536999771,0.001719289616688459,5,20,848,57,COMPLETE
3,36.16481565275528,2026-05-05 13:39:57.586919,2026-05-05 13:40:00.128407,0 days 00:00:02.541488,26.557318211290777,0.594447336875322,0.01529414618819514,9,26,471,87,COMPLETE
4,39.32116171373197,2026-05-05 13:40:00.128407,2026-05-05 13:40:04.698758,0 days 00:00:04.570351,79.74572039833821,0.8239917442397346,0.18623304332491733,8,24,1393,77,COMPLETE
5,38.09250435109603,2026-05-05 13:40:04.699015,2026-05-05 13:40:05.968211,0 days 00:00:01.269196,46.38134277359539,0.49620270790844895,0.11899291998494077,6,79,831,96,COMPLETE
6,35.842018607203656,2026-05-05 13:40:05.968211,2026-05-05 13:40:07.182498,0 days 00:00:01.214287,25.568274140192944,0.8479076123794319,0.021331590703307216,5,83,668,16,COMPLETE
7,49.71058408585115,2026-05-05 13:40:07.183355,2026-05-05 13:40:09.594963,0 days 00:00:02.411608,94.07217025268211,0.8039715396253538,0.001020197980113282,9,31,422,44,COMPLETE
8,37.38903312715378,2026-05-05 13:40:09.595961,2026-05-05 13:40:11.623467,0 days 00:00:02.027506,43.000983875911324,0.9185767114163006,0.07776060392894976,5,17,966,60,COMPLETE
9,41.87105769381493,2026-05-05 13:40:11.624467,2026-05-05 13:40:13.766239,0 days 00:00:02.141772,36.991690033285884,0.5211306841402913,0.002071286529571167,8,47,433,53,COMPLETE
10,36.43591219437475,2026-05-05 13:40:13.766239,2026-05-05 13:40:14.085603,0 days 00:00:00.319364,25.378055083270887,0.7334352880040844,0.03024371999667838,3,70,185,17,COMPLETE
11,36.918385237387284,2026-05-05 13:40:14.085603,2026-05-05 13:40:15.003262,0 days 00:00:00.917659,61.92911617914167,0.9613692768552167,0.006486825578274072,3,98,634,36,COMPLETE
12,35.72770082947256,2026-05-05 13:40:15.004262,2026-05-05 13:40:18.454931,0 days 00:00:03.450669,69.4820949994438,0.9906999979447478,0.008034284827819083,7,98,1088,76,COMPLETE
13,36.05779793032604,2026-05-05 13:40:18.457464,2026-05-05 13:40:21.100260,0 days 00:00:02.642796,33.44600857499046,0.8832609062791422,0.021236167650510573,6,76,1220,108,COMPLETE
14,35.811867304365585,2026-05-05 13:40:21.100515,2026-05-05 13:40:23.216831,0 days 00:00:02.116316,64.8065530174159,0.6690277693340878,0.007572164275156811,5,62,1025,74,COMPLETE
15,35.76705324991417,2026-05-05 13:40:23.216831,2026-05-05 13:40:26.758213,0 days 00:00:03.541382,64.34258245113692,0.6519300336004173,0.007175800431351599,7,66,1091,76,COMPLETE
16,36.44089456409334,2026-05-05 13:40:26.758213,2026-05-05 13:40:31.386410,0 days 00:00:04.628197,102.67145920170483,0.4018553248975238,0.003209994496735109,7,59,1155,88,COMPLETE
17,36.75487067716219,2026-05-05 13:40:31.387413,2026-05-05 13:40:34.080122,0 days 00:00:02.692709,73.65789476323586,0.7374622644896467,0.04120948440123287,7,89,1357,74,COMPLETE
18,35.92131063427482,2026-05-05 13:40:34.080122,2026-05-05 13:40:38.666997,0 days 00:00:04.586875,56.220298660571245,0.6551454394785843,0.009312139218378064,8,66,1487,109,COMPLETE
19,36.205340438398295,2026-05-05 13:40:38.682254,2026-05-05 13:40:44.285739,0 days 00:00:05.603485,88.92359548655212,0.6184775776086373,0.003018372838848716,7,38,1050,94,COMPLETE
20,35.95665570423902,2026-05-05 13:40:44.286184,2026-05-05 13:40:45.725438,0 days 00:00:01.439254,67.84980928086583,0.7294469621825925,0.01139993364210599,4,54,943,45,COMPLETE
21,35.74578638847917,2026-05-05 13:40:45.726438,2026-05-05 13:40:49.004305,0 days 00:00:03.277867,62.724017044033225,0.6723111845951001,0.004989956799956546,6,63,1076,73,COMPLETE
22,36.06073179919247,2026-05-05 13:40:49.004305,2026-05-05 13:40:52.201688,0 days 00:00:03.197383,59.27948711814177,0.5328010636760152,0.0041892840185929325,6,87,1112,66,COMPLETE
23,35.75059721054332,2026-05-05 13:40:52.202689,2026-05-05 13:40:56.752956,0 days 00:00:04.550267,50.664270547900514,0.681999237563712,0.004712400193106188,7,74,1287,81,COMPLETE
24,37.943027365018125,2026-05-05 13:40:56.753956,2026-05-05 13:41:02.012390,0 days 00:00:05.258434,49.92975215473298,0.7601539384256345,0.004292775711981082,6,9,1283,82,COMPLETE
25,36.754569313304835,2026-05-05 13:41:02.012390,2026-05-05 13:41:09.997872,0 days 00:00:07.985482,50.28461430722327,0.6981335132994974,0.0017151647447227914,8,73,1328,100,COMPLETE
26,36.44524596593863,2026-05-05 13:41:09.997872,2026-05-05 13:41:12.185210,0 days 00:00:02.187338,83.51021132345373,0.8772995388839331,0.011874287885212201,4,52,1494,68,COMPLETE
27,35.969209276930485,2026-05-05 13:41:12.185210,2026-05-05 13:41:16.004334,0 days 00:00:03.819124,70.91882455739264,0.7739609153720692,0.004523237058302335,7,91,936,85,COMPLETE
28,40.48066714037471,2026-05-05 13:41:16.004334,2026-05-05 13:41:20.344271,0 days 00:00:04.339937,37.16890444013116,0.43380927036217976,0.0010222711451507154,6,79,1261,51,COMPLETE
29,37.392546754811264,2026-05-05 13:41:20.344271,2026-05-05 13:41:24.246745,0 days 00:00:03.902474,76.3743101717293,0.6952239466031124,0.0026368072097363486,8,94,759,67,COMPLETE
30,35.824736705447044,2026-05-05 13:41:24.246745,2026-05-05 13:41:30.027731,0 days 00:00:05.780986,105.44978773198258,0.9754037168923613,0.00478218267948317,9,85,1129,81,COMPLETE
31,35.79321710469914,2026-05-05 13:41:30.028731,2026-05-05 13:41:33.569147,0 days 00:00:03.540416,61.302407759798164,0.6136188104761435,0.0065535421073112795,7,66,1052,72,COMPLETE
32,35.8769933512178,2026-05-05 13:41:33.570148,2026-05-05 13:41:37.129683,0 days 00:00:03.559535,55.126365941427636,0.6277355266490219,0.008968329739895711,7,55,1196,91,COMPLETE
33,35.83612667084832,2026-05-05 13:41:37.129683,2026-05-05 13:41:39.078890,0 days 00:00:01.949207,70.9893573098081,0.6633189029628864,0.015386333561447486,6,69,886,80,COMPLETE
34,35.77024506564966,2026-05-05 13:41:39.078890,2026-05-05 13:41:43.043880,0 days 00:00:03.964990,47.05514373414511,0.5748623780463415,0.006090459799305636,10,44,773,61,COMPLETE
35,35.78024321235774,2026-05-05 13:41:43.059109,2026-05-05 13:41:45.745003,0 days 00:00:02.685894,57.66248359363435,0.6451719841625196,0.012403115869582563,7,100,1082,70,COMPLETE
36,37.0448168856087,2026-05-05 13:41:45.745003,2026-05-05 13:41:54.280919,0 days 00:00:08.535916,66.88450228934781,0.5535145917955606,0.001520177959057852,8,60,1426,100,COMPLETE
37,36.68848400416364,2026-05-05 13:41:54.280919,2026-05-05 13:41:57.487184,0 days 00:00:03.206265,52.752983302983196,0.6944936956110077,0.002419162093454248,5,79,1180,77,COMPLETE
38,37.208854307014676,2026-05-05 13:41:57.487184,2026-05-05 13:42:00.396646,0 days 00:00:02.909462,83.24089539954299,0.5818707753597401,0.030007400662261628,9,48,997,85,COMPLETE
39,35.70922057639131,2026-05-05 13:42:00.396646,2026-05-05 13:42:04.129588,0 days 00:00:03.732942,44.88739668110417,0.8131748905820356,0.005193882946712882,6,73,1328,57,COMPLETE
40,35.96170418061489,2026-05-05 13:42:04.131588,2026-05-05 13:42:07.374732,0 days 00:00:03.243144,42.92539711507014,0.8055569525491815,0.003852977652401294,5,83,1305,56,COMPLETE
41,35.747167775643256,2026-05-05 13:42:07.375354,2026-05-05 13:42:11.297390,0 days 00:00:03.922036,40.2557762817547,0.9230743046878256,0.005646204933884169,6,73,1401,64,COMPLETE
42,35.73198551751552,2026-05-05 13:42:11.297390,2026-05-05 13:42:15.188187,0 days 00:00:03.890797,38.31524974558944,0.9198355205855555,0.005607548263004405,6,74,1391,61,COMPLETE
43,35.875524796267975,2026-05-05 13:42:15.188187,2026-05-05 13:42:19.115518,0 days 00:00:03.927331,30.533775201440612,0.9349201843795234,0.005759308943386204,6,72,1433,48,COMPLETE
44,35.94349106491605,2026-05-05 13:42:19.116518,2026-05-05 13:42:22.769907,0 days 00:00:03.653389,38.53113207224232,0.9953590881566804,0.003397382269366651,5,77,1378,36,COMPLETE
45,36.10358169551676,2026-05-05 13:42:22.769907,2026-05-05 13:42:25.762723,0 days 00:00:02.992816,39.98737271103414,0.9226759818761294,0.01916397246458006,6,63,1433,63,COMPLETE
46,35.715636568391055,2026-05-05 13:42:25.762723,2026-05-05 13:42:27.746804,0 days 00:00:01.984081,34.606978667492804,0.848192033780337,0.008736545090698402,4,95,1225,58,COMPLETE
47,35.79758158482322,2026-05-05 13:42:27.746804,2026-05-05 13:42:29.306184,0 days 00:00:01.559380,32.817809499900825,0.8494088005871698,0.00882724466154781,3,93,1220,57,COMPLETE
48,38.55128253840262,2026-05-05 13:42:29.307112,2026-05-05 13:42:29.637426,0 days 00:00:00.330314,30.109094888167494,0.8867218672384922,0.014184582053175366,4,96,117,39,COMPLETE
49,36.10337581771178,2026-05-05 13:42:29.637426,2026-05-05 13:42:31.353071,0 days 00:00:01.715645,45.91845282493507,0.83850002267738,0.026481589897591213,4,81,1260,56,COMPLETE
50,37.1489778580182,2026-05-05 13:42:31.353071,2026-05-05 13:42:31.872451,0 days 00:00:00.519380,34.56469323118894,0.9588907634166772,0.24873677465417393,5,100,294,51,COMPLETE
51,35.746333807225994,2026-05-05 13:42:31.873321,2026-05-05 13:42:35.699438,0 days 00:00:03.826117,40.26387019688513,0.8915111634659739,0.005403552190781546,6,88,1393,64,COMPLETE
52,35.776858363757626,2026-05-05 13:42:35.699438,2026-05-05 13:42:38.740866,0 days 00:00:03.041428,44.469167816109476,0.8929021085976938,0.007979722797169304,6,88,1187,59,COMPLETE
53,35.73947529988817,2026-05-05 13:42:38.740866,2026-05-05 13:42:41.274711,0 days 00:00:02.533845,28.168129029882,0.9547881918926628,0.010917747786903754,5,95,1346,26,COMPLETE
54,35.75266997522176,2026-05-05 13:42:41.275375,2026-05-05 13:42:43.380418,0 days 00:00:02.105043,27.499087825202583,0.9486793991885569,0.009861554079916058,4,94,1340,22,COMPLETE
55,35.80846663904515,2026-05-05 13:42:43.381418,2026-05-05 13:42:45.495373,0 days 00:00:02.113955,27.915392860386127,0.9975135135720646,0.01684401619298027,5,84,1137,27,COMPLETE
56,36.332657428744916,2026-05-05 13:42:45.495373,2026-05-05 13:42:47.499380,0 days 00:00:02.004007,34.71832230385333,0.8642672051648113,0.040083530816102615,5,96,1254,30,COMPLETE
57,35.91297597355356,2026-05-05 13:42:47.500412,2026-05-05 13:42:50.094135,0 days 00:00:02.593723,30.909042223709005,0.8182219347048538,0.010597404262066413,5,36,1355,41,COMPLETE
58,36.953763242788625,2026-05-05 13:42:50.094135,2026-05-05 13:42:50.913510,0 days 00:00:00.819375,32.278099228046166,0.976455805695078,0.00794040452836802,3,90,501,73,COMPLETE
59,37.07783402317808,2026-05-05 13:42:50.913510,2026-05-05 13:42:52.903532,0 days 00:00:01.990022,36.24077170497114,0.9115964591925962,0.0761782761163485,4,69,1461,70,COMPLETE
60,36.08134245501196,2026-05-05 13:42:52.904533,2026-05-05 13:42:56.884375,0 days 00:00:03.979842,26.365257942131674,0.7803659707468698,0.003525561688698114,6,98,1316,46,COMPLETE
61,35.79751842934358,2026-05-05 13:42:56.885273,2026-05-05 13:43:00.713401,0 days 00:00:03.828128,41.18345424124485,0.9020593642489703,0.005346999601093627,6,91,1380,63,COMPLETE
62,36.25889679275734,2026-05-05 13:43:00.713401,2026-05-05 13:43:05.315160,0 days 00:00:04.601759,28.99084578598865,0.9432195647506576,0.002611688994840977,6,88,1227,53,COMPLETE
63,35.778942549503796,2026-05-05 13:43:05.315160,2026-05-05 13:43:09.641768,0 days 00:00:04.326608,47.90010784200206,0.8473360998794262,0.007097587659143216,7,82,1472,66,COMPLETE
64,35.79283032050308,2026-05-05 13:43:09.641768,2026-05-05 13:43:12.654864,0 days 00:00:03.013096,38.8333360989752,0.8629331717817206,0.0050405852104894915,5,86,1298,76,COMPLETE
65,35.90190896681504,2026-05-05 13:43:12.654864,2026-05-05 13:43:15.446300,0 days 00:00:02.791436,25.07579884280098,0.9752212324794967,0.01176364542228036,6,77,1162,59,COMPLETE
66,35.746364949937835,2026-05-05 13:43:15.446300,2026-05-05 13:43:18.758042,0 days 00:00:03.311742,35.97245027538249,0.7429547784249383,0.006799748956637377,7,57,854,69,COMPLETE
67,35.852654165734776,2026-05-05 13:43:18.758632,2026-05-05 13:43:21.209749,0 days 00:00:02.451117,42.59995517471993,0.9313861364285864,0.014229530533702156,6,92,1088,79,COMPLETE
68,35.75941371032731,2026-05-05 13:43:21.209749,2026-05-05 13:43:23.320683,0 days 00:00:02.110934,63.109041216338824,0.8233014681900066,0.008629240897510786,5,64,992,72,COMPLETE
69,38.81396518184587,2026-05-05 13:43:23.320683,2026-05-05 13:43:25.472833,0 days 00:00:02.152150,38.43445975755327,0.9048722446415943,0.002042080811999591,7,98,689,19,COMPLETE
70,36.0257020757642,2026-05-05 13:43:25.473322,2026-05-05 13:43:30.223966,0 days 00:00:04.750644,52.56261430759521,0.9523483522048898,0.0030230849410479072,6,96,1404,49,COMPLETE
71,35.714478573360154,2026-05-05 13:43:30.223966,2026-05-05 13:43:33.544793,0 days 00:00:03.320827,35.99614887655206,0.7620501653221206,0.006517793404989418,7,60,849,69,COMPLETE
72,35.85684768863261,2026-05-05 13:43:33.545792,2026-05-05 13:43:37.833436,0 days 00:00:04.287644,34.89532299426996,0.7627283403842654,0.004334975118811187,7,50,942,64,COMPLETE
73,35.697406059195465,2026-05-05 13:43:37.833436,2026-05-05 13:43:41.931950,0 days 00:00:04.098514,41.8902765726976,0.7149949005798214,0.006453022160759752,8,68,1036,67,COMPLETE
74,35.782695031616754,2026-05-05 13:43:41.933980,2026-05-05 13:43:46.221647,0 days 00:00:04.287667,31.520583572682774,0.7194262277613827,0.006840519429222093,9,60,890,75,COMPLETE
75,35.75591945760094,2026-05-05 13:43:46.221647,2026-05-05 13:43:49.638045,0 days 00:00:03.416398,44.682942419110745,0.7206084408284158,0.010083416830869397,8,67,1050,60,COMPLETE
76,35.92562431390759,2026-05-05 13:43:49.638045,2026-05-05 13:43:55.065995,0 days 00:00:05.427950,37.50240461546651,0.7908611951389953,0.0037802325049499713,8,71,1035,84,COMPLETE
77,35.76622125163152,2026-05-05 13:43:55.065995,2026-05-05 13:43:57.479491,0 days 00:00:02.413496,49.153737410441124,0.8015644382739906,0.012999319045384266,7,58,798,54,COMPLETE
78,35.771258466695556,2026-05-05 13:43:57.479491,2026-05-05 13:44:02.366221,0 days 00:00:04.886730,33.61976685754438,0.7577340137831924,0.006125982248202902,8,55,1109,88,COMPLETE
79,35.687344272806854,2026-05-05 13:44:02.366221,2026-05-05 13:44:05.590193,0 days 00:00:03.223972,58.928412043513745,0.671317312309912,0.007963280106901461,7,62,991,71,COMPLETE
80,36.211372329604465,2026-05-05 13:44:05.590193,2026-05-05 13:44:08.340116,0 days 00:00:02.749923,41.551822121226,0.7076163369367132,0.02242315410060111,8,74,987,78,COMPLETE
81,35.717636833794394,2026-05-05 13:44:08.341141,2026-05-05 13:44:11.344685,0 days 00:00:03.003544,59.68850934290956,0.6872835287411074,0.007890269669591643,7,62,874,71,COMPLETE
82,35.751807539564616,2026-05-05 13:44:11.359913,2026-05-05 13:44:14.357441,0 days 00:00:02.997528,59.15448868587633,0.6766993635708418,0.007577765962156598,7,67,867,67,COMPLETE
83,35.67454115923573,2026-05-05 13:44:14.358326,2026-05-05 13:44:17.122031,0 days 00:00:02.763705,67.96642255901924,0.7415726823903207,0.010912234877271165,7,64,908,70,COMPLETE
84,35.7305214045845,2026-05-05 13:44:17.122031,2026-05-05 13:44:19.774570,0 days 00:00:02.652539,69.06550246625315,0.6364777670692323,0.008932348873453646,7,65,746,71,COMPLETE
85,35.72215331412827,2026-05-05 13:44:19.774570,2026-05-05 13:44:22.331974,0 days 00:00:02.557404,69.6530643393304,0.6409999934914413,0.009357796552807442,7,62,742,70,COMPLETE
86,36.155371129029746,2026-05-05 13:44:22.332974,2026-05-05 13:44:24.922684,0 days 00:00:02.589710,74.20517350516346,0.6039841000817483,0.018235104367832704,8,61,908,69,COMPLETE
87,35.98177979739519,2026-05-05 13:44:24.922684,2026-05-05 13:44:27.367993,0 days 00:00:02.445309,79.822024964953,0.6562677911599665,0.012967486942850779,7,53,825,67,COMPLETE
88,35.645616604378915,2026-05-05 13:44:27.368993,2026-05-05 13:44:30.100189,0 days 00:00:02.731196,65.94549568709732,0.7448537506366524,0.007782823639748349,7,62,678,74,COMPLETE
89,35.5858103226825,2026-05-05 13:44:30.115803,2026-05-05 13:44:32.849927,0 days 00:00:02.734124,65.86675183136543,0.7400713248115589,0.009898470710994,8,62,595,74,COMPLETE
90,35.61693718314656,2026-05-05 13:44:32.849927,2026-05-05 13:44:36.113555,0 days 00:00:03.263628,64.62783445756482,0.7498454072127079,0.007540020463067534,9,56,574,74,COMPLETE
91,35.85933446994328,2026-05-05 13:44:36.113555,2026-05-05 13:44:39.835987,0 days 00:00:03.722432,65.64413139670312,0.6878959570826575,0.006453964949842098,10,51,565,74,COMPLETE
92,35.60878535017311,2026-05-05 13:44:39.835987,2026-05-05 13:44:43.380933,0 days 00:00:03.544946,59.997461619978274,0.7481120852807258,0.007658602688046452,9,57,628,82,COMPLETE
93,35.531243923369956,2026-05-05 13:44:43.380933,2026-05-05 13:44:46.355806,0 days 00:00:02.974873,54.0461844986709,0.7428866465552957,0.010524657998709204,9,56,603,78,COMPLETE
94,35.56416144309039,2026-05-05 13:44:46.355806,2026-05-05 13:44:49.445902,0 days 00:00:03.090096,55.90119344685429,0.7463446942617112,0.010941164434213814,9,57,592,81,COMPLETE
95,35.60979324997848,2026-05-05 13:44:49.445902,2026-05-05 13:44:52.610143,0 days 00:00:03.164241,56.047934539543604,0.7450244652093015,0.010599870964269715,9,45,613,83,COMPLETE
96,35.82572338448753,2026-05-05 13:44:52.611143,2026-05-05 13:44:55.300921,0 days 00:00:02.689778,55.00945934251844,0.7388545078568073,0.015974964979498327,9,44,591,91,COMPLETE
97,35.63327805335806,2026-05-05 13:44:55.301239,2026-05-05 13:44:58.497793,0 days 00:00:03.196554,57.01852589222949,0.7457575242897321,0.010786200051757774,9,57,660,84,COMPLETE
98,35.601295281107596,2026-05-05 13:44:58.497793,2026-05-05 13:45:01.561323,0 days 00:00:03.063530,57.11008606663482,0.7514372077469097,0.01158752648692938,9,57,675,82,COMPLETE
99,35.61944572778778,2026-05-05 13:45:01.561323,2026-05-05 13:45:04.652098,0 days 00:00:03.090775,57.28011588152288,0.7503562646202817,0.010996627499958094,9,57,652,83,COMPLETE
100,35.919805624065745,2026-05-05 13:45:04.652098,2026-05-05 13:45:07.611084,0 days 00:00:02.958986,57.02310439769173,0.7742022773114036,0.013960794071052605,9,49,692,83,COMPLETE
101,35.601785964374415,2026-05-05 13:45:07.611084,2026-05-05 13:45:10.645547,0 days 00:00:03.034463,54.079120586197355,0.748602554360745,0.011086829183295841,9,57,638,86,COMPLETE
102,35.58826828213749,2026-05-05 13:45:10.645547,2026-05-05 13:45:13.659213,0 days 00:00:03.013666,53.83865429275054,0.7860009057927555,0.0116046244750302,9,56,638,86,COMPLETE
103,35.620638286022995,2026-05-05 13:45:13.659213,2026-05-05 13:45:16.576703,0 days 00:00:02.917490,53.561554379158515,0.7872404194607275,0.01221788512105034,9,56,636,86,COMPLETE
104,35.99209180764279,2026-05-05 13:45:16.578209,2026-05-05 13:45:18.896959,0 days 00:00:02.318750,51.05699262582238,0.7892053505726538,0.02053582121955815,9,46,546,91,COMPLETE
105,35.66392665694567,2026-05-05 13:45:18.896959,2026-05-05 13:45:22.033552,0 days 00:00:03.136593,53.237249883791335,0.7524222858986417,0.0122029536649458,10,55,624,87,COMPLETE
106,35.64040323460274,2026-05-05 13:45:22.033552,2026-05-05 13:45:24.248662,0 days 00:00:02.215110,61.56031558289088,0.7254534042602617,0.015274491624292542,9,56,442,94,COMPLETE
107,35.60381049223363,2026-05-05 13:45:24.248662,2026-05-05 13:45:27.172040,0 days 00:00:02.923378,54.4429172836498,0.7833270003922866,0.009785196488163348,9,53,523,81,COMPLETE
108,35.98226461090731,2026-05-05 13:45:27.172040,2026-05-05 13:45:29.324637,0 days 00:00:02.152597,54.93431295184915,0.7710460802653442,0.024032975804197845,10,53,509,80,COMPLETE
109,35.707263801471406,2026-05-05 13:45:29.324637,2026-05-05 13:45:31.930328,0 days 00:00:02.605691,63.72959171893505,0.8093634563700913,0.009826233126655053,9,38,372,82,COMPLETE
110,35.90889329175321,2026-05-05 13:45:31.931370,2026-05-05 13:45:34.858942,0 days 00:00:02.927572,60.76061861960751,0.709405569371836,0.016238982176393635,9,46,722,90,COMPLETE
111,35.6219449289384,2026-05-05 13:45:34.858942,2026-05-05 13:45:37.823967,0 days 00:00:02.965025,51.29845177818303,0.7850802853364175,0.011782650713486277,9,58,626,88,COMPLETE
112,35.774303648683855,2026-05-05 13:45:37.823967,2026-05-05 13:45:40.437728,0 days 00:00:02.613761,56.00822289256416,0.730246359826427,0.013946518885864574,9,53,593,78,COMPLETE
113,35.89105057743487,2026-05-05 13:45:40.438728,2026-05-05 13:45:42.741314,0 days 00:00:02.302586,48.70088038634322,0.770160343493066,0.018098696338625552,9,51,527,86,COMPLETE
114,35.642923285067084,2026-05-05 13:45:42.742313,2026-05-05 13:45:46.364959,0 days 00:00:03.622646,57.97902947927041,0.8006358952394002,0.009889573853847526,10,48,649,81,COMPLETE
115,35.68615847684107,2026-05-05 13:45:46.364959,2026-05-05 13:45:49.227703,0 days 00:00:02.862744,54.5322046171538,0.8293160296315467,0.013104519893636559,9,59,601,98,COMPLETE
116,35.75107494697177,2026-05-05 13:45:49.227703,2026-05-05 13:45:52.321444,0 days 00:00:03.093741,53.73553031491058,0.7550382845850477,0.009113213342648613,9,40,474,85,COMPLETE
117,35.585148815593094,2026-05-05 13:45:52.322444,2026-05-05 13:45:55.283984,0 days 00:00:02.961540,52.25162063817957,0.77869249170439,0.011083839880247484,9,55,564,93,COMPLETE
118,35.71506448019202,2026-05-05 13:45:55.283984,2026-05-05 13:45:58.086262,0 days 00:00:02.802278,52.149651363161254,0.7042905233509992,0.010958437971107612,9,51,567,77,COMPLETE
119,35.59497782615814,2026-05-05 13:45:58.086262,2026-05-05 13:46:00.394495,0 days 00:00:02.308233,60.69292713003135,0.7668660338306532,0.015168852015726186,10,54,391,94,COMPLETE
120,35.856174432861195,2026-05-05 13:46:00.395495,2026-05-05 13:46:03.544167,0 days 00:00:03.148672,61.11249607989959,0.7317191358441194,0.015288162537142139,10,54,718,94,COMPLETE
