number,value,datetime_start,datetime_complete,duration,params_fair_c,params_feature_fraction,params_learning_rate,params_max_depth,params_min_child_samples,params_n_estimators,params_num_leaves,state
363,35.55588519880809,2026-05-05 13:53:03.923353,2026-05-05 13:53:04.941490,0 days 00:00:01.018137,104.65134697253811,0.9226507506039423,0.032920221987515146,10,64,164,80,COMPLETE
364,35.47142509353193,2026-05-05 13:53:04.941490,2026-05-05 13:53:06.212289,0 days 00:00:01.270799,96.75378550249168,0.9414156832289967,0.02717402815816915,10,57,205,76,COMPLETE
365,35.48173328296581,2026-05-05 13:53:06.212289,2026-05-05 13:53:07.707256,0 days 00:00:01.494967,100.876986443214,0.9077713141665764,0.023282467633391517,10,61,251,84,COMPLETE
366,36.3165753248536,2026-05-05 13:53:07.708257,2026-05-05 13:53:08.802363,0 days 00:00:01.094106,107.18657961397909,0.9210915374037976,0.0179083868225069,10,51,139,74,COMPLETE
367,35.52416354364103,2026-05-05 13:53:08.802363,2026-05-05 13:53:10.510533,0 days 00:00:01.708170,103.33354300322944,0.897172426677614,0.019962137567219058,10,55,283,78,COMPLETE
368,35.57981931085304,2026-05-05 13:53:10.510533,2026-05-05 13:53:12.074951,0 days 00:00:01.564418,91.97337251049403,0.9320911569907138,0.028552576038090558,10,59,318,81,COMPLETE
369,35.89583291892345,2026-05-05 13:53:12.075952,2026-05-05 13:53:13.192758,0 days 00:00:01.116806,97.59408958521931,0.9521519360652958,0.036613433713389154,10,53,184,82,COMPLETE
370,35.42595978385788,2026-05-05 13:53:13.192758,2026-05-05 13:53:14.552941,0 days 00:00:01.360183,100.04448596639129,0.9163624167122957,0.02529761173058187,10,57,231,77,COMPLETE
371,35.51075983896776,2026-05-05 13:53:14.553942,2026-05-05 13:53:15.614285,0 days 00:00:01.060343,94.48014299050267,0.8875477303749858,0.04029584500607131,10,61,205,85,COMPLETE
372,35.51287196544636,2026-05-05 13:53:15.614285,2026-05-05 13:53:16.686044,0 days 00:00:01.071759,104.29815890917729,0.9344919916315267,0.03219332265994363,10,55,160,80,COMPLETE
373,35.429925107343266,2026-05-05 13:53:16.687078,2026-05-05 13:53:18.164749,0 days 00:00:01.477671,106.95267228306325,0.90461470337457,0.021938215340847847,10,59,254,70,COMPLETE
374,35.498671198388124,2026-05-05 13:53:18.165750,2026-05-05 13:53:19.654535,0 days 00:00:01.488785,109.93844693509696,0.9196700585271868,0.028384750595481727,10,57,294,75,COMPLETE
375,37.10771148178377,2026-05-05 13:53:19.655705,2026-05-05 13:53:20.472632,0 days 00:00:00.816927,100.92567477559624,0.9396874839593101,0.017992838276750814,10,62,100,83,COMPLETE
376,35.52478205357697,2026-05-05 13:53:20.472632,2026-05-05 13:53:21.961018,0 days 00:00:01.488386,97.75717060429136,0.9246197272197394,0.02042773791284143,10,59,221,79,COMPLETE
377,35.59199805268834,2026-05-05 13:53:21.961018,2026-05-05 13:53:23.502531,0 days 00:00:01.541513,103.28353579990876,0.9088625023629804,0.02552859405857117,10,55,270,78,COMPLETE
378,35.89433200697056,2026-05-05 13:53:23.502615,2026-05-05 13:53:24.495550,0 days 00:00:00.992935,94.41006059470985,0.9610317442113598,0.023047240089759943,10,58,128,81,COMPLETE
379,39.01293225723055,2026-05-05 13:53:24.495550,2026-05-05 13:53:26.953657,0 days 00:00:02.458107,106.01039207675312,0.9453220245936365,0.14438888458059201,10,53,781,73,COMPLETE
380,35.48996751690872,2026-05-05 13:53:26.953657,2026-05-05 13:53:28.127183,0 days 00:00:01.173526,99.82526774600066,0.881317156899176,0.030393459542910447,10,56,182,85,COMPLETE
381,35.40053995464304,2026-05-05 13:53:28.128227,2026-05-05 13:53:29.464474,0 days 00:00:01.336247,102.23161722550009,0.8934109586127055,0.02608162877081151,10,61,241,76,COMPLETE
382,36.99299311844203,2026-05-05 13:53:29.465474,2026-05-05 13:53:30.349244,0 days 00:00:00.883770,104.51533972484522,0.8944397007551655,0.11413368042817423,10,64,248,83,COMPLETE
383,35.501396918458056,2026-05-05 13:53:30.349244,2026-05-05 13:53:32.119929,0 days 00:00:01.770685,102.1837010862655,0.8975120574956411,0.020717243572087877,10,62,323,80,COMPLETE
384,35.53843430485132,2026-05-05 13:53:32.119929,2026-05-05 13:53:33.621508,0 days 00:00:01.501579,107.09769727443464,0.9086764581282569,0.02464724282551285,10,65,287,77,COMPLETE
385,35.45968859583904,2026-05-05 13:53:33.621508,2026-05-05 13:53:34.975001,0 days 00:00:01.353493,102.12949914571803,0.8878147120891232,0.026510339621153695,10,60,229,82,COMPLETE
386,35.5338784543881,2026-05-05 13:53:34.975777,2026-05-05 13:53:36.619594,0 days 00:00:01.643817,106.21783064282857,0.8781889021532316,0.017728468971478114,10,62,258,79,COMPLETE
387,35.630538829683,2026-05-05 13:53:36.619594,2026-05-05 13:53:37.360681,0 days 00:00:00.741087,98.95878062281919,0.9146978220136435,0.0230880633149538,10,60,202,22,COMPLETE
388,35.50842872073241,2026-05-05 13:53:37.360681,2026-05-05 13:53:38.907199,0 days 00:00:01.546518,91.08024556132666,0.9332275071910788,0.019986232045414914,10,57,241,75,COMPLETE
389,36.52414755521853,2026-05-05 13:53:38.908201,2026-05-05 13:53:39.993943,0 days 00:00:01.085742,109.88634366162864,0.9022687876825389,0.07855233157067436,10,54,279,85,COMPLETE
390,35.574613451505556,2026-05-05 13:53:39.995448,2026-05-05 13:53:41.550793,0 days 00:00:01.555345,103.44414316648437,0.928212646874907,0.027623639825523804,10,59,309,80,COMPLETE
391,36.70472884324033,2026-05-05 13:53:41.550793,2026-05-05 13:53:41.883026,0 days 00:00:00.332233,95.61807973436115,0.5890589815224487,0.023369065398786852,3,49,213,42,COMPLETE
392,35.43207508918429,2026-05-05 13:53:41.883026,2026-05-05 13:53:43.398843,0 days 00:00:01.515817,100.52108769700493,0.9165742798789176,0.020219828389531954,10,57,240,72,COMPLETE
393,35.5450734748435,2026-05-05 13:53:43.398843,2026-05-05 13:53:44.520259,0 days 00:00:01.121416,104.96640431667333,0.9952240429030711,0.026140552450051056,10,62,156,78,COMPLETE
394,35.847235166637276,2026-05-05 13:53:44.521259,2026-05-05 13:53:45.997706,0 days 00:00:01.476447,88.01746163333563,0.9505854281113997,0.029601745762988886,10,52,270,82,COMPLETE
395,35.68931402804452,2026-05-05 13:53:45.998707,2026-05-05 13:53:47.448178,0 days 00:00:01.449471,101.99152119996153,0.9078941563213705,0.017712293957196888,10,56,201,76,COMPLETE
396,35.47660483239055,2026-05-05 13:53:47.449177,2026-05-05 13:53:48.837772,0 days 00:00:01.388595,98.17292771996271,0.8934489739446643,0.02411851956679667,10,60,228,83,COMPLETE
397,35.51815567253733,2026-05-05 13:53:48.837772,2026-05-05 13:53:50.503302,0 days 00:00:01.665530,107.50316143713061,0.9392778376332551,0.021177033710602002,10,64,299,80,COMPLETE
398,35.5112696152397,2026-05-05 13:53:50.504303,2026-05-05 13:53:51.613531,0 days 00:00:01.109228,104.74824013634324,0.9702421680544302,0.03308585219096932,10,58,180,78,COMPLETE
399,35.5943901422234,2026-05-05 13:53:51.614530,2026-05-05 13:53:53.028031,0 days 00:00:01.413501,92.88770839815479,0.923154974781428,0.02701867796602932,10,54,263,74,COMPLETE
400,35.51526611906702,2026-05-05 13:53:53.028031,2026-05-05 13:53:54.465418,0 days 00:00:01.437387,99.77981373299319,0.9169210672077972,0.02254130935023484,10,56,209,85,COMPLETE
401,35.49420667257054,2026-05-05 13:53:54.465418,2026-05-05 13:53:56.284697,0 days 00:00:01.819279,96.16625056237497,0.9313933666552674,0.018244800463777803,10,61,333,66,COMPLETE
