number,value,datetime_start,datetime_complete,duration,params_alpha,params_feature_fraction,params_learning_rate,params_max_depth,params_min_child_samples,params_n_estimators,params_num_leaves,state
0,35.73082163738817,2026-05-05 13:27:12.432071,2026-05-05 13:27:13.385500,0 days 00:00:00.953429,33.38391410597834,0.6825079642401692,0.05726246143327068,3,33,674,105,COMPLETE
1,36.20907541763453,2026-05-05 13:27:13.388003,2026-05-05 13:27:14.937881,0 days 00:00:01.549878,57.80018418029761,0.5743792023447749,0.06371784162612318,8,14,451,19,COMPLETE
2,35.67972854089099,2026-05-05 13:27:14.938770,2026-05-05 13:27:19.973452,0 days 00:00:05.034682,46.42599272855122,0.7779463837999373,0.011329722418685233,7,89,1118,95,COMPLETE
3,56.88296845936715,2026-05-05 13:27:19.973452,2026-05-05 13:27:20.991718,0 days 00:00:01.018266,54.48493525458392,0.6026163134035115,0.001548009881611069,5,59,326,44,COMPLETE
4,35.82879208594728,2026-05-05 13:27:20.992718,2026-05-05 13:27:21.424169,0 days 00:00:00.431451,92.88765802718954,0.8438513220512609,0.134533687214395,3,27,192,59,COMPLETE
5,35.79420591597776,2026-05-05 13:27:21.424419,2026-05-05 13:27:22.987804,0 days 00:00:01.563385,25.363618798922758,0.899143247004933,0.01903794038193405,3,74,1296,89,COMPLETE
6,36.77487362195414,2026-05-05 13:27:22.988800,2026-05-05 13:27:24.391913,0 days 00:00:01.403113,106.84326192117516,0.7115850544933578,0.05900898650729898,3,97,1306,52,COMPLETE
7,35.94324281592672,2026-05-05 13:27:24.392913,2026-05-05 13:27:25.917078,0 days 00:00:01.524165,33.11060889943542,0.7190021986575539,0.05607259045534445,3,68,1064,22,COMPLETE
8,37.13966759574527,2026-05-05 13:27:25.917078,2026-05-05 13:27:28.309605,0 days 00:00:02.392527,58.049110651232574,0.6840871097155308,0.06911199631319143,8,45,963,60,COMPLETE
9,35.652562076250476,2026-05-05 13:27:28.310606,2026-05-05 13:27:31.124994,0 days 00:00:02.814388,106.71683348581291,0.6344786136763175,0.006794037902865601,7,54,1155,21,COMPLETE
10,44.411033886744555,2026-05-05 13:27:31.141012,2026-05-05 13:27:33.749794,0 days 00:00:02.608782,79.18676344692398,0.4006615461986394,0.0020415704847808287,10,49,710,34,COMPLETE
11,35.76517362780576,2026-05-05 13:27:33.749794,2026-05-05 13:27:37.558174,0 days 00:00:03.808380,41.295049704767884,0.818627022619588,0.006741825514726138,6,95,1475,82,COMPLETE
12,35.5965760613881,2026-05-05 13:27:37.558174,2026-05-05 13:27:41.535230,0 days 00:00:03.977056,73.25729441180152,0.9545206215492351,0.008396615031498618,8,77,999,75,COMPLETE
13,35.8563033443872,2026-05-05 13:27:41.538228,2026-05-05 13:27:47.402516,0 days 00:00:05.864288,71.04259459929249,0.9868931040983304,0.005010965464682288,10,77,882,78,COMPLETE
14,36.02622687504244,2026-05-05 13:27:47.402516,2026-05-05 13:27:52.991339,0 days 00:00:05.588823,76.2609489141329,0.5032945379340473,0.00402949104948312,8,60,1198,73,COMPLETE
15,35.74609522436934,2026-05-05 13:27:52.991339,2026-05-05 13:27:54.512047,0 days 00:00:01.520708,98.80067315979522,0.9772876632842344,0.01969957727017615,5,82,817,31,COMPLETE
16,35.40924542375527,2026-05-05 13:27:54.512047,2026-05-05 13:27:57.428483,0 days 00:00:02.916436,86.12785364684855,0.5856529042818983,0.010696689565384665,9,39,562,66,COMPLETE
17,35.79948718457477,2026-05-05 13:27:57.428483,2026-05-05 13:27:59.511690,0 days 00:00:02.083207,69.15924476458419,0.5013809143061101,0.027419177851258844,9,38,531,71,COMPLETE
18,41.77107264536739,2026-05-05 13:27:59.511690,2026-05-05 13:28:03.504389,0 days 00:00:03.992699,85.24992185346133,0.5227701351227567,0.002885829968188971,9,7,564,67,COMPLETE
19,58.27988322420799,2026-05-05 13:28:03.504389,2026-05-05 13:28:06.816593,0 days 00:00:03.312204,65.08943067422628,0.404047575403864,0.0010248205903017153,9,23,387,107,COMPLETE
20,42.60014514192486,2026-05-05 13:28:06.816593,2026-05-05 13:28:07.441563,0 days 00:00:00.624970,86.83306301315417,0.9218276304521447,0.010590210135248806,6,66,123,51,COMPLETE
21,35.584484614784934,2026-05-05 13:28:07.441563,2026-05-05 13:28:10.682473,0 days 00:00:03.240910,109.55588729316602,0.6159591575718869,0.009124094487087401,7,43,962,85,COMPLETE
22,35.7846299433881,2026-05-05 13:28:10.683473,2026-05-05 13:28:13.612795,0 days 00:00:02.929322,93.1565943419936,0.5536559724265911,0.010899467623697675,7,44,975,89,COMPLETE
23,36.06746147752027,2026-05-05 13:28:13.612795,2026-05-05 13:28:15.741563,0 days 00:00:02.128768,108.35956782392208,0.626898916038397,0.03139933662486398,8,37,715,83,COMPLETE
24,35.51721262926439,2026-05-05 13:28:15.741563,2026-05-05 13:28:21.787664,0 days 00:00:06.046101,80.82315468837989,0.7758292915897017,0.006942985720647214,9,23,926,97,COMPLETE
25,36.38026822605623,2026-05-05 13:28:21.787664,2026-05-05 13:28:29.724517,0 days 00:00:07.936853,81.87330078786829,0.7713317177902332,0.003756331830651813,10,20,853,98,COMPLETE
26,35.7895801226254,2026-05-05 13:28:29.724517,2026-05-05 13:28:32.689579,0 days 00:00:02.965062,63.73242360416438,0.4623894724081157,0.013891384848172582,9,29,587,98,COMPLETE
27,36.018292231488076,2026-05-05 13:28:32.689579,2026-05-05 13:28:34.255998,0 days 00:00:01.566419,94.84892198313824,0.6558932503314355,0.028898155556277175,5,13,751,87,COMPLETE
28,35.82755619316849,2026-05-05 13:28:34.256998,2026-05-05 13:28:39.389545,0 days 00:00:05.132547,49.29687817061722,0.7501595164652165,0.005974272800687798,9,39,910,65,COMPLETE
29,39.93125091447568,2026-05-05 13:28:39.390428,2026-05-05 13:28:45.429547,0 days 00:00:06.039119,89.82910165765459,0.666146177698832,0.0027037566482953804,10,30,649,103,COMPLETE
30,38.66287390606268,2026-05-05 13:28:45.430546,2026-05-05 13:28:47.362034,0 days 00:00:01.931488,39.12383487642766,0.8294353662298368,0.19042830796280563,4,18,1263,110,COMPLETE
31,35.51846924332883,2026-05-05 13:28:47.362034,2026-05-05 13:28:51.616743,0 days 00:00:04.254709,74.42214386904209,0.572005732623654,0.008250241833491241,8,33,1032,79,COMPLETE
32,35.81197049014125,2026-05-05 13:28:51.617744,2026-05-05 13:28:54.348706,0 days 00:00:02.730962,99.05717129258656,0.5807828772900014,0.018670643118526727,7,32,1012,80,COMPLETE
33,35.71660648654396,2026-05-05 13:28:54.349185,2026-05-05 13:28:58.548637,0 days 00:00:04.199452,79.79738330486762,0.557411323368991,0.008461284280453549,8,44,1077,93,COMPLETE
34,35.50322845990543,2026-05-05 13:28:58.548637,2026-05-05 13:29:01.860878,0 days 00:00:03.312241,57.65658128598872,0.6016226110990606,0.0129307356075552,9,35,770,68,COMPLETE
35,35.92133752784923,2026-05-05 13:29:01.860878,2026-05-05 13:29:03.937134,0 days 00:00:02.076256,58.70034790018483,0.45733008311694234,0.013682096356299722,9,26,467,51,COMPLETE
36,35.60367270437901,2026-05-05 13:29:03.937134,2026-05-05 13:29:07.152130,0 days 00:00:03.214996,64.14770225170967,0.5878165445994675,0.01480257032910572,9,35,787,69,COMPLETE
37,38.81333847971242,2026-05-05 13:29:07.152130,2026-05-05 13:29:10.978226,0 days 00:00:03.826096,51.64782697228923,0.5385371909409569,0.00473680839839162,10,14,634,56,COMPLETE
38,36.218709033868535,2026-05-05 13:29:10.978226,2026-05-05 13:29:12.660696,0 days 00:00:01.682470,68.95521074118903,0.7154878517991891,0.040892490647216576,8,6,319,64,COMPLETE
39,35.55471105759058,2026-05-05 13:29:12.660696,2026-05-05 13:29:14.457124,0 days 00:00:01.796428,44.5102073326757,0.7988730375451216,0.023744374331848315,9,50,480,44,COMPLETE
40,50.34143248769574,2026-05-05 13:29:14.457124,2026-05-05 13:29:16.239304,0 days 00:00:01.782180,55.45585891666681,0.6516522879838824,0.0032949344730118053,8,24,268,59,COMPLETE
41,35.58452479452512,2026-05-05 13:29:16.239304,2026-05-05 13:29:18.054052,0 days 00:00:01.814748,43.4888599994921,0.8657775575715063,0.020603341734798115,9,53,441,42,COMPLETE
42,36.018867875806805,2026-05-05 13:29:18.054052,2026-05-05 13:29:20.130264,0 days 00:00:02.076212,35.86002574589388,0.7465147535637344,0.040660533523939404,10,58,651,37,COMPLETE
43,36.54897351061043,2026-05-05 13:29:20.130264,2026-05-05 13:29:21.700641,0 days 00:00:01.570377,30.14337634136716,0.7801488037363111,0.08018895544432683,9,49,491,46,COMPLETE
44,39.461459318989135,2026-05-05 13:29:21.701641,2026-05-05 13:29:24.168757,0 days 00:00:02.467116,46.004765386200724,0.806742112078239,0.006872356939957704,9,33,385,56,COMPLETE
45,35.709801466825944,2026-05-05 13:29:24.169759,2026-05-05 13:29:27.192213,0 days 00:00:03.022454,59.26904488738364,0.873114921369197,0.0239542566365942,8,40,914,74,COMPLETE
46,35.53163519889953,2026-05-05 13:29:27.207216,2026-05-05 13:29:28.824022,0 days 00:00:01.616806,74.57589608169275,0.6055242566295149,0.014451229353069913,10,28,755,15,COMPLETE
47,35.52127873208376,2026-05-05 13:29:28.824022,2026-05-05 13:29:30.657202,0 days 00:00:01.833180,78.32385520113273,0.6823142618099203,0.012908323810216563,10,21,799,16,COMPLETE
48,35.96382369704567,2026-05-05 13:29:30.657202,2026-05-05 13:29:33.684764,0 days 00:00:03.027562,82.5369409976813,0.6928284395835597,0.005361386726625636,10,19,837,28,COMPLETE
49,36.20291601620194,2026-05-05 13:29:33.684764,2026-05-05 13:29:39.448188,0 days 00:00:05.763424,76.20683542935414,0.675074456340665,0.012149452489158385,10,11,1123,62,COMPLETE
50,35.8652854320438,2026-05-05 13:29:39.448188,2026-05-05 13:29:44.774172,0 days 00:00:05.325984,67.38849349123748,0.7417068587739779,0.007818470725875404,8,17,1052,78,COMPLETE
51,35.561714061561716,2026-05-05 13:29:44.778679,2026-05-05 13:29:46.401079,0 days 00:00:01.622400,72.77770167720178,0.6031407686215466,0.015292663815650495,10,27,769,15,COMPLETE
52,35.51145932226705,2026-05-05 13:29:46.402078,2026-05-05 13:29:48.174791,0 days 00:00:01.772713,76.72379897551633,0.6363114036707729,0.011329830785036325,10,24,724,16,COMPLETE
53,35.61510950258919,2026-05-05 13:29:48.175793,2026-05-05 13:29:50.289397,0 days 00:00:02.113604,77.57127883003504,0.6360228371680723,0.00973901026040869,9,21,722,23,COMPLETE
54,35.5102808801279,2026-05-05 13:29:50.290434,2026-05-05 13:29:52.212118,0 days 00:00:01.921684,100.10156057192931,0.5682497311383382,0.010728956431207515,10,34,591,28,COMPLETE
55,36.26613165023887,2026-05-05 13:29:52.213118,2026-05-05 13:29:54.193109,0 days 00:00:01.979991,100.89031745397327,0.5706919530131672,0.006488533509420473,9,33,589,27,COMPLETE
56,35.52254436662352,2026-05-05 13:29:54.193109,2026-05-05 13:29:57.397281,0 days 00:00:03.204172,90.04435784632945,0.48807284766651715,0.010158276933091221,10,40,683,68,COMPLETE
57,35.53353480001638,2026-05-05 13:29:57.397281,2026-05-05 13:30:00.668733,0 days 00:00:03.271452,101.03364250017087,0.5356742077892385,0.007468879202115534,10,36,1450,19,COMPLETE
58,38.255000427038325,2026-05-05 13:30:00.668733,2026-05-05 13:30:05.297245,0 days 00:00:04.628512,84.00507266712901,0.6413996851650638,0.004178439439614947,9,31,547,92,COMPLETE
59,35.98906889778262,2026-05-05 13:30:05.297245,2026-05-05 13:30:08.627468,0 days 00:00:03.330223,61.722832622059165,0.5944958376858581,0.017804109887969325,8,24,927,76,COMPLETE
60,36.100671927721024,2026-05-05 13:30:08.627468,2026-05-05 13:30:11.063741,0 days 00:00:02.436273,87.52078067636324,0.5175388666003685,0.005574767259022937,9,47,860,24,COMPLETE
61,35.730842983201505,2026-05-05 13:30:11.063741,2026-05-05 13:30:14.023904,0 days 00:00:02.960163,94.62411221780492,0.6250199856822535,0.01182256482284811,10,22,829,35,COMPLETE
62,35.90366048966898,2026-05-05 13:30:14.024904,2026-05-05 13:30:15.577298,0 days 00:00:01.552394,70.87428397916392,0.7025407171767386,0.008888972041333409,10,16,605,17,COMPLETE
63,35.76012173333409,2026-05-05 13:30:15.577298,2026-05-05 13:30:17.327126,0 days 00:00:01.749828,78.5468808292199,0.569967788027381,0.012554249771624315,10,11,706,19,COMPLETE
64,35.546418716766425,2026-05-05 13:30:17.327126,2026-05-05 13:30:20.792139,0 days 00:00:03.465013,104.32902235057438,0.6775605799716466,0.009328876318409165,9,35,1215,27,COMPLETE
65,39.64411123392746,2026-05-05 13:30:20.792139,2026-05-05 13:30:23.679483,0 days 00:00:02.887344,90.39846216263577,0.5467522368131575,0.0021884554096789468,10,25,1007,21,COMPLETE
66,35.514878544994374,2026-05-05 13:30:23.679997,2026-05-05 13:30:26.020892,0 days 00:00:02.340895,83.27035155329578,0.6147834787748432,0.015906406582669872,7,40,790,70,COMPLETE
67,36.070540127660145,2026-05-05 13:30:26.020892,2026-05-05 13:30:27.652748,0 days 00:00:01.631856,94.6146735529693,0.5620164240700225,0.03325281115504253,6,43,875,67,COMPLETE
68,35.66644080204238,2026-05-05 13:30:27.652748,2026-05-05 13:30:29.777532,0 days 00:00:02.124784,83.45919158942417,0.6058640232300887,0.015753228307741975,7,41,673,70,COMPLETE
69,35.62716615612728,2026-05-05 13:30:29.778575,2026-05-05 13:30:31.141598,0 days 00:00:01.363023,86.59408210984984,0.5856879697998375,0.021622682302997766,6,29,524,72,COMPLETE
70,35.61986079176994,2026-05-05 13:30:31.142597,2026-05-05 13:30:33.101766,0 days 00:00:01.959169,66.23955856354317,0.6223874639508281,0.017235281546002224,7,56,620,102,COMPLETE
71,35.44400914744385,2026-05-05 13:30:33.102766,2026-05-05 13:30:36.424221,0 days 00:00:03.321455,72.09720128574983,0.6659645213917802,0.01135746724617889,8,37,799,84,COMPLETE
72,35.49713414282361,2026-05-05 13:30:36.424530,2026-05-05 13:30:39.694782,0 days 00:00:03.270252,72.1733478187862,0.6460640828531895,0.01077272096282629,8,36,735,84,COMPLETE
73,35.62722822099475,2026-05-05 13:30:39.695155,2026-05-05 13:30:42.276566,0 days 00:00:02.581411,71.03942050055106,0.6504940990968858,0.011348368062465908,7,46,737,84,COMPLETE
74,35.39871372026754,2026-05-05 13:30:42.276566,2026-05-05 13:30:45.824873,0 days 00:00:03.548307,61.814510925011625,0.7229458120758304,0.010750852983167488,8,37,797,89,COMPLETE
75,35.49082349577973,2026-05-05 13:30:45.824873,2026-05-05 13:30:49.394047,0 days 00:00:03.569174,55.485977458918796,0.665075506507425,0.010647100568101756,8,38,796,87,COMPLETE
76,35.49628932533862,2026-05-05 13:30:49.394047,2026-05-05 13:30:52.772339,0 days 00:00:03.378292,51.78226841876249,0.7252987039965857,0.010839157158820426,8,37,670,91,COMPLETE
77,35.56103474803119,2026-05-05 13:30:52.773338,2026-05-05 13:30:56.372235,0 days 00:00:03.598897,51.53319380666661,0.7165827566517273,0.009743568409747053,8,37,665,88,COMPLETE
78,35.722613276447355,2026-05-05 13:30:56.372235,2026-05-05 13:31:00.517036,0 days 00:00:04.144801,54.4507291044193,0.6597497657353965,0.007665650284451294,8,43,821,91,COMPLETE
79,40.8022668969963,2026-05-05 13:31:00.518227,2026-05-05 13:31:03.669824,0 days 00:00:03.151597,61.346213280260805,0.7353582572663369,0.004450134707492841,8,35,422,81,COMPLETE
80,37.2511614706277,2026-05-05 13:31:03.670884,2026-05-05 13:31:07.100989,0 days 00:00:03.430105,49.39601746642874,0.6982374325179472,0.0064464901773774634,8,64,574,95,COMPLETE
81,35.49777457210673,2026-05-05 13:31:07.100989,2026-05-05 13:31:10.475719,0 days 00:00:03.374730,55.94156635937683,0.6635906064864051,0.011048424514324025,8,31,708,86,COMPLETE
82,35.507217671260804,2026-05-05 13:31:10.475719,2026-05-05 13:31:13.774069,0 days 00:00:03.298350,56.153467090906375,0.6697597763885379,0.010426201480998024,8,38,687,86,COMPLETE
83,35.443603120276464,2026-05-05 13:31:13.774069,2026-05-05 13:31:17.100199,0 days 00:00:03.326130,54.05830740130045,0.7259338294839834,0.01372853489777702,8,30,772,86,COMPLETE
84,35.50977514172364,2026-05-05 13:31:17.100199,2026-05-05 13:31:20.722024,0 days 00:00:03.621825,49.213087516124595,0.758519710728921,0.013128338167972188,8,31,758,90,COMPLETE
85,35.9796900293254,2026-05-05 13:31:20.722024,2026-05-05 13:31:23.141365,0 days 00:00:02.419341,57.03597458781321,0.7252346756695062,0.024432160937967642,8,91,890,83,COMPLETE
86,35.6511406862666,2026-05-05 13:31:23.141365,2026-05-05 13:31:25.504623,0 days 00:00:02.363258,60.85521879073843,0.6918217589711073,0.018987411493590484,7,42,780,95,COMPLETE
87,35.59000433923405,2026-05-05 13:31:25.505618,2026-05-05 13:31:29.571434,0 days 00:00:04.065816,53.975644521621675,0.7326794631731376,0.008384075134990425,8,50,959,76,COMPLETE
88,35.51110417191017,2026-05-05 13:31:29.571434,2026-05-05 13:31:32.279567,0 days 00:00:02.708133,53.264680680067485,0.7633479264401011,0.01652253526917866,8,38,632,99,COMPLETE
89,35.49869487649523,2026-05-05 13:31:32.279567,2026-05-05 13:31:34.991728,0 days 00:00:02.712161,58.88419254285561,0.704793541827258,0.012744625572580083,7,30,695,87,COMPLETE
90,35.972790942757186,2026-05-05 13:31:34.991728,2026-05-05 13:31:39.232129,0 days 00:00:04.240401,63.30647420242024,0.7084103910016493,0.005735249344898864,7,27,822,87,COMPLETE
91,35.54732666295599,2026-05-05 13:31:39.239751,2026-05-05 13:31:42.278756,0 days 00:00:03.039005,58.34857918339172,0.6470283373766228,0.013994298964665376,8,30,705,85,COMPLETE
92,35.51436224629846,2026-05-05 13:31:42.278756,2026-05-05 13:31:45.187297,0 days 00:00:02.908541,50.423599088174896,0.7890885572505869,0.012336420079127585,7,32,741,93,COMPLETE
93,35.593407475394635,2026-05-05 13:31:45.187297,2026-05-05 13:31:47.384583,0 days 00:00:02.197286,47.398336127324455,0.665141804986347,0.02041263701892005,8,37,516,89,COMPLETE
94,35.732399420840665,2026-05-05 13:31:47.385582,2026-05-05 13:31:51.771060,0 days 00:00:04.385478,56.27085046191381,0.6886766997693825,0.00743394181384385,9,47,794,80,COMPLETE
95,35.541752655203034,2026-05-05 13:31:51.771060,2026-05-05 13:31:55.458296,0 days 00:00:03.687236,59.72254882839826,0.7232218686034942,0.009480068039584788,8,29,693,84,COMPLETE
96,35.54503336612547,2026-05-05 13:31:55.458296,2026-05-05 13:31:59.423243,0 days 00:00:03.964947,52.11746275023335,0.7074604417980355,0.011109469237324197,8,34,854,101,COMPLETE
97,35.46010953528791,2026-05-05 13:31:59.423243,2026-05-05 13:32:02.442952,0 days 00:00:03.019709,67.29063270120639,0.6820142499357298,0.014677468798422836,9,39,653,78,COMPLETE
98,35.664654873347004,2026-05-05 13:32:02.442952,2026-05-05 13:32:04.674202,0 days 00:00:02.231250,67.79091767706761,0.6823925552475695,0.014598889053921387,7,45,650,82,COMPLETE
99,35.496472508946354,2026-05-05 13:32:04.674588,2026-05-05 13:32:08.151702,0 days 00:00:03.477114,64.88399355727914,0.7481523720288031,0.009050280065402639,8,39,615,93,COMPLETE
100,36.23676707588277,2026-05-05 13:32:08.151702,2026-05-05 13:32:10.783482,0 days 00:00:02.631780,64.72353170229808,0.7495845296350445,0.00824753690602124,8,100,558,95,COMPLETE
101,35.63988951032501,2026-05-05 13:32:10.783482,2026-05-05 13:32:14.060984,0 days 00:00:03.277502,62.02176873962775,0.7278915688380191,0.009291606998631992,8,41,613,87,COMPLETE
102,35.60771365820863,2026-05-05 13:32:14.060984,2026-05-05 13:32:17.109354,0 days 00:00:03.048370,66.6471289566126,0.6993479937601844,0.017851718309712272,9,39,730,90,COMPLETE
103,35.407650557665754,2026-05-05 13:32:17.109354,2026-05-05 13:32:20.039684,0 days 00:00:02.930330,63.296998684832,0.7570974788526411,0.013329968854238006,8,36,644,93,COMPLETE
104,35.39509379058395,2026-05-05 13:32:20.039684,2026-05-05 13:32:23.365798,0 days 00:00:03.326114,69.24434564695896,0.7642092226157307,0.010321393628858824,8,36,648,93,COMPLETE
105,35.827767310209516,2026-05-05 13:32:23.368804,2026-05-05 13:32:28.484477,0 days 00:00:05.115673,69.30281264876031,0.8167226413518247,0.006462516248642373,9,37,646,105,COMPLETE
106,35.33421654684752,2026-05-05 13:32:28.484477,2026-05-05 13:32:31.069689,0 days 00:00:02.585212,73.29643547025208,0.7764738310889341,0.014673877759441551,8,39,550,97,COMPLETE
107,35.9739781536171,2026-05-05 13:32:31.072687,2026-05-05 13:32:31.899880,0 days 00:00:00.827193,69.57974617220844,0.7816988134995492,0.015637378452527096,4,44,504,97,COMPLETE
108,35.67251207202955,2026-05-05 13:32:31.899880,2026-05-05 13:32:34.366671,0 days 00:00:02.466791,74.58590023344236,0.8400103167766194,0.021756764026773505,9,48,541,93,COMPLETE
109,35.66388697241215,2026-05-05 13:32:34.367698,2026-05-05 13:32:36.378654,0 days 00:00:02.010956,63.42276307903746,0.7616512189235521,0.027724918735853605,8,42,568,92,COMPLETE
110,38.468576530377184,2026-05-05 13:32:36.382160,2026-05-05 13:32:37.663291,0 days 00:00:01.281131,65.54839859731916,0.7698731184803569,0.264651501078537,8,39,455,99,COMPLETE
111,35.427515443484744,2026-05-05 13:32:37.663291,2026-05-05 13:32:40.350564,0 days 00:00:02.687273,73.32267552472065,0.740914616234853,0.013793522453287627,8,33,609,78,COMPLETE
112,35.53088635041746,2026-05-05 13:32:40.350564,2026-05-05 13:32:44.061738,0 days 00:00:03.711174,73.93270619653052,0.7949719376678117,0.008915448005788229,8,34,596,94,COMPLETE
113,35.451571955214504,2026-05-05 13:32:44.065609,2026-05-05 13:32:47.124478,0 days 00:00:03.058869,68.87270760904455,0.7531034672931636,0.014231824906871929,8,33,622,77,COMPLETE
114,35.43348173293482,2026-05-05 13:32:47.124478,2026-05-05 13:32:50.044229,0 days 00:00:02.919751,70.78582910020046,0.8072349281119227,0.013690241867177867,8,33,667,78,COMPLETE
115,35.40532131888885,2026-05-05 13:32:50.045270,2026-05-05 13:32:53.519653,0 days 00:00:03.474383,80.29698832993029,0.8012215258148667,0.013714580568357337,9,26,635,77,COMPLETE
116,35.40175421109776,2026-05-05 13:32:53.520653,2026-05-05 13:32:56.583351,0 days 00:00:03.062698,75.44701888834764,0.8113068656270119,0.014163676942844415,9,26,534,77,COMPLETE
117,35.33332363331763,2026-05-05 13:32:56.584352,2026-05-05 13:32:59.005936,0 days 00:00:02.421584,79.79499957664439,0.8605656722945683,0.016688949255558444,9,26,402,74,COMPLETE
118,35.309180018855336,2026-05-05 13:32:59.007441,2026-05-05 13:33:01.793314,0 days 00:00:02.785873,79.52592370454646,0.8807850276209366,0.017620955116227778,9,27,498,74,COMPLETE
119,35.427266459170305,2026-05-05 13:33:01.793314,2026-05-05 13:33:03.777152,0 days 00:00:01.983838,76.21155043071343,0.8921590364634301,0.02496392215324026,9,26,365,73,COMPLETE
120,35.5372187380674,2026-05-05 13:33:03.778152,2026-05-05 13:33:05.550184,0 days 00:00:01.772032,79.95972528725808,0.8807476745818168,0.03609990912440386,9,26,348,73,COMPLETE
