number,value,datetime_start,datetime_complete,duration,params_colsample_bytree,params_huber_slope,params_learning_rate,params_max_depth,params_min_child_weight,params_n_estimators,state
246,35.75959783408684,2026-05-08 21:33:24.894548,2026-05-08 21:33:30.161876,0 days 00:00:05.267328,0.7476710413022538,87.94057996370559,0.007505712769572208,6,98,1200,COMPLETE
247,35.761151822866566,2026-05-08 21:33:30.161876,2026-05-08 21:33:35.663985,0 days 00:00:05.502109,0.7403426107927539,84.31509451591701,0.006080642384233085,6,98,1200,COMPLETE
248,35.73661082041881,2026-05-08 21:33:35.663985,2026-05-08 21:33:40.913000,0 days 00:00:05.249015,0.7579715301292153,83.7576949072229,0.007712638821264966,6,100,1200,COMPLETE
249,35.85226018018695,2026-05-08 21:33:40.913000,2026-05-08 21:33:46.211356,0 days 00:00:05.298356,0.6834372696106877,87.53750861085224,0.006809582277880368,6,95,1200,COMPLETE
250,35.76890288775179,2026-05-08 21:33:46.211356,2026-05-08 21:33:51.431033,0 days 00:00:05.219677,0.7691340866843772,84.77864331887088,0.005829300294142571,6,98,1100,COMPLETE
251,35.78007700383616,2026-05-08 21:33:51.431033,2026-05-08 21:33:56.775665,0 days 00:00:05.344632,0.7542815044370322,90.73239383210984,0.007344715615080776,6,96,1200,COMPLETE
252,35.79870853177685,2026-05-08 21:33:56.775665,2026-05-08 21:34:00.996629,0 days 00:00:04.220964,0.7781239675546182,82.9090145731221,0.00828416936045172,5,100,1200,COMPLETE
253,35.77438971323569,2026-05-08 21:34:00.996629,2026-05-08 21:34:06.420212,0 days 00:00:05.423583,0.7427184268191958,86.92016860997725,0.006594467765691386,6,98,1200,COMPLETE
254,35.81351035210092,2026-05-08 21:34:06.420212,2026-05-08 21:34:12.017542,0 days 00:00:05.597330,0.7647357638333401,82.2211346600377,0.005916905357237759,6,96,1200,COMPLETE
255,35.80745663830745,2026-05-08 21:34:12.017542,2026-05-08 21:34:17.118167,0 days 00:00:05.100625,0.7305329084875041,85.52450741324341,0.007876896466751401,6,59,1100,COMPLETE
256,35.76633400789011,2026-05-08 21:34:17.118167,2026-05-08 21:34:22.448561,0 days 00:00:05.330394,0.7506442857324673,81.6916885438812,0.007097920961373334,6,100,1200,COMPLETE
257,35.7444883937428,2026-05-08 21:34:22.448561,2026-05-08 21:34:27.621054,0 days 00:00:05.172493,0.7763165506412197,88.45028063925741,0.00849863697788817,6,98,1200,COMPLETE
258,35.7998807875178,2026-05-08 21:34:27.621054,2026-05-08 21:34:33.089563,0 days 00:00:05.468509,0.7642230410528094,83.73314526678611,0.006321514410794714,6,96,1200,COMPLETE
259,35.791571080218105,2026-05-08 21:34:33.089563,2026-05-08 21:34:38.340029,0 days 00:00:05.250466,0.7522642403223266,85.86805732922181,0.005528149609677869,6,100,1100,COMPLETE
260,35.71627173674965,2026-05-08 21:34:38.340029,2026-05-08 21:34:43.662987,0 days 00:00:05.322958,0.7614169448718993,81.3539590454591,0.007496692051128357,6,98,1200,COMPLETE
261,35.775962476343715,2026-05-08 21:34:43.662987,2026-05-08 21:34:49.228522,0 days 00:00:05.565535,0.7420080148996153,80.90505424025534,0.008502896928589977,6,94,1300,COMPLETE
262,35.788163508450246,2026-05-08 21:34:49.244151,2026-05-08 21:34:54.573994,0 days 00:00:05.329843,0.7769038486071596,89.5514290567966,0.00756670796701739,6,98,1200,COMPLETE
263,35.77268919421139,2026-05-08 21:34:54.573994,2026-05-08 21:35:00.154725,0 days 00:00:05.580731,0.7566377010542833,80.95417139020203,0.008447323764605223,6,96,1300,COMPLETE
264,36.19856931308533,2026-05-08 21:35:00.154725,2026-05-08 21:35:05.366104,0 days 00:00:05.211379,0.7343601195160442,28.72905343596925,0.006151204294288818,6,98,1300,COMPLETE
265,35.85477219983996,2026-05-08 21:35:05.366104,2026-05-08 21:35:09.718697,0 days 00:00:04.352593,0.7468008605037941,84.75545672214744,0.007662316670071007,5,96,1200,COMPLETE
266,35.71150534946226,2026-05-08 21:35:09.718697,2026-05-08 21:35:15.261568,0 days 00:00:05.542871,0.7965975412597243,82.83523148554647,0.009228613250741792,6,98,1300,COMPLETE
267,35.736247601344175,2026-05-08 21:35:15.261568,2026-05-08 21:35:20.786313,0 days 00:00:05.524745,0.7876552589399758,86.06768671440963,0.009522480103388926,6,93,1300,COMPLETE
268,35.737744424210625,2026-05-08 21:35:20.786313,2026-05-08 21:35:26.053577,0 days 00:00:05.267264,0.776240720098125,80.24777418811266,0.0085251416717493,6,98,1200,COMPLETE
269,35.7657636404227,2026-05-08 21:35:26.053577,2026-05-08 21:35:31.556758,0 days 00:00:05.503181,0.7997336344135391,83.62835996713865,0.009509174723784783,6,95,1300,COMPLETE
270,35.73675742500043,2026-05-08 21:35:31.556758,2026-05-08 21:35:37.074579,0 days 00:00:05.517821,0.7659146641011096,80.49219961896078,0.0066903634864623985,6,98,1200,COMPLETE
271,35.832013120305305,2026-05-08 21:35:37.074579,2026-05-08 21:35:43.161372,0 days 00:00:06.086793,0.7918928986949663,90.98506109273502,0.00559660198385942,6,96,1300,COMPLETE
272,37.698243197354955,2026-05-08 21:35:43.161372,2026-05-08 21:35:54.905371,0 days 00:00:11.743999,0.7225725223289156,87.67337879784104,0.009058291036269121,7,1,1100,COMPLETE
273,35.70247398158748,2026-05-08 21:35:54.905371,2026-05-08 21:36:00.685579,0 days 00:00:05.780208,0.7731017834551281,83.82249703463127,0.006936706103575398,6,98,1300,COMPLETE
274,35.76472792207941,2026-05-08 21:36:00.685579,2026-05-08 21:36:06.318704,0 days 00:00:05.633125,0.7505925281856587,84.93499976994596,0.008417060040101855,6,94,1300,COMPLETE
275,35.75940137480491,2026-05-08 21:36:06.318704,2026-05-08 21:36:11.878815,0 days 00:00:05.560111,0.7745162423437225,83.77661457618136,0.00622682975569683,6,100,1200,COMPLETE
276,35.74308892776765,2026-05-08 21:36:11.878815,2026-05-08 21:36:16.642174,0 days 00:00:04.763359,0.7380052430688918,87.26280535303995,0.009824731045846958,6,98,1100,COMPLETE
