number,value,datetime_start,datetime_complete,duration,params_batch_size,params_dropout_0,params_dropout_1,params_dropout_2,params_learning_rate,params_n_mlp_layers,params_units_0,params_units_1,params_units_2,state
0,36.10889560314587,2026-05-07 21:56:05.785033,2026-05-07 21:56:58.524817,0 days 00:00:52.739784,16,0.4089992602020196,0.2558401790327846,,0.00676660592599898,2,160,128.0,,COMPLETE
1,73.66798471219194,2026-05-07 21:56:58.533267,2026-05-07 21:57:14.408092,0 days 00:00:15.874825,64,0.49077796375660043,,,0.07481336106368373,1,192,,,COMPLETE
2,36.994693260941276,2026-05-07 21:57:14.408092,2026-05-07 21:57:33.421016,0 days 00:00:19.012924,32,0.32888449782746876,0.061679693463157714,,0.0024302062660654647,2,32,32.0,,COMPLETE
3,39.964431239286945,2026-05-07 21:57:33.421016,2026-05-07 21:58:15.649662,0 days 00:00:42.228646,16,0.29957451837921584,0.41807619902027143,0.14250521109727232,0.007659410785939198,3,192,32.0,192.0,COMPLETE
4,33.60487208152273,2026-05-07 21:58:15.650748,2026-05-07 21:58:31.470912,0 days 00:00:15.820164,64,0.1137651448496092,,,0.028931729551202785,1,96,,,COMPLETE
5,34.79953904921757,2026-05-07 21:58:31.486544,2026-05-07 21:58:45.749939,0 days 00:00:14.263395,64,0.04833363922771594,,,0.05016076331568719,1,32,,,COMPLETE
6,66.90941244467884,2026-05-07 21:58:45.750476,2026-05-07 21:59:38.540102,0 days 00:00:52.789626,16,0.1520885700198058,0.38110147829594515,,0.058613079247695744,2,192,256.0,,COMPLETE
7,34.52352712332241,2026-05-07 21:59:38.540102,2026-05-07 21:59:50.277984,0 days 00:00:11.737882,128,0.046013886815477634,,,0.00254479377091715,1,128,,,COMPLETE
8,41.53475389577598,2026-05-07 21:59:50.278974,2026-05-07 22:00:26.001703,0 days 00:00:35.722729,16,0.37027629291356645,0.35223526417615614,0.11422033566298584,0.015162199928249263,3,160,224.0,64.0,COMPLETE
9,37.71536869291121,2026-05-07 22:00:26.001703,2026-05-07 22:00:52.198382,0 days 00:00:26.196679,32,0.39092955261373097,0.044165903580958565,0.3666172041718009,0.012761924639535587,3,256,128.0,96.0,COMPLETE
10,34.90274319211243,2026-05-07 22:00:52.198382,2026-05-07 22:01:04.061076,0 days 00:00:11.862694,64,0.18636532692153268,,,0.026661679660229278,1,96,,,COMPLETE
11,35.02444024577802,2026-05-07 22:01:04.061076,2026-05-07 22:01:15.296599,0 days 00:00:11.235523,128,0.016331968097830166,,,0.001022532763128961,1,96,,,COMPLETE
12,34.02153249195889,2026-05-07 22:01:15.296599,2026-05-07 22:01:27.970619,0 days 00:00:12.674020,128,0.09279157715622996,,,0.003889649156323803,1,96,,,COMPLETE
13,32.89789756129745,2026-05-07 22:01:27.970619,2026-05-07 22:01:38.868010,0 days 00:00:10.897391,128,0.1369503624219777,,,0.003662400295667397,1,64,,,COMPLETE
14,38.11865395419699,2026-05-07 22:01:38.870940,2026-05-07 22:01:56.773184,0 days 00:00:17.902244,64,0.2080083981199435,0.17206222297008944,,0.035253030424918105,2,64,192.0,,COMPLETE
15,34.80978772944765,2026-05-07 22:01:56.773184,2026-05-07 22:02:06.460026,0 days 00:00:09.686842,128,0.1310906808997764,0.48893193436884613,,0.01880637214776747,2,64,96.0,,COMPLETE
16,34.414640950547806,2026-05-07 22:02:06.460026,2026-05-07 22:02:20.433313,0 days 00:00:13.973287,128,0.25844279014116683,,,0.0010897826368364374,1,64,,,COMPLETE
17,33.51900252567864,2026-05-07 22:02:20.433313,2026-05-07 22:02:33.006487,0 days 00:00:12.573174,64,0.10583675833583486,,,0.00543369485506807,1,128,,,COMPLETE
18,33.36717653855048,2026-05-07 22:02:33.006487,2026-05-07 22:02:47.970519,0 days 00:00:14.964032,32,0.22337199901278865,,,0.004570366422610424,1,128,,,COMPLETE
19,34.57521668352551,2026-05-07 22:02:47.971489,2026-05-07 22:03:07.201138,0 days 00:00:19.229649,32,0.2507182925221025,0.20106847342222864,,0.0020589860201329084,2,256,192.0,,COMPLETE
20,32.939952253631375,2026-05-07 22:03:07.201138,2026-05-07 22:03:31.816616,0 days 00:00:24.615478,32,0.18748135165551444,0.0025321284855271686,,0.0038385989359083854,2,128,64.0,,COMPLETE
21,33.88371328537672,2026-05-07 22:03:31.816616,2026-05-07 22:03:53.814184,0 days 00:00:21.997568,32,0.19857642928151617,0.005744590232611032,,0.004098256578939291,2,128,64.0,,COMPLETE
22,34.95659195737879,2026-05-07 22:03:53.814184,2026-05-07 22:04:19.151788,0 days 00:00:25.337604,32,0.16896715746573843,0.12016695005729923,0.4910748852775928,0.0037796527253082155,3,160,96.0,256.0,COMPLETE
23,32.53936912281212,2026-05-07 22:04:19.151788,2026-05-07 22:04:46.096197,0 days 00:00:26.944409,32,0.24075482655605193,,,0.001632573806567625,1,224,,,COMPLETE
24,33.78623429915994,2026-05-07 22:04:46.098192,2026-05-07 22:05:12.218296,0 days 00:00:26.120104,32,0.272539446877393,0.2806985718184511,,0.0016727908556361992,2,224,64.0,,COMPLETE
25,32.611056829916365,2026-05-07 22:05:12.218296,2026-05-07 22:05:36.829836,0 days 00:00:24.611540,32,0.3119207032436571,,,0.001449380363212353,1,224,,,COMPLETE
26,33.17028622684497,2026-05-07 22:05:36.829836,2026-05-07 22:05:49.511800,0 days 00:00:12.681964,128,0.3014560667082517,,,0.0015518352397942696,1,224,,,COMPLETE
27,33.39547442378257,2026-05-07 22:05:49.511800,2026-05-07 22:06:41.353976,0 days 00:00:51.842176,32,0.4444040495992764,,,0.001414893617070604,1,224,,,COMPLETE
28,33.154222513981544,2026-05-07 22:06:41.353976,2026-05-07 22:07:30.705095,0 days 00:00:49.351119,32,0.3436359241477546,,,0.0024491542498231945,1,256,,,COMPLETE
29,33.531836679485096,2026-05-07 22:07:30.705095,2026-05-07 22:07:51.435081,0 days 00:00:20.729986,128,0.22814408003745387,,,0.0068799805241306295,1,224,,,COMPLETE
30,33.57656255604764,2026-05-07 22:07:51.435385,2026-05-07 22:08:40.009147,0 days 00:00:48.573762,16,0.29112274968329527,,,0.0028651672149731817,1,192,,,COMPLETE
31,34.559079717168814,2026-05-07 22:08:40.010147,2026-05-07 22:09:29.687877,0 days 00:00:49.677730,32,0.1556338767519804,0.12255957036018411,,0.00935143716748357,2,160,160.0,,COMPLETE
32,33.78419169092267,2026-05-07 22:09:29.688897,2026-05-07 22:10:22.462782,0 days 00:00:52.773885,32,0.23156517098537005,0.30327564625416825,,0.0030727422959366166,2,224,96.0,,COMPLETE
33,33.178139847218986,2026-05-07 22:10:22.463724,2026-05-07 22:10:48.940231,0 days 00:00:26.476507,32,0.32902140394480117,,,0.0019734343467344194,1,32,,,COMPLETE
34,34.61869674154834,2026-05-07 22:10:48.940231,2026-05-07 22:11:37.676852,0 days 00:00:48.736621,32,0.07184524936325826,0.1855717322894628,,0.0012737837065846611,2,192,64.0,,COMPLETE
35,32.97313674981806,2026-05-07 22:11:37.677900,2026-05-07 22:12:05.195303,0 days 00:00:27.517403,32,0.4240033137923795,,,0.005462855137065888,1,160,,,COMPLETE
36,33.663993510052066,2026-05-07 22:12:05.196574,2026-05-07 22:12:47.658451,0 days 00:00:42.461877,32,0.13799708593211885,0.09091038272419878,0.01254700495703348,0.0018675754034174357,3,192,160.0,32.0,COMPLETE
37,33.66557685634386,2026-05-07 22:12:47.658451,2026-05-07 22:13:27.343149,0 days 00:00:39.684698,16,0.17133086465003622,,,0.003063132974510384,1,64,,,COMPLETE
38,36.326146071189775,2026-05-07 22:13:27.343149,2026-05-07 22:13:40.466174,0 days 00:00:13.123025,128,0.28194006034444385,0.005339054619667268,,0.00924556375494315,2,32,32.0,,COMPLETE
39,34.20657265053105,2026-05-07 22:13:40.466717,2026-05-07 22:14:10.408818,0 days 00:00:29.942101,32,0.4829687069991877,,,0.005342917660045018,1,256,,,COMPLETE
40,32.84730693475695,2026-05-07 22:14:10.409094,2026-05-07 22:14:40.705963,0 days 00:00:30.296869,32,0.35120963073937245,,,0.002224809458259217,1,192,,,COMPLETE
41,33.58876768320992,2026-05-07 22:14:40.705963,2026-05-07 22:15:10.933000,0 days 00:00:30.227037,32,0.3517731619338019,,,0.0013120462774131362,1,192,,,COMPLETE
42,33.329949408574734,2026-05-07 22:15:10.933000,2026-05-07 22:15:39.436877,0 days 00:00:28.503877,32,0.30660828220628294,,,0.0020673929105005334,1,224,,,COMPLETE
43,78.54477367896747,2026-05-07 22:15:39.436877,2026-05-07 22:16:14.704895,0 days 00:00:35.268018,32,0.36820588532635323,,,0.09189716275445317,1,192,,,COMPLETE
44,33.07503110182202,2026-05-07 22:16:14.704895,2026-05-07 22:17:08.964358,0 days 00:00:54.259463,16,0.4004001385287704,,,0.0032766528474653172,1,160,,,COMPLETE
45,32.78704816246678,2026-05-07 22:17:08.964358,2026-05-07 22:17:25.836409,0 days 00:00:16.872051,64,0.3213125473569891,,,0.0023949878716600136,1,96,,,COMPLETE
46,32.66682102505572,2026-05-07 22:17:25.836919,2026-05-07 22:17:42.565815,0 days 00:00:16.728896,64,0.3200248187356014,,,0.0023385179924498723,1,96,,,COMPLETE
47,32.997916110826,2026-05-07 22:17:42.566901,2026-05-07 22:17:58.995096,0 days 00:00:16.428195,64,0.3190850165959602,,,0.0025405561273807256,1,96,,,COMPLETE
48,33.46962552849962,2026-05-07 22:17:58.995096,2026-05-07 22:18:15.431636,0 days 00:00:16.436540,64,0.37814452090098355,,,0.001017452014959943,1,96,,,COMPLETE
49,32.40992528719835,2026-05-07 22:18:15.431636,2026-05-07 22:18:33.242433,0 days 00:00:17.810797,64,0.3443619454317063,,,0.0022865787917365848,1,256,,,COMPLETE
50,33.727799640658894,2026-05-07 22:18:33.242433,2026-05-07 22:18:56.751444,0 days 00:00:23.509011,64,0.26748815508619456,,,0.001648045624088716,1,256,,,COMPLETE
51,33.56178173446816,2026-05-07 22:18:56.751444,2026-05-07 22:19:11.735364,0 days 00:00:14.983920,64,0.3455532663573495,,,0.0021595515763599303,1,256,,,COMPLETE
52,32.03802833330271,2026-05-07 22:19:11.735364,2026-05-07 22:19:30.302466,0 days 00:00:18.567102,64,0.3217833286457099,,,0.002387236810894366,1,224,,,COMPLETE
53,32.82289685755479,2026-05-07 22:19:30.302466,2026-05-07 22:19:49.182275,0 days 00:00:18.879809,64,0.3263791305435525,,,0.0012046246893933255,1,224,,,COMPLETE
54,33.61026606533005,2026-05-07 22:19:49.182275,2026-05-07 22:20:06.582293,0 days 00:00:17.400018,64,0.30900908014698264,,,0.0015234813372467307,1,256,,,COMPLETE
55,33.02704420712928,2026-05-07 22:20:06.582293,2026-05-07 22:20:24.673944,0 days 00:00:18.091651,64,0.24479789078508235,,,0.0017589699565896397,1,224,,,COMPLETE
56,32.88261384549939,2026-05-07 22:20:24.674951,2026-05-07 22:20:43.059943,0 days 00:00:18.384992,64,0.2875456954534113,,,0.0028255503415058167,1,256,,,COMPLETE
57,32.59344701425965,2026-05-07 22:20:43.060219,2026-05-07 22:20:57.337220,0 days 00:00:14.277001,64,0.4189969268437057,,,0.004511781316100643,1,96,,,COMPLETE
58,33.68504171701546,2026-05-07 22:20:57.337220,2026-05-07 22:21:10.212024,0 days 00:00:12.874804,64,0.43458849178358894,,,0.004719875999565165,1,128,,,COMPLETE
59,32.71909531386783,2026-05-07 22:21:10.213022,2026-05-07 22:21:26.265596,0 days 00:00:16.052574,64,0.4612615542622146,,,0.003440185905694091,1,224,,,COMPLETE
60,33.37646843970939,2026-05-07 22:21:26.265596,2026-05-07 22:21:40.924213,0 days 00:00:14.658617,64,0.40973902248703015,,,0.012416387156883639,1,64,,,COMPLETE
61,33.52909090804008,2026-05-07 22:21:40.924213,2026-05-07 22:21:55.968423,0 days 00:00:15.044210,64,0.3838560146247077,,,0.0035295474429461555,1,224,,,COMPLETE
62,33.88149282447898,2026-05-07 22:21:55.968423,2026-05-07 22:22:08.444515,0 days 00:00:12.476092,64,0.46611990223208366,,,0.006431742948179178,1,224,,,COMPLETE
63,32.918602686087276,2026-05-07 22:22:08.459522,2026-05-07 22:22:26.872489,0 days 00:00:18.412967,64,0.45084679413366546,,,0.002692114856372758,1,256,,,COMPLETE
64,32.400252764459324,2026-05-07 22:22:26.872489,2026-05-07 22:22:45.524130,0 days 00:00:18.651641,64,0.415046653158446,,,0.0017905949330667863,1,224,,,COMPLETE
65,32.44132053418974,2026-05-07 22:22:45.525120,2026-05-07 22:23:01.604052,0 days 00:00:16.078932,64,0.42173046539086956,,,0.0011927550645039866,1,224,,,COMPLETE
66,33.16337118638142,2026-05-07 22:23:01.619726,2026-05-07 22:23:21.021488,0 days 00:00:19.401762,64,0.41514008472318564,,,0.0011686873402518498,1,224,,,COMPLETE
67,33.42692603022548,2026-05-07 22:23:21.021488,2026-05-07 22:23:36.413706,0 days 00:00:15.392218,64,0.3960204410359971,,,0.00150202544392551,1,192,,,COMPLETE
68,32.83975704018656,2026-05-07 22:23:36.413706,2026-05-07 22:23:51.168709,0 days 00:00:14.755003,64,0.4964055158593335,,,0.0014041650699721045,1,224,,,COMPLETE
69,33.10804817158377,2026-05-07 22:23:51.168709,2026-05-07 22:24:26.236188,0 days 00:00:35.067479,16,0.368093924720903,,,0.001806628718802152,1,256,,,COMPLETE
70,32.77732077072008,2026-05-07 22:24:26.236188,2026-05-07 22:24:44.204307,0 days 00:00:17.968119,64,0.42634838623925986,,,0.0010096720296972157,1,224,,,COMPLETE
71,33.47411745918063,2026-05-07 22:24:44.204307,2026-05-07 22:25:00.961962,0 days 00:00:16.757655,64,0.3612985220982814,,,0.001732171892356311,1,96,,,COMPLETE
72,32.94352101387962,2026-05-07 22:25:00.968777,2026-05-07 22:25:22.529547,0 days 00:00:21.560770,64,0.33246276930531526,,,0.0013541166275683372,1,128,,,COMPLETE
73,33.208537597805524,2026-05-07 22:25:22.529882,2026-05-07 22:25:36.914287,0 days 00:00:14.384405,64,0.2629125582083359,,,0.0023403450634408283,1,224,,,COMPLETE
74,33.23370894184867,2026-05-07 22:25:36.915800,2026-05-07 22:25:50.327974,0 days 00:00:13.412174,64,0.20925470262203272,,,0.002039415528809363,1,256,,,COMPLETE
75,32.983715637538765,2026-05-07 22:25:50.329019,2026-05-07 22:26:04.408461,0 days 00:00:14.079442,64,0.38722459608516324,,,0.0011301773097474148,1,224,,,COMPLETE
76,32.96997780871425,2026-05-07 22:26:04.408461,2026-05-07 22:26:18.900334,0 days 00:00:14.491873,64,0.23998024222733016,,,0.004244792635588939,1,192,,,COMPLETE
77,32.716067043060846,2026-05-07 22:26:18.900334,2026-05-07 22:26:34.783129,0 days 00:00:15.882795,64,0.29210775027901426,,,0.001949536095117812,1,256,,,COMPLETE
78,38.502063290210195,2026-05-07 22:26:34.783311,2026-05-07 22:26:49.738156,0 days 00:00:14.954845,128,0.43866762301109913,0.4493239072815162,0.29653530264169925,0.0014817052385632235,3,224,256.0,160.0,COMPLETE
79,37.47249282456737,2026-05-07 22:26:49.738156,2026-05-07 22:27:22.212118,0 days 00:00:32.473962,16,0.4097521934436995,,,0.01830186212170624,1,64,,,COMPLETE
80,32.945793949379485,2026-05-07 22:27:22.213134,2026-05-07 22:27:35.292010,0 days 00:00:13.078876,64,0.3417299136741491,,,0.0027851871612806288,1,128,,,COMPLETE
81,33.43122572966983,2026-05-07 22:27:35.292010,2026-05-07 22:27:50.526033,0 days 00:00:15.234023,64,0.2788881253586029,,,0.0019419336469138106,1,256,,,COMPLETE
82,33.27312755460723,2026-05-07 22:27:50.526033,2026-05-07 22:28:06.764701,0 days 00:00:16.238668,64,0.29727965912829984,,,0.0016292031535382948,1,256,,,COMPLETE
83,33.17414446752993,2026-05-07 22:28:06.765703,2026-05-07 22:28:22.472521,0 days 00:00:15.706818,64,0.3112178452086528,,,0.0012605940085515888,1,256,,,COMPLETE
84,33.26457480417908,2026-05-07 22:28:22.472521,2026-05-07 22:28:35.412213,0 days 00:00:12.939692,64,0.480380001034619,,,0.001921895249473049,1,224,,,COMPLETE
85,33.442094822782316,2026-05-07 22:28:35.412213,2026-05-07 22:28:50.501272,0 days 00:00:15.089059,64,0.2949774857376614,,,0.002310705693031723,1,192,,,COMPLETE
86,49.64868934392409,2026-05-07 22:28:50.501272,2026-05-07 22:29:22.441377,0 days 00:00:31.940105,32,0.3581510573666343,,,0.044260937604500256,1,256,,,COMPLETE
87,33.065121136276616,2026-05-07 22:29:22.442090,2026-05-07 22:29:39.793028,0 days 00:00:17.350938,64,0.259543232638919,,,0.0031212326681163746,1,96,,,COMPLETE
88,33.242039454787076,2026-05-07 22:29:39.793028,2026-05-07 22:29:55.833012,0 days 00:00:16.039984,32,0.3334720022114537,,,0.0025513667882055328,1,224,,,COMPLETE
89,34.90096468713329,2026-05-07 22:29:55.834010,2026-05-07 22:30:09.604251,0 days 00:00:13.770241,64,0.011391376236179862,,,0.002174630090648397,1,256,,,COMPLETE
90,34.85773147329931,2026-05-07 22:30:09.605719,2026-05-07 22:30:24.539668,0 days 00:00:14.933949,128,0.2766156322698783,0.3350850314206252,,0.0016522504905528309,2,160,224.0,,COMPLETE
91,33.30025535078978,2026-05-07 22:30:24.540434,2026-05-07 22:30:37.105505,0 days 00:00:12.565071,64,0.21659956177211223,,,0.0034321941836285906,1,224,,,COMPLETE
92,33.01497346555123,2026-05-07 22:30:37.106717,2026-05-07 22:30:50.973051,0 days 00:00:13.866334,64,0.45826501478725457,,,0.002956237521905349,1,224,,,COMPLETE
93,33.31276248637589,2026-05-07 22:30:50.973051,2026-05-07 22:31:08.004376,0 days 00:00:17.031325,64,0.47200636558399167,,,0.0013485506378300145,1,192,,,COMPLETE
94,33.57850757502732,2026-05-07 22:31:08.005375,2026-05-07 22:31:22.341816,0 days 00:00:14.336441,64,0.4289381699574153,,,0.004910311680150199,1,224,,,COMPLETE
95,33.3592497714253,2026-05-07 22:31:22.342819,2026-05-07 22:31:35.678661,0 days 00:00:13.335842,64,0.4454184071292785,,,0.002568685650355815,1,192,,,COMPLETE
96,32.84565034403279,2026-05-07 22:31:35.680825,2026-05-07 22:31:54.924342,0 days 00:00:19.243517,32,0.3148424540038458,,,0.003860380871933278,1,224,,,COMPLETE
97,32.67197048918677,2026-05-07 22:31:54.925342,2026-05-07 22:32:09.671321,0 days 00:00:14.745979,64,0.3750818527293327,,,0.0018658532839808675,1,256,,,COMPLETE
98,33.36993792091349,2026-05-07 22:32:09.671321,2026-05-07 22:32:37.570634,0 days 00:00:27.899313,16,0.3724098108678963,,,0.001839980251555407,1,256,,,COMPLETE
99,33.440191654710155,2026-05-07 22:32:37.571832,2026-05-07 22:32:52.740118,0 days 00:00:15.168286,64,0.3984962493540784,,,0.0015378413969011132,1,256,,,COMPLETE
100,32.42259954049088,2026-05-07 22:32:52.741118,2026-05-07 22:33:17.514240,0 days 00:00:24.773122,32,0.4177494949171814,,,0.0011310163336112622,1,256,,,COMPLETE
101,32.928091332057036,2026-05-07 22:33:17.515237,2026-05-07 22:33:39.520413,0 days 00:00:22.005176,32,0.4192883436599634,,,0.001166645853796941,1,256,,,COMPLETE
102,33.112609592296984,2026-05-07 22:33:39.520848,2026-05-07 22:34:03.482899,0 days 00:00:23.962051,32,0.40220064221686774,,,0.001091390636759475,1,256,,,COMPLETE
103,32.980828991453,2026-05-07 22:34:03.483899,2026-05-07 22:34:53.540332,0 days 00:00:50.056433,32,0.3781274115361668,,,0.0020215404564483098,1,256,,,COMPLETE
104,32.32189041899458,2026-05-07 22:34:53.540332,2026-05-07 22:35:45.648433,0 days 00:00:52.108101,32,0.34250431547267646,,,0.0012715684362246346,1,256,,,COMPLETE
105,32.829617119861304,2026-05-07 22:35:45.648433,2026-05-07 22:36:28.284023,0 days 00:00:42.635590,32,0.3589650410297802,,,0.0012270940694542902,1,96,,,COMPLETE
106,32.746872818406494,2026-05-07 22:36:28.284023,2026-05-07 22:37:29.813836,0 days 00:01:01.529813,32,0.39086074477370236,,,0.0013321540546315704,1,256,,,COMPLETE
107,33.41969232100342,2026-05-07 22:37:29.819469,2026-05-07 22:38:16.561293,0 days 00:00:46.741824,32,0.34995453175840363,,,0.0014584100792489655,1,224,,,COMPLETE
108,32.69876538376043,2026-05-07 22:38:16.566088,2026-05-07 22:39:00.552969,0 days 00:00:43.986881,32,0.3838661413974686,,,0.0017155111216979103,1,256,,,COMPLETE
109,32.482600563723,2026-05-07 22:39:00.552969,2026-05-07 22:39:41.368836,0 days 00:00:40.815867,32,0.33834308890195486,,,0.0010502305511947893,1,96,,,COMPLETE
110,33.03890931261582,2026-05-07 22:39:41.368836,2026-05-07 22:40:21.031132,0 days 00:00:39.662296,32,0.3351507306073907,,,0.0010292510401473133,1,96,,,COMPLETE
111,33.08371753369582,2026-05-07 22:40:21.032112,2026-05-07 22:40:50.544837,0 days 00:00:29.512725,32,0.33800237468650246,,,0.0011177127856131749,1,96,,,COMPLETE
112,33.335750264873134,2026-05-07 22:40:50.544837,2026-05-07 22:41:27.797021,0 days 00:00:37.252184,32,0.32786356454612176,,,0.0012673980262032265,1,128,,,COMPLETE
113,32.52026941345741,2026-05-07 22:41:27.798225,2026-05-07 22:42:01.980174,0 days 00:00:34.181949,32,0.3186662367243232,,,0.0014044114680649572,1,64,,,COMPLETE
114,32.94051404948811,2026-05-07 22:42:01.980174,2026-05-07 22:42:24.812747,0 days 00:00:22.832573,32,0.322279972396305,,,0.0015831232688234627,1,32,,,COMPLETE
115,32.776134407195045,2026-05-07 22:42:24.817269,2026-05-07 22:42:53.832660,0 days 00:00:29.015391,32,0.3066037670593197,,,0.0010010960727456903,1,32,,,COMPLETE
116,33.287150689702955,2026-05-07 22:42:53.835615,2026-05-07 22:43:23.039256,0 days 00:00:29.203641,32,0.30161685591053516,,,0.0013868947194778309,1,64,,,COMPLETE
117,32.90251945475842,2026-05-07 22:43:23.039256,2026-05-07 22:43:53.022988,0 days 00:00:29.983732,32,0.2863000073486332,,,0.0011362607038287826,1,64,,,COMPLETE
118,33.40594988856966,2026-05-07 22:43:53.022988,2026-05-07 22:44:22.945880,0 days 00:00:29.922892,32,0.3598985325073173,,,0.001451742946880366,1,96,,,COMPLETE
119,32.60144878035911,2026-05-07 22:44:22.946871,2026-05-07 22:44:51.456584,0 days 00:00:28.509713,32,0.347902942077973,,,0.00124922421618202,1,96,,,COMPLETE
120,33.32904051040164,2026-05-07 22:44:51.457596,2026-05-07 22:45:17.498296,0 days 00:00:26.040700,32,0.3468117193416621,,,0.0012566628350818656,1,64,,,COMPLETE
121,32.73692485855365,2026-05-07 22:45:17.499312,2026-05-07 22:45:54.336409,0 days 00:00:36.837097,32,0.3157988549113296,,,0.0016029121118608324,1,96,,,COMPLETE
122,33.39419937992166,2026-05-07 22:45:54.336409,2026-05-07 22:46:34.035672,0 days 00:00:39.699263,32,0.41448701663224446,,,0.0011712962870263556,1,96,,,COMPLETE
123,33.23934113716408,2026-05-07 22:46:34.037142,2026-05-07 22:47:01.188759,0 days 00:00:27.151617,32,0.23752385346555369,,,0.0013752932935967887,1,128,,,COMPLETE
124,32.628363399094034,2026-05-07 22:47:01.188759,2026-05-07 22:47:35.654291,0 days 00:00:34.465532,32,0.4360301174315037,,,0.0010724999237467434,1,96,,,COMPLETE
125,33.19489462284565,2026-05-07 22:47:35.654291,2026-05-07 22:48:07.470871,0 days 00:00:31.816580,32,0.4358830568732135,,,0.0010747578524699982,1,128,,,COMPLETE
126,33.0987736254874,2026-05-07 22:48:07.471950,2026-05-07 22:48:35.934220,0 days 00:00:28.462270,32,0.42539860346354424,,,0.001224655214428657,1,96,,,COMPLETE
127,32.97991824693368,2026-05-07 22:48:35.935256,2026-05-07 22:49:04.735119,0 days 00:00:28.799863,32,0.4048247818121028,,,0.0014961168464785778,1,224,,,COMPLETE
128,32.64324989078996,2026-05-07 22:49:04.735119,2026-05-07 22:49:32.301082,0 days 00:00:27.565963,32,0.45223381950488284,,,0.0017233788027174596,1,96,,,COMPLETE
129,32.95247314001929,2026-05-07 22:49:32.304350,2026-05-07 22:49:58.076984,0 days 00:00:25.772634,32,0.2532843121399534,,,0.0010071455345553688,1,64,,,COMPLETE
