number,value,datetime_start,datetime_complete,duration,params_feature_fraction,params_learning_rate,params_max_depth,params_min_child_samples,params_n_estimators,params_num_leaves,state
405,35.43058781810073,2026-04-29 11:43:23.838915,2026-04-29 11:43:24.744480,0 days 00:00:00.905565,0.7792430746079041,0.021006462453721963,10,28,255,42,COMPLETE
406,35.42340953217398,2026-04-29 11:43:24.744480,2026-04-29 11:43:26.084791,0 days 00:00:01.340311,0.880970600092967,0.015520084960582487,10,30,345,45,COMPLETE
407,36.04769765306553,2026-04-29 11:43:26.084791,2026-04-29 11:43:26.921442,0 days 00:00:00.836651,0.8638111526024457,0.01821699115955822,10,42,277,31,COMPLETE
408,36.231911734353886,2026-04-29 11:43:26.921442,2026-04-29 11:43:29.128946,0 days 00:00:02.207504,0.8896446554449787,0.014247806814348394,8,26,829,47,COMPLETE
409,36.115497150932796,2026-04-29 11:43:29.128946,2026-04-29 11:43:30.586211,0 days 00:00:01.457265,0.9051501535598305,0.026512620751227598,10,32,501,40,COMPLETE
410,35.347596724152915,2026-04-29 11:43:30.586211,2026-04-29 11:43:31.509221,0 days 00:00:00.923010,0.8534721581091722,0.02114273147906909,10,28,293,35,COMPLETE
411,36.39959523518039,2026-04-29 11:43:31.509221,2026-04-29 11:43:33.734449,0 days 00:00:02.225228,0.7238509077797389,0.017656853807729373,10,35,886,35,COMPLETE
412,35.35992593592359,2026-04-29 11:43:33.734449,2026-04-29 11:43:34.637269,0 days 00:00:00.902820,0.8481822625403485,0.022482693046901554,10,30,288,34,COMPLETE
413,35.5646610125444,2026-04-29 11:43:34.637269,2026-04-29 11:43:35.437637,0 days 00:00:00.800368,0.8482635468608485,0.025342688759087437,10,31,264,33,COMPLETE
414,35.80297695159004,2026-04-29 11:43:35.437637,2026-04-29 11:43:36.285109,0 days 00:00:00.847472,0.8398896264905695,0.03146407751477943,10,33,289,35,COMPLETE
415,36.063431847717105,2026-04-29 11:43:36.285109,2026-04-29 11:43:36.745226,0 days 00:00:00.460117,0.8078917704505286,0.022820938767061212,10,30,134,30,COMPLETE
416,35.463312751664944,2026-04-29 11:43:36.745226,2026-04-29 11:43:37.560313,0 days 00:00:00.815087,0.8694551743128324,0.028139048403477387,10,28,245,37,COMPLETE
417,35.634248611971074,2026-04-29 11:43:37.560313,2026-04-29 11:43:38.442669,0 days 00:00:00.882356,0.8535268291215649,0.02222216077297539,10,25,277,33,COMPLETE
418,35.5331425325443,2026-04-29 11:43:38.442669,2026-04-29 11:43:39.235997,0 days 00:00:00.793328,0.8340054101943769,0.02019755873319368,10,32,262,31,COMPLETE
419,35.68095501790625,2026-04-29 11:43:39.235997,2026-04-29 11:43:40.097845,0 days 00:00:00.861848,0.8150960736737243,0.02545515569351794,10,38,291,36,COMPLETE
420,35.62899416495283,2026-04-29 11:43:40.113470,2026-04-29 11:43:40.879070,0 days 00:00:00.765600,0.7964732822629527,0.02140730527229707,9,35,244,34,COMPLETE
421,35.32726911157746,2026-04-29 11:43:40.879070,2026-04-29 11:43:41.845446,0 days 00:00:00.966376,0.874710119886149,0.01900314860505589,10,30,273,38,COMPLETE
422,35.4576137153651,2026-04-29 11:43:41.845446,2026-04-29 11:43:42.811684,0 days 00:00:00.966238,0.8789616977410074,0.018947449080165595,10,31,275,38,COMPLETE
423,35.56613469428176,2026-04-29 11:43:42.811684,2026-04-29 11:43:43.864086,0 days 00:00:01.052402,0.8728983629338117,0.016671861783708275,10,33,300,38,COMPLETE
424,35.73873476996978,2026-04-29 11:43:43.864086,2026-04-29 11:43:44.883851,0 days 00:00:01.019765,0.890529521697368,0.012670735383081288,10,30,285,36,COMPLETE
425,35.32348882137295,2026-04-29 11:43:44.883851,2026-04-29 11:43:45.836448,0 days 00:00:00.952597,0.8600921808422798,0.01957254541042624,10,28,271,39,COMPLETE
426,36.132510914566424,2026-04-29 11:43:45.836448,2026-04-29 11:43:46.791849,0 days 00:00:00.955401,0.8560988301078516,0.02003170203456216,10,20,267,38,COMPLETE
427,35.583023358052436,2026-04-29 11:43:46.791849,2026-04-29 11:43:47.670329,0 days 00:00:00.878480,0.7517909051460846,0.02278150882393175,10,25,257,40,COMPLETE
428,35.44225704549809,2026-04-29 11:43:47.670329,2026-04-29 11:43:48.716464,0 days 00:00:01.046135,0.871604839239,0.018827123088454467,10,27,301,39,COMPLETE
429,35.517158565483314,2026-04-29 11:43:48.716464,2026-04-29 11:43:49.619943,0 days 00:00:00.903479,0.8586089543446629,0.016033089652250317,10,28,257,35,COMPLETE
430,36.29780715275608,2026-04-29 11:43:49.619943,2026-04-29 11:43:50.652858,0 days 00:00:01.032915,0.8484823895264471,0.022610697359008947,10,22,287,43,COMPLETE
431,35.639070153575254,2026-04-29 11:43:50.652858,2026-04-29 11:43:51.608994,0 days 00:00:00.956136,0.8733000027833763,0.01956690832863805,10,24,272,37,COMPLETE
432,35.65088237633098,2026-04-29 11:43:51.608994,2026-04-29 11:43:52.859854,0 days 00:00:01.250860,0.8469681062679972,0.011446037397743572,10,28,316,42,COMPLETE
433,35.47983640916978,2026-04-29 11:43:52.859854,2026-04-29 11:43:53.676159,0 days 00:00:00.816305,0.6831470801103162,0.02107891055671133,9,29,240,39,COMPLETE
434,35.62326013948476,2026-04-29 11:43:53.676159,2026-04-29 11:43:54.575060,0 days 00:00:00.898901,0.8618801553786283,0.024229259507769,10,26,300,33,COMPLETE
435,35.58782135693625,2026-04-29 11:43:54.575060,2026-04-29 11:43:55.656250,0 days 00:00:01.081190,0.8379024407963086,0.015317789594270785,10,30,269,44,COMPLETE
436,35.52020040466839,2026-04-29 11:43:55.656250,2026-04-29 11:43:56.639106,0 days 00:00:00.982856,0.8510253732511042,0.017821728807730766,10,27,292,36,COMPLETE
437,36.283728806500264,2026-04-29 11:43:56.639106,2026-04-29 11:43:57.564387,0 days 00:00:00.925281,0.8837407182539071,0.019586852987075066,10,47,253,41,COMPLETE
438,37.214020213583815,2026-04-29 11:43:57.564896,2026-04-29 11:43:58.063077,0 days 00:00:00.498181,0.8658349015527452,0.06750378373411117,5,32,313,39,COMPLETE
439,35.68286681966432,2026-04-29 11:43:58.078708,2026-04-29 11:43:59.031736,0 days 00:00:00.953028,0.8940065408862042,0.013868838809920039,10,29,279,34,COMPLETE
440,35.5980298022173,2026-04-29 11:43:59.031736,2026-04-29 11:44:00.187366,0 days 00:00:01.155630,0.8371449602777623,0.02230050044267927,10,34,333,46,COMPLETE
441,36.19811459760248,2026-04-29 11:44:00.187366,2026-04-29 11:44:01.051125,0 days 00:00:00.863759,0.8787722005851133,0.025282002759015192,10,13,238,37,COMPLETE
442,35.806533589132414,2026-04-29 11:44:01.051125,2026-04-29 11:44:02.223618,0 days 00:00:01.172493,0.8541118014360548,0.016375117162974216,10,24,302,43,COMPLETE
443,35.530698823808336,2026-04-29 11:44:02.223618,2026-04-29 11:44:03.096888,0 days 00:00:00.873270,0.8674139864634327,0.019630259939870467,10,27,260,35,COMPLETE
444,35.58877571371931,2026-04-29 11:44:03.096888,2026-04-29 11:44:03.925335,0 days 00:00:00.828447,0.828149451011457,0.021400757129597808,7,30,284,41,COMPLETE
445,35.437476219274245,2026-04-29 11:44:03.925335,2026-04-29 11:44:05.043732,0 days 00:00:01.118397,0.8448590115706771,0.01752482878829108,10,32,316,39,COMPLETE
446,35.77029066529131,2026-04-29 11:44:05.043732,2026-04-29 11:44:05.868896,0 days 00:00:00.825164,0.8981921715973221,0.015549203443842578,10,26,247,32,COMPLETE
447,35.43957322242613,2026-04-29 11:44:05.868896,2026-04-29 11:44:06.745481,0 days 00:00:00.876585,0.7753689368792797,0.02510152750792941,10,28,273,37,COMPLETE
448,35.338695377346,2026-04-29 11:44:06.745481,2026-04-29 11:44:07.806028,0 days 00:00:01.060547,0.6658757992061745,0.018867161732773863,10,30,295,44,COMPLETE
449,35.733288179417656,2026-04-29 11:44:07.806028,2026-04-29 11:44:08.713260,0 days 00:00:00.907232,0.6957950673791912,0.017814533166132834,9,36,262,40,COMPLETE
450,35.53657770179197,2026-04-29 11:44:08.713260,2026-04-29 11:44:09.865965,0 days 00:00:01.152705,0.7210461639541779,0.016028642797048954,10,31,294,46,COMPLETE
451,35.88353140880916,2026-04-29 11:44:09.865965,2026-04-29 11:44:10.844856,0 days 00:00:00.978891,0.668924985783956,0.014748194116945957,10,33,235,48,COMPLETE
452,36.51362611602513,2026-04-29 11:44:10.844856,2026-04-29 11:44:11.779203,0 days 00:00:00.934347,0.6684584760003268,0.013012416247915414,10,6,279,34,COMPLETE
453,35.322070580131154,2026-04-29 11:44:11.779203,2026-04-29 11:44:12.950634,0 days 00:00:01.171431,0.8868851319257209,0.01868113975104867,10,30,331,42,COMPLETE
454,35.564958941197766,2026-04-29 11:44:12.950634,2026-04-29 11:44:14.139344,0 days 00:00:01.188710,0.8859391126122644,0.01911305865046571,10,34,332,44,COMPLETE
