number,value,datetime_start,datetime_complete,duration,params_feature_fraction,params_learning_rate,params_max_depth,params_min_child_samples,params_n_estimators,params_num_leaves,state
0,38.0352674768954,2026-04-29 11:34:08.797006,2026-04-29 11:34:11.126073,0 days 00:00:02.329067,0.9010829403631386,0.030945495119652507,6,15,818,31,COMPLETE
1,36.577412407240274,2026-04-29 11:34:11.126073,2026-04-29 11:34:12.146940,0 days 00:00:01.020867,0.4759385060014987,0.014466813261607942,7,97,423,58,COMPLETE
2,36.48149393832585,2026-04-29 11:34:12.146940,2026-04-29 11:34:15.261142,0 days 00:00:03.114202,0.49997229539248617,0.01539642394018149,8,6,927,50,COMPLETE
3,37.45102117527213,2026-04-29 11:34:15.261142,2026-04-29 11:34:17.694948,0 days 00:00:02.433806,0.8094394704408651,0.02600867737537435,10,74,935,69,COMPLETE
4,36.391610972970156,2026-04-29 11:34:17.694948,2026-04-29 11:34:19.368940,0 days 00:00:01.673992,0.7576297691076723,0.007226756570531836,7,56,599,34,COMPLETE
5,37.494991541851526,2026-04-29 11:34:19.368940,2026-04-29 11:34:20.053195,0 days 00:00:00.684255,0.70252327573939,0.08246735824110292,9,100,378,28,COMPLETE
6,36.96716966637237,2026-04-29 11:34:20.053195,2026-04-29 11:34:20.440109,0 days 00:00:00.386914,0.7904427155414413,0.05246666266387785,4,42,337,18,COMPLETE
7,43.95726391436317,2026-04-29 11:34:20.440109,2026-04-29 11:34:23.140352,0 days 00:00:02.700243,0.6719218142902352,0.001072368527658347,9,96,951,30,COMPLETE
8,51.599748839799965,2026-04-29 11:34:23.140352,2026-04-29 11:34:24.459717,0 days 00:00:01.319365,0.7554898412011,0.0014420564125398668,9,76,351,41,COMPLETE
9,54.91722288473231,2026-04-29 11:34:24.459717,2026-04-29 11:34:24.867349,0 days 00:00:00.407632,0.8593399792356221,0.0031924609189913408,6,42,114,47,COMPLETE
10,38.613580660792636,2026-04-29 11:34:24.867349,2026-04-29 11:34:25.521374,0 days 00:00:00.654025,0.989725557812822,0.1747180536175561,3,61,640,100,COMPLETE
11,36.01263569892011,2026-04-29 11:34:25.521374,2026-04-29 11:34:28.543022,0 days 00:00:03.021648,0.5428022394807271,0.008563405781285305,7,9,677,75,COMPLETE
12,36.44317611294324,2026-04-29 11:34:28.543022,2026-04-29 11:34:29.875790,0 days 00:00:01.332768,0.6024962923083089,0.005434155585784408,5,28,662,81,COMPLETE
13,38.160315863940866,2026-04-29 11:34:29.875790,2026-04-29 11:34:31.809394,0 days 00:00:01.933604,0.4026447481128992,0.0046781184215106885,7,58,575,85,COMPLETE
14,35.96782457997705,2026-04-29 11:34:31.809394,2026-04-29 11:34:33.186930,0 days 00:00:01.377536,0.5689170063494513,0.007130050204635682,5,28,775,71,COMPLETE
15,38.472467324413984,2026-04-29 11:34:33.186930,2026-04-29 11:34:34.812114,0 days 00:00:01.625184,0.5797476016484493,0.0027868237868287405,5,26,743,72,COMPLETE
16,36.218342021663645,2026-04-29 11:34:34.812114,2026-04-29 11:34:36.298118,0 days 00:00:01.486004,0.5729417351361029,0.00741772645704012,5,20,814,103,COMPLETE
17,36.64578443323836,2026-04-29 11:34:36.298118,2026-04-29 11:34:36.998097,0 days 00:00:00.699979,0.5042728841569959,0.009323754663823708,3,5,742,88,COMPLETE
18,44.46915915508835,2026-04-29 11:34:36.998097,2026-04-29 11:34:37.698525,0 days 00:00:00.700428,0.6490018770414245,0.002147528598754679,4,37,486,59,COMPLETE
19,36.09794611073683,2026-04-29 11:34:37.698525,2026-04-29 11:34:40.488248,0 days 00:00:02.789723,0.40007599152524853,0.013025191184680731,8,14,816,74,COMPLETE
20,36.43186256126016,2026-04-29 11:34:40.488248,2026-04-29 11:34:41.441706,0 days 00:00:00.953458,0.5376675642769355,0.027716167533814937,6,28,501,92,COMPLETE
21,36.194817578806564,2026-04-29 11:34:41.441706,2026-04-29 11:34:44.217556,0 days 00:00:02.775850,0.42532135902889107,0.01205423574645839,8,14,780,74,COMPLETE
22,36.519031817680265,2026-04-29 11:34:44.217556,2026-04-29 11:34:47.839002,0 days 00:00:03.621446,0.4369066476270669,0.00410716179510211,8,15,870,65,COMPLETE
23,36.400862012890116,2026-04-29 11:34:47.839002,2026-04-29 11:34:49.770338,0 days 00:00:01.931336,0.6285341141710357,0.02179259932586942,8,34,692,79,COMPLETE
24,36.159411822333254,2026-04-29 11:34:49.770338,2026-04-29 11:34:53.004056,0 days 00:00:03.233718,0.4653744479477533,0.009395339491361725,7,5,889,63,COMPLETE
25,43.60012120414608,2026-04-29 11:34:53.004056,2026-04-29 11:34:56.649159,0 days 00:00:03.645103,0.5417407391493394,0.04212629569395525,10,17,997,95,COMPLETE
26,38.47343193720015,2026-04-29 11:34:56.649159,2026-04-29 11:34:57.410643,0 days 00:00:00.761484,0.5262318098185411,0.07697586557494346,4,22,716,53,COMPLETE
27,36.73773173445797,2026-04-29 11:34:57.410643,2026-04-29 11:34:58.838260,0 days 00:00:01.427617,0.7025229272154806,0.01691371731242121,6,50,837,76,COMPLETE
28,43.800932724709185,2026-04-29 11:34:58.838260,2026-04-29 11:35:00.094719,0 days 00:00:01.256459,0.45104300448869533,0.0019179361913992615,5,11,626,68,COMPLETE
29,35.961161986503086,2026-04-29 11:35:00.094719,2026-04-29 11:35:02.081897,0 days 00:00:01.987178,0.5978268592474438,0.006046209504525413,6,34,796,110,COMPLETE
30,37.201273942444686,2026-04-29 11:35:02.081897,2026-04-29 11:35:03.558273,0 days 00:00:01.476376,0.6099953755122194,0.005574106219180172,6,48,529,107,COMPLETE
31,35.75309753218794,2026-04-29 11:35:03.558273,2026-04-29 11:35:05.533607,0 days 00:00:01.975334,0.582923240425975,0.011247034659892378,7,35,788,85,COMPLETE
32,35.77030838428239,2026-04-29 11:35:05.533607,2026-04-29 11:35:07.831398,0 days 00:00:02.297791,0.5660401388399485,0.00768362685851319,7,32,768,96,COMPLETE
33,37.17763331576946,2026-04-29 11:35:07.831398,2026-04-29 11:35:10.186641,0 days 00:00:02.355243,0.6671734800112451,0.0031450862269165178,6,34,772,110,COMPLETE
34,36.25424498090767,2026-04-29 11:35:10.186641,2026-04-29 11:35:12.335869,0 days 00:00:02.149228,0.5779425821096114,0.012096797243708126,7,41,881,98,COMPLETE
35,36.73336690706692,2026-04-29 11:35:12.335869,2026-04-29 11:35:13.724195,0 days 00:00:01.388326,0.49758072571537554,0.020597127185906644,5,31,999,91,COMPLETE
36,35.962882965302775,2026-04-29 11:35:13.724195,2026-04-29 11:35:15.761891,0 days 00:00:02.037696,0.628111754860825,0.006353556225270875,6,24,782,104,COMPLETE
37,36.457323043384164,2026-04-29 11:35:15.761891,2026-04-29 11:35:19.736634,0 days 00:00:03.974743,0.7437904078146549,0.004344766636760484,7,22,911,104,COMPLETE
38,36.50297357067312,2026-04-29 11:35:19.736634,2026-04-29 11:35:20.234829,0 days 00:00:00.498195,0.6345713744672141,0.0372289896615721,6,44,252,97,COMPLETE
39,36.249452733108754,2026-04-29 11:35:20.234829,2026-04-29 11:35:22.624973,0 days 00:00:02.390144,0.722029705491645,0.006401660545921328,7,65,844,110,COMPLETE
40,36.45090217531889,2026-04-29 11:35:22.624973,2026-04-29 11:35:24.321232,0 days 00:00:01.696259,0.6793837116235804,0.015119972452618794,6,38,957,85,COMPLETE
41,36.14276118259569,2026-04-29 11:35:24.321232,2026-04-29 11:35:25.623808,0 days 00:00:01.302576,0.6020108968713802,0.011028892035906415,5,24,785,102,COMPLETE
42,35.82432847886562,2026-04-29 11:35:25.623808,2026-04-29 11:35:27.417932,0 days 00:00:01.794124,0.5622211586505228,0.006906270232886351,6,30,728,94,COMPLETE
43,37.76962181836839,2026-04-29 11:35:27.417932,2026-04-29 11:35:29.459969,0 days 00:00:02.042037,0.5001039302679705,0.003342796607394789,6,33,711,93,COMPLETE
44,36.51898274483313,2026-04-29 11:35:29.459969,2026-04-29 11:35:32.382643,0 days 00:00:02.922674,0.6590780169159935,0.006154059071009458,8,47,628,106,COMPLETE
45,43.10879443190074,2026-04-29 11:35:32.382643,2026-04-29 11:35:33.893431,0 days 00:00:01.510788,0.5552317022770377,0.2837356597650669,7,38,729,99,COMPLETE
46,36.02376168328445,2026-04-29 11:35:33.893431,2026-04-29 11:35:35.443371,0 days 00:00:01.549940,0.612157178765166,0.00900845918130991,6,19,573,89,COMPLETE
47,38.36962367188887,2026-04-29 11:35:35.443371,2026-04-29 11:35:40.255469,0 days 00:00:04.812098,0.5135372186612328,0.0022466680631322406,9,29,855,84,COMPLETE
48,37.28533480300299,2026-04-29 11:35:40.255469,2026-04-29 11:35:42.548008,0 days 00:00:02.292539,0.6306980871981734,0.004163812368063085,7,80,650,102,COMPLETE
49,37.006082934075856,2026-04-29 11:35:42.548008,2026-04-29 11:35:44.365938,0 days 00:00:01.817930,0.5910756947773159,0.019734178832397007,7,45,923,96,COMPLETE
50,37.01873025521208,2026-04-29 11:35:44.365938,2026-04-29 11:35:45.528287,0 days 00:00:01.162349,0.9283074958101039,0.005444818809508961,4,56,802,24,COMPLETE
51,36.10514714581502,2026-04-29 11:35:45.528287,2026-04-29 11:35:47.109808,0 days 00:00:01.581521,0.5619703989200818,0.007389909546306211,5,25,770,81,COMPLETE
52,35.76825752390698,2026-04-29 11:35:47.109808,2026-04-29 11:35:49.186143,0 days 00:00:02.076335,0.5658809979784916,0.007484666647513937,6,30,754,88,COMPLETE
53,35.8463001167804,2026-04-29 11:35:49.186143,2026-04-29 11:35:50.703651,0 days 00:00:01.517508,0.48888513360271557,0.010768604048136239,6,36,687,87,COMPLETE
54,36.16463901583521,2026-04-29 11:35:50.703651,2026-04-29 11:35:52.443084,0 days 00:00:01.739433,0.47019576473763575,0.014590392878694873,7,41,682,88,COMPLETE
55,35.865686967314524,2026-04-29 11:35:52.443084,2026-04-29 11:35:54.021467,0 days 00:00:01.578383,0.48347097356421137,0.01037201522177191,6,37,746,83,COMPLETE
56,36.72231458141349,2026-04-29 11:35:54.021467,2026-04-29 11:35:54.982138,0 days 00:00:00.960671,0.4885546375228298,0.010822508350464664,5,53,600,79,COMPLETE
57,35.86497066317885,2026-04-29 11:35:54.983139,2026-04-29 11:35:57.361273,0 days 00:00:02.378134,0.5229599314382601,0.008338377704839941,7,38,741,84,COMPLETE
58,35.72409149353663,2026-04-29 11:35:57.361273,2026-04-29 11:36:00.386089,0 days 00:00:03.024816,0.5308902943572635,0.0076577234782187285,8,32,692,87,COMPLETE
59,35.977896932230244,2026-04-29 11:36:00.386089,2026-04-29 11:36:04.466704,0 days 00:00:04.080615,0.5511753273873852,0.004942296206534354,8,29,694,88,COMPLETE
60,36.09720122034265,2026-04-29 11:36:04.469032,2026-04-29 11:36:06.020246,0 days 00:00:01.551214,0.7893430319547573,0.024614038555094652,8,32,441,93,COMPLETE
61,35.93226279770654,2026-04-29 11:36:06.020246,2026-04-29 11:36:09.254040,0 days 00:00:03.233794,0.5225255561391008,0.0075911488205587605,8,39,744,78,COMPLETE
62,35.722660068424815,2026-04-29 11:36:09.254611,2026-04-29 11:36:12.782060,0 days 00:00:03.527449,0.5156209478750545,0.008443929674967437,9,35,666,87,COMPLETE
63,35.719140239455065,2026-04-29 11:36:12.782060,2026-04-29 11:36:15.282518,0 days 00:00:02.500458,0.43173917037913434,0.013732103936944375,9,30,666,89,COMPLETE
64,36.058092450915105,2026-04-29 11:36:15.283618,2026-04-29 11:36:17.642355,0 days 00:00:02.358737,0.4159238335120305,0.017342332347628317,10,31,602,91,COMPLETE
65,36.075280007888765,2026-04-29 11:36:17.642431,2026-04-29 11:36:21.122575,0 days 00:00:03.480144,0.4408957515165068,0.008640676956995877,9,21,653,95,COMPLETE
66,35.629752813596056,2026-04-29 11:36:21.122575,2026-04-29 11:36:23.297092,0 days 00:00:02.174517,0.4634972834144281,0.014395428845286166,9,26,546,69,COMPLETE
67,35.676134052247065,2026-04-29 11:36:23.297092,2026-04-29 11:36:25.031757,0 days 00:00:01.734665,0.45476191460144644,0.013588069317946719,9,27,546,42,COMPLETE
68,36.562435186807946,2026-04-29 11:36:25.031757,2026-04-29 11:36:26.639014,0 days 00:00:01.607257,0.45664865869067034,0.030319124161771148,9,10,542,36,COMPLETE
69,35.887069668687076,2026-04-29 11:36:26.640013,2026-04-29 11:36:28.241100,0 days 00:00:01.601087,0.42863000780629806,0.01354180727678585,9,18,481,43,COMPLETE
70,35.84387972531272,2026-04-29 11:36:28.241100,2026-04-29 11:36:30.301480,0 days 00:00:02.060380,0.4678417050581341,0.01702655341723688,10,25,565,57,COMPLETE
71,35.59488158528173,2026-04-29 11:36:30.301480,2026-04-29 11:36:32.226778,0 days 00:00:01.925298,0.5352564189264022,0.013326467744643754,9,27,433,70,COMPLETE
72,35.60999730679946,2026-04-29 11:36:32.226778,2026-04-29 11:36:33.948957,0 days 00:00:01.722179,0.5374722475040168,0.014045469300064149,9,28,375,68,COMPLETE
73,35.73256498250741,2026-04-29 11:36:33.948957,2026-04-29 11:36:35.703878,0 days 00:00:01.754921,0.5342902092784236,0.013269284104981663,9,26,375,67,COMPLETE
74,35.67559100279237,2026-04-29 11:36:35.703878,2026-04-29 11:36:36.842923,0 days 00:00:01.139045,0.44627472596717915,0.02471370909085259,9,27,285,68,COMPLETE
75,36.593214316642495,2026-04-29 11:36:36.842923,2026-04-29 11:36:38.093462,0 days 00:00:01.250539,0.41283623471716696,0.03698615067809016,9,27,408,60,COMPLETE
76,35.88701522593273,2026-04-29 11:36:38.093462,2026-04-29 11:36:39.324929,0 days 00:00:01.231467,0.4433025016053474,0.023427524488372996,10,16,237,72,COMPLETE
77,35.9291791556253,2026-04-29 11:36:39.325929,2026-04-29 11:36:40.732300,0 days 00:00:01.406371,0.45806341610147144,0.0183368232251362,9,13,309,54,COMPLETE
78,39.15243333461133,2026-04-29 11:36:40.733299,2026-04-29 11:36:42.454244,0 days 00:00:01.720945,0.40061067532343514,0.04789373558972221,9,20,513,64,COMPLETE
79,35.5995521700269,2026-04-29 11:36:42.454244,2026-04-29 11:36:44.057988,0 days 00:00:01.603744,0.509060678022354,0.015378456698748329,10,28,317,69,COMPLETE
80,35.757243748554835,2026-04-29 11:36:44.057988,2026-04-29 11:36:45.666856,0 days 00:00:01.608868,0.47643232105480415,0.01512394282106558,10,24,307,61,COMPLETE
81,36.517965248598586,2026-04-29 11:36:45.666856,2026-04-29 11:36:47.542193,0 days 00:00:01.875337,0.5120654012013723,0.029181926399172945,9,23,464,70,COMPLETE
82,35.78497038622821,2026-04-29 11:36:47.542716,2026-04-29 11:36:49.297863,0 days 00:00:01.755147,0.4243767901395838,0.021729227861611623,10,28,253,65,COMPLETE
83,37.37462190337531,2026-04-29 11:36:49.298863,2026-04-29 11:36:50.921415,0 days 00:00:01.622552,0.5047704092205669,0.062042465393786404,10,34,347,67,COMPLETE
84,36.810140209761876,2026-04-29 11:36:50.921415,2026-04-29 11:36:52.397993,0 days 00:00:01.476578,0.44684774860954257,0.012107937767638325,9,87,311,73,COMPLETE
85,36.03897051847885,2026-04-29 11:36:52.398721,2026-04-29 11:36:54.579335,0 days 00:00:02.180614,0.47788180370013866,0.009421946236850639,9,27,391,76,COMPLETE
86,36.12308997340505,2026-04-29 11:36:54.579335,2026-04-29 11:36:55.438121,0 days 00:00:00.858786,0.5382162338750132,0.025279039230423968,8,21,216,49,COMPLETE
87,35.90050526241778,2026-04-29 11:36:55.438121,2026-04-29 11:36:56.806610,0 days 00:00:01.368489,0.49460696273561455,0.01909893338010754,9,18,279,69,COMPLETE
88,35.657665715605546,2026-04-29 11:36:56.806610,2026-04-29 11:36:58.668138,0 days 00:00:01.861528,0.456918685937634,0.015602852823870257,10,32,446,62,COMPLETE
89,36.16229931251537,2026-04-29 11:36:58.673735,2026-04-29 11:36:59.453141,0 days 00:00:00.779406,0.43342560468870117,0.03377729933789983,10,8,449,17,COMPLETE
90,37.13040989698222,2026-04-29 11:36:59.458419,2026-04-29 11:37:00.384042,0 days 00:00:00.925623,0.455127801866751,0.014822450907491881,10,43,193,56,COMPLETE
91,35.6411544020197,2026-04-29 11:37:00.384632,2026-04-29 11:37:01.868604,0 days 00:00:01.483972,0.5112164261532727,0.016742821549257214,9,32,365,62,COMPLETE
92,35.58113231736782,2026-04-29 11:37:01.868604,2026-04-29 11:37:03.785343,0 days 00:00:01.916739,0.5125171745288631,0.012570861782822922,9,27,417,62,COMPLETE
93,35.62350202338834,2026-04-29 11:37:03.791534,2026-04-29 11:37:05.328545,0 days 00:00:01.537011,0.4703662561202722,0.01755217659004433,9,26,369,66,COMPLETE
94,35.69399516220941,2026-04-29 11:37:05.328545,2026-04-29 11:37:06.981407,0 days 00:00:01.652862,0.472915227304959,0.016654936258494908,10,23,370,61,COMPLETE
95,35.795548106048756,2026-04-29 11:37:06.981407,2026-04-29 11:37:08.951599,0 days 00:00:01.970192,0.5019289992002163,0.02183524425164524,10,26,417,63,COMPLETE
96,35.74843204721278,2026-04-29 11:37:08.951599,2026-04-29 11:37:10.586480,0 days 00:00:01.634881,0.5469449385282688,0.026483354995505696,9,28,337,66,COMPLETE
97,36.320628908809965,2026-04-29 11:37:10.587499,2026-04-29 11:37:12.131195,0 days 00:00:01.543696,0.4886334912405419,0.012335781707667932,9,66,399,70,COMPLETE
98,35.86814326440448,2026-04-29 11:37:12.132195,2026-04-29 11:37:13.673528,0 days 00:00:01.541333,0.46285377074089024,0.016469748269309824,9,20,435,53,COMPLETE
99,36.86969567763957,2026-04-29 11:37:13.673528,2026-04-29 11:37:15.190504,0 days 00:00:01.516976,0.41464665485232577,0.009910914586037819,10,40,331,58,COMPLETE
100,56.3614753152812,2026-04-29 11:37:15.190504,2026-04-29 11:37:17.193719,0 days 00:00:02.003215,0.44561704287267806,0.0010007265733379587,8,12,358,63,COMPLETE
101,35.920580429436384,2026-04-29 11:37:17.193719,2026-04-29 11:37:18.695162,0 days 00:00:01.501443,0.4838792714760344,0.019376743567562228,10,22,381,60,COMPLETE
102,35.76258430104879,2026-04-29 11:37:18.695162,2026-04-29 11:37:20.227737,0 days 00:00:01.532575,0.47470020797000906,0.015546109211840117,10,23,369,62,COMPLETE
103,36.15158197977568,2026-04-29 11:37:20.227737,2026-04-29 11:37:22.401783,0 days 00:00:02.174046,0.5103384680173741,0.01755993130776612,10,16,476,68,COMPLETE
104,35.77147739089457,2026-04-29 11:37:22.402806,2026-04-29 11:37:24.338191,0 days 00:00:01.935385,0.46827620845679635,0.011870469674104201,9,31,422,74,COMPLETE
105,35.9601539188407,2026-04-29 11:37:24.338695,2026-04-29 11:37:25.844162,0 days 00:00:01.505467,0.5221827418869376,0.022780905236764907,9,25,456,71,COMPLETE
106,35.58964312520207,2026-04-29 11:37:25.844162,2026-04-29 11:37:27.311277,0 days 00:00:01.467115,0.8784599622615242,0.014265909217892737,10,33,282,66,COMPLETE
107,35.68866297648854,2026-04-29 11:37:27.311277,2026-04-29 11:37:28.772585,0 days 00:00:01.461308,0.9920215346005432,0.012913524282852716,9,29,277,65,COMPLETE
108,35.84761850097269,2026-04-29 11:37:28.772585,2026-04-29 11:37:30.399105,0 days 00:00:01.626520,0.8435791708520678,0.020794122676043,10,35,501,55,COMPLETE
109,35.679622017532225,2026-04-29 11:37:30.399105,2026-04-29 11:37:32.005238,0 days 00:00:01.606133,0.9581003348907087,0.014156453201504349,9,33,323,76,COMPLETE
110,35.69957740731684,2026-04-29 11:37:32.005238,2026-04-29 11:37:33.210491,0 days 00:00:01.205253,0.8158943939703671,0.010340699856233508,8,36,529,22,COMPLETE
111,35.64982198591481,2026-04-29 11:37:33.210491,2026-04-29 11:37:34.828578,0 days 00:00:01.618087,0.9217628311311508,0.013728245384568724,9,33,328,77,COMPLETE
112,35.61288896012418,2026-04-29 11:37:34.828578,2026-04-29 11:37:36.142176,0 days 00:00:01.313598,0.9004863521655222,0.018882841979513395,9,27,285,72,COMPLETE
113,35.80689661090271,2026-04-29 11:37:36.142176,2026-04-29 11:37:37.082355,0 days 00:00:00.940179,0.8976491447578875,0.01878124480148692,9,32,173,72,COMPLETE
114,35.50781273358259,2026-04-29 11:37:37.092859,2026-04-29 11:37:38.518282,0 days 00:00:01.425423,0.9023984110367238,0.015682093946767575,9,30,280,78,COMPLETE
115,35.81340468719574,2026-04-29 11:37:38.518282,2026-04-29 11:37:40.005846,0 days 00:00:01.487564,0.893655960958442,0.011565820245590329,8,30,297,77,COMPLETE
116,35.72760388746532,2026-04-29 11:37:40.005846,2026-04-29 11:37:41.381390,0 days 00:00:01.375544,0.9206310753001462,0.01518922459020886,9,36,258,75,COMPLETE
117,35.52210148722658,2026-04-29 11:37:41.381390,2026-04-29 11:37:42.998881,0 days 00:00:01.617491,0.8758555313563732,0.01646792388635356,10,32,349,70,COMPLETE
118,38.52663133093891,2026-04-29 11:37:42.998881,2026-04-29 11:37:43.935092,0 days 00:00:00.936211,0.8797524287831244,0.10573513756101141,9,30,349,82,COMPLETE
119,35.71290004782393,2026-04-29 11:37:43.935092,2026-04-29 11:37:45.610020,0 days 00:00:01.674928,0.9318884923500523,0.013036934683173641,9,34,326,79,COMPLETE
120,35.77320629849261,2026-04-29 11:37:45.610020,2026-04-29 11:37:47.223387,0 days 00:00:01.613367,0.8556000163042983,0.02018495042170539,10,26,393,70,COMPLETE
121,35.466053329570606,2026-04-29 11:37:47.223387,2026-04-29 11:37:48.836489,0 days 00:00:01.613102,0.9493304972263499,0.016717178225097433,10,32,353,66,COMPLETE
122,35.48377598983882,2026-04-29 11:37:48.836489,2026-04-29 11:37:50.542975,0 days 00:00:01.706486,0.9498521995280058,0.016550958063701195,10,29,359,73,COMPLETE
123,35.47308068569975,2026-04-29 11:37:50.542975,2026-04-29 11:37:52.158829,0 days 00:00:01.615854,0.9693721828107664,0.01682410667128213,10,29,359,66,COMPLETE
124,35.507550483611894,2026-04-29 11:37:52.158829,2026-04-29 11:37:53.591478,0 days 00:00:01.432649,0.9760629894457538,0.01824793850314011,10,28,269,73,COMPLETE
125,35.42732121240722,2026-04-29 11:37:53.591478,2026-04-29 11:37:55.062765,0 days 00:00:01.471287,0.9764525024438628,0.018348390415132643,10,29,292,73,COMPLETE
126,35.59607835198375,2026-04-29 11:37:55.062765,2026-04-29 11:37:56.230631,0 days 00:00:01.167866,0.973570130129338,0.02883159078666608,10,29,267,73,COMPLETE
127,35.7542326870075,2026-04-29 11:37:56.230631,2026-04-29 11:37:57.200792,0 days 00:00:00.970161,0.975423108135842,0.03205131371884019,10,38,217,81,COMPLETE
128,35.53128812476787,2026-04-29 11:37:57.200792,2026-04-29 11:37:58.432084,0 days 00:00:01.231292,0.9467758535960055,0.026662208624409038,10,30,269,73,COMPLETE
129,35.76880566530268,2026-04-29 11:37:58.432084,2026-04-29 11:37:59.354774,0 days 00:00:00.922690,0.955325690171483,0.03905195433832939,10,29,236,73,COMPLETE
130,36.00570813595751,2026-04-29 11:37:59.354774,2026-04-29 11:38:00.638702,0 days 00:00:01.283928,0.9733088135879634,0.028006817022966975,10,24,266,79,COMPLETE
131,35.48084936374183,2026-04-29 11:38:00.638702,2026-04-29 11:38:02.026222,0 days 00:00:01.387520,0.956771985140202,0.022823993457132888,10,30,299,75,COMPLETE
132,35.45383472658379,2026-04-29 11:38:02.026222,2026-04-29 11:38:03.360076,0 days 00:00:01.333854,0.9476689209615737,0.02307534933390668,10,30,297,74,COMPLETE
133,35.528646785716624,2026-04-29 11:38:03.360076,2026-04-29 11:38:04.638506,0 days 00:00:01.278430,0.9410438276232884,0.02474462310407763,10,30,294,75,COMPLETE
134,35.61486554107377,2026-04-29 11:38:04.638506,2026-04-29 11:38:05.973659,0 days 00:00:01.335153,0.9421691327767253,0.023041446107666404,10,31,297,74,COMPLETE
