number,value,datetime_start,datetime_complete,duration,params_batch_size,params_dropout_0,params_dropout_1,params_dropout_2,params_learning_rate,params_n_mlp_layers,params_units_0,params_units_1,params_units_2,state
128,32.63023783869724,2026-05-07 20:05:29.971281,2026-05-07 20:05:59.342758,0 days 00:00:29.371477,16,0.33871011378467464,,,0.0011122546825752752,1,160,,,COMPLETE
129,32.20610810214349,2026-05-07 20:05:59.342758,2026-05-07 20:06:30.870968,0 days 00:00:31.528210,16,0.38109316864535486,,,0.0013940096565170077,1,128,,,COMPLETE
130,31.85456636915027,2026-05-07 20:06:30.870968,2026-05-07 20:07:02.052164,0 days 00:00:31.181196,16,0.27812733444592846,,,0.0012731979972516515,1,192,,,COMPLETE
131,32.4899762863766,2026-05-07 20:07:02.053174,2026-05-07 20:07:29.935573,0 days 00:00:27.882399,16,0.27672105046570566,,,0.0013037261037686476,1,192,,,COMPLETE
132,32.65496809630742,2026-05-07 20:07:29.936100,2026-05-07 20:08:01.162784,0 days 00:00:31.226684,16,0.29709341348779933,,,0.0012592217988946315,1,192,,,COMPLETE
133,32.12387767146393,2026-05-07 20:08:01.163929,2026-05-07 20:08:28.302273,0 days 00:00:27.138344,16,0.3168527360162715,,,0.0011042487869189627,1,192,,,COMPLETE
