number,value,datetime_start,datetime_complete,duration,params_colsample_bytree,params_huber_slope,params_learning_rate,params_max_depth,params_min_child_weight,params_n_estimators,state
247,37.70243113209228,2026-05-08 20:54:14.768358,2026-05-08 20:54:19.011689,0 days 00:00:04.243331,0.5541958163971721,104.04503828330282,0.2017062679162662,3,19,900,COMPLETE
248,35.130526145950874,2026-05-08 20:54:19.011689,2026-05-08 20:54:23.526243,0 days 00:00:04.514554,0.5673014257891107,98.70302135492184,0.021312254492097355,3,10,900,COMPLETE
249,35.3644568077327,2026-05-08 20:54:23.526243,2026-05-08 20:54:27.308754,0 days 00:00:03.782511,0.5237214615733286,102.66617396910593,0.014586490962679399,3,16,800,COMPLETE
250,35.272034443907486,2026-05-08 20:54:27.308754,2026-05-08 20:54:31.837035,0 days 00:00:04.528281,0.5845499586205577,95.73748678707958,0.018469993136922398,3,7,900,COMPLETE
251,35.48640750258163,2026-05-08 20:54:31.837035,2026-05-08 20:54:35.661354,0 days 00:00:03.824319,0.6015237539203557,93.85648807544997,0.01571858994355145,3,88,800,COMPLETE
252,35.251267986669276,2026-05-08 20:54:35.661354,2026-05-08 20:54:39.873787,0 days 00:00:04.212433,0.5017876486195154,89.38082242931536,0.027487775695058673,3,13,900,COMPLETE
253,35.39633383495294,2026-05-08 20:54:39.873787,2026-05-08 20:54:45.343392,0 days 00:00:05.469605,0.5452582824926795,100.50950748195294,0.023009876045272656,3,9,1200,COMPLETE
254,35.25580874465595,2026-05-08 20:54:45.343392,2026-05-08 20:54:50.320856,0 days 00:00:04.977464,0.5744253657276877,105.46294248645663,0.019825230712681875,3,11,1000,COMPLETE
255,35.27752289668943,2026-05-08 20:54:50.320856,2026-05-08 20:54:53.885274,0 days 00:00:03.564418,0.5603720032045781,109.22175064826114,0.01354065821394371,3,14,700,COMPLETE
256,35.18501232175613,2026-05-08 20:54:53.885274,2026-05-08 20:54:57.900414,0 days 00:00:04.015140,0.5864992632736857,97.98755376525177,0.017369294645162243,3,12,800,COMPLETE
257,35.9442511406817,2026-05-08 20:54:57.900414,2026-05-08 20:55:09.969202,0 days 00:00:12.068788,0.5288922990359906,94.44069462531515,0.020768427758579233,7,17,900,COMPLETE
258,35.30717659625064,2026-05-08 20:55:09.969202,2026-05-08 20:55:15.213603,0 days 00:00:05.244401,0.5100023383926936,101.4794732255406,0.014989396564167392,3,6,1100,COMPLETE
259,35.322182938609444,2026-05-08 20:55:15.213603,2026-05-08 20:55:19.999053,0 days 00:00:04.785450,0.5702782402402987,90.55101088972363,0.023709055358285384,3,15,1000,COMPLETE
260,40.27394883298713,2026-05-08 20:55:19.999053,2026-05-08 20:55:24.926568,0 days 00:00:04.927515,0.5559620147828612,97.57062812007528,0.002062004519244461,3,11,900,COMPLETE
261,35.17637129271586,2026-05-08 20:55:24.926568,2026-05-08 20:55:30.372716,0 days 00:00:05.446148,0.5803252763248509,93.34982292579858,0.01662219754555059,3,8,1100,COMPLETE
262,35.50055507405714,2026-05-08 20:55:30.372716,2026-05-08 20:55:34.109938,0 days 00:00:03.737222,0.6038448210483998,105.59917802876555,0.019100524171114127,3,76,800,COMPLETE
263,35.09262494519407,2026-05-08 20:55:34.109938,2026-05-08 20:55:40.017722,0 days 00:00:05.907784,0.5889801426444187,101.27174765070703,0.012250164842887816,3,14,1200,COMPLETE
264,35.080068558345985,2026-05-08 20:55:40.017722,2026-05-08 20:55:45.950353,0 days 00:00:05.932631,0.5879381332611073,102.79320352904966,0.012442016464450485,3,13,1200,COMPLETE
265,35.103299983307956,2026-05-08 20:55:45.951354,2026-05-08 20:55:51.880658,0 days 00:00:05.929304,0.5908326197188284,103.44280168783814,0.012128255670895002,3,13,1200,COMPLETE
266,35.13207179747508,2026-05-08 20:55:51.880658,2026-05-08 20:55:59.885640,0 days 00:00:08.004982,0.5995234701520681,101.6953848833217,0.011631545162272402,4,10,1200,COMPLETE
267,35.17999827923602,2026-05-08 20:55:59.885640,2026-05-08 20:56:05.710777,0 days 00:00:05.825137,0.587838165802992,107.45199704643666,0.012906071922577847,3,16,1200,COMPLETE
268,35.14883328862966,2026-05-08 20:56:05.710777,2026-05-08 20:56:12.269198,0 days 00:00:06.558421,0.9737488358381818,104.28721092736092,0.010848694441049366,3,5,1200,COMPLETE
269,35.08015053334683,2026-05-08 20:56:12.269198,2026-05-08 20:56:18.149051,0 days 00:00:05.879853,0.5749169777320559,100.81433597118313,0.013598488473491028,3,12,1200,COMPLETE
270,35.109008378578324,2026-05-08 20:56:18.149051,2026-05-08 20:56:23.785756,0 days 00:00:05.636705,0.538111439160397,99.55147051995982,0.014393125147487943,3,13,1200,COMPLETE
271,35.08921496766734,2026-05-08 20:56:23.785756,2026-05-08 20:56:29.611172,0 days 00:00:05.825416,0.6102304355203545,96.06893946235623,0.014581908845085508,3,15,1200,COMPLETE
272,35.27525312401961,2026-05-08 20:56:29.611172,2026-05-08 20:56:35.272684,0 days 00:00:05.661512,0.6110514869865656,96.76721072214839,0.013416232449055179,3,20,1200,COMPLETE
273,36.240155009332604,2026-05-08 20:56:35.272684,2026-05-08 20:57:04.942235,0 days 00:00:29.669551,0.600679043459854,109.18137184625249,0.013831054351167677,9,15,1200,COMPLETE
274,35.32155841758196,2026-05-08 20:57:04.942235,2026-05-08 20:57:10.648746,0 days 00:00:05.706511,0.6145073383683746,32.08203459622308,0.015358955062020865,3,17,1200,COMPLETE
275,35.15547094928952,2026-05-08 20:57:10.648746,2026-05-08 20:57:16.585996,0 days 00:00:05.937250,0.5909178797751987,104.75064548436362,0.012825860230121357,3,11,1200,COMPLETE
276,35.6221908449284,2026-05-08 20:57:16.585996,2026-05-08 20:57:22.401191,0 days 00:00:05.815195,0.578120785987031,99.96836532977318,0.030435585205366354,3,8,1200,COMPLETE
277,35.13377456674673,2026-05-08 20:57:22.401191,2026-05-08 20:57:27.982258,0 days 00:00:05.581067,0.6017208482536565,96.07396153453425,0.01104887465118398,3,12,1100,COMPLETE
278,35.42834676014251,2026-05-08 20:57:27.982258,2026-05-08 20:57:35.280995,0 days 00:00:07.298737,0.5863434016866084,102.44160995392097,0.014230020715656091,4,18,1200,COMPLETE
279,35.042561544753845,2026-05-08 20:57:35.280995,2026-05-08 20:57:41.090833,0 days 00:00:05.809838,0.5651869274562058,98.95582797023377,0.015582634811485327,3,15,1200,COMPLETE
280,35.17300648493766,2026-05-08 20:57:41.090833,2026-05-08 20:57:46.931175,0 days 00:00:05.840342,0.56471597260855,106.43462332831903,0.01593657729337944,3,16,1200,COMPLETE
281,36.568826227309295,2026-05-08 20:57:46.931175,2026-05-08 20:58:00.406952,0 days 00:00:13.475777,0.5718485324585244,100.34915480606159,0.03664524377556658,6,15,1200,COMPLETE
282,35.359972523814854,2026-05-08 20:58:00.406952,2026-05-08 20:58:06.084061,0 days 00:00:05.677109,0.5747800292969144,91.50735176724946,0.018720384791699195,3,20,1200,COMPLETE
283,35.28417995745989,2026-05-08 20:58:06.084061,2026-05-08 20:58:11.831462,0 days 00:00:05.747401,0.5648315280460202,98.689006006526,0.026716001769474734,3,14,1200,COMPLETE
284,35.05008237791092,2026-05-08 20:58:11.831462,2026-05-08 20:58:15.908425,0 days 00:00:04.076963,0.5948394261329993,104.168121597695,0.018007539689139967,3,9,800,COMPLETE
285,35.15045622500173,2026-05-08 20:58:15.908425,2026-05-08 20:58:19.986312,0 days 00:00:04.077887,0.6109521279178834,104.0986854867512,0.01829212796206925,3,9,800,COMPLETE
286,35.112033456212956,2026-05-08 20:58:19.986312,2026-05-08 20:58:24.040567,0 days 00:00:04.054255,0.5975852281820251,107.49656445635505,0.02281751786561194,3,4,800,COMPLETE
287,35.380539410114196,2026-05-08 20:58:24.040567,2026-05-08 20:58:29.999796,0 days 00:00:05.959229,0.5780353625755978,87.15791370549695,0.01593389606479547,4,7,800,COMPLETE
288,35.11816401157425,2026-05-08 20:58:29.999796,2026-05-08 20:58:33.565848,0 days 00:00:03.566052,0.5603941706757816,95.57716946102987,0.02026257116803502,3,9,700,COMPLETE
289,35.09480722056203,2026-05-08 20:58:33.565848,2026-05-08 20:58:37.390616,0 days 00:00:03.824768,0.5454829024644634,109.77681649318015,0.017554705023434317,3,12,800,COMPLETE
290,35.178420869979256,2026-05-08 20:58:37.390616,2026-05-08 20:58:41.402049,0 days 00:00:04.011433,0.5819563741294335,104.53902750260691,0.024755663791742245,3,11,800,COMPLETE
291,35.20697996536145,2026-05-08 20:58:41.402049,2026-05-08 20:58:46.690016,0 days 00:00:05.287967,0.6050900804727325,98.61666082956857,0.01532771944196686,3,18,1100,COMPLETE
292,35.343251692479654,2026-05-08 20:58:46.690016,2026-05-08 20:58:53.024903,0 days 00:00:06.334887,0.5640381142422827,93.40387177333267,0.019600380199194394,3,9,1300,COMPLETE
293,35.06862924026255,2026-05-08 20:58:53.024903,2026-05-08 20:58:57.031826,0 days 00:00:04.006923,0.5528829954576194,102.13482282694831,0.017749173639303444,3,13,800,COMPLETE
294,35.19160407764428,2026-05-08 20:58:57.031826,2026-05-08 20:59:00.400236,0 days 00:00:03.368410,0.5339698926642428,102.91815307208562,0.022250041141629897,3,13,700,COMPLETE
295,35.98980273955414,2026-05-08 20:59:00.400236,2026-05-08 20:59:16.760527,0 days 00:00:16.360291,0.5543000616935809,107.05790808464674,0.01806454356950373,8,15,800,COMPLETE
296,35.26825998363386,2026-05-08 20:59:16.760527,2026-05-08 20:59:20.792196,0 days 00:00:04.031669,0.5508642743809756,101.74483169147769,0.020447147993317448,3,7,800,COMPLETE
297,35.4722200063916,2026-05-08 20:59:20.792196,2026-05-08 20:59:27.552600,0 days 00:00:06.760404,0.5393239827013868,95.67254635724136,0.01699779275078523,5,17,900,COMPLETE
298,35.224304317198246,2026-05-08 20:59:27.552600,2026-05-08 20:59:31.481080,0 days 00:00:03.928480,0.5685247420620128,109.83489997805063,0.027176787881047375,3,13,800,COMPLETE
299,35.133195683047504,2026-05-08 20:59:31.481080,2026-05-08 20:59:35.992841,0 days 00:00:04.511761,0.5555338336930354,89.30123067258162,0.018631452779568538,3,11,900,COMPLETE
300,35.377955113383116,2026-05-08 20:59:35.992841,2026-05-08 20:59:39.834246,0 days 00:00:03.841405,0.5724154231367455,46.703282842476476,0.02134829740719272,3,15,800,COMPLETE
301,35.113086075405214,2026-05-08 20:59:39.834246,2026-05-08 20:59:44.217888,0 days 00:00:04.383642,0.5124098808191839,105.0548009601572,0.014269709148340939,3,9,900,COMPLETE
302,35.157016872302755,2026-05-08 20:59:44.217888,2026-05-08 20:59:47.507935,0 days 00:00:03.290047,0.5456777153333441,100.78871223781117,0.02370326238938597,3,13,700,COMPLETE
303,35.36795871667026,2026-05-08 20:59:47.507935,2026-05-08 20:59:53.970348,0 days 00:00:06.462413,0.5917489540306757,94.66293450642479,0.016189414344638973,3,6,1300,COMPLETE
304,35.065670977421405,2026-05-08 20:59:53.970348,2026-05-08 20:59:58.474490,0 days 00:00:04.504142,0.6183700734544572,91.7702480290604,0.018649643373094535,3,11,900,COMPLETE
305,35.80742921250565,2026-05-08 20:59:58.474490,2026-05-08 21:00:17.361580,0 days 00:00:18.887090,0.5628394899755989,92.05528237254246,0.01947506723108899,10,54,900,COMPLETE
306,37.023262632605125,2026-05-08 21:00:17.361580,2026-05-08 21:00:22.131558,0 days 00:00:04.769978,0.6209093339733425,90.42658263267457,0.004170464273851657,3,11,900,COMPLETE
307,35.16924057717483,2026-05-08 21:00:22.131558,2026-05-08 21:00:28.308922,0 days 00:00:06.177364,0.7585614905911833,99.02623429621747,0.01762823067149963,4,9,900,COMPLETE
308,37.02590288800158,2026-05-08 21:00:28.308922,2026-05-08 21:00:32.395944,0 days 00:00:04.087022,0.5251439464475111,87.86622036045314,0.12942312720739985,3,12,900,COMPLETE
309,35.230364279192415,2026-05-08 21:00:32.395944,2026-05-08 21:00:36.449877,0 days 00:00:04.053933,0.5740769650094886,105.48864907521194,0.02161805448464749,3,7,800,COMPLETE
310,35.18989152477662,2026-05-08 21:00:36.449877,2026-05-08 21:00:40.913757,0 days 00:00:04.463880,0.5929838974917705,102.75813341046819,0.024625488439174104,3,11,900,COMPLETE
