number,value,datetime_start,datetime_complete,duration,params_colsample_bytree,params_huber_slope,params_learning_rate,params_max_depth,params_min_child_weight,params_n_estimators,state
0,35.36465030142857,2026-05-08 20:27:29.169231,2026-05-08 20:27:34.723301,0 days 00:00:05.554070,0.8059719925498006,69.94476866711804,0.041658471558671785,7,37,300,COMPLETE
1,37.314429173707424,2026-05-08 20:27:34.726220,2026-05-08 20:27:50.280491,0 days 00:00:15.554271,0.9939807148169674,42.504809751202075,0.0013298004118175758,5,36,1300,COMPLETE
2,36.64140305252351,2026-05-08 20:27:50.280491,2026-05-08 20:28:28.175592,0 days 00:00:37.895101,0.505079748888364,58.20318801805482,0.026283325464679444,10,10,1300,COMPLETE
3,38.708016190135865,2026-05-08 20:28:28.175592,2026-05-08 20:28:39.701718,0 days 00:00:11.526126,0.7724566867718679,91.69302096065262,0.15394927595624863,6,51,1200,COMPLETE
4,37.184346949706445,2026-05-08 20:28:39.701718,2026-05-08 20:29:08.568949,0 days 00:00:28.867231,0.9230610579984557,45.42668792623127,0.05863868743077844,10,28,1300,COMPLETE
5,35.565888952317046,2026-05-08 20:29:08.568949,2026-05-08 20:29:28.398158,0 days 00:00:19.829209,0.7607720321623888,36.63306853396189,0.01053267633741056,8,20,1100,COMPLETE
6,35.303646828996456,2026-05-08 20:29:28.413785,2026-05-08 20:29:31.672929,0 days 00:00:03.259144,0.8299078446043424,66.33149016363392,0.02849221561776313,4,92,500,COMPLETE
7,36.05891843804265,2026-05-08 20:29:31.688563,2026-05-08 20:29:42.873037,0 days 00:00:11.184474,0.7432417340809132,45.832291245723034,0.04000510389668671,7,53,1000,COMPLETE
8,35.3999687295141,2026-05-08 20:29:42.873037,2026-05-08 20:29:59.948011,0 days 00:00:17.074974,0.8705305958928867,62.9975801991769,0.008878535396140006,7,68,1300,COMPLETE
9,38.0036867072959,2026-05-08 20:29:59.948011,2026-05-08 20:30:11.530144,0 days 00:00:11.582133,0.6040890028824342,34.15676356651597,0.0012888940547862557,5,93,1400,COMPLETE
10,64.88589795371321,2026-05-08 20:30:11.530144,2026-05-08 20:30:13.926254,0 days 00:00:02.396110,0.6635293261159105,25.046899970858444,0.2948513772703417,3,96,500,COMPLETE
11,51.7397752907158,2026-05-08 20:30:13.926254,2026-05-08 20:30:14.656288,0 days 00:00:00.730034,0.8482523727115167,91.04863124250959,0.005544013741614463,3,69,100,COMPLETE
12,35.826340378891516,2026-05-08 20:30:14.656288,2026-05-08 20:30:18.314054,0 days 00:00:03.657766,0.8686640725851598,70.70974383412461,0.08142463141347471,5,79,500,COMPLETE
13,35.242301600903005,2026-05-08 20:30:18.314054,2026-05-08 20:30:27.692053,0 days 00:00:09.377999,0.8060598861951134,75.44763624937428,0.019528874887688553,8,40,400,COMPLETE
14,36.539136631144096,2026-05-08 20:30:27.692053,2026-05-08 20:31:05.273688,0 days 00:00:37.581635,0.6875378551121974,105.01224168871278,0.01508570727179537,9,2,600,COMPLETE
15,36.589381420988076,2026-05-08 20:31:05.273688,2026-05-08 20:31:11.994742,0 days 00:00:06.721054,0.9610289497338272,80.00923157726021,0.003936147822075838,4,61,800,COMPLETE
16,36.371098955856176,2026-05-08 20:31:11.994742,2026-05-08 20:31:14.633636,0 days 00:00:02.638894,0.6931475945947243,54.747229078564835,0.027346456101284247,8,83,100,COMPLETE
17,36.8802655778317,2026-05-08 20:31:14.633636,2026-05-08 20:31:22.725477,0 days 00:00:08.091841,0.81802844871631,76.80227445214038,0.10920959400791687,6,38,800,COMPLETE
18,42.61582103214217,2026-05-08 20:31:22.725477,2026-05-08 20:31:32.540893,0 days 00:00:09.815416,0.9064542240694826,105.85280166996257,0.00344615783886487,8,79,300,COMPLETE
19,35.27097440673778,2026-05-08 20:31:32.540893,2026-05-08 20:31:36.879342,0 days 00:00:04.338449,0.559140004395767,64.45951065808603,0.014785040818143408,4,45,700,COMPLETE
20,35.36262684151601,2026-05-08 20:31:36.879342,2026-05-08 20:31:41.514802,0 days 00:00:04.635460,0.5056917058315508,50.918607503936364,0.01401930250818057,4,45,800,COMPLETE
21,35.425581468107914,2026-05-08 20:31:41.514802,2026-05-08 20:31:45.092692,0 days 00:00:03.577890,0.6204769158281396,63.72225799916794,0.026064308414731494,4,23,600,COMPLETE
22,37.73035253938832,2026-05-08 20:31:45.092692,2026-05-08 20:31:47.272246,0 days 00:00:02.179554,0.5641057796075586,85.03927225966008,0.007659481961161744,3,59,400,COMPLETE
23,35.563816203892394,2026-05-08 20:31:47.272246,2026-05-08 20:32:02.164683,0 days 00:00:14.892437,0.8081807067918274,69.44319204716906,0.022569971074564748,9,46,700,COMPLETE
24,35.38044624674424,2026-05-08 20:32:02.164683,2026-05-08 20:32:04.156582,0 days 00:00:01.991899,0.7139570589396929,60.44395067583027,0.046381306209179116,4,28,300,COMPLETE
25,35.45765467543464,2026-05-08 20:32:04.156582,2026-05-08 20:32:13.091251,0 days 00:00:08.934669,0.6452612099715949,52.31015535180498,0.016818997866782214,6,64,1000,COMPLETE
26,42.791866316221046,2026-05-08 20:32:13.091251,2026-05-08 20:32:18.253540,0 days 00:00:05.162289,0.9097107438903332,75.7455983070258,0.002526192019027333,5,56,400,COMPLETE
27,35.51314032670104,2026-05-08 20:32:18.253540,2026-05-08 20:32:42.329187,0 days 00:00:24.075647,0.5598171383776872,87.91987303940863,0.0060944861749549556,9,42,700,COMPLETE
28,35.46732871006179,2026-05-08 20:32:42.329187,2026-05-08 20:32:45.516156,0 days 00:00:03.186969,0.7295627223044023,66.65613556001898,0.011731375926167794,3,15,600,COMPLETE
29,35.31042340871055,2026-05-08 20:32:45.516156,2026-05-08 20:32:50.143198,0 days 00:00:04.627042,0.7753259382838477,71.87197723741961,0.03792544202656229,6,30,400,COMPLETE
30,35.84592481167423,2026-05-08 20:32:50.143198,2026-05-08 20:32:53.830732,0 days 00:00:03.687534,0.8302472204148473,57.543798715303694,0.020383275686688032,7,89,200,COMPLETE
31,35.35409259718539,2026-05-08 20:32:53.830732,2026-05-08 20:32:56.530514,0 days 00:00:02.699782,0.7863949938466636,72.08733431289373,0.037911658953993586,4,32,400,COMPLETE
32,35.562075783161895,2026-05-08 20:32:56.546141,2026-05-08 20:33:00.567873,0 days 00:00:04.021732,0.7896510132987283,81.0361173650344,0.06767759118771453,5,34,500,COMPLETE
33,35.334976528945525,2026-05-08 20:33:00.567873,2026-05-08 20:33:04.181828,0 days 00:00:03.613955,0.8692096851581308,94.65469870124961,0.040354978801801104,6,41,300,COMPLETE
34,35.40328391654989,2026-05-08 20:33:04.181828,2026-05-08 20:33:06.103415,0 days 00:00:01.921587,0.7642044949544835,66.04999170060823,0.030115852978669866,5,49,200,COMPLETE
35,35.666642491635095,2026-05-08 20:33:06.103415,2026-05-08 20:33:20.120701,0 days 00:00:14.017286,0.8381507224286274,48.41219792758701,0.017796481450011586,8,25,700,COMPLETE
36,36.54114559222427,2026-05-08 20:33:20.120701,2026-05-08 20:33:30.215033,0 days 00:00:10.094332,0.7954796800794477,56.38455735869321,0.05374689382251769,6,16,900,COMPLETE
37,35.558607431310406,2026-05-08 20:33:30.215033,2026-05-08 20:33:33.740941,0 days 00:00:03.525908,0.9916957372042625,40.31485549452425,0.10352842855846389,4,33,500,COMPLETE
38,35.37484729391129,2026-05-08 20:33:33.740941,2026-05-08 20:33:38.818865,0 days 00:00:05.077924,0.7533053370791154,73.8537668849923,0.03215589555444933,7,100,400,COMPLETE
39,37.130949177948665,2026-05-08 20:33:38.818865,2026-05-08 20:33:47.132420,0 days 00:00:08.313555,0.7186010937976276,98.77658528798102,0.010794376992891331,10,73,200,COMPLETE
40,39.2198476422695,2026-05-08 20:33:47.132420,2026-05-08 20:33:56.902619,0 days 00:00:09.770199,0.8530729201216555,59.64156851580054,0.2520066398250817,9,53,600,COMPLETE
41,35.246516499430605,2026-05-08 20:33:56.902619,2026-05-08 20:34:00.626170,0 days 00:00:03.723551,0.8836046768857159,91.47317858905215,0.04884686559069817,6,38,300,COMPLETE
42,35.606146185696176,2026-05-08 20:34:00.626170,2026-05-08 20:34:05.300123,0 days 00:00:04.673953,0.8974828441636709,85.44402315094268,0.06195868782448123,7,37,300,COMPLETE
43,36.25923415280581,2026-05-08 20:34:05.300123,2026-05-08 20:34:10.757357,0 days 00:00:05.457234,0.9455906745850216,80.55408808746063,0.08604360773633585,6,29,500,COMPLETE
44,36.769349047496874,2026-05-08 20:34:10.757357,2026-05-08 20:34:14.109933,0 days 00:00:03.352576,0.8877742630108277,97.42124362753249,0.16139004273344848,5,48,400,COMPLETE
45,35.29290346253488,2026-05-08 20:34:14.109933,2026-05-08 20:34:19.928815,0 days 00:00:05.818882,0.8161335116243777,68.87939456449782,0.022428040201177474,8,42,200,COMPLETE
46,36.25651613226816,2026-05-08 20:34:19.928815,2026-05-08 20:34:22.618256,0 days 00:00:02.689441,0.8150524844209334,27.98850430434379,0.021495903769470113,8,41,100,COMPLETE
47,35.70789817689425,2026-05-08 20:34:22.618256,2026-05-08 20:34:47.803077,0 days 00:00:25.184821,0.9320802526070605,62.735337448115835,0.01231306681292276,8,52,1500,COMPLETE
48,35.542086668360476,2026-05-08 20:34:47.818703,2026-05-08 20:34:56.610577,0 days 00:00:08.791874,0.8543818217794533,67.519588213567,0.016463310688590256,9,38,200,COMPLETE
49,36.23523029966268,2026-05-08 20:34:56.610577,2026-05-08 20:35:04.547073,0 days 00:00:07.936496,0.8838543821667527,78.32191246594232,0.008314833536857292,7,46,300,COMPLETE
50,36.21190151570441,2026-05-08 20:35:04.547073,2026-05-08 20:35:05.240452,0 days 00:00:00.693379,0.8279909003058787,83.21399271385343,0.051466597222558155,3,57,100,COMPLETE
51,35.544604251195494,2026-05-08 20:35:05.240452,2026-05-08 20:35:12.983822,0 days 00:00:07.743370,0.7762340687056825,70.87713747287093,0.034105571844763996,7,20,500,COMPLETE
52,35.19172849499514,2026-05-08 20:35:12.983822,2026-05-08 20:35:16.732994,0 days 00:00:03.749172,0.8051466725335088,73.96495163835927,0.02417533567542174,5,30,400,COMPLETE
53,35.28625609036813,2026-05-08 20:35:16.732994,2026-05-08 20:35:22.156489,0 days 00:00:05.423495,0.8479769373200887,90.57793890359328,0.020286791144432135,5,43,600,COMPLETE
54,35.22542488643229,2026-05-08 20:35:22.156489,2026-05-08 20:35:28.310913,0 days 00:00:06.154424,0.7432691979249715,101.60510811514698,0.013776137311158142,5,42,700,COMPLETE
55,35.27306166891665,2026-05-08 20:35:28.310913,2026-05-08 20:35:34.068974,0 days 00:00:05.758061,0.570771970751303,109.9686235442932,0.013242723527906923,5,36,700,COMPLETE
56,35.37099910568084,2026-05-08 20:35:34.068974,2026-05-08 20:35:42.326701,0 days 00:00:08.257727,0.5505830920786712,107.82205845470787,0.006698158875370838,5,24,900,COMPLETE
57,35.270265869490046,2026-05-08 20:35:42.326701,2026-05-08 20:35:49.685104,0 days 00:00:07.358403,0.5893508075964129,101.30637107646643,0.009196094962307982,4,36,1200,COMPLETE
58,35.77215926320833,2026-05-08 20:35:49.685104,2026-05-08 20:35:57.006324,0 days 00:00:07.321220,0.5314995822739534,102.21505622715226,0.004647359161012526,4,39,1100,COMPLETE
59,35.08147017113838,2026-05-08 20:35:57.006324,2026-05-08 20:36:05.398903,0 days 00:00:08.392579,0.6081955489568962,93.2598145516007,0.007552089076900643,4,8,1200,COMPLETE
60,35.277866045702105,2026-05-08 20:36:05.398903,2026-05-08 20:36:13.909595,0 days 00:00:08.510692,0.6047863661059013,92.89226361702818,0.009855047331521335,4,6,1200,COMPLETE
61,36.411043794432544,2026-05-08 20:36:13.909595,2026-05-08 20:36:22.796159,0 days 00:00:08.886564,0.581267305796618,98.59179070534444,0.0029851420830620387,4,14,1200,COMPLETE
62,35.59534185368213,2026-05-08 20:36:22.796159,2026-05-08 20:36:37.372715,0 days 00:00:14.576556,0.6445768457361872,91.59611676771779,0.005183076977358454,5,4,1400,COMPLETE
63,35.80569853199269,2026-05-08 20:36:37.373723,2026-05-08 20:36:41.824723,0 days 00:00:04.451000,0.5085208305195139,88.09302220202068,0.007353904507822354,3,8,900,COMPLETE
64,35.3534953149034,2026-05-08 20:36:41.824723,2026-05-08 20:36:49.847318,0 days 00:00:08.022595,0.6851726325161637,101.43778152388137,0.009225494245261232,4,19,1200,COMPLETE
65,35.286551739897526,2026-05-08 20:36:49.847318,2026-05-08 20:36:56.325680,0 days 00:00:06.478362,0.5932255193305311,76.24427127025245,0.014643275015373013,4,27,1100,COMPLETE
66,36.10242725275155,2026-05-08 20:36:56.325680,2026-05-08 20:37:10.130555,0 days 00:00:13.804875,0.5441662718734134,103.95781550858096,0.025123836768853294,6,12,1300,COMPLETE
67,35.13753721067667,2026-05-08 20:37:10.130555,2026-05-08 20:37:15.232350,0 days 00:00:05.101795,0.6342721393443171,86.01773876911847,0.018054567090374517,3,32,1100,COMPLETE
68,39.96589020760401,2026-05-08 20:37:15.232350,2026-05-08 20:37:20.750053,0 days 00:00:05.517703,0.6322077758497254,94.87087293983573,0.0018378210417220407,3,34,1000,COMPLETE
69,35.184244445682324,2026-05-08 20:37:20.750053,2026-05-08 20:37:27.426677,0 days 00:00:06.676624,0.6701999484352381,87.56443277984683,0.017458558169900978,3,31,1400,COMPLETE
70,35.14248610720301,2026-05-08 20:37:27.426677,2026-05-08 20:37:34.431671,0 days 00:00:07.004994,0.665026463240197,84.72752567297735,0.017695223945128277,3,32,1500,COMPLETE
71,35.371028007119776,2026-05-08 20:37:34.431671,2026-05-08 20:37:41.021229,0 days 00:00:06.589558,0.6764394176215172,85.65233830009578,0.026043742798878805,3,31,1400,COMPLETE
72,35.255927899276436,2026-05-08 20:37:41.021229,2026-05-08 20:37:48.176244,0 days 00:00:07.155015,0.665213592872945,89.02239937636845,0.01779217749323318,3,26,1500,COMPLETE
73,35.19339753579441,2026-05-08 20:37:48.176244,2026-05-08 20:37:54.546027,0 days 00:00:06.369783,0.7043755192541934,82.2999056458896,0.011681123355976543,3,31,1300,COMPLETE
74,35.21360142083398,2026-05-08 20:37:54.546027,2026-05-08 20:38:01.371492,0 days 00:00:06.825465,0.7059961694635882,82.49835631957818,0.013773941955162293,3,22,1400,COMPLETE
75,35.29514580415488,2026-05-08 20:38:01.371492,2026-05-08 20:38:08.251349,0 days 00:00:06.879857,0.7044829915993972,83.38115223500044,0.011266888292903012,3,22,1400,COMPLETE
76,35.255304239519155,2026-05-08 20:38:08.251349,2026-05-08 20:38:14.690376,0 days 00:00:06.439027,0.7380242258752764,79.22566947923282,0.01409047478115188,3,17,1300,COMPLETE
77,35.353818391788934,2026-05-08 20:38:14.690376,2026-05-08 20:38:21.019266,0 days 00:00:06.328890,0.6511301838199368,97.04437401191203,0.016267295430878216,3,22,1400,COMPLETE
78,35.15194872817298,2026-05-08 20:38:21.019266,2026-05-08 20:38:28.363759,0 days 00:00:07.344493,0.6178878621588301,83.52866258971552,0.010558924299063435,3,30,1500,COMPLETE
79,35.19496669801619,2026-05-08 20:38:28.363759,2026-05-08 20:38:35.543982,0 days 00:00:07.180223,0.6211786614657373,81.70914215164792,0.007924936416881627,3,29,1500,COMPLETE
80,35.26450155461022,2026-05-08 20:38:35.543982,2026-05-08 20:38:42.826859,0 days 00:00:07.282877,0.6258731304889523,86.42250776866163,0.006476842754753193,3,29,1500,COMPLETE
81,35.32554040507766,2026-05-08 20:38:42.826859,2026-05-08 20:38:49.902099,0 days 00:00:07.075240,0.6109091607447812,82.23699425143468,0.00841521981967822,3,26,1500,COMPLETE
82,35.158335835941116,2026-05-08 20:38:49.902099,2026-05-08 20:38:56.686988,0 days 00:00:06.784889,0.6650566278974352,77.34509104039728,0.01064347075788061,3,32,1400,COMPLETE
83,35.18144636824824,2026-05-08 20:38:56.686988,2026-05-08 20:39:03.057083,0 days 00:00:06.370095,0.6705821972611965,74.79066866481679,0.010834589185435024,3,32,1300,COMPLETE
84,35.14555686156672,2026-05-08 20:39:03.057083,2026-05-08 20:39:09.465366,0 days 00:00:06.408283,0.6626897639931737,73.48897257428769,0.010748852595338514,3,33,1300,COMPLETE
85,35.97962811954515,2026-05-08 20:39:09.465366,2026-05-08 20:39:16.368122,0 days 00:00:06.902756,0.661859581477793,74.18353895563203,0.004363342136167271,3,34,1300,COMPLETE
86,35.16875675227955,2026-05-08 20:39:16.368122,2026-05-08 20:39:23.208477,0 days 00:00:06.840355,0.673493134568655,76.69950981235056,0.010572436167610654,3,33,1400,COMPLETE
87,35.12695656810614,2026-05-08 20:39:23.208477,2026-05-08 20:39:29.554771,0 days 00:00:06.346294,0.6550351691891819,78.1330850409604,0.01023294554407979,3,34,1400,COMPLETE
88,35.51393330319418,2026-05-08 20:39:29.554771,2026-05-08 20:39:36.077320,0 days 00:00:06.522549,0.6357206043068483,78.01631582305015,0.005547048534527476,3,33,1300,COMPLETE
89,35.28007526751087,2026-05-08 20:39:36.077320,2026-05-08 20:39:42.465169,0 days 00:00:06.387849,0.6546131860951387,70.8107823066683,0.010808346481094609,3,49,1400,COMPLETE
90,35.294325361283796,2026-05-08 20:39:42.465169,2026-05-08 20:39:53.681719,0 days 00:00:11.216550,0.681945895841122,65.13636314024023,0.007038656485655777,4,1,1500,COMPLETE
91,35.17862565667987,2026-05-08 20:39:53.681719,2026-05-08 20:40:00.555345,0 days 00:00:06.873626,0.6720280404621372,76.51387996302358,0.010094485599662062,3,36,1400,COMPLETE
92,35.14302018501626,2026-05-08 20:40:00.555345,2026-05-08 20:40:07.166509,0 days 00:00:06.611164,0.6397765928310589,74.45466913997812,0.009865263110146192,3,35,1400,COMPLETE
93,35.13413310315805,2026-05-08 20:40:07.166509,2026-05-08 20:40:14.070267,0 days 00:00:06.903758,0.6422431469722812,78.71655785169867,0.012654731455648442,3,36,1500,COMPLETE
94,35.156618587402754,2026-05-08 20:40:14.070267,2026-05-08 20:40:21.134001,0 days 00:00:07.063734,0.6398655888713417,79.24271156614245,0.009341581179383968,3,35,1500,COMPLETE
95,35.441836659344844,2026-05-08 20:40:21.134001,2026-05-08 20:40:28.480894,0 days 00:00:07.346893,0.6400354504039104,85.18014965182485,0.005947386918824173,3,44,1500,COMPLETE
96,35.275309501743,2026-05-08 20:40:28.481404,2026-05-08 20:40:35.113067,0 days 00:00:06.631663,0.6553768080806189,78.69235752684543,0.012423448234177594,3,40,1500,COMPLETE
97,35.18670436350912,2026-05-08 20:40:35.113067,2026-05-08 20:40:44.175053,0 days 00:00:09.061986,0.611721580310407,67.96464291476127,0.008623022307216052,4,35,1500,COMPLETE
98,35.21764843319835,2026-05-08 20:40:44.175053,2026-05-08 20:40:49.866508,0 days 00:00:05.691455,0.6955749570765906,72.10793013556048,0.019174104832164387,3,39,1200,COMPLETE
99,35.29011374689986,2026-05-08 20:40:49.866508,2026-05-08 20:40:59.059327,0 days 00:00:09.192819,0.6267545388402899,94.57230892031531,0.007743337355635721,4,27,1500,COMPLETE
100,35.294015040664256,2026-05-08 20:40:59.059327,2026-05-08 20:41:05.728107,0 days 00:00:06.668780,0.5900008934257914,79.87163852428893,0.009309664196253942,3,24,1400,COMPLETE
101,35.358466747446116,2026-05-08 20:41:05.728107,2026-05-08 20:41:12.340012,0 days 00:00:06.611905,0.6141981969673274,76.70848756590965,0.010096732813291568,3,38,1400,COMPLETE
102,35.255639859284926,2026-05-08 20:41:12.340012,2026-05-08 20:41:18.458897,0 days 00:00:06.118885,0.6448125420102598,61.937167904134164,0.01240400704169043,3,35,1300,COMPLETE
103,35.181564939912775,2026-05-08 20:41:18.458897,2026-05-08 20:41:24.866312,0 days 00:00:06.407415,0.6025545274803057,72.57994114200929,0.015532068694919026,3,28,1400,COMPLETE
104,35.24623320584678,2026-05-08 20:41:24.866312,2026-05-08 20:41:32.023577,0 days 00:00:07.157265,0.6318072896150314,88.64529371343029,0.007477459002588672,3,32,1500,COMPLETE
105,35.42885268751717,2026-05-08 20:41:32.023577,2026-05-08 20:41:39.171179,0 days 00:00:07.147602,0.6937359839506858,68.87993364588229,0.006240078010248397,3,40,1400,COMPLETE
106,35.206587638524,2026-05-08 20:41:39.171179,2026-05-08 20:41:46.410216,0 days 00:00:07.239037,0.6558558149436927,84.01331507862683,0.008963556824321373,4,36,1200,COMPLETE
107,35.189809590191835,2026-05-08 20:41:46.410216,2026-05-08 20:41:52.277910,0 days 00:00:05.867694,0.5806093735148746,78.87791193936239,0.019175138121894045,3,33,1300,COMPLETE
108,35.345916505621425,2026-05-08 20:41:52.277910,2026-05-08 20:42:00.904329,0 days 00:00:08.626419,0.5980527186256467,41.57391732831732,0.01291949115628359,4,47,1500,COMPLETE
109,35.3758592187607,2026-05-08 20:42:00.904329,2026-05-08 20:42:06.178226,0 days 00:00:05.273897,0.6185470606192538,75.82523738320309,0.01159646309575272,3,19,1100,COMPLETE
110,35.44981018030556,2026-05-08 20:42:06.178226,2026-05-08 20:42:14.562574,0 days 00:00:08.384348,0.7247773327977799,89.66342196118605,0.015589992077416197,4,44,1400,COMPLETE
111,35.1435651784052,2026-05-08 20:42:14.562574,2026-05-08 20:42:21.482171,0 days 00:00:06.919597,0.6767024994707364,76.69321512494344,0.00997322578242491,3,30,1400,COMPLETE
112,35.150282057808894,2026-05-08 20:42:21.482171,2026-05-08 20:42:28.558810,0 days 00:00:07.076639,0.6412582528651493,72.98386686739988,0.00977102243989113,3,30,1500,COMPLETE
113,35.2525307470356,2026-05-08 20:42:28.558810,2026-05-08 20:42:35.809166,0 days 00:00:07.250356,0.6410784095766229,72.84963997093628,0.007002036748871103,3,28,1500,COMPLETE
114,35.49932000696079,2026-05-08 20:42:35.809166,2026-05-08 20:42:43.671596,0 days 00:00:07.862430,0.6598917062452935,80.62159788432527,0.004995797822192756,3,30,1500,COMPLETE
115,35.218499691501464,2026-05-08 20:42:43.671596,2026-05-08 20:42:50.719851,0 days 00:00:07.048255,0.6499318444291694,86.21346716156516,0.009780149320792238,3,24,1500,COMPLETE
116,35.23833059901668,2026-05-08 20:42:50.719851,2026-05-08 20:42:57.002336,0 days 00:00:06.282485,0.6840592622850562,71.0798206506658,0.014674874143112844,3,37,1300,COMPLETE
117,35.15545714854922,2026-05-08 20:42:57.002336,2026-05-08 20:43:03.560264,0 days 00:00:06.557928,0.6336403764959813,74.23473493675941,0.012420830698376418,3,30,1400,COMPLETE
118,35.32209844023914,2026-05-08 20:43:03.560264,2026-05-08 20:43:10.337174,0 days 00:00:06.776910,0.6307494970966264,36.598139874312125,0.008414142590819339,3,25,1400,COMPLETE
119,35.29199242099096,2026-05-08 20:43:10.337174,2026-05-08 20:43:17.517140,0 days 00:00:07.179966,0.6371975670446889,65.88245580417176,0.02226114658100144,3,11,1500,COMPLETE
120,35.21407214411344,2026-05-08 20:43:17.517140,2026-05-08 20:43:25.711397,0 days 00:00:08.194257,0.6063883768076136,73.88208223958581,0.012787381757369555,4,30,1400,COMPLETE
121,35.38577889333099,2026-05-08 20:43:25.711397,2026-05-08 20:43:32.228388,0 days 00:00:06.516991,0.6230782200885445,70.01987283425703,0.011116329969383953,3,65,1400,COMPLETE
122,35.273052814552685,2026-05-08 20:43:32.228388,2026-05-08 20:43:38.691225,0 days 00:00:06.462837,0.6619132359873754,80.42365838538863,0.009266093889660933,3,27,1300,COMPLETE
