number,value,datetime_start,datetime_complete,duration,params_batch_size,params_dropout_0,params_dropout_1,params_dropout_2,params_learning_rate,params_n_mlp_layers,params_units_0,params_units_1,params_units_2,state
0,34.195233452157126,2026-05-07 23:00:01.177921,2026-05-07 23:00:19.788202,0 days 00:00:18.610281,64,0.16923412400855586,0.0638106657582233,0.2613566204123694,0.001757388201894405,3,96,224.0,128.0,COMPLETE
1,33.01595836766789,2026-05-07 23:00:19.790284,2026-05-07 23:00:31.907307,0 days 00:00:12.117023,128,0.1892037027979283,0.4572506800339137,,0.003003202301961073,2,224,128.0,,COMPLETE
2,35.537337957021734,2026-05-07 23:00:31.908696,2026-05-07 23:00:41.126968,0 days 00:00:09.218272,128,0.09094250491546435,,,0.087714047379209,1,64,,,COMPLETE
3,45.14137088589338,2026-05-07 23:00:41.126968,2026-05-07 23:00:55.209842,0 days 00:00:14.082874,64,0.010026958106979289,,,0.09248238013987842,1,256,,,COMPLETE
4,37.770884843188426,2026-05-07 23:00:55.216150,2026-05-07 23:01:16.047765,0 days 00:00:20.831615,32,0.3367811056606485,,,0.031696505400656376,1,256,,,COMPLETE
5,32.60730325487687,2026-05-07 23:01:16.047765,2026-05-07 23:01:25.720576,0 days 00:00:09.672811,128,0.2755224034112799,0.18384895275559437,,0.009400085476429211,2,128,96.0,,COMPLETE
6,34.88668727762857,2026-05-07 23:01:25.720576,2026-05-07 23:01:43.136707,0 days 00:00:17.416131,64,0.303872227370027,0.4834636033232747,0.02140831096991902,0.003300513063218798,3,128,256.0,160.0,COMPLETE
7,66.73153938675485,2026-05-07 23:01:43.137693,2026-05-07 23:02:16.869332,0 days 00:00:33.731639,16,0.4953266355874003,0.08892615662921127,0.3232006950979176,0.06574398942897507,3,64,256.0,224.0,COMPLETE
8,32.988683145453315,2026-05-07 23:02:16.869332,2026-05-07 23:02:38.298424,0 days 00:00:21.429092,32,0.07913280525331234,0.3234533973088362,0.43107650586812507,0.003848681801634553,3,224,160.0,64.0,COMPLETE
9,38.99644293681974,2026-05-07 23:02:38.298424,2026-05-07 23:03:08.418631,0 days 00:00:30.120207,16,0.492498711491605,0.27613023624531147,0.35168511666268704,0.008718015119946373,3,64,160.0,160.0,COMPLETE
10,33.721857288187834,2026-05-07 23:03:08.418631,2026-05-07 23:03:21.010128,0 days 00:00:12.591497,128,0.3903915485639272,0.17012246677177228,,0.015473494085638641,2,160,32.0,,COMPLETE
11,32.4275893931906,2026-05-07 23:03:21.010128,2026-05-07 23:03:43.474531,0 days 00:00:22.464403,32,0.21556519381915643,0.29372175762028924,,0.007466298042240691,2,192,96.0,,COMPLETE
12,34.43789670578755,2026-05-07 23:03:43.476677,2026-05-07 23:03:59.760611,0 days 00:00:16.283934,32,0.24310789092528612,0.196583635080183,,0.009884741874154824,2,160,64.0,,COMPLETE
13,35.87045141900259,2026-05-07 23:03:59.760611,2026-05-07 23:04:08.780080,0 days 00:00:09.019469,128,0.24304011544191373,0.3698228633388509,,0.020544430648638617,2,192,96.0,,COMPLETE
14,33.23122444588783,2026-05-07 23:04:08.780080,2026-05-07 23:04:35.907036,0 days 00:00:27.126956,32,0.3572047253571017,0.1954576860510725,,0.0063168635299042705,2,128,96.0,,COMPLETE
15,33.949052196181604,2026-05-07 23:04:35.907036,2026-05-07 23:04:47.768252,0 days 00:00:11.861216,128,0.15638547846955003,0.008225671464179657,,0.0056803012895296975,2,192,32.0,,COMPLETE
16,42.01631228344671,2026-05-07 23:04:47.769254,2026-05-07 23:05:07.029607,0 days 00:00:19.260353,32,0.418344368037346,0.3850857800794724,,0.033116224156417476,2,32,96.0,,COMPLETE
17,31.60409700137244,2026-05-07 23:05:07.029607,2026-05-07 23:05:44.973695,0 days 00:00:37.944088,16,0.2823598534016753,,,0.001000908673261396,1,192,,,COMPLETE
18,32.14557176615349,2026-05-07 23:05:44.988829,2026-05-07 23:06:13.395044,0 days 00:00:28.406215,16,0.2097254457395126,,,0.0012855610057130756,1,192,,,COMPLETE
19,32.17640193812762,2026-05-07 23:06:13.395044,2026-05-07 23:06:41.306751,0 days 00:00:27.911707,16,0.14622917101326466,,,0.0010820603958119426,1,224,,,COMPLETE
20,32.7328136232415,2026-05-07 23:06:41.307757,2026-05-07 23:07:12.965207,0 days 00:00:31.657450,16,0.30732884889521056,,,0.0011877822072164199,1,160,,,COMPLETE
21,32.7297532941876,2026-05-07 23:07:12.965207,2026-05-07 23:07:39.950917,0 days 00:00:26.985710,16,0.128615940374368,,,0.0010415972178636269,1,224,,,COMPLETE
22,32.39834714195536,2026-05-07 23:07:39.950917,2026-05-07 23:08:05.983657,0 days 00:00:26.032740,16,0.11150991687934594,,,0.0020985036008326573,1,192,,,COMPLETE
23,32.777000050141034,2026-05-07 23:08:05.983657,2026-05-07 23:08:30.890500,0 days 00:00:24.906843,16,0.03260773342365625,,,0.0017194791403317507,1,224,,,COMPLETE
24,32.91533232813538,2026-05-07 23:08:30.890500,2026-05-07 23:09:02.529652,0 days 00:00:31.639152,16,0.2115669789113266,,,0.0010104565042827044,1,256,,,COMPLETE
25,32.57087124771167,2026-05-07 23:09:02.529652,2026-05-07 23:09:34.001531,0 days 00:00:31.471879,16,0.2744571324728003,,,0.0022387234156656896,1,192,,,COMPLETE
26,32.641494451071694,2026-05-07 23:09:34.002098,2026-05-07 23:09:58.964030,0 days 00:00:24.961932,16,0.14390516439525475,,,0.0015902995220281385,1,224,,,COMPLETE
27,32.648434955719424,2026-05-07 23:09:58.964913,2026-05-07 23:10:26.559058,0 days 00:00:27.594145,16,0.1963412458603853,,,0.0014603020597361972,1,160,,,COMPLETE
28,32.98303473396273,2026-05-07 23:10:26.559890,2026-05-07 23:10:51.289553,0 days 00:00:24.729663,16,0.048318322653892215,,,0.004512543136955351,1,192,,,COMPLETE
29,32.8868124974833,2026-05-07 23:10:51.289553,2026-05-07 23:11:02.756775,0 days 00:00:11.467222,64,0.1665635344372999,,,0.002492793330730411,1,96,,,COMPLETE
30,32.52753817272469,2026-05-07 23:11:02.757597,2026-05-07 23:11:35.867190,0 days 00:00:33.109593,16,0.2610017658117055,,,0.0015500769494157234,1,256,,,COMPLETE
31,32.734510116187955,2026-05-07 23:11:35.867190,2026-05-07 23:12:00.027706,0 days 00:00:24.160516,16,0.1041035504595254,,,0.002193930203972763,1,192,,,COMPLETE
32,32.46846811946269,2026-05-07 23:12:00.027706,2026-05-07 23:12:25.101078,0 days 00:00:25.073372,16,0.1124996595455501,,,0.0012865325731349388,1,224,,,COMPLETE
33,32.97435872678364,2026-05-07 23:12:25.101078,2026-05-07 23:12:58.754451,0 days 00:00:33.653373,16,0.06741001276878068,,,0.0019569506005527116,1,224,,,COMPLETE
34,32.659417358821884,2026-05-07 23:12:58.754451,2026-05-07 23:13:21.251849,0 days 00:00:22.497398,16,0.16721863492140088,,,0.0026590750757219585,1,160,,,COMPLETE
35,32.171448316016296,2026-05-07 23:13:21.252303,2026-05-07 23:14:06.605239,0 days 00:00:45.352936,64,0.21920986023873815,,,0.0013448055399303673,1,192,,,COMPLETE
36,32.62496269763052,2026-05-07 23:14:06.605239,2026-05-07 23:14:39.237389,0 days 00:00:32.632150,64,0.19279440932434821,,,0.0013028579573268325,1,256,,,COMPLETE
37,32.04522873031162,2026-05-07 23:14:39.238181,2026-05-07 23:15:07.993459,0 days 00:00:28.755278,64,0.2331299862230327,,,0.00322337233048368,1,192,,,COMPLETE
38,32.03945354545404,2026-05-07 23:15:07.996145,2026-05-07 23:15:29.814688,0 days 00:00:21.818543,64,0.2993446256982571,,,0.0032782963285044944,1,128,,,COMPLETE
39,32.00318804135553,2026-05-07 23:15:29.814688,2026-05-07 23:15:49.813352,0 days 00:00:19.998664,64,0.3086198359983806,,,0.0031009188684978603,1,96,,,COMPLETE
40,33.600805822029415,2026-05-07 23:15:49.813352,2026-05-07 23:16:23.788837,0 days 00:00:33.975485,64,0.3189223185573532,0.11369720204114184,,0.0035241376255279473,2,96,224.0,,COMPLETE
41,32.30290796629076,2026-05-07 23:16:23.789852,2026-05-07 23:16:40.073155,0 days 00:00:16.283303,64,0.35441929640326153,,,0.003052622725069212,1,96,,,COMPLETE
42,32.662417303228054,2026-05-07 23:16:40.073155,2026-05-07 23:17:01.740694,0 days 00:00:21.667539,64,0.289294480022514,,,0.004880720017634156,1,128,,,COMPLETE
43,32.63100437069054,2026-05-07 23:17:01.740694,2026-05-07 23:17:19.965005,0 days 00:00:18.224311,64,0.39018300381282833,,,0.003978695784988835,1,96,,,COMPLETE
44,32.93522044038455,2026-05-07 23:17:19.965005,2026-05-07 23:17:35.364872,0 days 00:00:15.399867,64,0.3316534340162532,,,0.0029969973221758033,1,128,,,COMPLETE
45,33.07065675167269,2026-05-07 23:17:35.364872,2026-05-07 23:17:57.142802,0 days 00:00:21.777930,64,0.25007737404380914,,,0.006732564814905804,1,160,,,COMPLETE
46,33.28739937101689,2026-05-07 23:17:57.142802,2026-05-07 23:18:07.484762,0 days 00:00:10.341960,64,0.28837207211538696,,,0.011394576304712068,1,64,,,COMPLETE
47,33.06539979561845,2026-05-07 23:18:07.484762,2026-05-07 23:18:35.950974,0 days 00:00:28.466212,64,0.22737660624845252,0.010867971810173238,,0.005032940012089647,2,128,192.0,,COMPLETE
48,32.444519785245824,2026-05-07 23:18:35.950974,2026-05-07 23:18:52.364326,0 days 00:00:16.413352,64,0.3612469638784027,,,0.001741349940180908,1,96,,,COMPLETE
49,34.886704190361385,2026-05-07 23:18:52.367254,2026-05-07 23:19:16.567902,0 days 00:00:24.200648,128,0.26964414049630975,0.4134984767013145,0.06568117822795355,0.014075707696841074,3,128,192.0,32.0,COMPLETE
50,32.74130167321452,2026-05-07 23:19:16.567902,2026-05-07 23:19:33.025902,0 days 00:00:16.458000,64,0.4125521427559316,,,0.007911379336589476,1,160,,,COMPLETE
51,33.14600417226067,2026-05-07 23:19:33.025902,2026-05-07 23:19:51.885493,0 days 00:00:18.859591,64,0.21844871399318178,,,0.0012852578980504519,1,192,,,COMPLETE
52,32.931797028569775,2026-05-07 23:19:51.885493,2026-05-07 23:20:11.236152,0 days 00:00:19.350659,64,0.231526959872631,,,0.0025933084824417496,1,192,,,COMPLETE
53,32.55462709263835,2026-05-07 23:20:11.236152,2026-05-07 23:20:33.414983,0 days 00:00:22.178831,64,0.2879059533701828,,,0.0018854365491002064,1,192,,,COMPLETE
54,34.87695683334497,2026-05-07 23:20:33.414983,2026-05-07 23:20:55.355674,0 days 00:00:21.940691,64,0.1873060743730641,,,0.05951061393296374,1,160,,,COMPLETE
55,32.587955886145735,2026-05-07 23:20:55.355674,2026-05-07 23:21:14.073301,0 days 00:00:18.717627,32,0.3128311802039442,,,0.003865908779146637,1,128,,,COMPLETE
56,33.66473086266937,2026-05-07 23:21:14.074301,2026-05-07 23:21:37.495202,0 days 00:00:23.420901,64,0.24695350641041916,0.23097333437467205,,0.001396390194962899,2,64,128.0,,COMPLETE
57,32.707797244214866,2026-05-07 23:21:37.495202,2026-05-07 23:21:58.075840,0 days 00:00:20.580638,128,0.34015841920736123,,,0.0011950780593318344,1,224,,,COMPLETE
58,32.481055481058,2026-05-07 23:21:58.075840,2026-05-07 23:22:14.448650,0 days 00:00:16.372810,64,0.28844962242134886,,,0.0030466437886076904,1,32,,,COMPLETE
59,32.66992417607321,2026-05-07 23:22:14.449658,2026-05-07 23:22:52.627228,0 days 00:00:38.177570,32,0.20933725526257807,0.1261778688406165,,0.0010582404689726643,2,160,64.0,,COMPLETE
60,33.14076621150513,2026-05-07 23:22:52.627228,2026-05-07 23:23:11.798544,0 days 00:00:19.171316,64,0.2606258420825403,,,0.005712091694072623,1,192,,,COMPLETE
61,32.72177035908929,2026-05-07 23:23:11.798544,2026-05-07 23:23:45.027673,0 days 00:00:33.229129,16,0.1426448523302428,,,0.0010210787678267197,1,224,,,COMPLETE
62,32.15875309335759,2026-05-07 23:23:45.027785,2026-05-07 23:24:12.688806,0 days 00:00:27.661021,16,0.23303609113864282,,,0.0015942588664365242,1,224,,,COMPLETE
63,32.400046505511156,2026-05-07 23:24:12.689453,2026-05-07 23:24:43.284315,0 days 00:00:30.594862,16,0.23367950635575196,,,0.001629783872591849,1,192,,,COMPLETE
64,33.037324049865234,2026-05-07 23:24:43.284315,2026-05-07 23:25:21.386174,0 days 00:00:38.101859,16,0.18831322938079847,,,0.0023138269244448026,1,224,,,COMPLETE
65,32.11633568921192,2026-05-07 23:25:21.387214,2026-05-07 23:25:48.168042,0 days 00:00:26.780828,16,0.20452506914094842,,,0.0019498903592060745,1,192,,,COMPLETE
66,32.557454967935186,2026-05-07 23:25:48.168042,2026-05-07 23:26:16.020811,0 days 00:00:27.852769,16,0.30236803688550096,,,0.0019704875579284313,1,160,,,COMPLETE
67,31.93564531124927,2026-05-07 23:26:16.030817,2026-05-07 23:26:50.864566,0 days 00:00:34.833749,16,0.2582630812362263,,,0.0026396484068120047,1,256,,,COMPLETE
68,32.68144384977363,2026-05-07 23:26:50.865580,2026-05-07 23:27:23.900031,0 days 00:00:33.034451,16,0.2592267641118514,,,0.002821304471073107,1,256,,,COMPLETE
69,32.61230002061472,2026-05-07 23:27:23.900031,2026-05-07 23:27:56.111799,0 days 00:00:32.211768,16,0.3306088514380179,,,0.0035460437102161186,1,256,,,COMPLETE
70,33.24588333086069,2026-05-07 23:27:56.113267,2026-05-07 23:28:06.479541,0 days 00:00:10.366274,128,0.2051533634701515,,,0.004484530444508737,1,160,,,COMPLETE
71,32.55123625106209,2026-05-07 23:28:06.480582,2026-05-07 23:28:46.143732,0 days 00:00:39.663150,16,0.24618022668724554,,,0.0024070057963296453,1,224,,,COMPLETE
72,32.48315021634137,2026-05-07 23:28:46.143732,2026-05-07 23:29:18.833315,0 days 00:00:32.689583,16,0.17540362828484451,,,0.0018227720252790146,1,256,,,COMPLETE
73,32.61955287452649,2026-05-07 23:29:18.834116,2026-05-07 23:29:47.385356,0 days 00:00:28.551240,16,0.27517745707514357,,,0.0015081844036939993,1,224,,,COMPLETE
74,32.614107019543084,2026-05-07 23:29:47.385356,2026-05-07 23:30:18.221720,0 days 00:00:30.836364,16,0.303970080868703,,,0.0020536261364857084,1,192,,,COMPLETE
75,32.883843702597275,2026-05-07 23:30:18.221720,2026-05-07 23:30:49.308813,0 days 00:00:31.087093,16,0.24040723543673767,,,0.0011813259248594846,1,256,,,COMPLETE
76,35.405882200477855,2026-05-07 23:30:49.309814,2026-05-07 23:31:21.262663,0 days 00:00:31.952849,16,0.27090873909789415,,,0.024579085558001864,1,192,,,COMPLETE
77,34.54340838867479,2026-05-07 23:31:21.262663,2026-05-07 23:32:04.058895,0 days 00:00:42.796232,16,0.2229025236711308,0.342642688303994,0.1432053972158961,0.0032321527042218057,3,224,192.0,256.0,COMPLETE
78,32.05505227712259,2026-05-07 23:32:04.059989,2026-05-07 23:32:24.484219,0 days 00:00:20.424230,32,0.25247959928164204,,,0.0022033907831748205,1,192,,,COMPLETE
79,32.29566126801027,2026-05-07 23:32:24.484219,2026-05-07 23:32:39.638984,0 days 00:00:15.154765,32,0.32394762901901036,,,0.0025720143678525883,1,192,,,COMPLETE
80,31.884670915501385,2026-05-07 23:32:39.639983,2026-05-07 23:32:58.474492,0 days 00:00:18.834509,32,0.4689456979506307,,,0.004283036860822767,1,96,,,COMPLETE
81,32.2030302798384,2026-05-07 23:32:58.475497,2026-05-07 23:33:17.206156,0 days 00:00:18.730659,32,0.4834549533214751,,,0.004183040809325381,1,96,,,COMPLETE
82,32.20390311255783,2026-05-07 23:33:17.206156,2026-05-07 23:33:38.590093,0 days 00:00:21.383937,32,0.37469750489095477,,,0.0036435373064957347,1,96,,,COMPLETE
83,32.22016336675316,2026-05-07 23:33:38.590793,2026-05-07 23:34:00.552723,0 days 00:00:21.961930,32,0.42971175982378523,,,0.002228433831100867,1,96,,,COMPLETE
84,32.63645247916945,2026-05-07 23:34:00.553725,2026-05-07 23:34:17.002989,0 days 00:00:16.449264,32,0.253853881036564,,,0.0027843958104277738,1,128,,,COMPLETE
85,32.06236510730414,2026-05-07 23:34:17.003495,2026-05-07 23:34:34.528095,0 days 00:00:17.524600,32,0.20082801381450657,,,0.005005585701051824,1,64,,,COMPLETE
86,32.83819080653977,2026-05-07 23:34:34.529332,2026-05-07 23:34:52.893675,0 days 00:00:18.364343,32,0.46406012446105743,,,0.004722551713968393,1,32,,,COMPLETE
87,32.635004773810365,2026-05-07 23:34:52.893675,2026-05-07 23:35:10.985729,0 days 00:00:18.092054,32,0.19840347839401085,,,0.0058654474970135295,1,64,,,COMPLETE
88,32.56982905631809,2026-05-07 23:35:10.986718,2026-05-07 23:35:28.927779,0 days 00:00:17.941061,32,0.3453382352860313,,,0.0034136797148429225,1,64,,,COMPLETE
89,32.69341052157357,2026-05-07 23:35:28.927779,2026-05-07 23:35:43.174240,0 days 00:00:14.246461,32,0.4435160556077165,,,0.006980479591816034,1,64,,,COMPLETE
90,32.45498382535538,2026-05-07 23:35:43.175238,2026-05-07 23:35:59.504647,0 days 00:00:16.329409,32,0.15601768750097622,,,0.005157548212561622,1,96,,,COMPLETE
91,32.6241145407026,2026-05-07 23:35:59.505678,2026-05-07 23:36:17.302750,0 days 00:00:17.797072,32,0.17130056177385528,,,0.004306182153910105,1,160,,,COMPLETE
92,32.31816818179245,2026-05-07 23:36:17.303633,2026-05-07 23:36:33.041925,0 days 00:00:15.738292,32,0.208277645531897,,,0.003241350085945375,1,128,,,COMPLETE
93,32.40269194897874,2026-05-07 23:36:33.042961,2026-05-07 23:36:48.623159,0 days 00:00:15.580198,64,0.2819736426596579,,,0.002771918169000633,1,192,,,COMPLETE
94,33.150088461340914,2026-05-07 23:36:48.623159,2026-05-07 23:36:58.016307,0 days 00:00:09.393148,128,0.2982714787225536,,,0.004002364157599922,1,64,,,COMPLETE
95,32.2787597876053,2026-05-07 23:36:58.017328,2026-05-07 23:37:18.861769,0 days 00:00:20.844441,32,0.18057769749776253,,,0.002158926256493971,1,32,,,COMPLETE
96,32.40540776448853,2026-05-07 23:37:18.862762,2026-05-07 23:37:34.225661,0 days 00:00:15.362899,64,0.263793751254703,,,0.0011845450976207062,1,192,,,COMPLETE
97,32.20724254832386,2026-05-07 23:37:34.225661,2026-05-07 23:37:55.313138,0 days 00:00:21.087477,32,0.2183069193946789,,,0.0017408936875350975,1,128,,,COMPLETE
98,32.61397584275698,2026-05-07 23:37:55.313138,2026-05-07 23:38:08.887311,0 days 00:00:13.574173,64,0.1961159133154053,,,0.0023442285299665557,1,160,,,COMPLETE
99,32.61172319254332,2026-05-07 23:38:08.887311,2026-05-07 23:38:42.621015,0 days 00:00:33.733704,16,0.23367142098009733,,,0.0014275302393729808,1,96,,,COMPLETE
100,33.50053986708429,2026-05-07 23:38:42.621015,2026-05-07 23:38:58.255610,0 days 00:00:15.634595,64,0.2510348892450275,0.4312441913429075,,0.003706945352249666,2,192,224.0,,COMPLETE
101,32.340235672335744,2026-05-07 23:38:58.256610,2026-05-07 23:39:25.152387,0 days 00:00:26.895777,16,0.23676795922102742,,,0.001702550033850658,1,224,,,COMPLETE
102,32.21711000705015,2026-05-07 23:39:25.152387,2026-05-07 23:39:53.941921,0 days 00:00:28.789534,16,0.22616646958666992,,,0.0015308498132690018,1,192,,,COMPLETE
103,33.18140522779623,2026-05-07 23:39:53.942724,2026-05-07 23:40:32.501224,0 days 00:00:38.558500,16,0.20913263390458448,,,0.0030093053224810873,1,224,,,COMPLETE
104,32.21635928495563,2026-05-07 23:40:32.501224,2026-05-07 23:41:02.038661,0 days 00:00:29.537437,16,0.26729853133071013,,,0.0018729404504102913,1,192,,,COMPLETE
105,31.632385645040557,2026-05-07 23:41:02.039662,2026-05-07 23:41:31.991078,0 days 00:00:29.951416,16,0.31589155179798256,,,0.0025150159269889806,1,256,,,COMPLETE
106,33.02946811559443,2026-05-07 23:41:31.991866,2026-05-07 23:41:54.852868,0 days 00:00:22.861002,16,0.31484982796026545,,,0.0025029590577030658,1,256,,,COMPLETE
107,32.92075995986115,2026-05-07 23:41:54.852868,2026-05-07 23:42:05.982557,0 days 00:00:11.129689,128,0.29903837906716424,,,0.003265237487932788,1,256,,,COMPLETE
108,32.718071402521005,2026-05-07 23:42:05.982783,2026-05-07 23:42:36.982693,0 days 00:00:30.999910,16,0.0031444768303089954,,,0.005306333390161725,1,96,,,COMPLETE
109,32.494224407777565,2026-05-07 23:42:36.982693,2026-05-07 23:42:49.238573,0 days 00:00:12.255880,64,0.2793363766074688,,,0.0027883615824540052,1,128,,,COMPLETE
110,32.51566125144553,2026-05-07 23:42:49.238852,2026-05-07 23:43:08.710055,0 days 00:00:19.471203,32,0.3678996099684684,,,0.0019977751260401295,1,256,,,COMPLETE
111,32.10945655374213,2026-05-07 23:43:08.710055,2026-05-07 23:43:34.975366,0 days 00:00:26.265311,16,0.24069530709712,,,0.0012685614188152315,1,256,,,COMPLETE
112,32.100923534211915,2026-05-07 23:43:34.975366,2026-05-07 23:43:58.133703,0 days 00:00:23.158337,16,0.2560954099205978,,,0.0011639007194659224,1,256,,,COMPLETE
113,32.57562678655127,2026-05-07 23:43:58.133909,2026-05-07 23:44:24.010742,0 days 00:00:25.876833,16,0.2531674577230483,,,0.0011132756019715112,1,256,,,COMPLETE
114,32.57962662734273,2026-05-07 23:44:24.010742,2026-05-07 23:44:53.811386,0 days 00:00:29.800644,16,0.2908101502853355,,,0.0013186631502529074,1,256,,,COMPLETE
115,32.67649780749942,2026-05-07 23:44:53.812387,2026-05-07 23:45:23.606551,0 days 00:00:29.794164,16,0.24188966150254348,,,0.002507110609978828,1,256,,,COMPLETE
116,32.18764496075677,2026-05-07 23:45:23.606551,2026-05-07 23:46:02.262425,0 days 00:00:38.655874,16,0.31069116814724673,,,0.0010033562797215623,1,256,,,COMPLETE
117,32.79870144355594,2026-05-07 23:46:02.262425,2026-05-07 23:46:37.594615,0 days 00:00:35.332190,16,0.2750271638036646,,,0.008174237508127147,1,256,,,COMPLETE
