number,value,datetime_start,datetime_complete,duration,params_batch_size,params_dropout_0,params_dropout_1,params_dropout_2,params_learning_rate,params_n_mlp_layers,params_units_0,params_units_1,params_units_2,state
0,42.40307610722374,2026-05-08 01:21:04.561295,2026-05-08 01:21:26.208064,0 days 00:00:21.646769,128,0.1447630167012363,0.0981326338819431,0.28753401793257355,0.07680407012917685,3,64,160.0,96.0,COMPLETE
1,32.95539725420139,2026-05-08 01:21:26.211065,2026-05-08 01:21:43.215385,0 days 00:00:17.004320,128,0.018150599424831937,,,0.08039933206785353,1,128,,,COMPLETE
2,32.272372510481304,2026-05-08 01:21:43.217614,2026-05-08 01:22:00.650200,0 days 00:00:17.432586,64,0.297850493784687,,,0.013559721589740559,1,256,,,COMPLETE
3,35.63595985226423,2026-05-08 01:22:00.653226,2026-05-08 01:22:47.625366,0 days 00:00:46.972140,16,0.2627660916169957,0.36851437114905194,,0.016829658541313675,2,128,32.0,,COMPLETE
4,37.166202363569106,2026-05-08 01:22:47.626360,2026-05-08 01:23:32.126699,0 days 00:00:44.500339,32,0.10256061530458355,0.4217126954856864,0.1183574564075569,0.00859969185963091,3,192,160.0,192.0,COMPLETE
5,31.787512451161632,2026-05-08 01:23:32.126699,2026-05-08 01:24:19.692570,0 days 00:00:47.565871,16,0.060797356210118336,,,0.006674236437292965,1,256,,,COMPLETE
6,32.24380299095846,2026-05-08 01:24:19.694564,2026-05-08 01:25:00.084231,0 days 00:00:40.389667,32,0.3149803784361209,0.10918719576587033,,0.0018406599969057343,2,128,256.0,,COMPLETE
7,34.98029401155992,2026-05-08 01:25:00.084231,2026-05-08 01:25:22.587398,0 days 00:00:22.503167,128,0.08504729735430283,0.3068372742235324,0.22609022051714261,0.0013977560842798724,3,32,64.0,256.0,COMPLETE
8,62.2056857435068,2026-05-08 01:25:22.587398,2026-05-08 01:26:02.397590,0 days 00:00:39.810192,32,0.4746137701908319,0.17604478479659152,0.06221551185689078,0.05009935990519005,3,192,192.0,224.0,COMPLETE
9,33.516464301332604,2026-05-08 01:26:02.397590,2026-05-08 01:26:25.098942,0 days 00:00:22.701352,32,0.28110335432239475,,,0.026917845830125204,1,160,,,COMPLETE
10,31.65989396770159,2026-05-08 01:26:25.100026,2026-05-08 01:27:22.680843,0 days 00:00:57.580817,16,0.18024377469773797,0.01732564326619887,,0.004365926707405845,2,256,96.0,,COMPLETE
11,32.051800592484724,2026-05-08 01:27:22.680843,2026-05-08 01:28:16.488849,0 days 00:00:53.808006,16,0.18614178700434947,0.007374886725369326,,0.005085935724636376,2,256,96.0,,COMPLETE
12,30.93555135578947,2026-05-08 01:28:16.488849,2026-05-08 01:29:11.897794,0 days 00:00:55.408945,16,0.018151206788632857,0.0019644709329149166,,0.003939944671905205,2,224,96.0,,COMPLETE
13,31.072355825493684,2026-05-08 01:29:11.897794,2026-05-08 01:30:02.026257,0 days 00:00:50.128463,16,0.197920988371298,0.009060727634927717,,0.00347265064510983,2,224,96.0,,COMPLETE
14,31.313585981720006,2026-05-08 01:30:02.026257,2026-05-08 01:30:55.806060,0 days 00:00:53.779803,16,0.42100380809688176,0.21341743706571759,,0.0027615502254863707,2,192,96.0,,COMPLETE
15,31.273772891126335,2026-05-08 01:30:55.807077,2026-05-08 01:31:17.311216,0 days 00:00:21.504139,64,0.004494171568917781,0.09261950816523698,,0.0023714882023622708,2,224,32.0,,COMPLETE
16,30.856357804286535,2026-05-08 01:31:17.311583,2026-05-08 01:31:59.914698,0 days 00:00:42.603115,16,0.3456175849146527,0.010922443439705437,,0.0033885429875872234,2,224,128.0,,COMPLETE
17,31.969513054108212,2026-05-08 01:31:59.916702,2026-05-08 01:32:47.662363,0 days 00:00:47.745661,16,0.3750890333631503,0.14035477651679232,,0.0015960854715955438,2,160,224.0,,COMPLETE
18,31.551461462125236,2026-05-08 01:32:47.663361,2026-05-08 01:33:15.220796,0 days 00:00:27.557435,16,0.364539738918524,,,0.0011971356704993602,1,224,,,COMPLETE
19,36.62030518225463,2026-05-08 01:33:15.220796,2026-05-08 01:33:32.166850,0 days 00:00:16.946054,64,0.47410184440687575,0.4833402009530793,0.49716561179107044,0.005951957260569875,3,96,128.0,32.0,COMPLETE
20,33.85920235286526,2026-05-08 01:33:32.167880,2026-05-08 01:34:08.628189,0 days 00:00:36.460309,16,0.34910603226669945,0.24196706654747493,,0.010908889994282064,2,192,128.0,,COMPLETE
21,31.194964545620927,2026-05-08 01:34:08.628694,2026-05-08 01:34:46.243769,0 days 00:00:37.615075,16,0.20290530316223904,0.03984207411036153,,0.003011163168170651,2,224,64.0,,COMPLETE
22,31.689362094172054,2026-05-08 01:34:46.244772,2026-05-08 01:35:25.493298,0 days 00:00:39.248526,16,0.22108254705747588,0.05684127219297708,,0.003414460475885876,2,224,128.0,,COMPLETE
23,32.4342408587447,2026-05-08 01:35:25.500097,2026-05-08 01:35:56.283381,0 days 00:00:30.783284,16,0.14089005053203818,0.01738421408555527,,0.004005211813342287,2,224,64.0,,COMPLETE
24,31.981729944644734,2026-05-08 01:35:56.284380,2026-05-08 01:36:42.530710,0 days 00:00:46.246330,16,0.42017282783172855,0.06957544193588236,,0.0021821154906017117,2,160,96.0,,COMPLETE
25,32.12878318053311,2026-05-08 01:36:42.531717,2026-05-08 01:37:47.134310,0 days 00:01:04.602593,16,0.2327054249440732,0.17179493204823013,,0.007398082897461695,2,192,160.0,,COMPLETE
26,46.32041860057687,2026-05-08 01:37:47.134929,2026-05-08 01:38:15.516400,0 days 00:00:28.381471,16,0.0473673558133849,0.012195497190445954,0.47303912421657623,0.02330555161477055,3,224,128.0,128.0,COMPLETE
27,31.84021378792164,2026-05-08 01:38:15.517905,2026-05-08 01:38:26.695096,0 days 00:00:11.177191,128,0.13606506020698494,,,0.004783181960767504,1,256,,,COMPLETE
28,31.872735729286184,2026-05-08 01:38:26.696079,2026-05-08 01:38:43.037273,0 days 00:00:16.341194,64,0.3236859537161993,0.13635448153408333,,0.00106031145488272,2,160,192.0,,COMPLETE
29,35.072416549886306,2026-05-08 01:38:43.037273,2026-05-08 01:38:53.046614,0 days 00:00:10.009341,128,0.4089659042305742,0.05899557944409821,,0.0032060055062300046,2,64,64.0,,COMPLETE
30,36.156400261269994,2026-05-08 01:38:53.046614,2026-05-08 01:39:31.612610,0 days 00:00:38.565996,16,0.11699815975748952,0.31364752672875523,0.30775223204181257,0.010264972795977835,3,192,96.0,32.0,COMPLETE
31,31.313792675645715,2026-05-08 01:39:31.613616,2026-05-08 01:40:05.241051,0 days 00:00:33.627435,16,0.19584845121166483,0.043481239837429166,,0.002854465937016775,2,224,64.0,,COMPLETE
32,30.63824285291721,2026-05-08 01:40:05.242068,2026-05-08 01:40:51.071802,0 days 00:00:45.829734,16,0.16840716390020685,0.047149549750220496,,0.0019417404090329921,2,224,64.0,,COMPLETE
33,31.84028623959863,2026-05-08 01:40:51.071802,2026-05-08 01:41:21.840177,0 days 00:00:30.768375,16,0.1617936278481106,0.0009221901302297738,,0.0017481632952803428,2,256,32.0,,COMPLETE
34,31.345383875036863,2026-05-08 01:41:21.841169,2026-05-08 01:42:04.246758,0 days 00:00:42.405589,16,0.2516560257947337,0.07516075813342218,,0.002084944803385259,2,224,96.0,,COMPLETE
35,31.604627169654805,2026-05-08 01:42:04.246758,2026-05-08 01:42:14.040840,0 days 00:00:09.794082,128,0.07802951918289072,,,0.005647291055542703,1,192,,,COMPLETE
36,32.21906542351924,2026-05-08 01:42:14.044492,2026-05-08 01:43:02.499097,0 days 00:00:48.454605,16,0.02734938236145544,0.11715930446279257,,0.003784506304844682,2,256,128.0,,COMPLETE
37,31.40065715610591,2026-05-08 01:43:02.499829,2026-05-08 01:43:16.052984,0 days 00:00:13.553155,64,0.26741482810492256,,,0.0013482760447728246,1,128,,,COMPLETE
38,32.50717849487887,2026-05-08 01:43:16.053422,2026-05-08 01:43:34.642392,0 days 00:00:18.588970,32,0.2929645013097105,0.08745520606971556,,0.007732533893390501,2,256,160.0,,COMPLETE
39,31.42445291561767,2026-05-08 01:43:34.642392,2026-05-08 01:44:08.661332,0 days 00:00:34.018940,16,0.0993348395786161,0.04051963083514107,0.019139681179342033,0.002309642401735837,3,224,64.0,160.0,COMPLETE
40,66.5353813503842,2026-05-08 01:44:08.662331,2026-05-08 01:44:40.070306,0 days 00:00:31.407975,16,0.22541496187607077,0.002590666866754538,,0.09927958485154371,2,96,32.0,,COMPLETE
41,31.19283574455048,2026-05-08 01:44:40.070537,2026-05-08 01:45:22.574214,0 days 00:00:42.503677,16,0.20521389811696647,0.04232976249919567,,0.002720095684968365,2,224,64.0,,COMPLETE
42,31.147755824958978,2026-05-08 01:45:22.574708,2026-05-08 01:46:00.801822,0 days 00:00:38.227114,16,0.16331474995791623,0.03966423413296749,,0.0017480614278138802,2,192,96.0,,COMPLETE
43,30.75859591597009,2026-05-08 01:46:00.801822,2026-05-08 01:46:37.301604,0 days 00:00:36.499782,16,0.16708067073210547,0.09317665617315904,,0.0015603697593485769,2,192,96.0,,COMPLETE
44,32.04575549796995,2026-05-08 01:46:37.301604,2026-05-08 01:47:00.681764,0 days 00:00:23.380160,32,0.12388850284859372,0.10171613086589586,,0.001506353054471311,2,192,128.0,,COMPLETE
45,32.08877979586076,2026-05-08 01:47:00.681764,2026-05-08 01:47:41.834022,0 days 00:00:41.152258,16,0.15379765643824317,0.07782659668778394,,0.0010270186360134945,2,256,96.0,,COMPLETE
46,31.281845897460435,2026-05-08 01:47:41.834022,2026-05-08 01:48:14.779906,0 days 00:00:32.945884,16,0.3142610383699214,0.13182335076833068,,0.0019620028965215836,2,160,96.0,,COMPLETE
47,32.72766613174798,2026-05-08 01:48:14.779906,2026-05-08 01:48:27.616172,0 days 00:00:12.836266,128,0.04675116595700893,0.028015434035665733,,0.004088743118815431,2,224,128.0,,COMPLETE
48,30.95295530335258,2026-05-08 01:48:27.616172,2026-05-08 01:48:55.616952,0 days 00:00:28.000780,16,0.24253398415464156,,,0.0012534465933193256,1,192,,,COMPLETE
49,31.126560031098155,2026-05-08 01:48:55.623724,2026-05-08 01:49:17.492329,0 days 00:00:21.868605,32,0.2647023059167155,,,0.001327452211986943,1,192,,,COMPLETE
50,31.75664877021658,2026-05-08 01:49:17.492329,2026-05-08 01:49:56.056685,0 days 00:00:38.564356,16,0.1741827055311133,,,0.014593489238416807,1,192,,,COMPLETE
51,31.855023853113824,2026-05-08 01:49:56.059060,2026-05-08 01:50:21.279390,0 days 00:00:25.220330,16,0.2513243754852063,,,0.002526799440312885,1,224,,,COMPLETE
52,31.415249992732868,2026-05-08 01:50:21.280392,2026-05-08 01:50:52.343974,0 days 00:00:31.063582,16,0.27798166011297665,,,0.001541525643699979,1,224,,,COMPLETE
53,66.08603068581797,2026-05-08 01:50:52.343974,2026-05-08 01:51:23.375190,0 days 00:00:31.031216,16,0.23400980014522904,0.3761835743479429,0.3930343215344596,0.04904051554918408,3,192,192.0,96.0,COMPLETE
54,31.589858947886334,2026-05-08 01:51:23.376116,2026-05-08 01:52:07.440520,0 days 00:00:44.064404,16,0.4545456690998203,0.166947128613689,,0.0012377189514608344,2,160,64.0,,COMPLETE
55,31.37927661359973,2026-05-08 01:52:07.440520,2026-05-08 01:52:23.364547,0 days 00:00:15.924027,64,0.21085863675992758,0.06441390020686565,,0.00353999646700534,2,256,96.0,,COMPLETE
56,30.827318736021844,2026-05-08 01:52:23.364547,2026-05-08 01:53:07.723023,0 days 00:00:44.358476,16,0.32859350418037797,0.2010739087913873,,0.001910667522073581,2,224,160.0,,COMPLETE
57,31.577563672666866,2026-05-08 01:53:07.724030,2026-05-08 01:53:37.290837,0 days 00:00:29.566807,16,0.34054027479290927,0.20942897928183998,,0.0018847506434272192,2,224,160.0,,COMPLETE
58,31.685948517125052,2026-05-08 01:53:37.291529,2026-05-08 01:54:11.529546,0 days 00:00:34.238017,16,0.39425800678135325,,,0.0011792266412910032,1,32,,,COMPLETE
59,31.037985111426273,2026-05-08 01:54:11.530862,2026-05-08 01:54:41.017471,0 days 00:00:29.486609,16,0.3750682696559249,0.28771772750864166,,0.0023217096448421904,2,192,192.0,,COMPLETE
60,31.934896693407268,2026-05-08 01:54:41.017471,2026-05-08 01:55:23.336468,0 days 00:00:42.318997,16,0.3179057114112249,0.11568101728785705,0.16664366178469037,0.0017003422097327844,3,160,160.0,256.0,COMPLETE
61,32.71307923783555,2026-05-08 01:55:23.336468,2026-05-08 01:55:57.128428,0 days 00:00:33.791960,16,0.37574470052398556,0.2872776702564859,,0.002122306759187463,2,192,192.0,,COMPLETE
62,31.15861970471865,2026-05-08 01:55:57.128428,2026-05-08 01:56:48.517078,0 days 00:00:51.388650,16,0.35265112800128773,0.27521602379336146,,0.002520335629832369,2,192,224.0,,COMPLETE
63,32.7916902903138,2026-05-08 01:56:48.518097,2026-05-08 01:57:16.690675,0 days 00:00:28.172578,16,0.3887645206670142,0.3371189731305264,,0.004835542704625434,2,224,224.0,,COMPLETE
64,31.305360143727842,2026-05-08 01:57:16.691756,2026-05-08 01:57:52.595529,0 days 00:00:35.903773,16,0.3053118767324446,0.23741836675108413,,0.003064309914363124,2,224,192.0,,COMPLETE
65,32.57946074712756,2026-05-08 01:57:52.602369,2026-05-08 01:58:33.268694,0 days 00:00:40.666325,16,0.45541517841782475,0.20576411743714174,,0.0015774185498766847,2,160,128.0,,COMPLETE
66,32.109462927043545,2026-05-08 01:58:33.269784,2026-05-08 01:58:51.687079,0 days 00:00:18.417295,64,0.3323700133573887,0.38111974162083184,,0.0023328015010535734,2,192,160.0,,COMPLETE
67,32.117309121448606,2026-05-08 01:58:51.687079,2026-05-08 01:59:06.674823,0 days 00:00:14.987744,128,0.36693066646244027,0.2784289989251908,,0.001133111200612229,2,256,256.0,,COMPLETE
68,32.02747194011126,2026-05-08 01:59:06.675811,2026-05-08 01:59:43.086669,0 days 00:00:36.410858,16,0.43386253468763425,0.025446610588411578,,0.0013681765750685414,2,224,224.0,,COMPLETE
69,31.760143212528067,2026-05-08 01:59:43.087687,2026-05-08 02:00:10.481472,0 days 00:00:27.393785,32,0.2884532699174809,0.1530428083330346,,0.0019210165986823249,2,192,160.0,,COMPLETE
70,32.00435188060661,2026-05-08 02:00:10.481472,2026-05-08 02:00:53.917288,0 days 00:00:43.435816,16,0.08421741587904055,0.3381132291132864,,0.0010035129174061966,2,128,192.0,,COMPLETE
71,31.55571176316483,2026-05-08 02:00:53.918398,2026-05-08 02:01:27.894103,0 days 00:00:33.975705,16,0.2313185192427352,0.01716627333645699,,0.00603825924292716,2,224,96.0,,COMPLETE
72,31.658957328173194,2026-05-08 02:01:27.895199,2026-05-08 02:02:05.044809,0 days 00:00:37.149610,16,0.1839784946626633,0.25304234142076726,,0.0034603833051197077,2,224,128.0,,COMPLETE
73,31.025925302683344,2026-05-08 02:02:05.044809,2026-05-08 02:02:39.024328,0 days 00:00:33.979519,16,0.12786044030715651,0.055359862805529514,,0.004491490703944516,2,224,64.0,,COMPLETE
74,31.75776130900231,2026-05-08 02:02:39.024328,2026-05-08 02:03:09.077607,0 days 00:00:30.053279,16,0.014582678535264116,0.08686997353729745,,0.004430931038139371,2,256,32.0,,COMPLETE
75,31.97973245886488,2026-05-08 02:03:09.077607,2026-05-08 02:03:43.381500,0 days 00:00:34.303893,16,0.11484146181742237,0.05134929960562651,,0.0028068095668069824,2,224,64.0,,COMPLETE
76,30.942677092471865,2026-05-08 02:03:43.382495,2026-05-08 02:04:19.198587,0 days 00:00:35.816092,16,0.139399336921936,0.028626180370133186,,0.002078016894923805,2,192,64.0,,COMPLETE
77,32.56129970092709,2026-05-08 02:04:19.199302,2026-05-08 02:04:43.650445,0 days 00:00:24.451143,16,0.1341904810838708,0.026085543899843706,,0.008521459347961417,2,224,64.0,,COMPLETE
78,31.95903771791801,2026-05-08 02:04:43.650445,2026-05-08 02:05:20.789603,0 days 00:00:37.139158,16,0.09914943107546897,0.06898042626131926,,0.005280469810090754,2,256,32.0,,COMPLETE
79,31.819939508559848,2026-05-08 02:05:20.789603,2026-05-08 02:05:56.543545,0 days 00:00:35.753942,16,0.06367075671835828,0.18633221662746058,,0.00150539756341413,2,192,64.0,,COMPLETE
80,31.577588567986556,2026-05-08 02:05:56.543545,2026-05-08 02:06:05.829419,0 days 00:00:09.285874,128,0.15172227088083517,,,0.006735678448524935,1,224,,,COMPLETE
81,31.466857030366846,2026-05-08 02:06:05.830421,2026-05-08 02:06:42.217023,0 days 00:00:36.386602,16,0.16395048386274172,0.00237047775787341,,0.002116066050042325,2,192,64.0,,COMPLETE
82,31.52883148561449,2026-05-08 02:06:42.217023,2026-05-08 02:07:21.553106,0 days 00:00:39.336083,16,0.19267515271603997,0.05457965400337715,,0.0026114613311887026,2,192,32.0,,COMPLETE
83,31.33850748096779,2026-05-08 02:07:21.553106,2026-05-08 02:08:08.068149,0 days 00:00:46.515043,16,0.1780617305089015,0.4722978337953856,,0.003024495971575287,2,192,96.0,,COMPLETE
84,32.001559228424526,2026-05-08 02:08:08.068149,2026-05-08 02:08:51.356166,0 days 00:00:43.288017,16,0.1233216654442024,0.032316843341523904,0.3635391096926009,0.0018216334656269673,3,160,64.0,64.0,COMPLETE
85,31.463135120366825,2026-05-08 02:08:51.356166,2026-05-08 02:09:25.070782,0 days 00:00:33.714616,16,0.036850649575664376,0.10215010878364968,,0.0022371892974329625,2,192,96.0,,COMPLETE
86,32.025234575385774,2026-05-08 02:09:25.071787,2026-05-08 02:09:37.442654,0 days 00:00:12.370867,64,0.13957930688928052,0.01751661402480717,,0.0040592338525705955,2,224,128.0,,COMPLETE
87,31.435795287661115,2026-05-08 02:09:37.443666,2026-05-08 02:09:54.949263,0 days 00:00:17.505597,32,0.06886017937320352,0.0792107769903895,,0.0016565303192529871,2,224,96.0,,COMPLETE
88,31.643586686921292,2026-05-08 02:09:54.949263,2026-05-08 02:10:26.508378,0 days 00:00:31.559115,16,0.21818885338261362,0.0587455708740654,,0.0032631174058334483,2,96,64.0,,COMPLETE
89,32.45579259222238,2026-05-08 02:10:26.508378,2026-05-08 02:11:04.074902,0 days 00:00:37.566524,16,0.10808851119919755,0.3041145571458382,,0.0014217208260026962,2,160,32.0,,COMPLETE
90,30.34518189980136,2026-05-08 02:11:04.080541,2026-05-08 02:11:54.836762,0 days 00:00:50.756221,16,0.35002008055663647,0.04551383816815287,,0.0020473293817150004,2,256,96.0,,COMPLETE
91,31.734155142421237,2026-05-08 02:11:54.841764,2026-05-08 02:12:33.575983,0 days 00:00:38.734219,16,0.36068525694374487,0.03830798324443298,,0.001974210951921351,2,256,96.0,,COMPLETE
92,31.341780269350842,2026-05-08 02:12:33.575983,2026-05-08 02:13:26.431552,0 days 00:00:52.855569,16,0.3365397347746569,0.04968058746996033,,0.002467550011913294,2,256,128.0,,COMPLETE
93,31.286117785077657,2026-05-08 02:13:26.431552,2026-05-08 02:14:07.020643,0 days 00:00:40.589091,16,0.3775234166636293,0.012643359060627034,,0.0036724569757781603,2,224,96.0,,COMPLETE
94,31.7980085556701,2026-05-08 02:14:07.021643,2026-05-08 02:14:56.056591,0 days 00:00:49.034948,16,0.39784031650746987,0.0011964499160173024,,0.0013319069191962678,2,256,64.0,,COMPLETE
95,31.87150205786286,2026-05-08 02:14:56.056591,2026-05-08 02:15:43.365295,0 days 00:00:47.308704,16,0.30153036656324284,0.07008706952590386,,0.0027623210112510707,2,224,160.0,,COMPLETE
96,31.10153526605246,2026-05-08 02:15:43.365295,2026-05-08 02:16:14.704625,0 days 00:00:31.339330,16,0.24152025442115255,0.09300809075929958,,0.001783082334739068,2,192,96.0,,COMPLETE
97,34.65187786571598,2026-05-08 02:16:14.704625,2026-05-08 02:16:47.214478,0 days 00:00:32.509853,16,0.34667591486074284,0.027942918680320644,,0.02096646878258294,2,224,192.0,,COMPLETE
98,31.753446564983072,2026-05-08 02:16:47.214478,2026-05-08 02:17:22.947715,0 days 00:00:35.733237,16,0.3222397248354036,0.04373850924971891,,0.0012252830371063791,2,192,128.0,,COMPLETE
99,31.48704357039715,2026-05-08 02:17:22.948798,2026-05-08 02:17:34.034850,0 days 00:00:11.086052,128,0.09282901341086719,,,0.004371904349874703,1,224,,,COMPLETE
100,31.524205548710434,2026-05-08 02:17:34.035298,2026-05-08 02:18:14.185720,0 days 00:00:40.150422,16,0.4089438281292795,0.22377971226824367,,0.0023124526006985035,2,256,96.0,,COMPLETE
101,30.682120768784284,2026-05-08 02:18:14.186794,2026-05-08 02:18:57.273892,0 days 00:00:43.087098,16,0.16971058738541664,0.01301237821248133,,0.0020209467824127943,2,224,96.0,,COMPLETE
102,31.424684414603256,2026-05-08 02:18:57.273892,2026-05-08 02:20:35.176012,0 days 00:01:37.902120,16,0.17298779488744037,0.01869230353267142,,0.0019933832748344846,2,224,96.0,,COMPLETE
103,31.16094434715338,2026-05-08 02:20:35.176012,2026-05-08 02:22:19.528464,0 days 00:01:44.352452,16,0.1606029985564926,0.12948435632058547,,0.0016827655625776064,2,224,64.0,,COMPLETE
104,31.406699921918722,2026-05-08 02:22:19.529470,2026-05-08 02:23:26.102781,0 days 00:01:06.573311,16,0.14653739202793598,0.2546314428775597,,0.001461421441167695,2,192,64.0,,COMPLETE
105,31.63933711181493,2026-05-08 02:23:26.103492,2026-05-08 02:25:20.729723,0 days 00:01:54.626231,16,0.12879213369121933,0.03247531459946989,,0.002148570290095181,2,224,128.0,,COMPLETE
106,31.310174977784442,2026-05-08 02:25:20.729723,2026-05-08 02:26:05.383692,0 days 00:00:44.653969,64,0.20720365938900168,0.01160915251073719,,0.0011217171368350302,2,192,160.0,,COMPLETE
107,31.18688242656257,2026-05-08 02:26:05.384856,2026-05-08 02:27:21.558393,0 days 00:01:16.173537,16,0.3574350513824209,0.05271039360442163,,0.0029067124503852943,2,256,64.0,,COMPLETE
108,41.36901881434721,2026-05-08 02:27:21.559330,2026-05-08 02:28:17.153310,0 days 00:00:55.593980,32,0.19290793065945538,0.0813537661713929,,0.04254492109779818,2,224,96.0,,COMPLETE
109,31.500682056852888,2026-05-08 02:28:17.153310,2026-05-08 02:29:51.548428,0 days 00:01:34.395118,16,0.004897603672538525,0.06303193903808642,,0.0024410865563993423,2,224,128.0,,COMPLETE
110,35.0447567401484,2026-05-08 02:29:51.548428,2026-05-08 02:31:52.304236,0 days 00:02:00.755808,16,0.31109945045252757,0.3268356773109735,,0.011555578988614135,2,192,224.0,,COMPLETE
111,31.559495825877853,2026-05-08 02:31:52.304236,2026-05-08 02:33:31.640356,0 days 00:01:39.336120,16,0.19824149144213607,0.023132256518894185,,0.0032506521396295173,2,224,96.0,,COMPLETE
112,31.729158732247015,2026-05-08 02:33:31.640356,2026-05-08 02:35:00.710627,0 days 00:01:29.070271,16,0.2745882431461998,0.0066423690110572675,,0.003792744804231883,2,224,96.0,,COMPLETE
113,31.443123668989177,2026-05-08 02:35:00.711722,2026-05-08 02:36:03.029179,0 days 00:01:02.317457,16,0.21550254415540546,0.03554063096079196,,0.0016068598746096585,2,256,64.0,,COMPLETE
114,31.975090151528338,2026-05-08 02:36:03.029179,2026-05-08 02:37:03.424537,0 days 00:01:00.395358,16,0.16544907987789328,0.010377560523176451,,0.0018308931238321918,2,192,96.0,,COMPLETE
115,31.043075432997142,2026-05-08 02:37:03.424537,2026-05-08 02:38:18.881628,0 days 00:01:15.457091,16,0.383281608822782,0.04796390740986478,,0.0026309681963546626,2,224,96.0,,COMPLETE
116,31.122480684895425,2026-05-08 02:38:18.881628,2026-05-08 02:39:59.911218,0 days 00:01:41.029590,16,0.37094582638692436,0.11172117508970218,,0.0020596001449336965,2,224,128.0,,COMPLETE
