number,value,datetime_start,datetime_complete,duration,params_batch_size,params_dropout_0,params_dropout_1,params_dropout_2,params_learning_rate,params_n_mlp_layers,params_units_0,params_units_1,params_units_2,state
0,58.07858004916361,2026-04-29 20:20:47.489365,2026-04-29 20:21:24.381144,0 days 00:00:36.891779,64,0.49086899183149424,0.09738775262165422,,0.0010998037746739267,2,64,160.0,,COMPLETE
1,66.58596361474365,2026-04-29 20:21:24.382288,2026-04-29 20:21:47.679847,0 days 00:00:23.297559,64,0.2842519761743332,0.3213083948835583,0.061691697109749255,0.1659734669412706,3,160,160.0,256.0,COMPLETE
2,66.497312173001,2026-04-29 20:21:47.680903,2026-04-29 20:22:24.940905,0 days 00:00:37.260002,16,0.3795162972503375,0.024176500577001103,0.4290270852330858,0.21787756676299755,3,160,32.0,128.0,COMPLETE
3,39.997524194437226,2026-04-29 20:22:24.940905,2026-04-29 20:23:19.243148,0 days 00:00:54.302243,32,0.0910298373767317,0.48141837191348735,0.007505798186398294,0.0030469962302876966,3,64,192.0,96.0,COMPLETE
4,63.971474550859895,2026-04-29 20:23:19.243148,2026-04-29 20:23:33.268004,0 days 00:00:14.024856,128,0.06693069711581878,0.04905670997622985,0.29393223823492876,0.10827705831075772,3,128,96.0,256.0,COMPLETE
5,45.05676687408544,2026-04-29 20:23:33.268004,2026-04-29 20:24:26.865808,0 days 00:00:53.597804,16,0.19785844408701014,0.09226245334103056,0.40527647589701055,0.015099789585152486,3,64,32.0,256.0,COMPLETE
6,45.26825014646924,2026-04-29 20:24:26.866318,2026-04-29 20:24:57.215639,0 days 00:00:30.349321,128,0.36163874726347534,0.27311484124316543,,0.03441450509449831,2,192,96.0,,COMPLETE
7,50.78729740326404,2026-04-29 20:24:57.219470,2026-04-29 20:25:24.131076,0 days 00:00:26.911606,128,0.376574467420962,,,0.007052644491782629,1,64,,,COMPLETE
8,41.86025738755414,2026-04-29 20:25:24.131076,2026-04-29 20:25:50.782760,0 days 00:00:26.651684,64,0.35074343585889006,,,0.018255907549605332,1,32,,,COMPLETE
9,66.52296374927855,2026-04-29 20:25:50.783758,2026-04-29 20:26:05.380046,0 days 00:00:14.596288,128,0.41026328928906564,0.49027465186748936,0.22955168633524503,0.12683463449689072,3,192,160.0,32.0,COMPLETE
10,40.383450857434255,2026-04-29 20:26:05.381000,2026-04-29 20:27:16.499447,0 days 00:01:11.118447,32,0.010542986879463562,0.4922859621971448,,0.0015506763440448236,2,256,256.0,,COMPLETE
11,40.871287472126575,2026-04-29 20:27:16.500351,2026-04-29 20:28:29.719679,0 days 00:01:13.219328,32,0.028945228398567894,0.4987932753082572,,0.001274772183059497,2,256,256.0,,COMPLETE
12,44.82452102245636,2026-04-29 20:28:29.719679,2026-04-29 20:29:23.754564,0 days 00:00:54.034885,32,0.12700099245654312,0.39670276967537266,,0.0034202887409459336,2,256,256.0,,COMPLETE
13,35.28208920079302,2026-04-29 20:29:23.754564,2026-04-29 20:29:53.304766,0 days 00:00:29.550202,32,0.0067952275657074904,,,0.0030215229357888674,1,96,,,COMPLETE
14,40.86022529731062,2026-04-29 20:29:53.304766,2026-04-29 20:30:31.582703,0 days 00:00:38.277937,32,0.12405755909091315,,,0.003704294029852986,1,96,,,COMPLETE
15,43.80044871653698,2026-04-29 20:30:31.582703,2026-04-29 20:30:52.072068,0 days 00:00:20.489365,32,0.10382623785493336,,,0.0032638696509417267,1,96,,,COMPLETE
16,42.9197669718241,2026-04-29 20:30:52.072068,2026-04-29 20:31:29.020974,0 days 00:00:36.948906,32,0.19684682769917344,,,0.008539287742022285,1,32,,,COMPLETE
17,40.66577101180323,2026-04-29 20:31:29.020974,2026-04-29 20:32:39.009849,0 days 00:01:09.988875,32,0.16881147920751652,0.19188513537273527,,0.0023684250043330534,2,96,192.0,,COMPLETE
18,40.79085762092002,2026-04-29 20:32:39.009849,2026-04-29 20:33:27.791082,0 days 00:00:48.781233,32,0.06456945399897387,0.3962354726618453,,0.0070169198490998095,2,128,224.0,,COMPLETE
19,47.17022927334379,2026-04-29 20:33:27.791082,2026-04-29 20:34:27.581659,0 days 00:00:59.790577,16,0.25637772520795765,0.21123099640747822,0.008038326867046421,0.02808176773739892,3,32,96.0,96.0,COMPLETE
20,41.03552233166162,2026-04-29 20:34:27.581659,2026-04-29 20:34:51.438157,0 days 00:00:23.856498,32,0.006723562702385763,,,0.0632282675948711,1,96,,,COMPLETE
21,35.64535299484903,2026-04-29 20:34:51.438157,2026-04-29 20:36:07.959117,0 days 00:01:16.520960,32,0.007533817274496979,0.41621614623535247,,0.0019820976456294257,2,224,224.0,,COMPLETE
22,41.21934207506543,2026-04-29 20:36:07.959117,2026-04-29 20:36:25.489478,0 days 00:00:17.530361,32,0.07013863977564148,,,0.0020114676737495963,1,224,,,COMPLETE
23,37.36668038770477,2026-04-29 20:36:25.490560,2026-04-29 20:37:21.439458,0 days 00:00:55.948898,32,0.046268813017058485,0.40741634446695496,0.14753980773760567,0.00498225647203716,3,128,192.0,32.0,COMPLETE
24,41.08425913777999,2026-04-29 20:37:21.439458,2026-04-29 20:38:09.286588,0 days 00:00:47.847130,32,0.04116290626096207,0.3903870321934352,,0.005752014249904034,2,128,224.0,,COMPLETE
25,36.87015334143215,2026-04-29 20:38:09.286588,2026-04-29 20:39:06.249663,0 days 00:00:56.963075,32,0.15449559477900782,0.3427425226124272,,0.012397272143817048,2,192,192.0,,COMPLETE
26,40.64571528531449,2026-04-29 20:39:06.249663,2026-04-29 20:39:51.923993,0 days 00:00:45.674330,32,0.14373819024788276,0.32025574488564007,,0.011760992179095004,2,224,224.0,,COMPLETE
27,50.82534678014731,2026-04-29 20:39:51.926893,2026-04-29 20:40:01.870776,0 days 00:00:09.943883,64,0.222958734775904,,,0.001698263014765243,1,192,,,COMPLETE
28,38.99731156818374,2026-04-29 20:40:01.871223,2026-04-29 20:40:53.128675,0 days 00:00:51.257452,16,0.30958402396617724,0.3206440452928038,,0.010530601006312314,2,224,128.0,,COMPLETE
29,53.245412884250456,2026-04-29 20:40:53.129595,2026-04-29 20:41:26.891781,0 days 00:00:33.762186,64,0.15954532488867412,0.43873824107000164,,0.0010958416287526192,2,160,128.0,,COMPLETE
30,41.49031797350206,2026-04-29 20:41:26.892528,2026-04-29 20:42:20.724977,0 days 00:00:53.832449,32,0.46896604188613267,0.2727584287335349,,0.023661247017687705,2,192,224.0,,COMPLETE
31,43.35706084402055,2026-04-29 20:42:20.725987,2026-04-29 20:42:58.447537,0 days 00:00:37.721550,32,0.04646011150038432,0.36363221088739406,0.16399612577746076,0.004862484797433651,3,224,192.0,32.0,COMPLETE
32,46.43730785245656,2026-04-29 20:42:58.447537,2026-04-29 20:43:35.630214,0 days 00:00:37.182677,32,0.08567764600152616,0.44468474842463174,,0.00429091080703201,2,128,192.0,,COMPLETE
33,41.84696923911866,2026-04-29 20:43:35.631216,2026-04-29 20:44:34.557715,0 days 00:00:58.926499,32,0.02137372781524734,0.3529033645861048,0.14338320412878203,0.002394191048083344,3,160,192.0,192.0,COMPLETE
34,60.82529552690626,2026-04-29 20:44:34.558239,2026-04-29 20:45:00.012841,0 days 00:00:25.454602,32,0.10368743857453916,0.43333440758952185,0.3119938685224404,0.0053484220174651554,3,160,224.0,192.0,COMPLETE
35,36.84537732832583,2026-04-29 20:45:00.012841,2026-04-29 20:45:52.403800,0 days 00:00:52.390959,64,0.0013382182164604932,0.22091954380630385,,0.0023907560624145314,2,160,160.0,,COMPLETE
36,45.40745894242599,2026-04-29 20:45:52.403800,2026-04-29 20:46:40.936593,0 days 00:00:48.532793,64,0.0031692573611779495,0.1777640018181906,,0.001059788990193174,2,192,128.0,,COMPLETE
37,39.92404686310283,2026-04-29 20:46:40.937625,2026-04-29 20:47:15.204660,0 days 00:00:34.267035,64,0.06858033373391915,0.2362905943452454,,0.0501189934674117,2,160,160.0,,COMPLETE
38,42.58167606354224,2026-04-29 20:47:15.204660,2026-04-29 20:48:11.709620,0 days 00:00:56.504960,64,0.28708991428046,0.14423235707916415,,0.0025699139318080574,2,224,64.0,,COMPLETE
39,34.889347103062946,2026-04-29 20:48:11.709620,2026-04-29 20:48:52.711025,0 days 00:00:41.001405,16,0.0026763452449851304,,,0.014200220518337735,1,192,,,COMPLETE
40,67.38461849006815,2026-04-29 20:48:52.712063,2026-04-29 20:49:21.408841,0 days 00:00:28.696778,16,0.03483209497147975,,,0.2489882134459199,1,160,,,COMPLETE
41,35.43556443867378,2026-04-29 20:49:21.408841,2026-04-29 20:50:03.844192,0 days 00:00:42.435351,16,0.0018857726704463928,,,0.016250862432622592,1,192,,,COMPLETE
42,35.69700143424179,2026-04-29 20:50:03.845197,2026-04-29 20:50:29.902995,0 days 00:00:26.057798,16,0.0011421579483456691,,,0.020406642210083,1,192,,,COMPLETE
43,41.90355196949294,2026-04-29 20:50:29.902995,2026-04-29 20:51:05.376491,0 days 00:00:35.473496,16,0.05456123584940464,,,0.019071265950470834,1,224,,,COMPLETE
44,39.19357933957518,2026-04-29 20:51:05.376491,2026-04-29 20:52:02.626686,0 days 00:00:57.250195,16,0.025338823430912816,,,0.053551243015063414,1,192,,,COMPLETE
45,40.30909084376086,2026-04-29 20:52:02.626686,2026-04-29 20:53:04.812280,0 days 00:01:02.185594,16,0.08324990158767445,,,0.03485289937181348,1,256,,,COMPLETE
46,36.32789672287204,2026-04-29 20:53:04.812280,2026-04-29 20:53:45.452029,0 days 00:00:40.639749,16,0.021087314682474875,,,0.01551861471657403,1,192,,,COMPLETE
47,38.11844963213415,2026-04-29 20:53:45.452029,2026-04-29 20:54:29.871942,0 days 00:00:44.419913,16,0.00215493494042425,,,0.07441861308505628,1,224,,,COMPLETE
48,48.432373758485035,2026-04-29 20:54:29.871942,2026-04-29 20:54:46.385200,0 days 00:00:16.513258,128,0.11604365372970109,,,0.035604800842126215,1,192,,,COMPLETE
49,38.82216556326855,2026-04-29 20:54:46.385200,2026-04-29 20:55:25.987192,0 days 00:00:39.601992,16,0.03458231445721227,,,0.021907661288996867,1,64,,,COMPLETE
50,42.88514208950234,2026-04-29 20:55:25.987192,2026-04-29 20:55:50.157838,0 days 00:00:24.170646,16,0.09021096245176481,,,0.009050557651660173,1,256,,,COMPLETE
51,41.790440363505766,2026-04-29 20:55:50.157838,2026-04-29 20:56:12.371737,0 days 00:00:22.213899,16,0.024165052126061192,,,0.014894033514002834,1,192,,,COMPLETE
52,41.005817420974005,2026-04-29 20:56:12.372744,2026-04-29 20:56:43.134650,0 days 00:00:30.761906,16,0.05410620299842433,,,0.015501883728592566,1,192,,,COMPLETE
53,39.46621385871465,2026-04-29 20:56:43.135639,2026-04-29 20:57:34.594633,0 days 00:00:51.458994,16,0.019286709399427174,,,0.027061169423978747,1,224,,,COMPLETE
54,35.20870161275718,2026-04-29 20:57:34.594633,2026-04-29 20:58:04.562338,0 days 00:00:29.967705,16,0.0017336334705048365,,,0.007227877055306919,1,192,,,COMPLETE
55,44.53664400447717,2026-04-29 20:58:04.562654,2026-04-29 20:58:13.000290,0 days 00:00:08.437636,128,0.07025483946692228,,,0.006935905865627742,1,64,,,COMPLETE
56,37.90626360860737,2026-04-29 20:58:13.000290,2026-04-29 20:58:58.740333,0 days 00:00:45.740043,16,0.042382674170043044,,,0.0016672745600488554,1,224,,,COMPLETE
57,34.00084323432813,2026-04-29 20:58:58.740333,2026-04-29 20:59:31.646968,0 days 00:00:32.906635,16,0.0032158368823409994,,,0.0037876441096452843,1,160,,,COMPLETE
58,38.562918753746466,2026-04-29 20:59:31.646968,2026-04-29 21:00:23.705342,0 days 00:00:52.058374,16,0.05325400532344821,,,0.0038997414493321877,1,160,,,COMPLETE
59,36.72138784070804,2026-04-29 21:00:23.705342,2026-04-29 21:00:35.447426,0 days 00:00:11.742084,128,0.015353563167096868,,,0.0032022811200072693,1,128,,,COMPLETE
60,38.28940163112029,2026-04-29 21:00:35.447426,2026-04-29 21:01:24.415851,0 days 00:00:48.968425,16,0.07524274969128884,,,0.007973645188734356,1,96,,,COMPLETE
61,35.9083501909985,2026-04-29 21:01:24.415851,2026-04-29 21:01:51.365129,0 days 00:00:26.949278,16,0.002872727357428698,,,0.006159177994244804,1,192,,,COMPLETE
62,37.57966964766196,2026-04-29 21:01:51.365129,2026-04-29 21:02:33.353157,0 days 00:00:41.988028,16,0.03418753985155137,,,0.0013844005778175668,1,160,,,COMPLETE
63,38.30524077877206,2026-04-29 21:02:33.354179,2026-04-29 21:03:19.030167,0 days 00:00:45.675988,16,0.014685624047873614,,,0.012632473946242251,1,192,,,COMPLETE
64,40.010359806127404,2026-04-29 21:03:19.030927,2026-04-29 21:04:03.925038,0 days 00:00:44.894111,16,0.05842988586439335,,,0.009906692172606776,1,192,,,COMPLETE
65,35.160578717290306,2026-04-29 21:04:03.926061,2026-04-29 21:04:39.935832,0 days 00:00:36.009771,16,0.0009211512726206401,,,0.00280887284191903,1,160,,,COMPLETE
66,41.57945103051868,2026-04-29 21:04:39.935832,2026-04-29 21:06:39.502204,0 days 00:01:59.566372,16,0.43415692422553726,,,0.002038188927960477,1,128,,,COMPLETE
67,40.718326548903505,2026-04-29 21:06:39.502204,2026-04-29 21:07:17.782770,0 days 00:00:38.280566,16,0.10516746958955792,,,0.004226891854677291,1,160,,,COMPLETE
68,39.407220680345674,2026-04-29 21:07:17.782770,2026-04-29 21:07:47.761770,0 days 00:00:29.979000,16,0.03894072646780573,,,0.0029643266323530547,1,96,,,COMPLETE
69,36.595314389985674,2026-04-29 21:07:47.762388,2026-04-29 21:08:21.290208,0 days 00:00:33.527820,32,0.031677921833529014,,,0.0018220222589404335,1,160,,,COMPLETE
70,37.315575565601364,2026-04-29 21:08:21.290208,2026-04-29 21:08:35.694633,0 days 00:00:14.404425,128,0.014460513001519813,,,0.00283981456775522,1,128,,,COMPLETE
71,34.386444950233866,2026-04-29 21:08:35.694633,2026-04-29 21:09:17.114791,0 days 00:00:41.420158,16,0.0007919187049573171,,,0.0020638263580612846,1,192,,,COMPLETE
72,41.983553739765966,2026-04-29 21:09:17.114791,2026-04-29 21:10:55.343821,0 days 00:01:38.229030,16,0.33671305575369037,,,0.0021199142830463256,1,160,,,COMPLETE
73,33.81087867916061,2026-04-29 21:10:55.343821,2026-04-29 21:11:30.090632,0 days 00:00:34.746811,16,0.00011946811715588933,,,0.0014590268901486518,1,192,,,COMPLETE
74,36.620767894758515,2026-04-29 21:11:30.090632,2026-04-29 21:12:06.347384,0 days 00:00:36.256752,16,0.02180730714077822,,,0.0015419240927450895,1,192,,,COMPLETE
75,40.90438956129434,2026-04-29 21:12:06.347384,2026-04-29 21:13:26.264278,0 days 00:01:19.916894,16,0.1935347807906728,,,0.0012675610182766926,1,160,,,COMPLETE
76,38.37800897765113,2026-04-29 21:13:26.264278,2026-04-29 21:14:08.440973,0 days 00:00:42.176695,16,0.044055042496859084,,,0.003433335525756856,1,192,,,COMPLETE
77,33.549768804273626,2026-04-29 21:14:08.441337,2026-04-29 21:14:37.702142,0 days 00:00:29.260805,16,0.0006188873834957226,,,0.002572434214753383,1,192,,,COMPLETE
78,38.456775780165366,2026-04-29 21:14:37.702142,2026-04-29 21:15:20.933527,0 days 00:00:43.231385,16,0.062202618044101696,,,0.0028061097575747063,1,160,,,COMPLETE
79,38.46860686827256,2026-04-29 21:15:20.933527,2026-04-29 21:16:09.792544,0 days 00:00:48.859017,16,0.014841544653238349,,,0.0044973614590467885,1,32,,,COMPLETE
80,37.36945637790664,2026-04-29 21:16:09.797504,2026-04-29 21:16:48.674572,0 days 00:00:38.877068,16,0.029851588887531467,,,0.003601027323374426,1,192,,,COMPLETE
81,33.01597301828096,2026-04-29 21:16:48.674572,2026-04-29 21:17:29.891487,0 days 00:00:41.216915,16,0.0008940847620457827,,,0.0013104151898774455,1,192,,,COMPLETE
82,33.424209067374285,2026-04-29 21:17:29.892493,2026-04-29 21:18:08.726734,0 days 00:00:38.834241,16,0.0004684026381711775,,,0.001391106516663317,1,192,,,COMPLETE
83,35.13784854027877,2026-04-29 21:18:08.726734,2026-04-29 21:18:51.765625,0 days 00:00:43.038891,16,0.013431608467162896,,,0.0013089281809783055,1,192,,,COMPLETE
84,39.69156738060535,2026-04-29 21:18:51.765625,2026-04-29 21:19:23.714710,0 days 00:00:31.949085,16,0.04754665309121441,,,0.0012846007355941892,1,224,,,COMPLETE
85,36.72906711739703,2026-04-29 21:19:23.714710,2026-04-29 21:19:54.502338,0 days 00:00:30.787628,16,0.012069708033073544,,,0.0010199385820282725,1,192,,,COMPLETE
86,38.881232635320394,2026-04-29 21:19:54.502338,2026-04-29 21:20:32.556725,0 days 00:00:38.054387,16,0.032433655915732766,,,0.0014400756682669568,1,224,,,COMPLETE
87,37.78497442079605,2026-04-29 21:20:32.556725,2026-04-29 21:21:00.378768,0 days 00:00:27.822043,16,0.026293042469736468,,,0.0011929485121307142,1,192,,,COMPLETE
88,40.107388139750874,2026-04-29 21:21:00.378768,2026-04-29 21:21:42.584007,0 days 00:00:42.205239,16,0.07786830143953402,,,0.0017970295804325572,1,192,,,COMPLETE
89,42.05249686828807,2026-04-29 21:21:42.584007,2026-04-29 21:22:56.237329,0 days 00:01:13.653322,16,0.23992494383625534,,,0.0022686479443482224,1,160,,,COMPLETE
90,35.2347238880059,2026-04-29 21:22:56.237787,2026-04-29 21:23:32.382866,0 days 00:00:36.145079,16,0.010809362834755767,,,0.0016617701421327374,1,192,,,COMPLETE
91,33.521316875230276,2026-04-29 21:23:32.384114,2026-04-29 21:24:08.413575,0 days 00:00:36.029461,16,0.0005447067598896556,,,0.0014399731163862812,1,192,,,COMPLETE
92,36.067766444790585,2026-04-29 21:24:08.413575,2026-04-29 21:24:50.005894,0 days 00:00:41.592319,16,0.020769623652244655,,,0.001458266023095733,1,192,,,COMPLETE
93,35.081162794619544,2026-04-29 21:24:50.006928,2026-04-29 21:25:26.368237,0 days 00:00:36.361309,16,0.011181342907480482,,,0.0012075798236075345,1,192,,,COMPLETE
94,37.687819530080496,2026-04-29 21:25:26.368237,2026-04-29 21:26:18.075016,0 days 00:00:51.706779,16,0.04107586073754128,,,0.0011310733701413906,1,192,,,COMPLETE
95,34.79396668059731,2026-04-29 21:26:18.076099,2026-04-29 21:26:58.593791,0 days 00:00:40.517692,16,0.010602055046144414,,,0.001001894926239771,1,224,,,COMPLETE
96,41.21005860699247,2026-04-29 21:26:58.595296,2026-04-29 21:27:11.378653,0 days 00:00:12.783357,64,0.06000368190796171,,,0.001951719944415611,1,224,,,COMPLETE
97,37.167237188038804,2026-04-29 21:27:11.378653,2026-04-29 21:27:51.604809,0 days 00:00:40.226156,16,0.027578894548185327,,,0.0010494541388651486,1,224,,,COMPLETE
98,37.90578672430503,2026-04-29 21:27:51.605058,2026-04-29 21:28:33.928329,0 days 00:00:42.323271,16,0.04818826623526279,,,0.0015949835093415252,1,224,,,COMPLETE
99,37.1395709218563,2026-04-29 21:28:33.928329,2026-04-29 21:28:59.373880,0 days 00:00:25.445551,16,0.010061472047202898,,,0.0023827781018617798,1,224,,,COMPLETE
100,35.917941500346956,2026-04-29 21:28:59.373880,2026-04-29 21:29:46.070688,0 days 00:00:46.696808,16,0.024486247866591666,,,0.0014619900286082926,1,256,,,COMPLETE
101,32.622952943198975,2026-04-29 21:29:46.071699,2026-04-29 21:30:24.244200,0 days 00:00:38.172501,16,0.0003031115600174161,,,0.0012977744432367006,1,192,,,COMPLETE
102,32.27198467708608,2026-04-29 21:30:24.245240,2026-04-29 21:31:07.567272,0 days 00:00:43.322032,16,0.000458243255932843,,,0.0011807391479995513,1,192,,,COMPLETE
103,34.529491294812416,2026-04-29 21:31:07.567272,2026-04-29 21:31:42.402267,0 days 00:00:34.834995,16,0.005968278437227946,,,0.0018573910183627273,1,192,,,COMPLETE
104,39.032284302641195,2026-04-29 21:31:42.402267,2026-04-29 21:32:14.511819,0 days 00:00:32.109552,16,0.03512134459918471,,,0.0018349979652356725,1,192,,,COMPLETE
105,36.780055993899644,2026-04-29 21:32:14.511819,2026-04-29 21:32:47.510963,0 days 00:00:32.999144,16,0.020144766761825757,,,0.0010011792458380305,1,192,,,COMPLETE
106,33.71193718121246,2026-04-29 21:32:47.510963,2026-04-29 21:33:10.850091,0 days 00:00:23.339128,128,0.001999081374906695,,,0.001161964969528467,1,192,,,COMPLETE
107,38.8054224281461,2026-04-29 21:33:10.850091,2026-04-29 21:33:31.667091,0 days 00:00:20.817000,128,0.0023444860270411447,,,0.0011973311190994762,1,192,,,COMPLETE
108,38.883221023492,2026-04-29 21:33:31.667091,2026-04-29 21:33:42.709228,0 days 00:00:11.042137,128,0.03780871091119129,,,0.00209744349544085,1,192,,,COMPLETE
109,48.04287660424113,2026-04-29 21:33:42.709228,2026-04-29 21:34:18.187235,0 days 00:00:35.478007,128,0.024473168170721357,,,0.14754100111520993,1,192,,,COMPLETE
110,33.403066479022925,2026-04-29 21:34:18.188254,2026-04-29 21:34:35.832701,0 days 00:00:17.644447,128,0.0010042228903158778,,,0.0026239306423662518,1,192,,,COMPLETE
111,32.79257742899789,2026-04-29 21:34:35.832701,2026-04-29 21:34:54.035627,0 days 00:00:18.202926,128,7.611180491750539e-05,,,0.0025663579408050224,1,192,,,COMPLETE
112,33.79205042683027,2026-04-29 21:34:54.035627,2026-04-29 21:35:15.888001,0 days 00:00:21.852374,128,0.000884563432558703,,,0.0025932776033044704,1,192,,,COMPLETE
113,36.39744540918332,2026-04-29 21:35:15.888001,2026-04-29 21:35:35.799666,0 days 00:00:19.911665,128,0.015140623022599258,,,0.0026443090085380002,1,192,,,COMPLETE
114,32.83761055325554,2026-04-29 21:35:35.799666,2026-04-29 21:35:59.345857,0 days 00:00:23.546191,128,0.000782858313885335,,,0.0016238263780003937,1,192,,,COMPLETE
115,38.11679503670706,2026-04-29 21:35:59.345857,2026-04-29 21:36:17.721938,0 days 00:00:18.376081,128,0.027668697274165335,,,0.0013837587305320287,1,192,,,COMPLETE
116,40.18541776346994,2026-04-29 21:36:17.723342,2026-04-29 21:36:32.382675,0 days 00:00:14.659333,128,0.050290068229617846,,,0.0016369944148594516,1,192,,,COMPLETE
117,33.22353513410067,2026-04-29 21:36:32.382675,2026-04-29 21:36:51.804123,0 days 00:00:19.421448,128,0.000634026382024937,,,0.002460756610923745,1,192,,,COMPLETE
118,36.82625731967949,2026-04-29 21:36:51.804123,2026-04-29 21:37:08.549085,0 days 00:00:16.744962,128,0.021154589271207183,,,0.0023347449566013512,1,192,,,COMPLETE
119,38.98898206058963,2026-04-29 21:37:08.549085,2026-04-29 21:37:21.878154,0 days 00:00:13.329069,128,0.03970625411938915,,,0.0031483284424583353,1,192,,,COMPLETE
120,36.34822965430153,2026-04-29 21:37:21.878154,2026-04-29 21:37:36.689451,0 days 00:00:14.811297,128,0.011868549013242417,,,0.0026256990020352726,1,192,,,COMPLETE
121,53.90751262480889,2026-04-29 21:37:36.689451,2026-04-29 21:37:45.063631,0 days 00:00:08.374180,128,0.3948218237813666,,,0.0013883608748766528,1,192,,,COMPLETE
122,33.40181141494206,2026-04-29 21:37:45.063631,2026-04-29 21:38:11.533927,0 days 00:00:26.470296,128,0.00036338411455597843,,,0.0011724255250916743,1,192,,,COMPLETE
123,36.83838206099752,2026-04-29 21:38:11.533927,2026-04-29 21:38:28.299203,0 days 00:00:16.765276,128,0.015801585041691338,,,0.00120259976785842,1,192,,,COMPLETE
124,38.04086167424468,2026-04-29 21:38:28.299203,2026-04-29 21:38:43.341093,0 days 00:00:15.041890,128,0.031186501537647338,,,0.0017692463020440618,1,192,,,COMPLETE
125,57.558977759985325,2026-04-29 21:38:43.344332,2026-04-29 21:38:52.209349,0 days 00:00:08.865017,128,0.49659688873035385,,,0.0015900584058313948,1,192,,,COMPLETE
