number,value,datetime_start,datetime_complete,duration,params_feature_fraction,params_learning_rate,params_max_depth,params_min_child_samples,params_n_estimators,params_num_leaves,state
270,35.54630746734235,2026-05-05 14:19:45.698391,2026-05-05 14:19:52.148248,0 days 00:00:06.449857,0.9495283014060903,0.004970534977631749,9,27,1098,64,COMPLETE
271,35.34177465837629,2026-05-05 14:19:52.148248,2026-05-05 14:19:58.959308,0 days 00:00:06.811060,0.9798808890855973,0.006069462349923014,10,30,1188,72,COMPLETE
272,35.54358691816929,2026-05-05 14:19:58.959308,2026-05-05 14:20:04.140350,0 days 00:00:05.181042,0.9662047430028442,0.0061668025071753025,8,34,1156,74,COMPLETE
273,35.366929580059335,2026-05-05 14:20:04.140350,2026-05-05 14:20:11.480048,0 days 00:00:07.339698,0.9781033904436003,0.005345869752638493,10,29,1189,72,COMPLETE
274,35.458937450145065,2026-05-05 14:20:11.480048,2026-05-05 14:20:18.889188,0 days 00:00:07.409140,0.9762135777027342,0.005120079821129144,10,28,1186,71,COMPLETE
275,35.658275031645346,2026-05-05 14:20:18.889188,2026-05-05 14:20:26.095623,0 days 00:00:07.206435,0.980351962193024,0.005540968751885333,10,25,1195,67,COMPLETE
276,35.558781546844514,2026-05-05 14:20:26.096623,2026-05-05 14:20:33.045896,0 days 00:00:06.949273,0.9933584337196646,0.0046882656577672144,10,32,1162,61,COMPLETE
277,35.55749350937758,2026-05-05 14:20:33.046896,2026-05-05 14:20:40.274590,0 days 00:00:07.227694,0.9614487717511555,0.005432718575245223,10,27,1193,70,COMPLETE
278,35.420768449949136,2026-05-05 14:20:40.275590,2026-05-05 14:20:47.390088,0 days 00:00:07.114498,0.976864685338258,0.004352173889595989,9,29,1164,68,COMPLETE
279,36.46021537362115,2026-05-05 14:20:47.391089,2026-05-05 14:20:51.654332,0 days 00:00:04.263243,0.9813626169606307,0.004272016514249864,9,29,552,68,COMPLETE
280,35.645749223943355,2026-05-05 14:20:51.654332,2026-05-05 14:20:58.458690,0 days 00:00:06.804358,0.9992809291634822,0.006084462695509066,10,26,1195,65,COMPLETE
281,35.5521816310388,2026-05-05 14:20:58.459690,2026-05-05 14:21:06.059172,0 days 00:00:07.599482,0.9538386042969255,0.004627870192918024,10,32,1176,72,COMPLETE
282,35.48838239560283,2026-05-05 14:21:06.059172,2026-05-05 14:21:14.065403,0 days 00:00:08.006231,0.9763466984028475,0.00412486320614605,10,28,1215,66,COMPLETE
283,35.479380941575215,2026-05-05 14:21:14.065403,2026-05-05 14:21:19.736331,0 days 00:00:05.670928,0.9509843215861874,0.0073721411933207115,10,35,1166,63,COMPLETE
284,37.84785023579332,2026-05-05 14:21:19.737330,2026-05-05 14:21:24.496693,0 days 00:00:04.759363,0.9652398267079529,0.10448461289702764,10,29,1139,68,COMPLETE
285,35.6176325113962,2026-05-05 14:21:24.497717,2026-05-05 14:21:30.834907,0 days 00:00:06.337190,0.9788072939108268,0.005939390311262702,9,32,1232,76,COMPLETE
286,35.82102565540704,2026-05-05 14:21:30.850532,2026-05-05 14:21:37.159854,0 days 00:00:06.309322,0.9881096523872589,0.008557679311625505,9,24,1277,71,COMPLETE
287,35.64266998149123,2026-05-05 14:21:37.159854,2026-05-05 14:21:43.965820,0 days 00:00:06.805966,0.9627256047371947,0.004816071214196696,9,37,1207,69,COMPLETE
288,35.57323689188575,2026-05-05 14:21:43.965820,2026-05-05 14:21:50.658671,0 days 00:00:06.692851,0.945278033737711,0.005517761452863296,9,27,1189,73,COMPLETE
289,35.39651635856329,2026-05-05 14:21:50.658671,2026-05-05 14:21:57.661231,0 days 00:00:07.002560,0.9728774402565362,0.004328701130120882,9,30,1148,66,COMPLETE
290,35.63538878935385,2026-05-05 14:21:57.661231,2026-05-05 14:22:04.575304,0 days 00:00:06.914073,0.989627395532766,0.0041690548317224,9,34,1136,64,COMPLETE
291,35.576371797218044,2026-05-05 14:22:04.575304,2026-05-05 14:22:10.984521,0 days 00:00:06.409217,0.9688626033627081,0.00444408703751611,9,31,1096,59,COMPLETE
292,35.44441687859145,2026-05-05 14:22:10.984521,2026-05-05 14:22:16.818948,0 days 00:00:05.834427,0.9530629070753012,0.007156065549389453,9,30,1149,78,COMPLETE
293,35.5495087553961,2026-05-05 14:22:16.819971,2026-05-05 14:22:22.841612,0 days 00:00:06.021641,0.9998698397995118,0.006110778586428924,9,33,1232,67,COMPLETE
294,35.58217285689632,2026-05-05 14:22:22.841612,2026-05-05 14:22:30.453925,0 days 00:00:07.612313,0.9789490056938517,0.004806577645966706,10,26,1164,70,COMPLETE
295,35.651902504334714,2026-05-05 14:22:30.453925,2026-05-05 14:22:35.295102,0 days 00:00:04.841177,0.9370368680849609,0.009873682457704674,9,31,1201,62,COMPLETE
296,35.52485169750743,2026-05-05 14:22:35.295102,2026-05-05 14:22:40.253048,0 days 00:00:04.957946,0.9559050497583723,0.006572472192194457,9,28,864,65,COMPLETE
297,35.45750454077176,2026-05-05 14:22:40.253048,2026-05-05 14:22:47.387727,0 days 00:00:07.134679,0.9134315259564114,0.004318057678969929,9,29,1124,73,COMPLETE
298,36.30371246886902,2026-05-05 14:22:47.387727,2026-05-05 14:22:53.715521,0 days 00:00:06.327794,0.9771207319383137,0.00518039330720762,9,51,1270,75,COMPLETE
299,35.5764399957653,2026-05-05 14:22:53.716521,2026-05-05 14:22:59.926672,0 days 00:00:06.210151,0.9848224522274719,0.005658908804037176,9,33,1238,66,COMPLETE
300,35.54568999854267,2026-05-05 14:22:59.926672,2026-05-05 14:23:05.598277,0 days 00:00:05.671605,0.9252938195575784,0.008010973827366912,9,31,1301,71,COMPLETE
301,35.62792284839996,2026-05-05 14:23:05.598277,2026-05-05 14:23:12.826919,0 days 00:00:07.228642,0.968556092507428,0.004095504894745093,9,36,1213,69,COMPLETE
302,35.384345074853385,2026-05-05 14:23:12.827921,2026-05-05 14:23:18.500042,0 days 00:00:05.672121,0.9446915770213444,0.006394648249907074,9,29,1167,61,COMPLETE
303,35.51796160291836,2026-05-05 14:23:18.500042,2026-05-05 14:23:24.500594,0 days 00:00:06.000552,0.9475393502211894,0.00708220316867892,10,27,1189,58,COMPLETE
304,35.575368526550356,2026-05-05 14:23:24.500594,2026-05-05 14:23:30.474993,0 days 00:00:05.974399,0.9385309353320851,0.006330527196628532,9,24,1137,62,COMPLETE
305,35.52652949118526,2026-05-05 14:23:30.475992,2026-05-05 14:23:36.274674,0 days 00:00:05.798682,0.9547327868037763,0.006211974552522965,9,32,1240,61,COMPLETE
306,35.40609211466419,2026-05-05 14:23:36.274674,2026-05-05 14:23:41.495156,0 days 00:00:05.220482,0.9260311030111874,0.00763936072390768,9,30,1102,60,COMPLETE
307,35.532866343170866,2026-05-05 14:23:41.496156,2026-05-05 14:23:45.995688,0 days 00:00:04.499532,0.9177148237286666,0.008900329288800858,9,34,1108,55,COMPLETE
308,35.475605272313814,2026-05-05 14:23:45.996687,2026-05-05 14:23:51.344670,0 days 00:00:05.347983,0.931147861064643,0.0074575454637507785,9,31,1213,61,COMPLETE
309,36.31146494265293,2026-05-05 14:23:51.344670,2026-05-05 14:23:55.812259,0 days 00:00:04.467589,0.9411709806690172,0.008186237133778095,10,78,1087,57,COMPLETE
310,42.70939124215234,2026-05-05 14:23:55.813258,2026-05-05 14:23:56.848344,0 days 00:00:01.035086,0.9457829123092653,0.007183262443950007,8,27,139,60,COMPLETE
311,35.98799461659767,2026-05-05 14:23:56.848344,2026-05-05 14:24:01.319154,0 days 00:00:04.470810,0.4355130207326792,0.01020121789737141,9,30,1261,66,COMPLETE
312,35.541137195889426,2026-05-05 14:24:01.320154,2026-05-05 14:24:06.871227,0 days 00:00:05.551073,0.9596955120970767,0.006328138817000283,9,35,1175,63,COMPLETE
313,35.62628808050639,2026-05-05 14:24:06.871227,2026-05-05 14:24:11.896421,0 days 00:00:05.025194,0.9217135345657524,0.00786231980737209,9,32,1125,64,COMPLETE
314,36.17380203011399,2026-05-05 14:24:11.897420,2026-05-05 14:24:17.432894,0 days 00:00:05.535474,0.934583333358034,0.005694973581177003,9,64,1206,74,COMPLETE
315,35.38491174960643,2026-05-05 14:24:17.432894,2026-05-05 14:24:23.286601,0 days 00:00:05.853707,0.9523926154325374,0.007010517899524563,9,29,1154,77,COMPLETE
316,35.52155878084793,2026-05-05 14:24:23.286601,2026-05-05 14:24:30.213342,0 days 00:00:06.926741,0.9565226315418831,0.005378622887240269,9,26,1173,77,COMPLETE
317,35.48947473736236,2026-05-05 14:24:30.214342,2026-05-05 14:24:36.586378,0 days 00:00:06.372036,0.9660217957765416,0.006589547759347964,9,28,1236,79,COMPLETE
318,35.52637659854141,2026-05-05 14:24:36.586378,2026-05-05 14:24:42.653129,0 days 00:00:06.066751,0.9541794036982528,0.005921983825916621,9,33,1149,76,COMPLETE
319,35.700974988527236,2026-05-05 14:24:42.653129,2026-05-05 14:24:49.798403,0 days 00:00:07.145274,0.9462933093258666,0.005102609055743623,9,25,1186,72,COMPLETE
320,35.37137868575432,2026-05-05 14:24:49.798403,2026-05-05 14:24:55.284078,0 days 00:00:05.485675,0.9673593673713854,0.006723926141598224,8,29,1273,71,COMPLETE
321,36.20595642259958,2026-05-05 14:24:55.284078,2026-05-05 14:25:01.332214,0 days 00:00:06.048136,0.9685377599782028,0.007025466443988674,8,22,1285,75,COMPLETE
322,35.68819618670985,2026-05-05 14:25:01.332214,2026-05-05 14:25:07.776154,0 days 00:00:06.443940,0.9676080407820289,0.008712216900510196,10,28,1311,73,COMPLETE
323,37.06184089370724,2026-05-05 14:25:07.776154,2026-05-05 14:25:15.309390,0 days 00:00:07.533236,0.9764752657201934,0.006483016635598535,8,10,1268,71,COMPLETE
324,35.73162119814629,2026-05-05 14:25:15.310266,2026-05-05 14:25:21.504745,0 days 00:00:06.194479,0.9605174675670266,0.006931904085472274,10,39,1202,78,COMPLETE
325,35.44519515978521,2026-05-05 14:25:21.504745,2026-05-05 14:25:26.996858,0 days 00:00:05.492113,0.9900641571181477,0.005829586758719457,8,29,1154,67,COMPLETE
326,35.53404648582732,2026-05-05 14:25:26.996858,2026-05-05 14:25:33.124431,0 days 00:00:06.127573,0.9427713414225638,0.006416555626359408,9,26,1219,65,COMPLETE
327,35.48061530646302,2026-05-05 14:25:33.124431,2026-05-05 14:25:39.491656,0 days 00:00:06.367225,0.9706500133588836,0.005520649781223708,9,31,1177,70,COMPLETE
328,35.723134316502346,2026-05-05 14:25:39.491656,2026-05-05 14:25:42.835889,0 days 00:00:03.344233,0.9591240599430985,0.007750456742663793,7,28,768,74,COMPLETE
329,35.53777060761901,2026-05-05 14:25:42.835889,2026-05-05 14:25:47.988259,0 days 00:00:05.152370,0.7799702833685682,0.0069032469184927125,9,32,1134,68,COMPLETE
330,35.66767480122356,2026-05-05 14:25:47.988259,2026-05-05 14:25:54.043409,0 days 00:00:06.055150,0.978987947065737,0.004752466891387522,9,34,924,72,COMPLETE
331,36.210438351053114,2026-05-05 14:25:54.043409,2026-05-05 14:25:59.853994,0 days 00:00:05.810585,0.952674871618768,0.005761482776198841,9,44,1250,64,COMPLETE
332,35.48412266828406,2026-05-05 14:25:59.855360,2026-05-05 14:26:05.955180,0 days 00:00:06.099820,0.9854084872875158,0.008730585495459131,10,30,1211,77,COMPLETE
333,35.59411386563619,2026-05-05 14:26:05.956180,2026-05-05 14:26:14.007051,0 days 00:00:08.050871,0.9660531606393788,0.004853790416113474,9,27,1165,108,COMPLETE
334,35.39671032449594,2026-05-05 14:26:14.007051,2026-05-05 14:26:20.241152,0 days 00:00:06.234101,0.9421479140527077,0.00626097818610434,9,29,1192,69,COMPLETE
335,35.82031738823241,2026-05-05 14:26:20.241152,2026-05-05 14:26:24.742312,0 days 00:00:04.501160,0.939411269915715,0.006444666530878182,9,24,637,68,COMPLETE
336,35.438805443450356,2026-05-05 14:26:24.742312,2026-05-05 14:26:30.471075,0 days 00:00:05.728763,0.9326041018264237,0.007212874637657112,9,29,1189,70,COMPLETE
337,35.56268647933384,2026-05-05 14:26:30.471075,2026-05-05 14:26:36.294917,0 days 00:00:05.823842,0.9491910662186744,0.0059388589206528924,9,32,1142,66,COMPLETE
338,35.6436188683396,2026-05-05 14:26:36.297921,2026-05-05 14:26:41.854117,0 days 00:00:05.556196,0.9397823858403114,0.007905585511954761,9,26,1118,72,COMPLETE
339,35.466271367046396,2026-05-05 14:26:41.854117,2026-05-05 14:26:48.346966,0 days 00:00:06.492849,0.9129806335263504,0.005430881583988682,9,28,1191,69,COMPLETE
340,38.93467369084608,2026-05-05 14:26:48.346966,2026-05-05 14:26:58.217906,0 days 00:00:09.870940,0.9572191391533997,0.0012916157956354,10,36,1160,74,COMPLETE
341,35.56413391169221,2026-05-05 14:26:58.217906,2026-05-05 14:27:03.426762,0 days 00:00:05.208856,0.9781277547265892,0.006315823583274754,8,31,1219,63,COMPLETE
