number,value,datetime_start,datetime_complete,duration,params_feature_fraction,params_learning_rate,params_max_depth,params_min_child_samples,params_n_estimators,params_num_leaves,state
0,37.23955076146384,2026-05-05 13:53:56.842289,2026-05-05 13:53:57.972645,0 days 00:00:01.130356,0.7167067490091028,0.07931939153284696,10,93,298,48,COMPLETE
1,46.43188560352797,2026-05-05 13:53:57.974650,2026-05-05 13:53:58.985862,0 days 00:00:01.011212,0.8183133724455791,0.004120763045607726,5,48,193,38,COMPLETE
2,36.611954998343855,2026-05-05 13:53:58.985862,2026-05-05 13:54:01.146091,0 days 00:00:02.160229,0.8725469827353771,0.025148943406417875,7,55,885,91,COMPLETE
3,43.86188034870655,2026-05-05 13:54:01.146091,2026-05-05 13:54:02.495602,0 days 00:00:01.349511,0.791254683965624,0.001098200984446753,3,54,1062,42,COMPLETE
4,52.86092582195715,2026-05-05 13:54:02.496601,2026-05-05 13:54:04.346577,0 days 00:00:01.849976,0.6241645232820122,0.001014955403188577,7,83,468,33,COMPLETE
5,36.22103692330943,2026-05-05 13:54:04.346577,2026-05-05 13:54:06.134165,0 days 00:00:01.787588,0.9242943758315849,0.006507658471809027,3,34,1390,73,COMPLETE
6,37.44088775565387,2026-05-05 13:54:06.136164,2026-05-05 13:54:11.762642,0 days 00:00:05.626478,0.8101395156701348,0.0018012568713620966,7,32,1170,43,COMPLETE
7,36.61797867499143,2026-05-05 13:54:11.762642,2026-05-05 13:54:13.186179,0 days 00:00:01.423537,0.8681290731527945,0.05242177769699528,9,21,393,37,COMPLETE
8,36.908160317017526,2026-05-05 13:54:13.187178,2026-05-05 13:54:14.454716,0 days 00:00:01.267538,0.8793403619229627,0.0360285518449383,5,77,828,78,COMPLETE
9,56.64063771197956,2026-05-05 13:54:14.454716,2026-05-05 13:54:14.961841,0 days 00:00:00.507125,0.41548599007449327,0.0012762441916052303,4,42,304,46,COMPLETE
10,36.53623170427344,2026-05-05 13:54:14.961841,2026-05-05 13:54:16.956678,0 days 00:00:01.994837,0.9965193694568661,0.008947397711795518,3,7,1481,108,COMPLETE
11,36.59358352361737,2026-05-05 13:54:16.956678,2026-05-05 13:54:18.998180,0 days 00:00:02.041502,0.995562264826558,0.0075154167854878905,3,5,1490,102,COMPLETE
12,37.28957472663558,2026-05-05 13:54:18.998180,2026-05-05 13:54:23.019735,0 days 00:00:04.021555,0.967761532513428,0.008571683877965986,5,5,1470,69,COMPLETE
13,36.443610917003895,2026-05-05 13:54:23.020735,2026-05-05 13:54:24.581085,0 days 00:00:01.560350,0.9459127753299887,0.01195717864298542,3,23,1276,109,COMPLETE
14,40.43758236694583,2026-05-05 13:54:24.581085,2026-05-05 13:54:26.346997,0 days 00:00:01.765912,0.6000620618427877,0.2524211439435657,4,26,1224,18,COMPLETE
15,38.744032211746116,2026-05-05 13:54:26.346997,2026-05-05 13:54:27.566980,0 days 00:00:01.219983,0.927236104783414,0.003395447444889852,4,65,602,86,COMPLETE
16,36.132074472556056,2026-05-05 13:54:27.566980,2026-05-05 13:54:30.169004,0 days 00:00:02.602024,0.7123136676114471,0.01788625712839556,6,35,1277,63,COMPLETE
17,36.15828011027351,2026-05-05 13:54:30.170893,2026-05-05 13:54:32.177696,0 days 00:00:02.006803,0.4772145956215763,0.01680720781828019,6,37,1002,60,COMPLETE
18,40.5093004357752,2026-05-05 13:54:32.177696,2026-05-05 13:54:34.365015,0 days 00:00:02.187319,0.4314583101328389,0.14580424572840495,8,65,1005,62,COMPLETE
19,35.972248247291226,2026-05-05 13:54:34.365015,2026-05-05 13:54:35.691308,0 days 00:00:01.326293,0.4917776438047936,0.01758611110466939,6,39,608,56,COMPLETE
20,36.52124292097049,2026-05-05 13:54:35.691308,2026-05-05 13:54:37.559212,0 days 00:00:01.867904,0.5389600501402434,0.02255344462576203,6,16,650,56,COMPLETE
21,36.03033168149229,2026-05-05 13:54:37.559212,2026-05-05 13:54:39.043159,0 days 00:00:01.483947,0.49632600430205465,0.015555724423606145,6,39,687,57,COMPLETE
22,36.7851066913934,2026-05-05 13:54:39.044159,2026-05-05 13:54:40.302064,0 days 00:00:01.257905,0.6965118871223948,0.038051221558827675,6,45,658,55,COMPLETE
23,36.14398435756032,2026-05-05 13:54:40.302064,2026-05-05 13:54:42.075689,0 days 00:00:01.773625,0.49938292824700514,0.014883643959062902,8,62,737,28,COMPLETE
24,37.02348894184588,2026-05-05 13:54:42.075689,2026-05-05 13:54:43.454587,0 days 00:00:01.378898,0.5781594195819677,0.07169458393478673,8,39,519,67,COMPLETE
25,36.40441272201842,2026-05-05 13:54:43.454587,2026-05-05 13:54:46.244140,0 days 00:00:02.789553,0.681367465848269,0.004485455027081055,6,30,754,77,COMPLETE
26,36.9731106200166,2026-05-05 13:54:46.244140,2026-05-05 13:54:47.659840,0 days 00:00:01.415700,0.657213791118967,0.027051276513525836,5,49,905,52,COMPLETE
27,36.17425191809048,2026-05-05 13:54:47.659840,2026-05-05 13:54:50.084116,0 days 00:00:02.424276,0.7457277984539799,0.013325627858127914,7,18,520,84,COMPLETE
28,37.9095479591284,2026-05-05 13:54:50.084116,2026-05-05 13:54:51.900199,0 days 00:00:01.816083,0.5381808342685783,0.048438379140756695,6,58,1131,65,COMPLETE
29,37.25901555496038,2026-05-05 13:54:51.901622,2026-05-05 13:54:52.438721,0 days 00:00:00.537099,0.736527763572379,0.11886398078455138,10,100,165,50,COMPLETE
30,46.147879591584584,2026-05-05 13:54:52.440052,2026-05-05 13:54:54.363476,0 days 00:00:01.923424,0.4505200429499107,0.0026715877965148745,9,29,333,59,COMPLETE
31,36.195510887814024,2026-05-05 13:54:54.363476,2026-05-05 13:54:55.931877,0 days 00:00:01.568401,0.49290746201109387,0.01885913353948966,7,62,770,28,COMPLETE
32,36.31898583561521,2026-05-05 13:54:55.931877,2026-05-05 13:54:57.585427,0 days 00:00:01.653550,0.5455841550192073,0.014756401129371183,8,71,704,24,COMPLETE
33,36.60046804319135,2026-05-05 13:54:57.585427,2026-05-05 13:54:59.486130,0 days 00:00:01.900703,0.5040984200353474,0.00590203832799859,9,49,894,15,COMPLETE
34,36.13526345303105,2026-05-05 13:54:59.487129,2026-05-05 13:55:00.439358,0 days 00:00:00.952229,0.6506753897755914,0.03146598157527072,5,40,588,35,COMPLETE
35,36.20357700875218,2026-05-05 13:55:00.439358,2026-05-05 13:55:01.394730,0 days 00:00:00.955372,0.6358122121255014,0.03055243129449897,5,42,582,48,COMPLETE
36,35.84308318063641,2026-05-05 13:55:01.395730,2026-05-05 13:55:02.196188,0 days 00:00:00.800458,0.7525670519810712,0.021192506720530156,5,36,408,36,COMPLETE
37,37.545841746852304,2026-05-05 13:55:02.203192,2026-05-05 13:55:03.249621,0 days 00:00:01.046429,0.7720481924416654,0.01046214239674668,6,13,238,40,COMPLETE
38,38.89414648594056,2026-05-05 13:55:03.250620,2026-05-05 13:55:03.557165,0 days 00:00:00.306545,0.7210788204660543,0.020643976223370438,4,35,100,72,COMPLETE
39,36.74408025517294,2026-05-05 13:55:03.557165,2026-05-05 13:55:04.537569,0 days 00:00:00.980404,0.7717854493501239,0.05139924189873129,7,53,398,55,COMPLETE
40,37.370318435071546,2026-05-05 13:55:04.551073,2026-05-05 13:55:05.786184,0 days 00:00:01.235111,0.8232169307968942,0.005836000999411588,5,26,416,45,COMPLETE
41,36.426528742571165,2026-05-05 13:55:05.786184,2026-05-05 13:55:06.612498,0 days 00:00:00.826314,0.6588323912672932,0.02791948885530875,5,44,486,35,COMPLETE
42,36.26255878009955,2026-05-05 13:55:06.612498,2026-05-05 13:55:07.744316,0 days 00:00:01.131818,0.5817088445324423,0.03859838719088406,6,37,590,33,COMPLETE
43,35.826600241845924,2026-05-05 13:55:07.744316,2026-05-05 13:55:09.259125,0 days 00:00:01.514809,0.8218329401303072,0.02162202138167844,5,32,813,42,COMPLETE
44,36.00467481382797,2026-05-05 13:55:09.261634,2026-05-05 13:55:10.577437,0 days 00:00:01.315803,0.8510519001118257,0.018402394282591633,4,32,837,41,COMPLETE
45,36.227430825172696,2026-05-05 13:55:10.577437,2026-05-05 13:55:12.035673,0 days 00:00:01.458236,0.8628381497118163,0.00973787201935686,4,31,865,41,COMPLETE
46,36.09949110047075,2026-05-05 13:55:12.035673,2026-05-05 13:55:13.278597,0 days 00:00:01.242924,0.8156362066431022,0.022829731149951474,4,25,819,29,COMPLETE
47,36.42113669785002,2026-05-05 13:55:13.278597,2026-05-05 13:55:14.632715,0 days 00:00:01.354118,0.8420605008214044,0.012124255368126958,5,47,678,44,COMPLETE
48,36.416495389096056,2026-05-05 13:55:14.647718,2026-05-05 13:55:16.070041,0 days 00:00:01.422323,0.9042461069045058,0.007478971949687194,4,32,798,39,COMPLETE
49,38.02576803200409,2026-05-05 13:55:16.070041,2026-05-05 13:55:18.034315,0 days 00:00:01.964274,0.7880320781583742,0.07139934000973314,5,13,946,22,COMPLETE
50,36.446462286483815,2026-05-05 13:55:18.035182,2026-05-05 13:55:18.660133,0 days 00:00:00.624951,0.8992815753928124,0.01719104652308138,3,19,452,52,COMPLETE
51,36.26707900844067,2026-05-05 13:55:18.660133,2026-05-05 13:55:19.976602,0 days 00:00:01.316469,0.8231169871122007,0.02198726965040235,4,25,840,30,COMPLETE
52,36.358996032296645,2026-05-05 13:55:19.976602,2026-05-05 13:55:21.236353,0 days 00:00:01.259751,0.8490109587396556,0.025419204427815898,4,23,810,23,COMPLETE
53,36.3256487631974,2026-05-05 13:55:21.236353,2026-05-05 13:55:22.338025,0 days 00:00:01.101672,0.7955894340918795,0.044661971567890014,3,34,976,47,COMPLETE
54,36.35934348235777,2026-05-05 13:55:22.339024,2026-05-05 13:55:23.555631,0 days 00:00:01.216607,0.40262816150734926,0.011447784952937952,5,40,716,31,COMPLETE
55,36.01726753388002,2026-05-05 13:55:23.555631,2026-05-05 13:55:25.131844,0 days 00:00:01.576213,0.7590111794178862,0.021172862665755424,4,29,1064,43,COMPLETE
56,36.67273898046314,2026-05-05 13:55:25.131844,2026-05-05 13:55:27.503496,0 days 00:00:02.371652,0.7428371182477556,0.033335672794555744,6,27,1073,37,COMPLETE
57,36.06507263772488,2026-05-05 13:55:27.504496,2026-05-05 13:55:29.728747,0 days 00:00:02.224251,0.7629105680903887,0.01658593339194377,5,37,1331,42,COMPLETE
58,36.959015957612614,2026-05-05 13:55:29.729794,2026-05-05 13:55:30.959081,0 days 00:00:01.229287,0.6929929498236338,0.009063020324213775,3,44,1056,50,COMPLETE
59,36.94766707616442,2026-05-05 13:55:30.959081,2026-05-05 13:55:31.724679,0 days 00:00:00.765598,0.46091161010263315,0.060505036829068215,4,51,646,55,COMPLETE
60,36.31579018963983,2026-05-05 13:55:31.725679,2026-05-05 13:55:34.103381,0 days 00:00:02.377702,0.892856572202665,0.013710420560745874,7,87,914,59,COMPLETE
61,36.058469589997486,2026-05-05 13:55:34.103381,2026-05-05 13:55:36.455920,0 days 00:00:02.352539,0.7679967288456133,0.01560029827331076,5,37,1404,41,COMPLETE
62,35.9425011525621,2026-05-05 13:55:36.455920,2026-05-05 13:55:38.498843,0 days 00:00:02.042923,0.8006618475982186,0.02023069869225913,5,33,1160,45,COMPLETE
63,35.977561515098536,2026-05-05 13:55:38.498843,2026-05-05 13:55:40.936172,0 days 00:00:02.437329,0.8441107969418891,0.019792441672599255,6,32,1119,45,COMPLETE
64,36.07406299766115,2026-05-05 13:55:40.936172,2026-05-05 13:55:43.090815,0 days 00:00:02.154643,0.7996966792503539,0.02040498587857253,5,29,1149,45,COMPLETE
65,36.45437992107237,2026-05-05 13:55:43.091814,2026-05-05 13:55:44.931874,0 days 00:00:01.840060,0.8484750421432474,0.04047832153376608,4,34,1232,38,COMPLETE
66,36.31198690472707,2026-05-05 13:55:44.931874,2026-05-05 13:55:47.709523,0 days 00:00:02.777649,0.8727114020164801,0.026790132907133037,6,23,1086,49,COMPLETE
67,36.36432453251514,2026-05-05 13:55:47.709523,2026-05-05 13:55:50.304520,0 days 00:00:02.594997,0.9514204400047864,0.019054460169000375,5,20,1201,36,COMPLETE
68,36.220905512388484,2026-05-05 13:55:50.305519,2026-05-05 13:55:51.803386,0 days 00:00:01.497867,0.8368892146788489,0.02459316141707452,4,31,1013,52,COMPLETE
69,35.76429520258603,2026-05-05 13:55:51.803386,2026-05-05 13:55:54.740633,0 days 00:00:02.937247,0.9251512349154964,0.012600247059088925,6,28,1189,33,COMPLETE
70,35.69129168427325,2026-05-05 13:55:54.740633,2026-05-05 13:55:58.115352,0 days 00:00:03.374719,0.9763285764107705,0.007502142008468319,6,33,1291,33,COMPLETE
71,35.79245032515645,2026-05-05 13:55:58.115352,2026-05-05 13:56:01.543751,0 days 00:00:03.428399,0.9886742868270096,0.00817620024119586,6,32,1327,33,COMPLETE
72,36.158193318487214,2026-05-05 13:56:01.544751,2026-05-05 13:56:05.255744,0 days 00:00:03.710993,0.9871691830008583,0.004767759322496604,6,42,1303,32,COMPLETE
73,35.758820873724574,2026-05-05 13:56:05.255744,2026-05-05 13:56:09.128388,0 days 00:00:03.872644,0.9308543701736475,0.007533816219596918,7,28,1363,26,COMPLETE
74,36.1149198767547,2026-05-05 13:56:09.128388,2026-05-05 13:56:13.454931,0 days 00:00:04.326543,0.9733128601439099,0.0075117972127624845,7,17,1429,25,COMPLETE
75,36.303376578500455,2026-05-05 13:56:13.454931,2026-05-05 13:56:17.236675,0 days 00:00:03.781744,0.9323022458357105,0.005274829750501779,7,22,1367,19,COMPLETE
76,36.11151183695482,2026-05-05 13:56:17.236675,2026-05-05 13:56:21.464008,0 days 00:00:04.227333,0.9481113235106,0.0030569368758925366,6,28,1245,27,COMPLETE
77,36.11572003676264,2026-05-05 13:56:21.464008,2026-05-05 13:56:24.829764,0 days 00:00:03.365756,0.9156995567243119,0.008437894289973958,7,56,1190,34,COMPLETE
78,36.681420145521386,2026-05-05 13:56:24.829764,2026-05-05 13:56:28.971215,0 days 00:00:04.141451,0.9744826753323289,0.003619391222353298,6,14,1326,20,COMPLETE
79,36.92684469074885,2026-05-05 13:56:28.971215,2026-05-05 13:56:34.246469,0 days 00:00:05.275254,0.9902335647106079,0.00660438709250065,7,10,1456,27,COMPLETE
80,35.79310215678491,2026-05-05 13:56:34.246469,2026-05-05 13:56:37.452546,0 days 00:00:03.206077,0.9358120641886798,0.011527498596342585,6,35,1364,94,COMPLETE
81,35.82454830550893,2026-05-05 13:56:37.452546,2026-05-05 13:56:40.843834,0 days 00:00:03.391288,0.9623973087349069,0.010813521245368026,6,35,1376,93,COMPLETE
82,35.88540659282097,2026-05-05 13:56:40.844834,2026-05-05 13:56:44.106941,0 days 00:00:03.262107,0.9603723081226857,0.010796202524467238,6,35,1369,96,COMPLETE
83,35.789261286320894,2026-05-05 13:56:44.106941,2026-05-05 13:56:47.302710,0 days 00:00:03.195769,0.9592248163847338,0.01164981187697737,6,36,1354,97,COMPLETE
84,36.01942176265358,2026-05-05 13:56:47.303710,2026-05-05 13:56:50.583451,0 days 00:00:03.279741,0.9369738144023114,0.012791352972990782,6,41,1499,102,COMPLETE
85,35.803306055684125,2026-05-05 13:56:50.583451,2026-05-05 13:56:55.560988,0 days 00:00:04.977537,0.915263803421482,0.008396945674740725,7,26,1420,90,COMPLETE
86,35.67586904647836,2026-05-05 13:56:55.561992,2026-05-05 13:57:03.084038,0 days 00:00:07.522046,0.9995295338246164,0.006608830995628303,8,24,1407,91,COMPLETE
87,35.73604182967714,2026-05-05 13:57:03.084038,2026-05-05 13:57:09.411530,0 days 00:00:06.327492,0.9978459496377179,0.006479704573231951,8,26,1272,92,COMPLETE
88,35.69099918015725,2026-05-05 13:57:09.411530,2026-05-05 13:57:15.817584,0 days 00:00:06.406054,0.9210328334801118,0.006608644689767262,8,25,1273,97,COMPLETE
89,36.472497401352726,2026-05-05 13:57:15.817584,2026-05-05 13:57:23.271412,0 days 00:00:07.453828,0.9969985599989665,0.006232374832639315,8,21,1280,100,COMPLETE
90,36.36369961456542,2026-05-05 13:57:23.272412,2026-05-05 13:57:34.170294,0 days 00:00:10.897882,0.8837797816363384,0.002041794036053432,8,25,1337,81,COMPLETE
91,35.81614451956683,2026-05-05 13:57:34.170294,2026-05-05 13:57:39.963557,0 days 00:00:05.793263,0.9153957008319094,0.008047986530678312,8,27,1432,86,COMPLETE
92,36.231641707720634,2026-05-05 13:57:39.964557,2026-05-05 13:57:48.551135,0 days 00:00:08.586578,0.9794939834954564,0.004321617554437496,8,16,1262,92,COMPLETE
93,35.59374765986851,2026-05-05 13:57:48.551135,2026-05-05 13:57:55.599692,0 days 00:00:07.048557,0.9206583836924992,0.00687815232109742,9,24,1303,88,COMPLETE
94,36.46545060674305,2026-05-05 13:57:55.599692,2026-05-05 13:58:03.587785,0 days 00:00:07.988093,0.9373662564324311,0.006983587149017078,9,19,1299,106,COMPLETE
95,35.883571381472194,2026-05-05 13:58:03.588785,2026-05-05 13:58:13.438049,0 days 00:00:09.849264,0.955376539362828,0.005127010187414197,10,23,1459,96,COMPLETE
96,35.49042394029747,2026-05-05 13:58:13.438049,2026-05-05 13:58:18.958441,0 days 00:00:05.520392,0.9676077616793131,0.009411935066985705,9,30,1202,88,COMPLETE
97,35.55525891077555,2026-05-05 13:58:18.958441,2026-05-05 13:58:27.619522,0 days 00:00:08.661081,0.9825593352715966,0.0038330537952569353,9,29,1210,89,COMPLETE
98,35.50038684836961,2026-05-05 13:58:27.620523,2026-05-05 13:58:36.335111,0 days 00:00:08.714588,0.9674902325823664,0.003721578448446954,9,29,1228,88,COMPLETE
99,35.51296626900372,2026-05-05 13:58:36.336111,2026-05-05 13:58:44.817517,0 days 00:00:08.481406,0.9725714326370026,0.003834022660820408,9,29,1182,89,COMPLETE
100,35.70638918987156,2026-05-05 13:58:44.817517,2026-05-05 13:58:54.136220,0 days 00:00:09.318703,0.9730115041208494,0.0037963006083201038,9,24,1229,90,COMPLETE
101,36.09189919813051,2026-05-05 13:58:54.137264,2026-05-05 13:59:04.941972,0 days 00:00:10.804708,0.9734885162845358,0.0025241163285752255,9,24,1213,89,COMPLETE
102,35.45877625343195,2026-05-05 13:59:04.942972,2026-05-05 13:59:13.903058,0 days 00:00:08.960086,0.9972829463041764,0.0036800299960096958,9,30,1247,88,COMPLETE
103,35.46005790270417,2026-05-05 13:59:13.905513,2026-05-05 13:59:22.933078,0 days 00:00:09.027565,0.9856667230188748,0.003557421298179208,9,30,1251,87,COMPLETE
104,35.49776359820069,2026-05-05 13:59:22.933078,2026-05-05 13:59:31.208510,0 days 00:00:08.275432,0.9802616131352823,0.0037452816066466136,9,30,1122,87,COMPLETE
105,35.91386416473921,2026-05-05 13:59:31.209658,2026-05-05 13:59:41.021425,0 days 00:00:09.811767,0.9816876817183932,0.002526332022317603,9,30,1168,87,COMPLETE
106,35.721739457356286,2026-05-05 13:59:41.021425,2026-05-05 13:59:50.534561,0 days 00:00:09.513136,0.9451493434601634,0.0029570147724629005,10,30,1109,83,COMPLETE
107,36.903835811368964,2026-05-05 13:59:50.534561,2026-05-05 14:00:01.728131,0 days 00:00:11.193570,0.9978067791320253,0.0020651418768722115,9,21,1300,78,COMPLETE
108,35.85676226819583,2026-05-05 14:00:01.728131,2026-05-05 14:00:09.645599,0 days 00:00:07.917468,0.9680304529399686,0.003930553543311532,9,38,1247,83,COMPLETE
109,36.283047830832984,2026-05-05 14:00:09.646112,2026-05-05 14:00:18.915392,0 days 00:00:09.269280,0.9466804399559087,0.003410245070499422,9,20,1181,80,COMPLETE
110,37.89498681077033,2026-05-05 14:00:18.915857,2026-05-05 14:00:28.309364,0 days 00:00:09.393507,0.9849274736630057,0.0015038047653179929,9,29,1138,75,COMPLETE
111,35.73565327258025,2026-05-05 14:00:28.309364,2026-05-05 14:00:37.094956,0 days 00:00:08.785592,0.9656047835418213,0.003962879353929851,9,25,1221,88,COMPLETE
112,35.82369333668729,2026-05-05 14:00:37.095985,2026-05-05 14:00:45.487317,0 days 00:00:08.391332,0.9688092788129228,0.0053289295620683975,10,23,1236,84,COMPLETE
113,36.197714275351736,2026-05-05 14:00:45.488317,2026-05-05 14:00:54.717007,0 days 00:00:09.228690,0.9802558295805786,0.0046044264650773,9,18,1293,89,COMPLETE
114,35.81080888351501,2026-05-05 14:00:54.717007,2026-05-05 14:01:04.597033,0 days 00:00:09.880026,0.9995330768357136,0.002916937178217227,9,27,1208,86,COMPLETE
115,35.62210628931504,2026-05-05 14:01:04.597033,2026-05-05 14:01:13.646068,0 days 00:00:09.049035,0.9041054585375468,0.0035309153195375986,9,33,1255,99,COMPLETE
116,35.664249306129115,2026-05-05 14:01:13.646068,2026-05-05 14:01:24.235516,0 days 00:00:10.589448,0.9529402707439174,0.003279433043327584,10,33,1263,98,COMPLETE
117,36.27880636305176,2026-05-05 14:01:24.235516,2026-05-05 14:01:35.109655,0 days 00:00:10.874139,0.9086763351302973,0.002258532801872334,10,30,1108,99,COMPLETE
118,35.80250347971359,2026-05-05 14:01:35.109655,2026-05-05 14:01:45.617855,0 days 00:00:10.508200,0.9226094836664137,0.003109344647994653,10,33,1157,105,COMPLETE
119,35.90197137315297,2026-05-05 14:01:45.618855,2026-05-05 14:01:54.682125,0 days 00:00:09.063270,0.9522415860241759,0.003285793487389681,9,39,1254,94,COMPLETE
120,36.352252768320355,2026-05-05 14:01:54.682125,2026-05-05 14:02:00.763014,0 days 00:00:06.080889,0.8927780499399272,0.005807179690471614,9,74,1397,103,COMPLETE
121,35.65589382046978,2026-05-05 14:02:00.764014,2026-05-05 14:02:10.461096,0 days 00:00:09.697082,0.9416702042301128,0.0035542372253449723,9,31,1317,98,COMPLETE
122,35.58051343702582,2026-05-05 14:02:10.461096,2026-05-05 14:02:18.852334,0 days 00:00:08.391238,0.9449971799912839,0.004378738887945229,9,31,1321,99,COMPLETE
123,35.519080408006396,2026-05-05 14:02:18.852334,2026-05-05 14:02:27.280219,0 days 00:00:08.427885,0.9579917172516048,0.00430759631950542,9,31,1339,95,COMPLETE
124,35.57250507715219,2026-05-05 14:02:27.281219,2026-05-05 14:02:36.136693,0 days 00:00:08.855474,0.9430635289765229,0.00410966145860477,9,31,1324,101,COMPLETE
125,35.542768308970885,2026-05-05 14:02:36.137693,2026-05-05 14:02:44.846444,0 days 00:00:08.708751,0.9415787695424527,0.0041642003893712885,9,31,1339,101,COMPLETE
126,35.583106689213345,2026-05-05 14:02:44.847268,2026-05-05 14:02:52.731134,0 days 00:00:07.883866,0.9613410269996616,0.004369931930858413,9,28,1035,101,COMPLETE
127,35.59628219491468,2026-05-05 14:02:52.732133,2026-05-05 14:03:00.899280,0 days 00:00:08.167147,0.9618730669302901,0.0043270074206236036,9,28,1043,107,COMPLETE
128,35.37229341458651,2026-05-05 14:03:00.900280,2026-05-05 14:03:08.969113,0 days 00:00:08.068833,0.9853995301154529,0.004659271862005413,9,30,1183,109,COMPLETE
129,36.03403153207424,2026-05-05 14:03:08.973168,2026-05-05 14:03:19.351450,0 days 00:00:10.378282,0.9866404394069533,0.002707091291976253,9,31,1136,109,COMPLETE
130,35.69664109344983,2026-05-05 14:03:19.351450,2026-05-05 14:03:26.553174,0 days 00:00:07.201724,0.9586839307316676,0.004840610932660285,9,36,1106,103,COMPLETE
131,35.52026784890618,2026-05-05 14:03:26.553686,2026-05-05 14:03:34.968262,0 days 00:00:08.414576,0.9322075514724246,0.004155652074342368,9,29,1182,101,COMPLETE
132,35.51531601721376,2026-05-05 14:03:34.968262,2026-05-05 14:03:43.217624,0 days 00:00:08.249362,0.9417641429379348,0.00416328001241735,9,29,1189,95,COMPLETE
133,35.401390489734545,2026-05-05 14:03:43.233104,2026-05-05 14:03:50.316306,0 days 00:00:07.083202,0.943363754631876,0.005451945965649172,9,30,1168,95,COMPLETE
134,35.45535835012547,2026-05-05 14:03:50.316306,2026-05-05 14:03:57.313727,0 days 00:00:06.997421,0.931094557723224,0.005652622893382427,9,29,1182,94,COMPLETE
