number,value,datetime_start,datetime_complete,duration,params_batch_size,params_dropout_0,params_dropout_1,params_dropout_2,params_learning_rate,params_n_mlp_layers,params_units_0,params_units_1,params_units_2,state
0,33.77556029515053,2026-04-29 11:53:32.817476,2026-04-29 11:53:56.846458,0 days 00:00:24.028982,64,0.4228735673010368,,,0.017025346845142238,1,160,,,COMPLETE
1,34.55711836177589,2026-04-29 11:53:56.846458,2026-04-29 11:54:34.371211,0 days 00:00:37.524753,16,0.3208894731382364,,,0.015096315064491656,1,96,,,COMPLETE
2,61.16192919452825,2026-04-29 11:54:34.371211,2026-04-29 11:54:59.269827,0 days 00:00:24.898616,128,0.47412075285735056,0.042680788654950896,0.2856969510498591,0.08574792609003593,3,128,64.0,256.0,COMPLETE
3,32.198170627841066,2026-04-29 11:54:59.269827,2026-04-29 11:55:32.712500,0 days 00:00:33.442673,64,0.06880234978160282,0.44870457249213436,,0.0023656990010085263,2,128,160.0,,COMPLETE
4,36.535734728251995,2026-04-29 11:55:32.712500,2026-04-29 11:56:24.273054,0 days 00:00:51.560554,16,0.3024467424480968,,,0.020183955845083812,1,256,,,COMPLETE
5,67.3551739339978,2026-04-29 11:56:24.273054,2026-04-29 11:56:57.854679,0 days 00:00:33.581625,64,0.2528585402183422,0.41529298461410447,0.035973952356842365,0.26996182566537674,3,128,64.0,32.0,COMPLETE
6,36.70411292822913,2026-04-29 11:56:57.855676,2026-04-29 11:58:02.490442,0 days 00:01:04.634766,16,0.0964757187650418,,,0.03759355973026731,1,256,,,COMPLETE
7,63.034251583843385,2026-04-29 11:58:02.491432,2026-04-29 11:58:30.328588,0 days 00:00:27.837156,64,0.0951657773365579,0.06889189156025288,,0.10143954482844063,2,192,32.0,,COMPLETE
8,36.9632140246988,2026-04-29 11:58:30.328588,2026-04-29 11:59:02.641809,0 days 00:00:32.313221,64,0.2593069434248836,0.42370556574859064,0.3495108826525987,0.001013750763434879,3,128,96.0,192.0,COMPLETE
9,33.096742937836424,2026-04-29 11:59:02.641809,2026-04-29 11:59:47.783903,0 days 00:00:45.142094,32,0.08452381009519111,0.3691289093147722,0.2495649985400069,0.0013491801205801456,3,32,128.0,96.0,COMPLETE
10,32.61403893359809,2026-04-29 11:59:47.783903,2026-04-29 12:00:11.040667,0 days 00:00:23.256764,128,0.001520481057930484,0.2426035634864124,,0.0037000325521461134,2,32,224.0,,COMPLETE
11,32.63684688949628,2026-04-29 12:00:11.041736,2026-04-29 12:00:34.278542,0 days 00:00:23.236806,128,0.005219487696596525,0.20700445073641927,,0.0030217231724844105,2,32,224.0,,COMPLETE
12,32.34242958529782,2026-04-29 12:00:34.279535,2026-04-29 12:00:52.810726,0 days 00:00:18.531191,128,0.004919713102647582,0.25488768467322415,,0.0042627326751092836,2,64,224.0,,COMPLETE
13,33.70691701212865,2026-04-29 12:00:52.810726,2026-04-29 12:01:29.733972,0 days 00:00:36.923246,32,0.16490283892374374,0.4998785328972903,,0.005072223852046231,2,64,192.0,,COMPLETE
14,32.018513429229,2026-04-29 12:01:29.733972,2026-04-29 12:01:47.851959,0 days 00:00:18.117987,128,0.15980949794338078,0.30984840424055604,,0.007323939545275701,2,192,160.0,,COMPLETE
15,32.36741982612296,2026-04-29 12:01:47.851959,2026-04-29 12:02:09.145567,0 days 00:00:21.293608,64,0.17318698067954494,0.3343597343933268,,0.008371204631653084,2,192,160.0,,COMPLETE
16,33.101004900186346,2026-04-29 12:02:09.145567,2026-04-29 12:02:31.524495,0 days 00:00:22.378928,128,0.17118177364513226,0.4870986629159427,,0.0019488308334875987,2,192,160.0,,COMPLETE
17,33.78892377324107,2026-04-29 12:02:31.525496,2026-04-29 12:03:04.234783,0 days 00:00:32.709287,32,0.1330696190942558,0.15787526342472244,,0.00750183193828737,2,224,128.0,,COMPLETE
18,33.25287738099814,2026-04-29 12:03:04.234783,2026-04-29 12:03:31.495288,0 days 00:00:27.260505,128,0.22083382472512264,0.3181934828763285,0.4782825408196374,0.002472330132924932,3,160,256.0,128.0,COMPLETE
19,32.23818038448136,2026-04-29 12:03:31.495288,2026-04-29 12:03:52.927619,0 days 00:00:21.432331,64,0.05371067308303523,,,0.008782661303016618,1,224,,,COMPLETE
20,42.90785141554035,2026-04-29 12:03:52.927619,2026-04-29 12:04:13.712418,0 days 00:00:20.784799,64,0.3513499160249179,0.4132919454377633,,0.030804178677803697,2,96,192.0,,COMPLETE
21,31.922268283262486,2026-04-29 12:04:13.717288,2026-04-29 12:04:35.786180,0 days 00:00:22.068892,64,0.0756899850594251,,,0.009520428062258345,1,224,,,COMPLETE
22,31.633982643787437,2026-04-29 12:04:35.786180,2026-04-29 12:04:54.559689,0 days 00:00:18.773509,64,0.0520190582926541,,,0.005919397827296549,1,224,,,COMPLETE
23,32.46783456728117,2026-04-29 12:04:54.559689,2026-04-29 12:05:26.038066,0 days 00:00:31.478377,64,0.1183139672945227,,,0.012152216345156319,1,224,,,COMPLETE
24,32.58981666747149,2026-04-29 12:05:26.040571,2026-04-29 12:05:49.507871,0 days 00:00:23.467300,64,0.046561867602892354,,,0.005327170671211445,1,224,,,COMPLETE
25,32.806538657038935,2026-04-29 12:05:49.507871,2026-04-29 12:06:03.875774,0 days 00:00:14.367903,128,0.1424223628017512,,,0.03240652030657411,1,256,,,COMPLETE
26,31.91918092270289,2026-04-29 12:06:03.875774,2026-04-29 12:06:42.763228,0 days 00:00:38.887454,32,0.18949212908649526,,,0.006844753217098807,1,192,,,COMPLETE
27,32.600990676598954,2026-04-29 12:06:42.763228,2026-04-29 12:07:17.312848,0 days 00:00:34.549620,32,0.19098026337786458,,,0.010286489979685806,1,160,,,COMPLETE
28,31.90444644230762,2026-04-29 12:07:17.312848,2026-04-29 12:08:02.829045,0 days 00:00:45.516197,32,0.22253360372970205,,,0.005798016439206396,1,224,,,COMPLETE
29,31.882449271581436,2026-04-29 12:08:02.829045,2026-04-29 12:08:45.208885,0 days 00:00:42.379840,32,0.3727864542553474,,,0.001850402119899703,1,192,,,COMPLETE
30,31.957621430681098,2026-04-29 12:08:45.209902,2026-04-29 12:09:25.521146,0 days 00:00:40.311244,32,0.4076123219340276,,,0.0017802679584477351,1,256,,,COMPLETE
31,32.33472401723219,2026-04-29 12:09:25.522177,2026-04-29 12:10:07.917150,0 days 00:00:42.394973,32,0.3880399781709694,,,0.005085159794788269,1,192,,,COMPLETE
32,34.37055872821385,2026-04-29 12:10:07.917150,2026-04-29 12:10:40.639286,0 days 00:00:32.722136,32,0.21784809945754188,,,0.018305152189334758,1,160,,,COMPLETE
33,31.757615016969197,2026-04-29 12:10:40.640286,2026-04-29 12:11:13.951789,0 days 00:00:33.311503,32,0.4931905533139837,,,0.0033199274074431472,1,224,,,COMPLETE
34,31.883232812354454,2026-04-29 12:11:13.951789,2026-04-29 12:11:48.654666,0 days 00:00:34.702877,32,0.48826740725147577,,,0.0030344829313647946,1,224,,,COMPLETE
35,32.0364622219207,2026-04-29 12:11:48.654666,2026-04-29 12:12:24.236987,0 days 00:00:35.582321,32,0.4778062316957956,,,0.0030606708051423405,1,256,,,COMPLETE
36,31.769440177731514,2026-04-29 12:12:24.237998,2026-04-29 12:13:30.522983,0 days 00:01:06.284985,16,0.499724365882352,,,0.001303867849923262,1,224,,,COMPLETE
37,31.82746806632946,2026-04-29 12:13:30.523993,2026-04-29 12:14:38.757563,0 days 00:01:08.233570,16,0.43827460101893057,,,0.0012941217381133704,1,192,,,COMPLETE
38,31.855453113627654,2026-04-29 12:14:38.757563,2026-04-29 12:15:50.236908,0 days 00:01:11.479345,16,0.44574610747946974,,,0.0011626562114713912,1,256,,,COMPLETE
39,31.182654621639852,2026-04-29 12:15:50.236908,2026-04-29 12:17:12.287382,0 days 00:01:22.050474,16,0.4468916219256564,,,0.0014501098711818458,1,224,,,COMPLETE
40,31.862296561790508,2026-04-29 12:17:12.287382,2026-04-29 12:18:16.394850,0 days 00:01:04.107468,16,0.49832788345636264,,,0.001588982994583888,1,224,,,COMPLETE
41,31.765046707938325,2026-04-29 12:18:16.394850,2026-04-29 12:19:54.383834,0 days 00:01:37.988984,16,0.4476305720363706,,,0.0013687616557748546,1,224,,,COMPLETE
42,31.628222217859058,2026-04-29 12:19:54.384887,2026-04-29 12:20:59.791004,0 days 00:01:05.406117,16,0.4563259424579702,,,0.002300014325515446,1,256,,,COMPLETE
43,32.04275926044873,2026-04-29 12:20:59.792542,2026-04-29 12:22:04.836711,0 days 00:01:05.044169,16,0.45590839102431424,,,0.002567575828847661,1,256,,,COMPLETE
44,31.83227086514176,2026-04-29 12:22:04.836711,2026-04-29 12:23:17.009487,0 days 00:01:12.172776,16,0.2913905867825934,,,0.0010080838394618985,1,256,,,COMPLETE
45,32.893328939507526,2026-04-29 12:23:17.009487,2026-04-29 12:24:14.807411,0 days 00:00:57.797924,16,0.4114372408993475,,,0.0040176470490257046,1,256,,,COMPLETE
46,32.05137168267942,2026-04-29 12:24:14.807411,2026-04-29 12:25:27.483161,0 days 00:01:12.675750,16,0.4670791329385589,,,0.002192080885446182,1,224,,,COMPLETE
47,31.282891951953683,2026-04-29 12:25:27.491963,2026-04-29 12:26:38.753836,0 days 00:01:11.261873,16,0.33500318544161034,,,0.0014931471668864994,1,256,,,COMPLETE
48,76.17611897881311,2026-04-29 12:26:38.753836,2026-04-29 12:27:48.973455,0 days 00:01:10.219619,16,0.32857262078994126,,,0.2799984836199866,1,256,,,COMPLETE
49,51.80917761037093,2026-04-29 12:27:48.974589,2026-04-29 12:28:53.705749,0 days 00:01:04.731160,16,0.27910450189331704,,,0.1296412189861086,1,256,,,COMPLETE
50,34.63479189224947,2026-04-29 12:28:53.705749,2026-04-29 12:29:48.749065,0 days 00:00:55.043316,16,0.4223035958629986,0.11428560556403264,0.040068003966397786,0.00369799128365836,3,256,32.0,256.0,COMPLETE
51,31.701216173494323,2026-04-29 12:29:48.749065,2026-04-29 12:30:54.630049,0 days 00:01:05.880984,16,0.3791085870665269,,,0.0015635702071752076,1,224,,,COMPLETE
52,31.74689214148426,2026-04-29 12:30:54.630049,2026-04-29 12:32:05.915737,0 days 00:01:11.285688,16,0.3359130879201846,,,0.001702995030311807,1,224,,,COMPLETE
53,31.88287797742426,2026-04-29 12:32:05.915737,2026-04-29 12:32:59.349030,0 days 00:00:53.433293,16,0.32506240890110333,,,0.001706416038443478,1,256,,,COMPLETE
54,32.04772271862725,2026-04-29 12:32:59.349030,2026-04-29 12:34:01.193347,0 days 00:01:01.844317,16,0.35233696825770616,,,0.0022355863316986936,1,224,,,COMPLETE
55,31.610747217791555,2026-04-29 12:34:01.193347,2026-04-29 12:35:10.754173,0 days 00:01:09.560826,16,0.3918030061320661,,,0.0015256893457370555,1,96,,,COMPLETE
56,31.999252397211524,2026-04-29 12:35:10.754173,2026-04-29 12:36:10.926406,0 days 00:01:00.172233,16,0.38492251711111575,,,0.0024534273579797645,1,96,,,COMPLETE
57,36.1690011207692,2026-04-29 12:36:10.926406,2026-04-29 12:37:13.824200,0 days 00:01:02.897794,16,0.39732188039425387,0.14239456606264594,,0.0010679937701824236,2,64,256.0,,COMPLETE
58,31.8095034543623,2026-04-29 12:37:13.824200,2026-04-29 12:37:45.623065,0 days 00:00:31.798865,64,0.3691360281985294,,,0.0014840651541489817,1,96,,,COMPLETE
59,32.76614703246919,2026-04-29 12:37:45.623065,2026-04-29 12:38:57.474501,0 days 00:01:11.851436,16,0.42545857499708983,0.0025437658412662545,,0.0026686632797528133,2,128,96.0,,COMPLETE
60,32.34739919916045,2026-04-29 12:38:57.475530,2026-04-29 12:39:58.856600,0 days 00:01:01.381070,16,0.35870516062071833,,,0.004456613047845069,1,64,,,COMPLETE
61,30.99876861378207,2026-04-29 12:39:58.856600,2026-04-29 12:41:07.523564,0 days 00:01:08.666964,16,0.3097601827734664,,,0.0019628848660181095,1,192,,,COMPLETE
62,31.510914151968628,2026-04-29 12:41:07.523564,2026-04-29 12:42:31.570562,0 days 00:01:24.046998,16,0.3093783988450226,,,0.0018566109762812872,1,128,,,COMPLETE
63,31.741209304902988,2026-04-29 12:42:31.570562,2026-04-29 12:43:42.591970,0 days 00:01:11.021408,16,0.30213748068458124,,,0.0021565730841225567,1,128,,,COMPLETE
64,31.386080094901427,2026-04-29 12:43:42.591970,2026-04-29 12:44:15.908847,0 days 00:00:33.316877,64,0.2620782126786226,,,0.001969751558052921,1,128,,,COMPLETE
65,43.495437471532384,2026-04-29 12:44:15.909800,2026-04-29 12:45:19.060412,0 days 00:01:03.150612,16,0.2634181978649119,,,0.047506163896441855,1,128,,,COMPLETE
66,31.81654741739659,2026-04-29 12:45:19.060412,2026-04-29 12:45:55.242979,0 days 00:00:36.182567,64,0.3053992032893139,,,0.0011711801902634855,1,128,,,COMPLETE
67,31.751237217584258,2026-04-29 12:45:55.242979,2026-04-29 12:47:01.041464,0 days 00:01:05.798485,16,0.23510980580501298,,,0.00203235410457544,1,96,,,COMPLETE
68,32.03407606575202,2026-04-29 12:47:01.041464,2026-04-29 12:48:05.719473,0 days 00:01:04.678009,16,0.2656913000029544,,,0.0026936454170901777,1,160,,,COMPLETE
69,31.525981700087804,2026-04-29 12:48:05.719473,2026-04-29 12:48:34.989148,0 days 00:00:29.269675,128,0.308940815472664,,,0.001957274638043444,1,160,,,COMPLETE
70,33.62053098919877,2026-04-29 12:48:34.989148,2026-04-29 12:49:00.029343,0 days 00:00:25.040195,128,0.3403013422384348,0.19879156173605955,,0.00186922632318708,2,160,96.0,,COMPLETE
71,32.1697932184073,2026-04-29 12:49:00.030403,2026-04-29 12:49:19.387553,0 days 00:00:19.357150,128,0.3090778478961097,,,0.001435906143419845,1,128,,,COMPLETE
72,31.431313926403142,2026-04-29 12:49:19.387553,2026-04-29 12:49:44.825975,0 days 00:00:25.438422,128,0.2799580328407714,,,0.0034137394016786468,1,160,,,COMPLETE
73,31.829752721097197,2026-04-29 12:49:44.825975,2026-04-29 12:50:06.822691,0 days 00:00:21.996716,128,0.28047583531727077,,,0.0032443375987505447,1,160,,,COMPLETE
74,32.12567517601974,2026-04-29 12:50:06.822691,2026-04-29 12:50:31.424442,0 days 00:00:24.601751,128,0.31601793572785475,,,0.001192406237113281,1,160,,,COMPLETE
75,32.50742734372028,2026-04-29 12:50:31.425444,2026-04-29 12:50:49.703055,0 days 00:00:18.277611,128,0.24900291800231505,,,0.0018680918245669,1,160,,,COMPLETE
76,31.505349976600947,2026-04-29 12:50:49.703055,2026-04-29 12:51:13.675123,0 days 00:00:23.972068,128,0.2902383108770028,,,0.0014378113572697771,1,192,,,COMPLETE
77,31.671535920385633,2026-04-29 12:51:13.675123,2026-04-29 12:51:33.240370,0 days 00:00:19.565247,128,0.28732584031233127,,,0.0010060454129709562,1,192,,,COMPLETE
78,31.656440803236528,2026-04-29 12:51:33.240370,2026-04-29 12:51:55.352542,0 days 00:00:22.112172,128,0.2366056121110702,,,0.002836274853157463,1,192,,,COMPLETE
79,33.48866825855508,2026-04-29 12:51:55.353735,2026-04-29 12:52:14.751093,0 days 00:00:19.397358,128,0.20197714006675904,0.2712496305575722,0.1604951913088677,0.0035857401133914434,3,192,64.0,32.0,COMPLETE
80,32.37927543478028,2026-04-29 12:52:14.752470,2026-04-29 12:52:35.739917,0 days 00:00:20.987447,128,0.2728566114715346,,,0.0012943474734855524,1,128,,,COMPLETE
81,31.805762155134563,2026-04-29 12:52:35.739917,2026-04-29 12:53:10.310739,0 days 00:00:34.570822,128,0.25038958622021,,,0.001513103734056249,1,96,,,COMPLETE
82,31.57167871998407,2026-04-29 12:53:10.310739,2026-04-29 12:53:46.711030,0 days 00:00:36.400291,64,0.3444139398976168,,,0.0020399338948378248,1,160,,,COMPLETE
83,31.947329867344386,2026-04-29 12:53:46.712791,2026-04-29 12:54:15.626105,0 days 00:00:28.913314,64,0.30147741266118544,,,0.001988891505832659,1,160,,,COMPLETE
84,34.10520094882012,2026-04-29 12:54:15.626105,2026-04-29 12:54:35.973541,0 days 00:00:20.347436,64,0.2931348101085024,,,0.024547278024421432,1,160,,,COMPLETE
85,31.59864546522627,2026-04-29 12:54:35.973541,2026-04-29 12:55:06.386379,0 days 00:00:30.412838,64,0.33927232428370147,,,0.0023854516955121273,1,160,,,COMPLETE
86,31.6536873316428,2026-04-29 12:55:06.386379,2026-04-29 12:55:34.764423,0 days 00:00:28.378044,64,0.31640271876640114,,,0.0017375097239482158,1,192,,,COMPLETE
87,31.962702097317628,2026-04-29 12:55:34.765469,2026-04-29 12:55:58.256586,0 days 00:00:23.491117,128,0.36150244397546927,,,0.0013153518939398277,1,192,,,COMPLETE
88,31.597921356922722,2026-04-29 12:55:58.256586,2026-04-29 12:56:22.982803,0 days 00:00:24.726217,64,0.33203710090565075,,,0.004594109639708472,1,128,,,COMPLETE
89,31.732620941120274,2026-04-29 12:56:22.982803,2026-04-29 12:56:41.313806,0 days 00:00:18.331003,128,0.2720100468461613,,,0.0029430183318627195,1,160,,,COMPLETE
90,32.40121552069865,2026-04-29 12:56:41.313806,2026-04-29 12:57:06.784726,0 days 00:00:25.470920,64,0.23589478832069957,,,0.013081527591309759,1,128,,,COMPLETE
91,31.882813523188474,2026-04-29 12:57:06.788266,2026-04-29 12:57:36.653615,0 days 00:00:29.865349,64,0.32940911622094293,,,0.004378053513727179,1,128,,,COMPLETE
92,31.591104196583455,2026-04-29 12:57:36.653615,2026-04-29 12:58:07.959168,0 days 00:00:31.305553,64,0.3443477547161252,,,0.0019786834980092495,1,128,,,COMPLETE
93,32.09547833860513,2026-04-29 12:58:07.959168,2026-04-29 12:58:34.551869,0 days 00:00:26.592701,64,0.3463682519711126,,,0.0020709177453868527,1,128,,,COMPLETE
94,32.09575665921131,2026-04-29 12:58:34.551869,2026-04-29 12:59:02.318710,0 days 00:00:27.766841,64,0.31652694922089214,,,0.0016956395263911003,1,160,,,COMPLETE
95,31.742155909909133,2026-04-29 12:59:02.318710,2026-04-29 12:59:27.942855,0 days 00:00:25.624145,64,0.2551421222777241,,,0.002387071263835932,1,160,,,COMPLETE
96,31.74816635700829,2026-04-29 12:59:27.942855,2026-04-29 12:59:55.878280,0 days 00:00:27.935425,128,0.29102694224067677,,,0.0012121854320720083,1,192,,,COMPLETE
97,31.514228969131956,2026-04-29 12:59:55.879304,2026-04-29 13:00:30.673021,0 days 00:00:34.793717,64,0.27956264597045405,,,0.0014415898768044698,1,128,,,COMPLETE
98,31.88451156506455,2026-04-29 13:00:30.673021,2026-04-29 13:00:56.663854,0 days 00:00:25.990833,128,0.3001015846551922,,,0.0014774615851496273,1,160,,,COMPLETE
99,32.00599444091965,2026-04-29 13:00:56.663854,2026-04-29 13:01:32.438452,0 days 00:00:35.774598,64,0.2807909269278689,,,0.0011599372412670456,1,128,,,COMPLETE
100,39.35000486439286,2026-04-29 13:01:32.438452,2026-04-29 13:01:58.642233,0 days 00:00:26.203781,128,0.24411981279182063,,,0.19241094723688307,1,192,,,COMPLETE
101,31.54027961537445,2026-04-29 13:01:58.642233,2026-04-29 13:02:39.230850,0 days 00:00:40.588617,64,0.3186172829615723,,,0.001640372384523614,1,128,,,COMPLETE
102,31.812734134391327,2026-04-29 13:02:39.230850,2026-04-29 13:03:09.291483,0 days 00:00:30.060633,64,0.31145727247679283,,,0.00163029343342085,1,128,,,COMPLETE
103,31.976990062432844,2026-04-29 13:03:09.291483,2026-04-29 13:03:44.243765,0 days 00:00:34.952282,64,0.2663550253882173,,,0.0014011522378988186,1,128,,,COMPLETE
104,32.00189692919074,2026-04-29 13:03:44.243765,2026-04-29 13:04:16.844785,0 days 00:00:32.601020,64,0.32157695223142474,,,0.0017963633067585654,1,160,,,COMPLETE
105,32.161291540666774,2026-04-29 13:04:16.844785,2026-04-29 13:05:24.319469,0 days 00:01:07.474684,16,0.2959313384231444,,,0.001082774224390401,1,96,,,COMPLETE
106,31.74222316704017,2026-04-29 13:05:24.320464,2026-04-29 13:05:54.581780,0 days 00:00:30.261316,64,0.2842307775435268,,,0.002204420068100009,1,128,,,COMPLETE
107,32.23355415397391,2026-04-29 13:05:54.581780,2026-04-29 13:07:07.910323,0 days 00:01:13.328543,16,0.3624619894318408,,,0.0027255835335141423,1,128,,,COMPLETE
108,31.720456924485802,2026-04-29 13:07:07.910848,2026-04-29 13:07:35.696936,0 days 00:00:27.786088,64,0.2140076484467514,,,0.003428445621932002,1,160,,,COMPLETE
109,31.63455241703732,2026-04-29 13:07:35.696936,2026-04-29 13:08:44.785899,0 days 00:01:09.088963,16,0.26040558493488947,,,0.0016311543395555247,1,192,,,COMPLETE
110,35.21682095914218,2026-04-29 13:08:44.785899,2026-04-29 13:08:58.999978,0 days 00:00:14.214079,128,0.2722365183709857,,,0.04905442119576676,1,128,,,COMPLETE
111,31.56677419165993,2026-04-29 13:08:58.999978,2026-04-29 13:09:33.480194,0 days 00:00:34.480216,64,0.34345089406412244,,,0.0020085886856838803,1,128,,,COMPLETE
112,31.94380646338238,2026-04-29 13:09:33.480194,2026-04-29 13:10:05.436352,0 days 00:00:31.956158,64,0.3526240519741639,,,0.0013703985620660774,1,128,,,COMPLETE
113,31.523736176726317,2026-04-29 13:10:05.437368,2026-04-29 13:10:32.804090,0 days 00:00:27.366722,64,0.32205718369534914,,,0.001951763551257132,1,128,,,COMPLETE
114,31.203433956328958,2026-04-29 13:10:32.804090,2026-04-29 13:11:03.619544,0 days 00:00:30.815454,64,0.3069309400795959,,,0.0018665974503166082,1,96,,,COMPLETE
115,31.876207107859415,2026-04-29 13:11:03.619544,2026-04-29 13:12:34.628922,0 days 00:01:31.009378,16,0.30750653227034735,,,0.0025767841618999456,1,96,,,COMPLETE
116,32.35725862278691,2026-04-29 13:12:34.628922,2026-04-29 13:13:11.014136,0 days 00:00:36.385214,64,0.32341214444746014,,,0.0012266623758415546,1,64,,,COMPLETE
117,32.26976900224885,2026-04-29 13:13:11.015490,2026-04-29 13:13:37.402056,0 days 00:00:26.386566,128,0.288704710473466,,,0.0015371692018730399,1,96,,,COMPLETE
118,32.28333309586303,2026-04-29 13:13:37.403059,2026-04-29 13:15:15.758208,0 days 00:01:38.355149,16,0.3009930619946907,,,0.0017954463409033015,1,96,,,COMPLETE
119,31.927399830743106,2026-04-29 13:15:15.758208,2026-04-29 13:15:46.613054,0 days 00:00:30.854846,64,0.33104864641091464,,,0.002281564279814477,1,224,,,COMPLETE
120,32.48741780010142,2026-04-29 13:15:46.613054,2026-04-29 13:16:48.102660,0 days 00:01:01.489606,16,0.2769009774288028,,,0.0013977985263438327,1,128,,,COMPLETE
121,31.68175338614393,2026-04-29 13:16:48.102660,2026-04-29 13:17:20.551251,0 days 00:00:32.448591,64,0.3228155622029271,,,0.0019068884101025852,1,128,,,COMPLETE
122,31.377715370091227,2026-04-29 13:17:20.551251,2026-04-29 13:17:54.473890,0 days 00:00:33.922639,64,0.31330980126867214,,,0.0015945630436426373,1,128,,,COMPLETE
123,31.86414221391186,2026-04-29 13:17:54.473890,2026-04-29 13:18:34.980378,0 days 00:00:40.506488,64,0.3087717772108327,,,0.0011103958035371649,1,128,,,COMPLETE
124,32.112952290629735,2026-04-29 13:18:34.980378,2026-04-29 13:19:02.521886,0 days 00:00:27.541508,64,0.29325141209240846,,,0.0016881838942409372,1,96,,,COMPLETE
125,31.904227388455645,2026-04-29 13:19:02.521886,2026-04-29 13:19:28.382276,0 days 00:00:25.860390,64,0.31807106374128535,,,0.0015214988616380203,1,128,,,COMPLETE
126,30.97954142168293,2026-04-29 13:19:28.382276,2026-04-29 13:20:14.132612,0 days 00:00:45.750336,32,0.2836132491974548,,,0.0012584314732730006,1,128,,,COMPLETE
127,31.47074252202167,2026-04-29 13:20:14.133183,2026-04-29 13:21:17.856532,0 days 00:01:03.723349,32,0.26120625680827203,,,0.0012566574451255636,1,160,,,COMPLETE
128,32.26772622747842,2026-04-29 13:21:17.856532,2026-04-29 13:22:26.508681,0 days 00:01:08.652149,32,0.22492200054975142,,,0.0012800618105411874,1,32,,,COMPLETE
