number,value,datetime_start,datetime_complete,duration,params_alpha,params_feature_fraction,params_learning_rate,params_max_depth,params_min_child_samples,params_n_estimators,params_num_leaves,state
242,35.64236734164713,2026-05-07 18:38:56.047277,2026-05-07 18:38:57.815134,0 days 00:00:01.767857,103.90930771133473,0.9678785015730611,0.032262703959165286,7,38,345,27,COMPLETE
243,35.97336804618992,2026-05-07 18:38:57.815134,2026-05-07 18:38:59.502094,0 days 00:00:01.686960,109.72830530411709,0.9679012330665206,0.04394948279198749,7,33,340,30,COMPLETE
244,35.79167525295281,2026-05-07 18:38:59.502094,2026-05-07 18:39:01.222448,0 days 00:00:01.720354,103.26375280666522,0.9786828592591186,0.033026991396563385,7,41,310,27,COMPLETE
245,35.8385596044512,2026-05-07 18:39:01.222448,2026-05-07 18:39:03.087782,0 days 00:00:01.865334,101.52651275602048,0.9650201702406401,0.034399044332500406,7,34,381,27,COMPLETE
246,35.60293967119571,2026-05-07 18:39:03.087782,2026-05-07 18:39:04.757074,0 days 00:00:01.669292,106.8701602116134,0.980027585173944,0.02992050579081995,7,38,343,24,COMPLETE
247,35.67357887520191,2026-05-07 18:39:04.757074,2026-05-07 18:39:06.560753,0 days 00:00:01.803679,103.93505762306026,0.9687632673680355,0.02998312331235807,7,35,342,24,COMPLETE
248,35.953660424164205,2026-05-07 18:39:06.560753,2026-05-07 18:39:08.159514,0 days 00:00:01.598761,103.77814492372809,0.9658575571852962,0.04098969605793819,7,34,341,24,COMPLETE
249,35.72331360180708,2026-05-07 18:39:08.159514,2026-05-07 18:39:09.847434,0 days 00:00:01.687920,101.5185476701684,0.9788079471301951,0.028546011421797954,7,41,306,28,COMPLETE
250,35.58395217316063,2026-05-07 18:39:09.847434,2026-05-07 18:39:11.614674,0 days 00:00:01.767240,101.82189033065085,0.9814455782977628,0.028161324511176138,7,38,342,25,COMPLETE
251,35.54507083892928,2026-05-07 18:39:11.622185,2026-05-07 18:39:13.049100,0 days 00:00:01.426915,101.05708338548196,0.9785762807092993,0.029684359994306835,7,38,248,23,COMPLETE
252,35.885424346300866,2026-05-07 18:39:13.049100,2026-05-07 18:39:14.525056,0 days 00:00:01.475956,100.5530943936637,0.9666827398398766,0.05246971667007131,7,39,284,23,COMPLETE
253,35.718416822762684,2026-05-07 18:39:14.525056,2026-05-07 18:39:16.590939,0 days 00:00:02.065883,100.68024704644189,0.979749693878166,0.02962993060971627,7,47,241,25,COMPLETE
254,35.74369212965744,2026-05-07 18:39:16.590939,2026-05-07 18:39:18.180616,0 days 00:00:01.589677,100.34013567124622,0.9765563049656373,0.03105914165140882,7,45,253,26,COMPLETE
255,35.865284970891274,2026-05-07 18:39:18.180616,2026-05-07 18:39:19.554594,0 days 00:00:01.373978,100.46029870901633,0.9616417023670368,0.038499126618001374,7,45,265,25,COMPLETE
256,35.72685363722765,2026-05-07 18:39:19.554594,2026-05-07 18:39:20.854945,0 days 00:00:01.300351,100.98905504497812,0.9761686767912499,0.03056236278943022,7,42,250,20,COMPLETE
257,35.548876172576115,2026-05-07 18:39:20.854945,2026-05-07 18:39:22.224211,0 days 00:00:01.369266,99.49627708703743,0.9762344232442277,0.0304115342396251,7,36,265,20,COMPLETE
258,35.89476696529643,2026-05-07 18:39:22.224211,2026-05-07 18:39:23.398992,0 days 00:00:01.174781,100.50319601990148,0.9743750315993577,0.03520328205516854,7,42,240,18,COMPLETE
259,35.58258302021078,2026-05-07 18:39:23.398992,2026-05-07 18:39:24.695958,0 days 00:00:01.296966,100.42812741468153,0.9597183781379978,0.030674554826994938,7,37,251,21,COMPLETE
260,35.67137218542168,2026-05-07 18:39:24.695958,2026-05-07 18:39:25.838407,0 days 00:00:01.142449,102.33710225417255,0.9618473557063315,0.04458462441028736,7,37,234,21,COMPLETE
261,35.61303522434973,2026-05-07 18:39:25.838407,2026-05-07 18:39:26.722115,0 days 00:00:00.883708,99.6766284194142,0.9592529638189007,0.04784335107470139,7,37,171,18,COMPLETE
262,35.446313675159345,2026-05-07 18:39:26.722115,2026-05-07 18:39:27.757802,0 days 00:00:01.035687,98.7001662341397,0.9599219036787148,0.04058183469805825,7,37,178,21,COMPLETE
263,36.00539234083347,2026-05-07 18:39:27.773428,2026-05-07 18:39:28.578470,0 days 00:00:00.805042,99.66265856565981,0.4981810443681597,0.05112628798548937,7,37,183,20,COMPLETE
264,35.70851618739595,2026-05-07 18:39:28.578470,2026-05-07 18:39:29.485982,0 days 00:00:00.907512,98.64887029277502,0.9548371685958607,0.06784181587803258,7,37,145,22,COMPLETE
265,35.83269660394925,2026-05-07 18:39:29.485982,2026-05-07 18:39:30.286912,0 days 00:00:00.800930,99.1863919143812,0.9546744687953932,0.0774242364524293,7,37,152,22,COMPLETE
266,35.66539921879546,2026-05-07 18:39:30.286912,2026-05-07 18:39:31.337682,0 days 00:00:01.050770,98.48021438800271,0.9594928252293609,0.046332444631107125,7,29,217,17,COMPLETE
267,35.522969786811004,2026-05-07 18:39:31.337682,2026-05-07 18:39:32.208465,0 days 00:00:00.870783,97.55091552527297,0.9596270372024905,0.047405491332119604,7,30,184,16,COMPLETE
268,35.77267875125209,2026-05-07 18:39:32.208465,2026-05-07 18:39:33.091606,0 days 00:00:00.883141,98.41992666520262,0.9520090437194042,0.05718359720785516,7,27,189,15,COMPLETE
269,35.59730799355522,2026-05-07 18:39:33.091606,2026-05-07 18:39:33.735869,0 days 00:00:00.644263,97.51455446417997,0.9603925153583629,0.07094272575716067,7,32,114,19,COMPLETE
270,35.63336611062708,2026-05-07 18:39:33.736868,2026-05-07 18:39:34.437227,0 days 00:00:00.700359,97.50430781501677,0.9581566240808503,0.06489712814080612,7,31,126,18,COMPLETE
271,35.66606418660537,2026-05-07 18:39:34.437227,2026-05-07 18:39:35.204547,0 days 00:00:00.767320,97.78050569296873,0.9590827184718425,0.06584538995207967,7,30,136,18,COMPLETE
272,35.676901708216434,2026-05-07 18:39:35.204547,2026-05-07 18:39:35.956410,0 days 00:00:00.751863,96.66166810591326,0.947957906457688,0.08062085429719638,7,30,145,19,COMPLETE
273,35.73237087148869,2026-05-07 18:39:35.959413,2026-05-07 18:39:36.541821,0 days 00:00:00.582408,97.51644003695576,0.9492959336887177,0.10388758500335438,7,31,112,17,COMPLETE
274,35.846108817387226,2026-05-07 18:39:36.541821,2026-05-07 18:39:37.265101,0 days 00:00:00.723280,98.45336905375804,0.9585436645678483,0.08492248561583082,7,30,146,18,COMPLETE
275,35.70352099021859,2026-05-07 18:39:37.265101,2026-05-07 18:39:38.025067,0 days 00:00:00.759966,97.2295618444715,0.9487542113493561,0.06545086119631557,7,36,128,21,COMPLETE
276,35.66661970333355,2026-05-07 18:39:38.025067,2026-05-07 18:39:38.772180,0 days 00:00:00.747113,96.9326734938473,0.9455732590584108,0.0676010894452282,7,36,128,21,COMPLETE
277,35.57087536193901,2026-05-07 18:39:38.772180,2026-05-07 18:39:39.505337,0 days 00:00:00.733157,95.82411630508174,0.9467195400002708,0.06613998230695246,7,38,125,21,COMPLETE
278,35.825580653954525,2026-05-07 18:39:39.505337,2026-05-07 18:39:40.145408,0 days 00:00:00.640071,96.4742164865989,0.9425979977564058,0.09436005120742642,7,36,116,21,COMPLETE
279,35.65316387401346,2026-05-07 18:39:40.145408,2026-05-07 18:39:40.809026,0 days 00:00:00.663618,96.76237217261118,0.9470368198737509,0.06843670206563296,7,23,129,16,COMPLETE
280,35.80248369886827,2026-05-07 18:39:40.809026,2026-05-07 18:39:41.670397,0 days 00:00:00.861371,96.00012360299988,0.9443582750138966,0.06240729318855526,7,24,176,17,COMPLETE
281,35.549932509793365,2026-05-07 18:39:41.670640,2026-05-07 18:39:42.323894,0 days 00:00:00.653254,96.42490569751169,0.9462239325947718,0.06736494131899216,7,28,137,15,COMPLETE
282,35.89733842827255,2026-05-07 18:39:42.323894,2026-05-07 18:39:42.936844,0 days 00:00:00.612950,97.22623074136764,0.9437575807447736,0.11665597336493586,7,27,129,15,COMPLETE
283,36.04283999035424,2026-05-07 18:39:42.936844,2026-05-07 18:39:43.694476,0 days 00:00:00.757632,95.76437953998403,0.9459031384486907,0.07646572748448108,7,20,136,19,COMPLETE
284,35.59146326051132,2026-05-07 18:39:43.694476,2026-05-07 18:39:44.298385,0 days 00:00:00.603909,97.49663072005194,0.9580242052156979,0.060963718468617395,7,33,100,17,COMPLETE
285,36.120814905625494,2026-05-07 18:39:44.298385,2026-05-07 18:39:44.802154,0 days 00:00:00.503769,98.28208266297403,0.5538598870774064,0.058255748609558525,7,31,101,15,COMPLETE
286,35.94985844441872,2026-05-07 18:39:44.802154,2026-05-07 18:39:45.702811,0 days 00:00:00.900657,94.10355737822138,0.9564172826128718,0.08095909523672609,7,33,208,17,COMPLETE
287,35.71062528566664,2026-05-07 18:39:45.702811,2026-05-07 18:39:46.614678,0 days 00:00:00.911867,98.90741400116795,0.9360779148732853,0.051559617473160166,7,31,168,19,COMPLETE
288,35.78587872217668,2026-05-07 18:39:46.614678,2026-05-07 18:39:47.550114,0 days 00:00:00.935436,96.46835429388919,0.9588089246883853,0.06318060665492559,7,28,173,23,COMPLETE
289,36.268040779966704,2026-05-07 18:39:47.550114,2026-05-07 18:39:48.482061,0 days 00:00:00.931947,94.59806305321607,0.9612776960418897,0.09057818632730086,7,38,201,18,COMPLETE
290,35.60474615785084,2026-05-07 18:39:48.482061,2026-05-07 18:39:49.037390,0 days 00:00:00.555329,98.8251061730544,0.936916159663543,0.07290666705418243,7,34,100,15,COMPLETE
291,35.896560006828004,2026-05-07 18:39:49.037390,2026-05-07 18:39:49.631393,0 days 00:00:00.594003,99.0654759649402,0.9394380446186784,0.046277991300635694,8,33,101,15,COMPLETE
292,35.886821581551345,2026-05-07 18:39:49.632391,2026-05-07 18:39:50.568310,0 days 00:00:00.935919,96.76431683325023,0.9527667927104329,0.07192550898307547,7,26,150,20,COMPLETE
293,36.19661973031951,2026-05-07 18:39:50.568310,2026-05-07 18:39:51.225580,0 days 00:00:00.657270,100.86329818086597,0.4248735331107543,0.05541266537639468,7,35,127,22,COMPLETE
294,36.17962351625528,2026-05-07 18:39:51.226580,2026-05-07 18:39:52.028361,0 days 00:00:00.801781,94.5816416629661,0.935543104341189,0.10260318271171008,7,30,183,18,COMPLETE
295,36.025780479016774,2026-05-07 18:39:52.028361,2026-05-07 18:39:53.114988,0 days 00:00:01.086627,98.94929062836445,0.9609155379231444,0.07123604757590558,7,40,229,23,COMPLETE
296,35.56837208709637,2026-05-07 18:39:53.114988,2026-05-07 18:39:53.879147,0 days 00:00:00.764159,51.49783638644629,0.9482671274501221,0.060252450199012486,7,33,161,15,COMPLETE
297,35.708761105363614,2026-05-07 18:39:53.879147,2026-05-07 18:39:54.646211,0 days 00:00:00.767064,54.94585367247709,0.9466773271661414,0.06170533386777189,7,33,158,15,COMPLETE
298,35.775661551020164,2026-05-07 18:39:54.646211,2026-05-07 18:39:55.687600,0 days 00:00:01.041389,95.39432419160505,0.9372178820155574,0.04824229607004143,7,29,219,19,COMPLETE
299,35.77815829939414,2026-05-07 18:39:55.687600,2026-05-07 18:39:56.381935,0 days 00:00:00.694335,101.73871134272154,0.9629339558081501,0.08440493302096777,7,35,134,16,COMPLETE
300,36.05812623364444,2026-05-07 18:39:56.381935,2026-05-07 18:39:57.080524,0 days 00:00:00.698589,50.14788084343112,0.9281578189137618,0.05569981070110607,7,39,101,20,COMPLETE
301,35.886298327403296,2026-05-07 18:39:57.080524,2026-05-07 18:39:58.364743,0 days 00:00:01.284219,52.954717022166015,0.95053818928571,0.0690796045112237,7,20,192,24,COMPLETE
302,35.92897927062883,2026-05-07 18:39:58.364743,2026-05-07 18:39:59.342036,0 days 00:00:00.977293,49.587837964327356,0.9613494844735487,0.044501234387019487,7,24,155,18,COMPLETE
303,35.99384946112257,2026-05-07 18:39:59.342036,2026-05-07 18:40:00.425496,0 days 00:00:01.083460,34.082377146782314,0.9401675619162505,0.13218218944054708,7,32,139,22,COMPLETE
304,35.69861788044707,2026-05-07 18:40:00.426497,2026-05-07 18:40:01.406846,0 days 00:00:00.980349,97.52470313934909,0.9500237366693629,0.05990512811185502,7,38,175,17,COMPLETE
305,35.76537199630246,2026-05-07 18:40:01.407847,2026-05-07 18:40:02.600697,0 days 00:00:01.192850,52.562646578464225,0.9630884094565357,0.050229161632958486,7,29,212,20,COMPLETE
306,35.897521772863165,2026-05-07 18:40:02.600697,2026-05-07 18:40:03.339308,0 days 00:00:00.738611,41.763186168785,0.9279466783917549,0.079216617465461,7,43,100,24,COMPLETE
307,35.581581621630434,2026-05-07 18:40:03.339308,2026-05-07 18:40:04.703676,0 days 00:00:01.364368,93.45353440275906,0.9484281428441932,0.04267824543938304,7,35,132,15,COMPLETE
308,36.472629061528,2026-05-07 18:40:04.705241,2026-05-07 18:40:05.903361,0 days 00:00:01.198120,47.94208020049421,0.9625270167251199,0.04339146336258529,7,35,122,15,COMPLETE
309,35.71090361840831,2026-05-07 18:40:05.904362,2026-05-07 18:40:07.095262,0 days 00:00:01.190900,93.00755526084886,0.9596864666814643,0.05316513997895239,7,40,176,17,COMPLETE
310,35.68189645695391,2026-05-07 18:40:07.096439,2026-05-07 18:40:08.302079,0 days 00:00:01.205640,101.31243199860735,0.9397137679118638,0.043645777226871164,7,36,225,21,COMPLETE
311,36.18307661530556,2026-05-07 18:40:08.302079,2026-05-07 18:40:09.449311,0 days 00:00:01.147232,99.53328071257089,0.9517937498210721,0.06447728837180403,6,33,264,25,COMPLETE
312,35.54331420918542,2026-05-07 18:40:09.449311,2026-05-07 18:40:10.497850,0 days 00:00:01.048539,102.56407658167598,0.965183622727887,0.04104098421266492,8,38,128,22,COMPLETE
313,36.002673403275644,2026-05-07 18:40:10.498849,2026-05-07 18:40:11.155586,0 days 00:00:00.656737,93.08773698439845,0.610522991397755,0.04917903552322296,8,39,127,15,COMPLETE
314,35.51960704676364,2026-05-07 18:40:11.155586,2026-05-07 18:40:12.213058,0 days 00:00:01.057472,101.9074013147052,0.9318455625113665,0.039330230091001096,8,27,156,21,COMPLETE
315,35.60448534240993,2026-05-07 18:40:12.213058,2026-05-07 18:40:13.189106,0 days 00:00:00.976048,98.66633657925097,0.9392812504168614,0.040210624941919335,8,26,160,18,COMPLETE
316,35.66532553958801,2026-05-07 18:40:13.189106,2026-05-07 18:40:14.142030,0 days 00:00:00.952924,99.8609319225789,0.9201497867550471,0.038469959289181975,8,26,163,18,COMPLETE
317,35.75089738396435,2026-05-07 18:40:14.142030,2026-05-07 18:40:15.141729,0 days 00:00:00.999699,101.55408993816172,0.9144293339691527,0.04381644913147674,8,21,196,17,COMPLETE
318,35.66119900804696,2026-05-07 18:40:15.141729,2026-05-07 18:40:16.030639,0 days 00:00:00.888910,100.5869920050014,0.9266084817045819,0.039503970493687576,8,26,165,15,COMPLETE
319,35.93036515876181,2026-05-07 18:40:16.030639,2026-05-07 18:40:17.067255,0 days 00:00:01.036616,62.36805476222995,0.9295245500314062,0.0376405890786371,8,24,161,15,COMPLETE
320,36.07601622896501,2026-05-07 18:40:17.067255,2026-05-07 18:40:18.195803,0 days 00:00:01.128548,102.6080185388908,0.9175683750648165,0.037781107762057654,8,5,169,19,COMPLETE
321,35.566628803217,2026-05-07 18:40:18.195803,2026-05-07 18:40:19.401887,0 days 00:00:01.206084,94.75088704708789,0.9315939967710261,0.039920904166391186,8,26,157,23,COMPLETE
322,35.60184340225971,2026-05-07 18:40:19.401887,2026-05-07 18:40:20.258735,0 days 00:00:00.856848,94.11743499147303,0.9304381882696338,0.054429769137460525,8,18,106,24,COMPLETE
323,35.53570090649854,2026-05-07 18:40:20.258735,2026-05-07 18:40:21.159157,0 days 00:00:00.900422,92.60759031727154,0.9362306689766793,0.05172013090872176,8,19,115,25,COMPLETE
324,35.72068579390225,2026-05-07 18:40:21.159157,2026-05-07 18:40:21.956888,0 days 00:00:00.797731,93.73744542164502,0.93382321121833,0.05993538158046448,8,12,105,25,COMPLETE
325,36.19898239890144,2026-05-07 18:40:21.956888,2026-05-07 18:40:22.815524,0 days 00:00:00.858636,51.163191148648544,0.9090109875086128,0.052540372620155464,8,15,108,27,COMPLETE
326,63.032617441422374,2026-05-07 18:40:22.815524,2026-05-07 18:40:24.030007,0 days 00:00:01.214483,93.2212819006268,0.9287552333153124,0.0009394010474689821,8,19,147,24,COMPLETE
327,35.92756645624972,2026-05-07 18:40:24.030007,2026-05-07 18:40:25.107308,0 days 00:00:01.077301,92.70447252490473,0.9392823496487062,0.05080729032391526,8,44,190,22,COMPLETE
328,36.07717446166676,2026-05-07 18:40:25.107308,2026-05-07 18:40:25.904272,0 days 00:00:00.796964,95.19436289598279,0.938821372099299,0.04108566188616901,8,16,100,26,COMPLETE
329,35.76200487575561,2026-05-07 18:40:25.904272,2026-05-07 18:40:26.727441,0 days 00:00:00.823169,91.67368454605177,0.9268552957108844,0.05727073364462794,8,50,137,22,COMPLETE
330,35.58363568946534,2026-05-07 18:40:26.727441,2026-05-07 18:40:27.946668,0 days 00:00:01.219227,95.34342539480951,0.9483421350536215,0.04681745176902212,8,32,198,23,COMPLETE
331,35.630983449139926,2026-05-07 18:40:27.947131,2026-05-07 18:40:29.099331,0 days 00:00:01.152200,95.02956247037378,0.9096618611844893,0.04866306727208742,8,32,196,23,COMPLETE
332,35.73186707810514,2026-05-07 18:40:29.099331,2026-05-07 18:40:30.379196,0 days 00:00:01.279865,90.42221364328074,0.9080344705555818,0.04662333010724401,8,32,198,23,COMPLETE
333,36.03475813693441,2026-05-07 18:40:30.379196,2026-05-07 18:40:31.534821,0 days 00:00:01.155625,51.18808543167555,0.9005882566875977,0.04059921543739884,8,11,192,22,COMPLETE
334,35.73705406899661,2026-05-07 18:40:31.534821,2026-05-07 18:40:32.432783,0 days 00:00:00.897962,93.24141628626928,0.9225807585760962,0.05364889019514824,8,18,161,20,COMPLETE
335,35.98628579632306,2026-05-07 18:40:32.432783,2026-05-07 18:40:33.849262,0 days 00:00:01.416479,95.1223680899619,0.936194558093726,0.04644811752118232,8,41,242,25,COMPLETE
336,35.6608067577586,2026-05-07 18:40:33.849262,2026-05-07 18:40:35.279156,0 days 00:00:01.429894,95.47953014777558,0.9463025569756435,0.03757326068357732,8,28,279,20,COMPLETE
337,35.937843956847715,2026-05-07 18:40:35.279156,2026-05-07 18:40:36.655079,0 days 00:00:01.375923,98.90880548139002,0.9309791980078115,0.05531330795637392,8,36,214,27,COMPLETE
338,35.98440533966203,2026-05-07 18:40:36.655079,2026-05-07 18:40:37.795970,0 days 00:00:01.140891,91.7627545224003,0.9111655782552328,0.04260692655593708,8,9,187,22,COMPLETE
339,35.52562671751399,2026-05-07 18:40:37.795970,2026-05-07 18:40:38.862889,0 days 00:00:01.066919,95.34295651548707,0.9483827162361879,0.050032831227981196,9,33,159,24,COMPLETE
340,35.552497663707626,2026-05-07 18:40:38.862889,2026-05-07 18:40:39.979623,0 days 00:00:01.116734,99.73847846977046,0.9497201192897587,0.0360424300693533,9,34,150,25,COMPLETE
341,36.130721552589115,2026-05-07 18:40:39.979960,2026-05-07 18:40:40.891418,0 days 00:00:00.911458,57.705906019543406,0.7990559038802638,0.037304229614775676,9,34,150,19,COMPLETE
342,35.58380690719143,2026-05-07 18:40:40.891418,2026-05-07 18:40:41.731030,0 days 00:00:00.839612,98.713443504544,0.9499911879111671,0.0589050366816001,9,27,128,25,COMPLETE
343,35.63612789194083,2026-05-07 18:40:41.731030,2026-05-07 18:40:42.600116,0 days 00:00:00.869086,98.63326034620778,0.945636205156444,0.05602143245983212,9,27,127,23,COMPLETE
344,36.93016562626535,2026-05-07 18:40:42.601116,2026-05-07 18:40:43.275058,0 days 00:00:00.673942,25.002612772893784,0.9365133453220685,0.07814759130910504,9,23,101,20,COMPLETE
345,35.827002857557865,2026-05-07 18:40:43.275058,2026-05-07 18:40:44.263382,0 days 00:00:00.988324,89.87144557485509,0.9481365413515965,0.05868672572245764,9,26,161,25,COMPLETE
346,35.93761046336253,2026-05-07 18:40:44.263382,2026-05-07 18:40:45.104728,0 days 00:00:00.841346,95.02685938796897,0.9232392301518166,0.08870260506566471,8,29,148,21,COMPLETE
347,66.21198557061729,2026-05-07 18:40:45.120354,2026-05-07 18:40:46.245946,0 days 00:00:01.125592,97.60614906432818,0.9486642196053239,0.0003143862809866449,10,58,133,25,COMPLETE
348,35.90802061111937,2026-05-07 18:40:46.246927,2026-05-07 18:40:47.566317,0 days 00:00:01.319390,93.63845250277406,0.9313984573918581,0.0493936100070344,9,47,172,29,COMPLETE
349,37.70964594088737,2026-05-07 18:40:47.567318,2026-05-07 18:40:48.174485,0 days 00:00:00.607167,99.63679237410535,0.9419373087566263,0.2583245527654394,9,32,125,19,COMPLETE
350,35.56459347698811,2026-05-07 18:40:48.174485,2026-05-07 18:40:49.090092,0 days 00:00:00.915607,96.23130145187169,0.9534849156312504,0.043181281019186585,9,38,172,15,COMPLETE
351,35.77968170107716,2026-05-07 18:40:49.090092,2026-05-07 18:40:50.067419,0 days 00:00:00.977327,46.379234903959365,0.9372447943074447,0.041154342309481624,9,42,213,15,COMPLETE
352,35.600669024265265,2026-05-07 18:40:50.067419,2026-05-07 18:40:50.770430,0 days 00:00:00.703011,90.90033682255974,0.9514767014438658,0.06074560370274801,9,24,103,23,COMPLETE
353,35.72294722917385,2026-05-07 18:40:50.770430,2026-05-07 18:40:51.721410,0 days 00:00:00.950980,92.53943395353323,0.9521871673288269,0.05866579668760538,9,24,152,24,COMPLETE
354,35.543222945552166,2026-05-07 18:40:51.721410,2026-05-07 18:40:53.057882,0 days 00:00:01.336472,89.35818562821375,0.9516808439510934,0.03655764826493346,9,17,185,27,COMPLETE
355,35.666975608724755,2026-05-07 18:40:53.057882,2026-05-07 18:40:54.594985,0 days 00:00:01.537103,88.9095161745776,0.9545326224030191,0.0366828916883097,9,17,233,27,COMPLETE
356,37.429384887304096,2026-05-07 18:40:54.594985,2026-05-07 18:40:59.845929,0 days 00:00:05.250944,89.68555890984555,0.9663736153728341,0.049630484654691054,9,28,977,29,COMPLETE
357,36.28474684779372,2026-05-07 18:40:59.846248,2026-05-07 18:41:00.860064,0 days 00:00:01.013816,86.96462435850265,0.5771905931877038,0.06389540526558278,9,22,187,23,COMPLETE
358,35.521432068611695,2026-05-07 18:41:00.860889,2026-05-07 18:41:01.768554,0 days 00:00:00.907665,90.92752124036414,0.9535268713775145,0.04477999822207292,9,39,128,26,COMPLETE
359,35.859453587253164,2026-05-07 18:41:01.768554,2026-05-07 18:41:02.618357,0 days 00:00:00.849803,92.10366507719878,0.6552918019474118,0.0453071929027806,9,18,126,27,COMPLETE
360,35.612743834318735,2026-05-07 18:41:02.618357,2026-05-07 18:41:03.515648,0 days 00:00:00.897291,88.2705940747229,0.9512159066576287,0.05656057089229116,9,21,129,21,COMPLETE
361,35.55514535959941,2026-05-07 18:41:03.515648,2026-05-07 18:41:04.859529,0 days 00:00:01.343881,91.57647124319914,0.951250633585719,0.04280915528071909,9,31,182,26,COMPLETE
362,53.20586362195129,2026-05-07 18:41:04.859529,2026-05-07 18:41:06.744156,0 days 00:00:01.884627,90.07715218136795,0.96634068305782,0.0025304830232660237,9,31,204,29,COMPLETE
