number,value,datetime_start,datetime_complete,duration,params_alpha,params_feature_fraction,params_learning_rate,params_max_depth,params_min_child_samples,params_n_estimators,params_num_leaves,state
121,35.802326182609036,2026-05-07 18:34:05.583775,2026-05-07 18:34:09.754333,0 days 00:00:04.170558,97.11945669874058,0.9573343013522337,0.016584045982315717,8,111,525,65,COMPLETE
122,35.85509844776867,2026-05-07 18:34:09.755341,2026-05-07 18:34:13.046570,0 days 00:00:03.291229,99.06303218693603,0.9672463578265779,0.01904194659689479,7,112,547,65,COMPLETE
123,35.93393588923085,2026-05-07 18:34:13.046570,2026-05-07 18:34:15.348552,0 days 00:00:02.301982,95.3794882869366,0.9578636643161756,0.03229414893487624,8,118,405,52,COMPLETE
124,35.79116012991461,2026-05-07 18:34:15.348552,2026-05-07 18:34:17.051160,0 days 00:00:01.702608,102.25439418330816,0.9390134196018312,0.025865766050572964,7,107,342,28,COMPLETE
125,35.980594396379516,2026-05-07 18:34:17.051160,2026-05-07 18:34:18.257549,0 days 00:00:01.206389,92.93660025885845,0.9424111963942766,0.025657984319893898,7,107,203,29,COMPLETE
126,36.43405131193457,2026-05-07 18:34:18.257549,2026-05-07 18:34:19.979530,0 days 00:00:01.721981,83.80837541030245,0.9825789356381628,0.013819190700698822,7,115,311,21,COMPLETE
127,35.97534229567326,2026-05-07 18:34:19.979530,2026-05-07 18:34:21.537842,0 days 00:00:01.558312,96.44680715519037,0.9987004651258807,0.040826420303561144,7,121,345,24,COMPLETE
128,35.879667991409534,2026-05-07 18:34:21.537842,2026-05-07 18:34:24.264011,0 days 00:00:02.726169,86.41225249737644,0.9273323287987543,0.02202431446758474,7,113,503,61,COMPLETE
129,35.80513559298522,2026-05-07 18:34:24.264011,2026-05-07 18:34:25.597033,0 days 00:00:01.333022,99.2417628820413,0.9508299613335134,0.02965055193716506,7,105,215,74,COMPLETE
130,35.92779520574585,2026-05-07 18:34:25.597033,2026-05-07 18:34:26.506924,0 days 00:00:00.909891,101.14756428622282,0.947089032106679,0.05999989434328732,7,125,164,75,COMPLETE
131,35.77342646800133,2026-05-07 18:34:26.506924,2026-05-07 18:34:28.235103,0 days 00:00:01.728179,104.57415898445565,0.9709787473966937,0.030007652245114577,7,105,284,70,COMPLETE
132,35.82751697863664,2026-05-07 18:34:28.235103,2026-05-07 18:34:29.591961,0 days 00:00:01.356858,103.66625204918803,0.95427594626547,0.0312071934131794,7,110,205,70,COMPLETE
133,35.889973864153674,2026-05-07 18:34:29.591961,2026-05-07 18:34:30.908406,0 days 00:00:01.316445,107.58428639947444,0.9355708510776612,0.04875330646815703,7,116,259,68,COMPLETE
134,35.82898359287581,2026-05-07 18:34:30.909408,2026-05-07 18:34:31.621138,0 days 00:00:00.711730,98.33645944983068,0.9671102014231059,0.06895967761420059,7,106,107,50,COMPLETE
135,35.88002560052593,2026-05-07 18:34:31.621138,2026-05-07 18:34:33.331028,0 days 00:00:01.709890,100.01610351434078,0.986362874867493,0.027874670255328693,7,101,281,74,COMPLETE
136,35.862948502086596,2026-05-07 18:34:33.331028,2026-05-07 18:34:34.991918,0 days 00:00:01.660890,104.87766557425799,0.9512191021715608,0.03662262870865073,7,111,357,44,COMPLETE
137,35.80082374938139,2026-05-07 18:34:34.991918,2026-05-07 18:34:37.772038,0 days 00:00:02.780120,91.64762820529329,0.9628884927522039,0.019881442846712016,7,107,527,83,COMPLETE
138,35.81888655309829,2026-05-07 18:34:37.772038,2026-05-07 18:34:40.372607,0 days 00:00:02.600569,91.5430417931804,0.9248816266966057,0.022201263720373825,7,108,556,54,COMPLETE
139,35.90084370784831,2026-05-07 18:34:40.372607,2026-05-07 18:34:42.953174,0 days 00:00:02.580567,94.7733104309503,0.9724291728808269,0.01871180832615314,7,115,462,83,COMPLETE
140,35.94378863627927,2026-05-07 18:34:42.953174,2026-05-07 18:34:45.900073,0 days 00:00:02.946899,109.80100276188762,0.9349146990540967,0.01418298723098451,7,118,530,87,COMPLETE
141,35.85907361732891,2026-05-07 18:34:45.900073,2026-05-07 18:34:48.904124,0 days 00:00:03.004051,97.42903067396188,0.9596154001543304,0.02539334118039525,7,105,580,56,COMPLETE
142,36.20678783161874,2026-05-07 18:34:48.904124,2026-05-07 18:34:50.987732,0 days 00:00:02.083608,91.88456626297105,0.942204354283171,0.019127208903773497,7,108,226,69,COMPLETE
143,35.92672192952491,2026-05-07 18:34:50.987732,2026-05-07 18:34:53.055435,0 days 00:00:02.067703,101.36459978211104,0.9795013281866842,0.032632235279695256,7,112,416,59,COMPLETE
144,36.02965023623167,2026-05-07 18:34:53.055435,2026-05-07 18:34:56.004873,0 days 00:00:02.949438,95.06368960476952,0.956754560277852,0.02447615821029144,7,95,596,74,COMPLETE
145,39.231063103947506,2026-05-07 18:34:56.004873,2026-05-07 18:34:58.912528,0 days 00:00:02.907655,25.7305125193391,0.9995224051719589,0.013565755567029134,7,98,322,82,COMPLETE
146,37.147648130394806,2026-05-07 18:34:58.913529,2026-05-07 18:35:01.573149,0 days 00:00:02.659620,104.62927316365793,0.9674670564007252,0.01705413096540721,7,102,158,64,COMPLETE
147,35.78273563420376,2026-05-07 18:35:01.575235,2026-05-07 18:35:03.659336,0 days 00:00:02.084101,89.78360790690942,0.9290634417419801,0.028761833900649056,6,105,370,30,COMPLETE
148,35.879289917003256,2026-05-07 18:35:03.659336,2026-05-07 18:35:05.342918,0 days 00:00:01.683582,81.33154875929756,0.9244580858064854,0.02105699545619482,6,110,370,27,COMPLETE
149,36.10229929181268,2026-05-07 18:35:05.342918,2026-05-07 18:35:07.116401,0 days 00:00:01.773483,89.0800942037761,0.9336378243565331,0.035535512616354,6,140,497,33,COMPLETE
150,36.15217292123106,2026-05-07 18:35:07.116401,2026-05-07 18:35:08.661246,0 days 00:00:01.544845,86.21025535015018,0.9850370977525622,0.017773069287736573,6,114,278,40,COMPLETE
151,35.74312380697309,2026-05-07 18:35:08.661246,2026-05-07 18:35:10.853779,0 days 00:00:02.192533,92.6630005013688,0.9483774429298008,0.027770813504978214,7,105,447,37,COMPLETE
152,35.80803221362066,2026-05-07 18:35:10.853779,2026-05-07 18:35:13.026303,0 days 00:00:02.172524,91.30120082451491,0.963358685266967,0.02589000845428162,7,106,454,41,COMPLETE
153,35.95434629726288,2026-05-07 18:35:13.026303,2026-05-07 18:35:14.677204,0 days 00:00:01.650901,93.2281393137988,0.9425850865746682,0.041966270766351364,7,102,383,35,COMPLETE
154,35.89889649323319,2026-05-07 18:35:14.677204,2026-05-07 18:35:16.809213,0 days 00:00:02.132009,96.76393091364858,0.9197214146273405,0.01388776367752302,6,108,419,47,COMPLETE
155,35.734736884520444,2026-05-07 18:35:16.809213,2026-05-07 18:35:19.304346,0 days 00:00:02.495133,89.91952743077861,0.9700193346600824,0.02250441068572064,7,111,518,32,COMPLETE
156,35.85267617826811,2026-05-07 18:35:19.306351,2026-05-07 18:35:22.150422,0 days 00:00:02.844071,84.02582706387956,0.9786175281681999,0.020939829084111104,7,104,615,32,COMPLETE
157,35.89162702322578,2026-05-07 18:35:22.150422,2026-05-07 18:35:24.088455,0 days 00:00:01.938033,89.53517473340264,0.900022653194466,0.028112613854393495,7,99,435,30,COMPLETE
158,35.90544854835826,2026-05-07 18:35:24.088455,2026-05-07 18:35:25.981180,0 days 00:00:01.892725,87.7150071830381,0.968027811724393,0.02168845993396709,7,113,337,37,COMPLETE
159,35.88336435586238,2026-05-07 18:35:25.981180,2026-05-07 18:35:28.149602,0 days 00:00:02.168422,92.65951165156085,0.9401444480164581,0.02419006807066967,7,119,478,28,COMPLETE
160,36.024984525724946,2026-05-07 18:35:28.149602,2026-05-07 18:35:30.198337,0 days 00:00:02.048735,84.76461796264023,0.9896657415342368,0.03828496506366442,6,108,563,25,COMPLETE
161,35.78778690568575,2026-05-07 18:35:30.198337,2026-05-07 18:35:32.538470,0 days 00:00:02.340133,95.17170134441653,0.9535271568949731,0.01600330484121507,7,111,532,20,COMPLETE
162,35.80419205126927,2026-05-07 18:35:32.538470,2026-05-07 18:35:34.702441,0 days 00:00:02.163971,90.04956114301557,0.9533245900818803,0.01856473187918573,7,111,521,18,COMPLETE
163,35.81143490574326,2026-05-07 18:35:34.702441,2026-05-07 18:35:36.974449,0 days 00:00:02.272008,94.65391998895876,0.9175705029780314,0.014967103222508398,7,105,497,21,COMPLETE
164,35.93936615233836,2026-05-07 18:35:36.974449,2026-05-07 18:35:39.150523,0 days 00:00:02.176074,100.54786872059373,0.9772663913396917,0.02989040902393819,7,117,540,23,COMPLETE
165,36.05929047104039,2026-05-07 18:35:39.152026,2026-05-07 18:35:42.466408,0 days 00:00:03.314382,58.58096900209364,0.9308194943506611,0.01054631864221719,7,109,583,31,COMPLETE
166,35.91188498682844,2026-05-07 18:35:42.467407,2026-05-07 18:35:45.531703,0 days 00:00:03.064296,86.94237172814975,0.9685121764192335,0.01911296850313975,7,114,694,36,COMPLETE
167,37.311611472705444,2026-05-07 18:35:45.531703,2026-05-07 18:35:47.882620,0 days 00:00:02.350917,29.309238578159153,0.5249803405795487,0.013029205915976136,7,103,615,15,COMPLETE
168,35.824913810529665,2026-05-07 18:35:47.882620,2026-05-07 18:35:50.447732,0 days 00:00:02.565112,93.67455931825451,0.9470828844881436,0.02230801310052605,7,101,459,39,COMPLETE
169,35.78118069593535,2026-05-07 18:35:50.447732,2026-05-07 18:35:53.633480,0 days 00:00:03.185748,91.25264517428481,0.9311180909950134,0.015239124690071625,7,106,569,52,COMPLETE
170,35.887371207149116,2026-05-07 18:35:53.634557,2026-05-07 18:35:57.044431,0 days 00:00:03.409874,102.98978607425549,0.9060588025630433,0.0124751676115961,7,97,578,52,COMPLETE
171,35.80139278142957,2026-05-07 18:35:57.044431,2026-05-07 18:35:59.849161,0 days 00:00:02.804730,91.0662064450503,0.9288093220950508,0.016438557210610143,7,107,512,49,COMPLETE
172,35.79037169851465,2026-05-07 18:35:59.849161,2026-05-07 18:36:02.547280,0 days 00:00:02.698119,97.11434356647815,0.9570931551855126,0.025488072779110346,7,111,558,43,COMPLETE
173,35.9156276096308,2026-05-07 18:36:02.549243,2026-05-07 18:36:05.029900,0 days 00:00:02.480657,97.48803992057576,0.9413300050435027,0.02694265743529495,7,112,546,42,COMPLETE
174,38.31927838071555,2026-05-07 18:36:05.029900,2026-05-07 18:36:07.501173,0 days 00:00:02.471273,39.209271581491876,0.9530176348282898,0.2042048687794137,7,110,682,56,COMPLETE
175,35.8453389973061,2026-05-07 18:36:07.501773,2026-05-07 18:36:10.784997,0 days 00:00:03.283224,94.90478111240614,0.9763291200302446,0.014989320591944065,7,115,605,43,COMPLETE
176,36.030318587699185,2026-05-07 18:36:10.785832,2026-05-07 18:36:13.314010,0 days 00:00:02.528178,99.83899433140165,0.9186093757224703,0.033279589909709445,7,105,562,45,COMPLETE
177,35.93241613482697,2026-05-07 18:36:13.314010,2026-05-07 18:36:15.628996,0 days 00:00:02.314986,45.194668356335775,0.8924029736110517,0.022893914390705754,7,112,483,26,COMPLETE
178,35.963210242071696,2026-05-07 18:36:15.628996,2026-05-07 18:36:18.528831,0 days 00:00:02.899835,88.65277969028531,0.9370097738551686,0.016754931209548483,6,122,630,53,COMPLETE
179,36.15582805491824,2026-05-07 18:36:18.528831,2026-05-07 18:36:22.938196,0 days 00:00:04.409365,96.53412117632665,0.9568391761864523,0.026447843295331352,7,15,715,60,COMPLETE
180,35.75837770969888,2026-05-07 18:36:22.938196,2026-05-07 18:36:25.553900,0 days 00:00:02.615704,105.50993858225233,0.9881216548231677,0.01862292659199871,7,109,400,49,COMPLETE
181,35.76406654192,2026-05-07 18:36:25.554886,2026-05-07 18:36:28.220097,0 days 00:00:02.665211,105.92953277641345,0.9999992043897489,0.018646318959345355,7,109,427,47,COMPLETE
182,35.75399749141884,2026-05-07 18:36:28.220097,2026-05-07 18:36:30.685116,0 days 00:00:02.465019,107.54132397367485,0.997458373099439,0.02009314617020872,7,110,412,47,COMPLETE
183,35.87637602459079,2026-05-07 18:36:30.685116,2026-05-07 18:36:32.805526,0 days 00:00:02.120410,109.82910154818414,0.993274578487586,0.02347822490805067,7,117,390,50,COMPLETE
184,35.775004466100526,2026-05-07 18:36:32.806527,2026-05-07 18:36:36.047611,0 days 00:00:03.241084,106.71291125012519,0.9920558456275458,0.018544024402465893,7,110,424,47,COMPLETE
185,35.965092524598134,2026-05-07 18:36:36.047611,2026-05-07 18:36:38.956880,0 days 00:00:02.909269,105.9281360234859,0.9943538988780014,0.029659526382592713,7,113,431,45,COMPLETE
186,35.77203799203583,2026-05-07 18:36:38.956880,2026-05-07 18:36:42.255593,0 days 00:00:03.298713,106.2463933414975,0.988022459583046,0.020967773738351677,7,110,392,47,COMPLETE
187,35.892010831468625,2026-05-07 18:36:42.255593,2026-05-07 18:36:49.181362,0 days 00:00:06.925769,106.98869470755254,0.989768517732643,0.02090022667947679,7,115,350,47,COMPLETE
188,35.94220636320007,2026-05-07 18:36:49.181362,2026-05-07 18:36:51.527968,0 days 00:00:02.346606,105.041823663863,0.9829455637739106,0.03366169483351047,7,104,405,38,COMPLETE
189,35.87060235525984,2026-05-07 18:36:51.528968,2026-05-07 18:36:53.900508,0 days 00:00:02.371540,107.69313728250695,0.9955957585130066,0.024563221887493186,7,119,367,42,COMPLETE
190,35.83439710008776,2026-05-07 18:36:53.901508,2026-05-07 18:36:56.475485,0 days 00:00:02.573977,103.31238315228558,0.998021990583088,0.01914578300585814,7,111,387,47,COMPLETE
191,36.22070973280873,2026-05-07 18:36:56.475485,2026-05-07 18:36:59.163659,0 days 00:00:02.688174,102.57461510256209,0.9725739112344503,0.014414431690931422,7,110,295,51,COMPLETE
192,35.768754618709636,2026-05-07 18:36:59.164661,2026-05-07 18:37:01.934638,0 days 00:00:02.769977,106.52917238026522,0.9780920957655731,0.017739451571948374,7,109,445,44,COMPLETE
193,35.734030058941414,2026-05-07 18:37:01.934638,2026-05-07 18:37:04.657764,0 days 00:00:02.723126,107.39936221378771,0.9781228130360801,0.018515333158696547,7,105,446,44,COMPLETE
194,35.9021305504733,2026-05-07 18:37:04.660764,2026-05-07 18:37:07.330063,0 days 00:00:02.669299,109.30941241704015,0.9820981277966617,0.023644887818617264,7,101,435,44,COMPLETE
195,35.769501394121534,2026-05-07 18:37:07.330063,2026-05-07 18:37:10.551899,0 days 00:00:03.221836,104.69297866569997,0.9999787835490941,0.018440699240496503,7,105,413,41,COMPLETE
196,35.800561735897645,2026-05-07 18:37:10.551899,2026-05-07 18:37:13.404599,0 days 00:00:02.852700,106.2650351078533,0.9993307981425912,0.019612306009619024,7,104,457,41,COMPLETE
197,35.91400662825397,2026-05-07 18:37:13.405816,2026-05-07 18:37:17.276002,0 days 00:00:03.870186,109.69601312467505,0.9849494729868414,0.012123910363608019,7,106,413,48,COMPLETE
198,35.7764560750055,2026-05-07 18:37:17.277005,2026-05-07 18:37:20.504204,0 days 00:00:03.227199,105.38097084369068,0.9721744334229481,0.017305756517374336,7,102,475,40,COMPLETE
199,35.89768295066174,2026-05-07 18:37:20.505204,2026-05-07 18:37:23.271440,0 days 00:00:02.766236,105.49049814480652,0.9736272619741492,0.013552269725598018,7,101,443,38,COMPLETE
200,35.98124845223303,2026-05-07 18:37:23.271440,2026-05-07 18:37:27.106313,0 days 00:00:03.834873,106.63466845314389,0.9999565540476685,0.009963050345916718,7,103,478,40,COMPLETE
201,35.797071225879925,2026-05-07 18:37:27.106313,2026-05-07 18:37:29.592346,0 days 00:00:02.486033,100.6699882661916,0.9847667347542227,0.017597164800257192,7,109,422,45,COMPLETE
202,35.878240228142886,2026-05-07 18:37:29.592346,2026-05-07 18:37:31.746327,0 days 00:00:02.153981,104.64296089411857,0.9688128738594731,0.02144429074073758,7,114,397,42,COMPLETE
203,35.79285837268808,2026-05-07 18:37:31.746327,2026-05-07 18:37:35.130050,0 days 00:00:03.383723,100.37615557492666,0.9653942735291383,0.015459682533425254,7,105,457,47,COMPLETE
204,35.730108624034145,2026-05-07 18:37:35.130930,2026-05-07 18:37:37.832115,0 days 00:00:02.701185,103.80836888052237,0.9834517529106466,0.017891131322079878,7,109,496,34,COMPLETE
205,35.756652568319055,2026-05-07 18:37:37.848219,2026-05-07 18:37:40.583759,0 days 00:00:02.735540,109.85204891698565,0.9879382467812194,0.018334501154462314,7,108,488,35,COMPLETE
206,35.8063479850813,2026-05-07 18:37:40.583759,2026-05-07 18:37:43.127703,0 days 00:00:02.543944,109.58623779656348,0.9868320990442271,0.01807160896915394,7,99,487,34,COMPLETE
207,35.93323173853356,2026-05-07 18:37:43.127703,2026-05-07 18:37:45.474848,0 days 00:00:02.347145,104.12488595354066,0.9802707137155925,0.014645853367340242,7,107,376,35,COMPLETE
208,35.89069520912544,2026-05-07 18:37:45.489352,2026-05-07 18:37:48.284677,0 days 00:00:02.795325,107.09581109576733,0.9998763479570291,0.020660589132752896,7,51,501,31,COMPLETE
209,35.884006973635664,2026-05-07 18:37:48.284677,2026-05-07 18:37:51.166475,0 days 00:00:02.881798,104.05046830487822,0.9857156691930428,0.011895349075748482,7,103,464,38,COMPLETE
210,35.77438369630272,2026-05-07 18:37:51.166475,2026-05-07 18:37:53.480496,0 days 00:00:02.314021,109.97917135455494,0.9747927172707048,0.01819006054491976,7,108,425,36,COMPLETE
211,35.75845398471391,2026-05-07 18:37:53.480496,2026-05-07 18:37:56.097034,0 days 00:00:02.616538,109.98760148532283,0.972703411805849,0.017994008027374834,7,109,419,37,COMPLETE
212,35.79910205381621,2026-05-07 18:37:56.097034,2026-05-07 18:37:58.348622,0 days 00:00:02.251588,107.86880851354162,0.9771041877140244,0.01876883685702667,7,107,420,36,COMPLETE
213,35.74504980433356,2026-05-07 18:37:58.348622,2026-05-07 18:38:00.571911,0 days 00:00:02.223289,109.91288631823494,0.9882198515614332,0.02090893162928852,7,108,437,33,COMPLETE
214,35.756415408782054,2026-05-07 18:38:00.572457,2026-05-07 18:38:02.839216,0 days 00:00:02.266759,109.57060567004505,0.9885578856700642,0.02192622081954213,7,109,442,40,COMPLETE
215,35.68980980479871,2026-05-07 18:38:02.839860,2026-05-07 18:38:05.240983,0 days 00:00:02.401123,109.91860987177076,0.9882273478200577,0.021389656329209653,7,109,440,39,COMPLETE
216,35.81848962308271,2026-05-07 18:38:05.240983,2026-05-07 18:38:07.519243,0 days 00:00:02.278260,109.66490569524922,0.988684207480771,0.0221754111723368,7,114,436,40,COMPLETE
217,35.76265288094398,2026-05-07 18:38:07.519243,2026-05-07 18:38:09.902177,0 days 00:00:02.382934,109.57732997717274,0.9998299208861362,0.02225527595555001,7,110,398,33,COMPLETE
218,35.70223299447143,2026-05-07 18:38:09.902177,2026-05-07 18:38:12.075533,0 days 00:00:02.173356,109.76698183267078,0.9996316152977587,0.023656690604049527,7,109,402,34,COMPLETE
219,35.72600380444986,2026-05-07 18:38:12.075533,2026-05-07 18:38:14.138982,0 days 00:00:02.063449,109.5280241188514,0.9894522810871231,0.02901015761384492,7,109,400,34,COMPLETE
220,35.74492072268766,2026-05-07 18:38:14.138982,2026-05-07 18:38:16.123058,0 days 00:00:01.984076,109.53997351890337,0.9882049420800288,0.028918362877193,7,109,403,33,COMPLETE
221,35.74288706458451,2026-05-07 18:38:16.123058,2026-05-07 18:38:18.094849,0 days 00:00:01.971791,109.09006867369986,0.988953297722326,0.028686698252133817,7,109,404,33,COMPLETE
222,35.74167773311044,2026-05-07 18:38:18.094849,2026-05-07 18:38:19.997480,0 days 00:00:01.902631,109.68969496817917,0.9990213834378675,0.029858512079700698,7,109,393,33,COMPLETE
223,35.80874579091202,2026-05-07 18:38:19.997480,2026-05-07 18:38:21.950770,0 days 00:00:01.953290,109.97883982227908,0.9897770991691838,0.02769867013469344,7,112,395,33,COMPLETE
224,35.87131159887474,2026-05-07 18:38:21.950770,2026-05-07 18:38:23.701757,0 days 00:00:01.750987,109.93323745251209,0.9998041586576066,0.037219711775062427,7,109,395,32,COMPLETE
225,35.840997882837556,2026-05-07 18:38:23.701757,2026-05-07 18:38:25.710681,0 days 00:00:02.008924,106.3793385771029,0.9878437658719972,0.02426471477288148,7,115,333,33,COMPLETE
226,35.76102645414058,2026-05-07 18:38:25.710681,2026-05-07 18:38:27.758964,0 days 00:00:02.048283,106.59861003820359,0.9980038865911066,0.03162290121966166,7,109,370,36,COMPLETE
227,35.82413728157093,2026-05-07 18:38:27.758964,2026-05-07 18:38:29.677592,0 days 00:00:01.918628,106.59824137549633,0.9978668163523567,0.0318065791525553,7,113,366,35,COMPLETE
228,35.897067463198546,2026-05-07 18:38:29.677592,2026-05-07 18:38:31.421219,0 days 00:00:01.743627,107.11216618990521,0.999866984134224,0.04126575873858483,7,109,386,29,COMPLETE
229,35.74109689462746,2026-05-07 18:38:31.421309,2026-05-07 18:38:33.264050,0 days 00:00:01.842741,103.14973114768163,0.9846486074366907,0.028826191106331556,7,108,359,36,COMPLETE
230,35.81665489313891,2026-05-07 18:38:33.264050,2026-05-07 18:38:35.083369,0 days 00:00:01.819319,102.64368978984882,0.9824465291180746,0.03531208392490984,7,108,355,37,COMPLETE
231,36.09587931580853,2026-05-07 18:38:35.083369,2026-05-07 18:38:36.893743,0 days 00:00:01.810374,109.93471420616548,0.9866379718271563,0.04793414927525837,7,108,409,32,COMPLETE
232,35.86720365591507,2026-05-07 18:38:36.893743,2026-05-07 18:38:39.101644,0 days 00:00:02.207901,103.11052333251507,0.9868216681035072,0.028322778219452067,7,113,449,35,COMPLETE
233,35.732626609292495,2026-05-07 18:38:39.101644,2026-05-07 18:38:41.201340,0 days 00:00:02.099696,106.62460284941814,0.9802400208386289,0.024999076963047113,7,109,403,38,COMPLETE
234,35.76653251341583,2026-05-07 18:38:41.201340,2026-05-07 18:38:42.956732,0 days 00:00:01.755392,107.17664665065911,0.9989845511720004,0.025923308976833745,7,105,318,37,COMPLETE
235,35.82719948253679,2026-05-07 18:38:42.956732,2026-05-07 18:38:44.579205,0 days 00:00:01.622473,108.065619113441,0.9787497713277169,0.0314006743853247,7,116,327,30,COMPLETE
236,35.743538632226105,2026-05-07 18:38:44.579205,2026-05-07 18:38:46.440941,0 days 00:00:01.861736,109.72250467010365,0.979161932195029,0.02572699332177805,7,108,364,38,COMPLETE
237,35.77554915836011,2026-05-07 18:38:46.440941,2026-05-07 18:38:48.282745,0 days 00:00:01.841804,109.75731582591591,0.9914017205192557,0.026571304227183658,7,106,362,37,COMPLETE
238,35.61667640452002,2026-05-07 18:38:48.298376,2026-05-07 18:38:50.196122,0 days 00:00:01.897746,102.75141566324044,0.9789068938192396,0.031782844245261774,7,34,342,32,COMPLETE
239,36.16576252257984,2026-05-07 18:38:50.196122,2026-05-07 18:38:52.335403,0 days 00:00:02.139281,102.76332906416907,0.9752171720459653,0.037022676080367564,7,22,368,33,COMPLETE
240,35.72533106219868,2026-05-07 18:38:52.335403,2026-05-07 18:38:54.218520,0 days 00:00:01.883117,102.90998393424867,0.9679551115435125,0.030792107387369348,7,111,400,27,COMPLETE
241,35.62768742195926,2026-05-07 18:38:54.218979,2026-05-07 18:38:56.047277,0 days 00:00:01.828298,109.81078334756407,0.9683880554542564,0.02930943097129109,7,39,346,28,COMPLETE
