number,value,datetime_start,datetime_complete,duration,params_batch_size,params_dense_units,params_dropout_0,params_dropout_1,params_dropout_2,params_learning_rate,params_n_lstm_layers,params_units_0,params_units_1,params_units_2,state
0,28.501787255596753,2026-03-13 20:45:14.021276,2026-03-13 20:47:40.028840,0 days 00:02:26.007564,16,16,0.2994920099578181,,,0.0011709256885205535,1,32,,,COMPLETE
1,27.98307738167573,2026-03-13 20:47:40.029849,2026-03-13 20:49:58.097612,0 days 00:02:18.067763,16,32,0.16044565877846984,,,0.003039906525070061,1,32,,,COMPLETE
2,25.345750528984773,2026-03-13 20:49:58.098587,2026-03-13 21:01:24.722756,0 days 00:11:26.624169,16,16,0.42145109925595536,0.3603211693276027,,0.0006080857646035552,2,256,128.0,,COMPLETE
3,28.67133149111636,2026-03-13 21:01:24.722756,2026-03-13 21:07:21.989127,0 days 00:05:57.266371,64,128,0.34363858419333104,0.33914498398779114,0.13105573482543173,0.00021262498354963287,3,64,224.0,128.0,COMPLETE
4,25.945372430674364,2026-03-13 21:07:21.989127,2026-03-13 21:09:51.776931,0 days 00:02:29.787804,16,64,0.4330064596123958,,,0.0012046289595248924,1,96,,,COMPLETE
5,28.24845630714021,2026-03-13 21:09:51.776931,2026-03-13 21:13:37.797188,0 days 00:03:46.020257,16,32,0.40306032185339913,0.25443530235291384,,0.0016739960173860536,2,32,224.0,,COMPLETE
6,24.82600472283126,2026-03-13 21:13:37.798323,2026-03-13 21:19:58.730907,0 days 00:06:20.932584,16,64,0.37958433206544695,,,0.000435610558169262,1,224,,,COMPLETE
7,26.12143457558388,2026-03-13 21:19:58.730907,2026-03-13 21:24:43.686097,0 days 00:04:44.955190,64,48,0.3855732328219723,0.3679757244288042,,0.0003489982794783696,2,256,96.0,,COMPLETE
8,27.33381159966449,2026-03-13 21:24:43.687020,2026-03-13 21:27:01.303523,0 days 00:02:17.616503,64,128,0.49275628581404474,0.1708535454744467,,0.0005122644540835307,2,128,96.0,,COMPLETE
9,26.347112556877015,2026-03-13 21:27:01.304539,2026-03-13 21:31:26.123288,0 days 00:04:24.818749,32,64,0.10423635883578984,0.17785289432756374,0.16334277806719416,0.0005607419720075159,3,96,160.0,128.0,COMPLETE
10,31.201669070852297,2026-03-13 21:31:26.123288,2026-03-13 21:32:30.117639,0 days 00:01:03.994351,32,96,0.25575808165745095,,,0.009360590263239418,1,192,,,COMPLETE
11,29.139831409495876,2026-03-13 21:32:30.117639,2026-03-13 21:41:27.779543,0 days 00:08:57.661904,16,96,0.4947738623261297,0.499868262881168,,0.00015127260072505803,2,256,32.0,,COMPLETE
12,26.774067683496902,2026-03-13 21:41:27.779543,2026-03-13 21:56:11.186729,0 days 00:14:43.407186,16,16,0.25889948179794714,0.4559791984525044,0.48603715538442105,0.000296546883046509,3,224,160.0,256.0,COMPLETE
13,25.909485473489788,2026-03-13 21:56:11.186729,2026-03-13 22:05:19.740821,0 days 00:09:08.554092,16,96,0.3392371003141914,,,0.00010519592169435208,1,192,,,COMPLETE
14,28.692852454864955,2026-03-13 22:05:19.741537,2026-03-13 22:08:33.868861,0 days 00:03:14.127324,16,80,0.43722833095799013,0.40955606370713443,,0.0007026192410130872,2,192,32.0,,COMPLETE
15,27.85075973201336,2026-03-13 22:08:33.868861,2026-03-13 22:10:39.022700,0 days 00:02:05.153839,32,48,0.3669014015451342,0.2721114734455514,,0.003257451490919949,2,224,96.0,,COMPLETE
16,26.912700062305056,2026-03-13 22:10:39.022700,2026-03-13 22:13:58.873613,0 days 00:03:19.850913,16,32,0.43236747040276646,,,0.002304684134439063,1,160,,,COMPLETE
17,28.09432864993776,2026-03-13 22:13:58.873613,2026-03-13 22:25:38.287506,0 days 00:11:39.413893,16,80,0.2996720459990252,0.11597569446754741,0.4114533289150458,0.0003225707446307178,3,256,256.0,32.0,COMPLETE
18,24.62704171609143,2026-03-13 22:25:38.287506,2026-03-13 22:28:55.317151,0 days 00:03:17.029645,32,48,0.24489231613863519,,,0.0007348215752788397,1,224,,,COMPLETE
19,28.211232428383106,2026-03-13 22:28:55.317901,2026-03-13 22:30:17.647375,0 days 00:01:22.329474,32,48,0.20109574375298578,,,0.005890653367788597,1,160,,,COMPLETE
20,23.91984329445361,2026-03-13 22:30:17.647375,2026-03-13 22:33:16.150796,0 days 00:02:58.503421,32,64,0.2254948664333958,,,0.000875407606508505,1,224,,,COMPLETE
21,24.42237942656225,2026-03-13 22:33:16.150796,2026-03-13 22:35:49.193234,0 days 00:02:33.042438,32,64,0.24016688363919245,,,0.0008883352133984919,1,224,,,COMPLETE
22,26.18266356825618,2026-03-13 22:35:49.193234,2026-03-13 22:38:08.692345,0 days 00:02:19.499111,32,80,0.2188711997394433,,,0.0007782646746053243,1,224,,,COMPLETE
23,24.440258606260812,2026-03-13 22:38:08.692345,2026-03-13 22:40:53.320548,0 days 00:02:44.628203,32,48,0.17965676866578284,,,0.001013738288142012,1,192,,,COMPLETE
24,24.490203466973096,2026-03-13 22:40:53.320548,2026-03-13 22:42:47.854929,0 days 00:01:54.534381,32,64,0.1647541564402143,,,0.0018985115176951449,1,192,,,COMPLETE
25,25.268455734445,2026-03-13 22:42:47.854929,2026-03-13 22:44:39.586078,0 days 00:01:51.731149,32,48,0.1567412406745894,,,0.0009590594525620028,1,160,,,COMPLETE
26,24.313929078503254,2026-03-13 22:44:39.586078,2026-03-13 22:47:08.909479,0 days 00:02:29.323401,32,112,0.20782619198200808,,,0.0013193642271777412,1,192,,,COMPLETE
27,24.127741926514208,2026-03-13 22:47:08.909479,2026-03-13 22:49:07.551213,0 days 00:01:58.641734,32,112,0.13387697339106572,,,0.0015334272222890164,1,128,,,COMPLETE
28,25.7635382200856,2026-03-13 22:49:07.551213,2026-03-13 22:52:02.300874,0 days 00:02:54.749661,32,112,0.11694996741471128,0.22087434678373977,,0.0015496274882461796,2,128,192.0,,COMPLETE
29,27.2245425628412,2026-03-13 22:52:02.300874,2026-03-13 22:53:03.782750,0 days 00:01:01.481876,32,112,0.13907623629108626,,,0.004501470884101958,1,128,,,COMPLETE
30,24.449638338747842,2026-03-13 22:53:03.782750,2026-03-13 22:55:15.320032,0 days 00:02:11.537282,32,112,0.2820748113643227,,,0.001275647787918774,1,96,,,COMPLETE
31,24.98518222908495,2026-03-13 22:55:15.321025,2026-03-13 22:57:22.091455,0 days 00:02:06.770430,32,96,0.20627745830473537,,,0.002444587771535541,1,160,,,COMPLETE
32,24.964830467228115,2026-03-13 22:57:22.091455,2026-03-13 22:59:16.252208,0 days 00:01:54.160753,32,112,0.22769209355293388,,,0.0013603065995683472,1,224,,,COMPLETE
33,24.822406849286125,2026-03-13 22:59:16.252208,2026-03-13 23:01:45.794355,0 days 00:02:29.542147,32,80,0.1808957010476655,,,0.0009273946688798503,1,192,,,COMPLETE
34,26.174961817262425,2026-03-13 23:01:45.794355,2026-03-13 23:03:22.124219,0 days 00:01:36.329864,64,128,0.27724647311274025,,,0.003013654465806184,1,256,,,COMPLETE
35,25.343541083523803,2026-03-13 23:03:22.125253,2026-03-13 23:04:49.417458,0 days 00:01:27.292205,32,64,0.23555288531439408,,,0.0022665498262364405,1,64,,,COMPLETE
36,24.7887514336277,2026-03-13 23:04:49.417458,2026-03-13 23:07:00.191390,0 days 00:02:10.773932,32,128,0.3276334463871352,,,0.0017873317263943887,1,160,,,COMPLETE
37,24.74464546059763,2026-03-13 23:07:00.191390,2026-03-13 23:09:11.650218,0 days 00:02:11.458828,32,96,0.1354182109246243,,,0.0011243150913323847,1,128,,,COMPLETE
38,26.278578293355157,2026-03-13 23:09:11.651234,2026-03-13 23:12:22.559796,0 days 00:03:10.908562,64,112,0.19560210357268032,0.10269358756984664,,0.00047829489858107656,2,224,256.0,,COMPLETE
39,26.51562401007926,2026-03-13 23:12:22.559796,2026-03-13 23:14:06.061145,0 days 00:01:43.501349,32,80,0.2732377462727427,,,0.0008387541983340995,1,64,,,COMPLETE
40,24.067763245218035,2026-03-13 23:14:06.061145,2026-03-13 23:16:48.639232,0 days 00:02:42.578087,64,64,0.14595106999221244,,,0.0006219360368054974,1,256,,,COMPLETE
41,24.672502836655102,2026-03-13 23:16:48.639232,2026-03-13 23:19:25.751068,0 days 00:02:37.111836,64,64,0.14545970713318432,,,0.0006245782453581547,1,256,,,COMPLETE
42,26.196137935930203,2026-03-13 23:19:25.752069,2026-03-13 23:22:04.878098,0 days 00:02:39.126029,64,64,0.12003356035990796,,,0.00043887817140954646,1,256,,,COMPLETE
43,25.37794265211405,2026-03-13 23:22:04.878098,2026-03-13 23:23:45.467084,0 days 00:01:40.588986,64,64,0.18513868642806242,,,0.0013461815230399687,1,224,,,COMPLETE
44,25.988231986297098,2026-03-13 23:23:45.467084,2026-03-13 23:27:48.732627,0 days 00:04:03.265543,64,32,0.1004214019048957,,,0.0002644103502683976,1,256,,,COMPLETE
45,26.362161996167952,2026-03-13 23:27:48.732627,2026-03-13 23:30:19.917935,0 days 00:02:31.185308,64,80,0.16401155325320793,0.3241162948335529,,0.0006088943049581709,2,96,64.0,,COMPLETE
46,24.71939590843318,2026-03-13 23:30:19.917935,2026-03-13 23:32:23.231899,0 days 00:02:03.313964,32,96,0.21204581968518088,,,0.0011020645473400444,1,224,,,COMPLETE
47,23.632624917257772,2026-03-13 23:32:23.231899,2026-03-13 23:36:18.847511,0 days 00:03:55.615612,32,64,0.31875941751823383,,,0.0004161417750289703,1,192,,,COMPLETE
48,25.151125520980635,2026-03-13 23:36:18.847511,2026-03-13 23:39:05.708606,0 days 00:02:46.861095,64,128,0.3177940963690043,,,0.00022856620872842764,1,192,,,COMPLETE
49,25.533941131169605,2026-03-13 23:39:05.708606,2026-03-13 23:46:00.790576,0 days 00:06:55.081970,32,80,0.12217826341485555,0.4248554945056026,,0.0003596765747925428,2,192,192.0,,COMPLETE
50,26.897251212309516,2026-03-13 23:46:00.791581,2026-03-13 23:54:02.033668,0 days 00:08:01.242087,32,48,0.35573120379057327,0.4944210882122878,0.28680313433005444,0.0003985763282521593,3,128,128.0,256.0,COMPLETE
51,23.658713295901965,2026-03-13 23:54:02.034681,2026-03-13 23:58:35.043327,0 days 00:04:33.008646,32,64,0.25442739808968884,,,0.0005283034276670413,1,224,,,COMPLETE
52,24.590329955395433,2026-03-13 23:58:35.043327,2026-03-14 00:01:57.127493,0 days 00:03:22.084166,32,64,0.25683531608877996,,,0.000511450194537758,1,224,,,COMPLETE
53,24.694499258294762,2026-03-14 00:01:57.128493,2026-03-14 00:05:22.649251,0 days 00:03:25.520758,32,64,0.3078722385106949,,,0.0006416889891336406,1,256,,,COMPLETE
54,26.731049710088264,2026-03-14 00:05:22.649251,2026-03-14 00:09:15.470024,0 days 00:03:52.820773,32,80,0.29343505231206907,,,0.00016109457611465156,1,192,,,COMPLETE
55,24.155840488014547,2026-03-14 00:09:15.470024,2026-03-14 00:12:00.242803,0 days 00:02:44.772779,32,32,0.2228451787067799,,,0.0005583220651335033,1,160,,,COMPLETE
56,25.121273550260632,2026-03-14 00:12:00.243365,2026-03-14 00:14:44.728192,0 days 00:02:44.484827,32,16,0.2611796486847862,,,0.00053706163278315,1,160,,,COMPLETE
57,25.720436692608313,2026-03-14 00:14:44.732747,2026-03-14 00:18:33.372312,0 days 00:03:48.639565,16,32,0.22642860189109282,,,0.00039436877796174567,1,160,,,COMPLETE
58,25.57680119101415,2026-03-14 00:18:33.372312,2026-03-14 00:22:48.093525,0 days 00:04:14.721213,32,16,0.15367822254129263,,,0.00028999179548690006,1,224,,,COMPLETE
59,27.10927569707864,2026-03-14 00:22:48.093525,2026-03-14 00:24:48.738168,0 days 00:02:00.644643,64,48,0.33565009796145473,0.16713631547270894,,0.0007047167748346606,2,128,64.0,,COMPLETE
60,27.29908824462372,2026-03-14 00:24:48.739599,2026-03-14 00:26:32.738138,0 days 00:01:43.998539,32,32,0.2486414487894709,,,0.0007765835824992802,1,32,,,COMPLETE
61,24.618997353853736,2026-03-14 00:26:32.738138,2026-03-14 00:30:02.038143,0 days 00:03:29.300005,32,48,0.19827145345051522,,,0.00046285916391128356,1,192,,,COMPLETE
62,25.344580155042802,2026-03-14 00:30:02.038143,2026-03-14 00:32:55.909730,0 days 00:02:53.871587,32,64,0.17984582945351768,,,0.0010077376558576031,1,192,,,COMPLETE
63,25.11287700384441,2026-03-14 00:32:55.909730,2026-03-14 00:35:39.599378,0 days 00:02:43.689648,32,112,0.2168884387303165,,,0.0005699606686935031,1,160,,,COMPLETE
64,25.54839831637195,2026-03-14 00:35:39.599378,2026-03-14 00:38:35.739607,0 days 00:02:56.140229,32,96,0.47080038005248437,,,0.0014759458045393481,1,224,,,COMPLETE
65,24.913115344214397,2026-03-14 00:38:35.739607,2026-03-14 00:40:32.188686,0 days 00:01:56.449079,32,48,0.2921489922969911,,,0.0020072115297129207,1,192,,,COMPLETE
66,24.514168211130073,2026-03-14 00:40:32.188686,2026-03-14 00:45:27.166121,0 days 00:04:54.977435,16,64,0.23719418406512116,,,0.0008338007416711679,1,256,,,COMPLETE
67,25.400230054938074,2026-03-14 00:45:27.166121,2026-03-14 00:48:24.347248,0 days 00:02:57.181127,32,80,0.2671573799512588,,,0.0003286511608259516,1,128,,,COMPLETE
68,25.505624886058868,2026-03-14 00:48:24.347248,2026-03-14 00:50:41.962928,0 days 00:02:17.615680,32,64,0.17110241301737822,,,0.001214458301291132,1,224,,,COMPLETE
69,24.425381533448423,2026-03-14 00:50:41.962928,2026-03-14 00:53:37.014106,0 days 00:02:55.051178,32,112,0.39535099135574653,,,0.0007216404539925997,1,160,,,COMPLETE
70,24.870809483210216,2026-03-14 00:53:37.014457,2026-03-14 00:56:51.771861,0 days 00:03:14.757404,32,80,0.13475346586068615,,,0.0003930448885114736,1,192,,,COMPLETE
71,24.31286743951924,2026-03-14 00:56:51.771861,2026-03-14 00:59:57.278659,0 days 00:03:05.506798,32,64,0.2439813640099267,,,0.0008476222546839135,1,224,,,COMPLETE
72,25.44671610198447,2026-03-14 00:59:57.278659,2026-03-14 01:01:57.250911,0 days 00:01:59.972252,32,64,0.2282431914454342,,,0.0015677203131343423,1,224,,,COMPLETE
73,24.755283386705905,2026-03-14 01:01:57.250911,2026-03-14 01:04:28.916209,0 days 00:02:31.665298,32,48,0.19355406432279992,,,0.0009090983515335528,1,256,,,COMPLETE
74,25.82932779542824,2026-03-14 01:04:28.917209,2026-03-14 01:06:39.008720,0 days 00:02:10.091511,32,64,0.283503593215834,,,0.000656471298854335,1,224,,,COMPLETE
75,24.633958682445744,2026-03-14 01:06:39.008720,2026-03-14 01:09:18.699273,0 days 00:02:39.690553,32,64,0.2515032097401999,,,0.0010845601950227456,1,256,,,COMPLETE
76,25.010358806447307,2026-03-14 01:09:18.701030,2026-03-14 01:13:16.008913,0 days 00:03:57.307883,32,96,0.2092746346368443,,,0.000555411178808208,1,224,,,COMPLETE
77,24.937670982727116,2026-03-14 01:13:16.019367,2026-03-14 01:14:46.154517,0 days 00:01:30.135150,64,48,0.22332833459609117,,,0.002632371890520221,1,160,,,COMPLETE
78,24.380305979908144,2026-03-14 01:14:46.154517,2026-03-14 01:18:43.291483,0 days 00:03:57.136966,16,128,0.10928877460880662,,,0.0008085260613221277,1,192,,,COMPLETE
79,26.74453268415859,2026-03-14 01:18:43.293649,2026-03-14 01:23:12.625161,0 days 00:04:29.331512,32,80,0.2395989612600717,0.2920784695653082,0.29334505122084703,0.0004935503829035929,3,128,192.0,32.0,COMPLETE
80,24.81238314247696,2026-03-14 01:23:12.625161,2026-03-14 01:25:31.769675,0 days 00:02:19.144514,32,64,0.30829425234190544,,,0.0013623086664959123,1,96,,,COMPLETE
81,24.615307721067893,2026-03-14 01:25:31.769675,2026-03-14 01:29:06.122097,0 days 00:03:34.352422,16,128,0.1167128752867693,,,0.0008018080629606653,1,192,,,COMPLETE
82,25.46386559927391,2026-03-14 01:29:06.127633,2026-03-14 01:32:24.826520,0 days 00:03:18.698887,16,112,0.11081404549302856,,,0.0006710648101474237,1,192,,,COMPLETE
83,26.534988155764314,2026-03-14 01:32:24.826520,2026-03-14 01:34:57.713397,0 days 00:02:32.886877,16,128,0.14584805724211175,,,0.0009722420679105565,1,160,,,COMPLETE
84,25.187271246368223,2026-03-14 01:34:57.713397,2026-03-14 01:38:12.046935,0 days 00:03:14.333538,16,128,0.16982371832097876,,,0.0016662329516953314,1,192,,,COMPLETE
85,23.781340825893217,2026-03-14 01:38:12.046935,2026-03-14 01:42:42.420575,0 days 00:04:30.373640,16,112,0.12940681658533704,,,0.00117698232433598,1,224,,,COMPLETE
86,24.730803008310495,2026-03-14 01:42:42.420575,2026-03-14 01:44:34.589556,0 days 00:01:52.168981,64,112,0.12920838096848916,,,0.0012172787077089115,1,224,,,COMPLETE
87,30.444464586517164,2026-03-14 01:44:34.589556,2026-03-14 01:45:37.312152,0 days 00:01:02.722596,32,112,0.14889224515773566,,,0.008484180630336501,1,224,,,COMPLETE
88,26.209452834540762,2026-03-14 01:45:37.312152,2026-03-14 01:48:45.495398,0 days 00:03:08.183246,32,64,0.2665768953363098,,,0.0020248395572838606,1,256,,,COMPLETE
89,24.858763095098016,2026-03-14 01:48:45.496396,2026-03-14 01:53:37.857494,0 days 00:04:52.361098,16,96,0.1897983695978051,,,0.0011295031787651108,1,224,,,COMPLETE
90,25.551404314623273,2026-03-14 01:53:37.857494,2026-03-14 01:56:12.341630,0 days 00:02:34.484136,64,32,0.3613100945318694,,,0.001444707728279642,1,224,,,COMPLETE
91,24.457376520455497,2026-03-14 01:56:12.352534,2026-03-14 02:00:26.783669,0 days 00:04:14.431135,16,128,0.11001280794077459,,,0.0008789029150573347,1,192,,,COMPLETE
92,25.005494391609982,2026-03-14 02:00:26.783669,2026-03-14 02:04:31.829850,0 days 00:04:05.046181,16,112,0.13114378889900474,,,0.0007494775184125845,1,192,,,COMPLETE
93,23.947945314618476,2026-03-14 02:04:31.830841,2026-03-14 02:09:31.455674,0 days 00:04:59.624833,16,128,0.1251812627562895,,,0.0005915912723016097,1,224,,,COMPLETE
94,24.05415324233895,2026-03-14 02:09:31.455674,2026-03-14 02:15:34.211803,0 days 00:06:02.756129,16,112,0.20557175753185247,,,0.00042319676332732873,1,224,,,COMPLETE
95,23.21557436781271,2026-03-14 02:15:34.211803,2026-03-14 02:21:32.017086,0 days 00:05:57.805283,16,112,0.15819940727573514,,,0.0004423719347325425,1,224,,,COMPLETE
96,24.343858358642983,2026-03-14 02:21:32.017086,2026-03-14 02:28:15.623027,0 days 00:06:43.605941,16,112,0.1395369926738304,,,0.0004138697456512983,1,256,,,COMPLETE
97,25.22725008480483,2026-03-14 02:28:15.623027,2026-03-14 02:32:43.737711,0 days 00:04:28.114684,16,112,0.1285131749629048,,,0.0003589771968613842,1,224,,,COMPLETE
98,23.52547603731481,2026-03-14 02:32:43.737711,2026-03-14 02:37:46.196071,0 days 00:05:02.458360,16,96,0.15817370730172317,,,0.00045130600028118735,1,224,,,COMPLETE
99,26.388406999222752,2026-03-14 02:37:46.196071,2026-03-14 02:46:02.057841,0 days 00:08:15.861770,16,96,0.1547593725635133,0.22150222332422298,,0.000442726628205959,2,224,64.0,,COMPLETE
