number,value,datetime_start,datetime_complete,duration,params_colsample_bytree,params_huber_slope,params_learning_rate,params_max_depth,params_min_child_weight,params_n_estimators,state
370,35.62059317704175,2026-05-09 03:31:16.093105,2026-05-09 03:31:20.375209,0 days 00:00:04.282104,0.7032190017157409,78.83666171699683,0.013011559129969864,7,15,600,COMPLETE
371,35.5266695040754,2026-05-09 03:31:20.390845,2026-05-09 03:31:24.996876,0 days 00:00:04.606031,0.6669896653478256,73.2161765788254,0.011007743895864848,7,19,700,COMPLETE
372,35.4485074501409,2026-05-09 03:31:24.996876,2026-05-09 03:31:28.587149,0 days 00:00:03.590273,0.7292422316878903,77.33420403938254,0.00841998994677064,6,17,600,COMPLETE
373,35.49749538081,2026-05-09 03:31:28.587149,2026-05-09 03:31:33.429078,0 days 00:00:04.841929,0.7129268306810066,81.85670886151986,0.009891087765898136,7,21,700,COMPLETE
374,35.80327430338572,2026-05-09 03:31:33.429078,2026-05-09 03:31:39.245838,0 days 00:00:05.816760,0.7229255214292368,78.59597605993517,0.008174852323318216,7,12,700,COMPLETE
375,35.35842775978254,2026-05-09 03:31:39.245838,2026-05-09 03:31:44.572895,0 days 00:00:05.327057,0.6961179915868206,72.36168584981232,0.010961962591040923,7,17,800,COMPLETE
376,35.597159837421,2026-05-09 03:31:44.572895,2026-05-09 03:31:49.981499,0 days 00:00:05.408604,0.6770955507280858,80.01162526337622,0.006978361938167882,7,23,700,COMPLETE
377,36.58432162136679,2026-05-09 03:31:49.981499,2026-05-09 03:31:54.770710,0 days 00:00:04.789211,0.7406277883181533,93.19801331125086,0.05403872040485094,7,15,800,COMPLETE
378,35.38511485893203,2026-05-09 03:31:54.770710,2026-05-09 03:32:00.516731,0 days 00:00:05.746021,0.750146905590997,84.63453781654987,0.009091994888895392,7,19,800,COMPLETE
379,35.41260890004621,2026-05-09 03:32:00.516731,2026-05-09 03:32:05.853967,0 days 00:00:05.337236,0.771478336344745,75.19477519307983,0.007973530040528596,7,20,700,COMPLETE
380,35.5609914030684,2026-05-09 03:32:05.853967,2026-05-09 03:32:10.671675,0 days 00:00:04.817708,0.7584725162203598,77.62446237000309,0.020199706077976547,7,17,800,COMPLETE
381,35.84724452683479,2026-05-09 03:32:10.671675,2026-05-09 03:32:16.002001,0 days 00:00:05.330326,0.7224146740066162,83.06144533333051,0.014609735045007411,7,13,800,COMPLETE
382,35.58509919207808,2026-05-09 03:32:16.002001,2026-05-09 03:32:21.345675,0 days 00:00:05.343674,0.7096901140946169,74.04572700767118,0.011792678128917735,7,15,800,COMPLETE
383,35.553399526171866,2026-05-09 03:32:21.345675,2026-05-09 03:32:24.967146,0 days 00:00:03.621471,0.7371162329613028,87.91287095033645,0.009893359112406082,7,18,400,COMPLETE
384,36.12798433652402,2026-05-09 03:32:24.967146,2026-05-09 03:32:31.690876,0 days 00:00:06.723730,0.780098714587008,79.87547255775237,0.00697007165730738,7,7,700,COMPLETE
385,35.513179753602564,2026-05-09 03:32:31.690876,2026-05-09 03:32:35.635787,0 days 00:00:03.944911,0.7388551233141298,76.45763293184864,0.008156953905550662,6,22,700,COMPLETE
386,35.446195060056866,2026-05-09 03:32:35.635787,2026-05-09 03:32:41.442886,0 days 00:00:05.807099,0.7654181311198892,81.43307286558152,0.009163089697609072,7,20,800,COMPLETE
387,35.927881222082405,2026-05-09 03:32:41.442886,2026-05-09 03:32:47.214724,0 days 00:00:05.771838,0.7473066867535285,90.92883854691792,0.007333136801105077,7,10,600,COMPLETE
388,43.615281762173296,2026-05-09 03:32:47.214724,2026-05-09 03:32:55.785122,0 days 00:00:08.570398,0.7252674637143933,72.22372421841722,0.0011248112150293414,7,17,800,COMPLETE
389,35.676417699006194,2026-05-09 03:32:55.785122,2026-05-09 03:33:02.500489,0 days 00:00:06.715367,0.7877695652604815,85.31252228887708,0.008560142030431282,7,15,900,COMPLETE
390,35.27945095707643,2026-05-09 03:33:02.500489,2026-05-09 03:33:07.478505,0 days 00:00:04.978016,0.755520924478549,74.66058195832073,0.010568397710286585,7,18,700,COMPLETE
391,35.42506129441382,2026-05-09 03:33:07.478505,2026-05-09 03:33:12.261701,0 days 00:00:04.783196,0.7609600363681792,78.46267809872388,0.012175790396190971,7,20,700,COMPLETE
392,38.30155284043003,2026-05-09 03:33:12.261701,2026-05-09 03:33:15.004511,0 days 00:00:02.742810,0.7551687888193303,77.05621594243829,0.01035200513115231,7,1,200,COMPLETE
393,35.42489911009719,2026-05-09 03:33:15.004511,2026-05-09 03:33:19.459440,0 days 00:00:04.454929,0.7018660319112006,75.49535947294589,0.012978628768652486,7,22,700,COMPLETE
394,35.35107436586209,2026-05-09 03:33:19.474944,2026-05-09 03:33:24.458560,0 days 00:00:04.983616,0.7436884033652036,81.92471935748777,0.010906925550258193,7,19,700,COMPLETE
395,35.88039448204504,2026-05-09 03:33:24.458560,2026-05-09 03:33:28.377417,0 days 00:00:03.918857,0.7316058745898535,74.18875908301655,0.009732594974792898,7,100,700,COMPLETE
396,35.734015586989855,2026-05-09 03:33:28.377417,2026-05-09 03:33:33.080841,0 days 00:00:04.703424,0.7753038644319844,78.94070069827171,0.010933473992826556,7,13,600,COMPLETE
397,35.41138548349537,2026-05-09 03:33:33.080841,2026-05-09 03:33:38.312939,0 days 00:00:05.232098,0.7188631008491688,81.05559905506352,0.009406172151253096,7,16,700,COMPLETE
398,35.423445778113994,2026-05-09 03:33:38.312939,2026-05-09 03:33:43.279353,0 days 00:00:04.966414,0.7580658110964894,83.71144366518321,0.013956704171871224,7,23,800,COMPLETE
399,35.43247344496531,2026-05-09 03:33:43.279353,2026-05-09 03:33:49.048797,0 days 00:00:05.769444,0.7457393501859214,75.69271440962162,0.008475896009974414,7,19,800,COMPLETE
400,35.33189649343561,2026-05-09 03:33:49.063303,2026-05-09 03:33:54.449071,0 days 00:00:05.385768,0.7680829365306349,78.03157140669863,0.011543462919620315,7,18,800,COMPLETE
401,35.675022627308124,2026-05-09 03:33:54.449071,2026-05-09 03:33:58.590235,0 days 00:00:04.141164,0.73180008682064,73.94297197036445,0.010059272146031806,7,65,700,COMPLETE
402,35.46303036301592,2026-05-09 03:33:58.590235,2026-05-09 03:34:04.549358,0 days 00:00:05.959123,0.7135242373964382,70.51454896561197,0.007744905573489563,7,15,800,COMPLETE
403,37.98286281458452,2026-05-09 03:34:04.549358,2026-05-09 03:34:07.958699,0 days 00:00:03.409341,0.6979130239369731,86.19584764757131,0.12449427035533026,7,83,800,COMPLETE
404,35.453577885164584,2026-05-09 03:34:07.958699,2026-05-09 03:34:12.612033,0 days 00:00:04.653334,0.7501445645456641,80.35697508951226,0.009170913768663361,7,21,600,COMPLETE
405,35.357104248917345,2026-05-09 03:34:12.612033,2026-05-09 03:34:17.405490,0 days 00:00:04.793457,0.7369897310360459,76.66856499315297,0.012438303539136204,7,17,700,COMPLETE
406,35.5803524509077,2026-05-09 03:34:17.405490,2026-05-09 03:34:21.994786,0 days 00:00:04.589296,0.7705723342056001,38.189666629682016,0.007840337988925852,7,19,700,COMPLETE
407,35.6474089486659,2026-05-09 03:34:21.994786,2026-05-09 03:34:25.245383,0 days 00:00:03.250597,0.7246000749735827,72.54195948452977,0.010331014013877308,5,13,800,COMPLETE
408,35.76474049077043,2026-05-09 03:34:25.245383,2026-05-09 03:34:27.074063,0 days 00:00:01.828680,0.6895488447941647,83.85928806199337,0.0158038303734263,3,16,800,COMPLETE
409,35.44381364035344,2026-05-09 03:34:27.074063,2026-05-09 03:34:33.037779,0 days 00:00:05.963716,0.7144399297401014,78.84422041825164,0.008756436403055286,7,21,900,COMPLETE
