number,value,datetime_start,datetime_complete,duration,params_colsample_bytree,params_huber_slope,params_learning_rate,params_max_depth,params_min_child_weight,params_n_estimators,state
246,35.56160688648292,2026-05-09 03:17:52.166384,2026-05-09 03:18:02.217783,0 days 00:00:10.051399,0.6373877026349977,72.33314167801619,0.005187662038747142,8,21,1000,COMPLETE
247,35.37857505791767,2026-05-09 03:18:02.217783,2026-05-09 03:18:12.673201,0 days 00:00:10.455418,0.8471465229962097,66.28047705402533,0.00571720621980531,8,20,1000,COMPLETE
248,35.383310600242396,2026-05-09 03:18:12.673201,2026-05-09 03:18:22.812851,0 days 00:00:10.139650,0.8451394718699021,66.61247337901362,0.005538216022423177,8,19,900,COMPLETE
249,35.47101446740035,2026-05-09 03:18:22.812851,2026-05-09 03:18:34.543941,0 days 00:00:11.731090,0.8386070485650317,68.60676034284651,0.004533193928657285,8,19,900,COMPLETE
250,35.306403095022446,2026-05-09 03:18:34.543941,2026-05-09 03:18:45.256778,0 days 00:00:10.712837,0.8454315068652367,70.5391282193145,0.005726493837591461,8,17,900,COMPLETE
251,35.312244121361765,2026-05-09 03:18:45.257345,2026-05-09 03:18:55.688921,0 days 00:00:10.431576,0.8419047092658783,70.45561801550694,0.005820774790499848,8,17,900,COMPLETE
252,35.84157452323775,2026-05-09 03:18:55.688921,2026-05-09 03:19:07.299525,0 days 00:00:11.610604,0.8368418091310809,75.26278516681741,0.005672015582692274,8,12,900,COMPLETE
253,35.29766604148306,2026-05-09 03:19:07.299525,2026-05-09 03:19:17.792625,0 days 00:00:10.493100,0.8455127430410053,70.486042369654,0.005813836482489354,8,17,900,COMPLETE
254,35.34578049479594,2026-05-09 03:19:17.792625,2026-05-09 03:19:28.278440,0 days 00:00:10.485815,0.844521757801893,70.60550162900165,0.005996723135663241,8,16,900,COMPLETE
255,35.326376501189756,2026-05-09 03:19:28.278440,2026-05-09 03:19:38.843648,0 days 00:00:10.565208,0.8325784714838346,72.99933559463004,0.005906727463793665,8,16,900,COMPLETE
256,35.357551740492795,2026-05-09 03:19:38.843648,2026-05-09 03:19:49.367305,0 days 00:00:10.523657,0.8384896872761438,71.57811609276204,0.005956878525441361,8,16,900,COMPLETE
257,35.372411207725364,2026-05-09 03:19:49.367305,2026-05-09 03:19:59.848657,0 days 00:00:10.481352,0.8306169893510169,73.49773692873185,0.00597552995338851,8,16,900,COMPLETE
258,35.332474545299156,2026-05-09 03:19:59.848657,2026-05-09 03:20:10.413167,0 days 00:00:10.564510,0.8274396118242735,73.90301088591788,0.0058998044739438414,8,16,900,COMPLETE
259,35.677010226884384,2026-05-09 03:20:10.413167,2026-05-09 03:20:18.178051,0 days 00:00:07.764884,0.8173066497223271,73.55645761082717,0.006074316079017275,7,13,900,COMPLETE
260,35.3731543101722,2026-05-09 03:20:18.178051,2026-05-09 03:20:28.791800,0 days 00:00:10.613749,0.8282976937790928,76.91518632327826,0.00589123581245854,8,16,900,COMPLETE
261,36.19782060150577,2026-05-09 03:20:28.791800,2026-05-09 03:20:35.485127,0 days 00:00:06.693327,0.8306886962657761,76.3046542545282,0.03409017114516127,8,16,900,COMPLETE
262,35.48707352286233,2026-05-09 03:20:35.485127,2026-05-09 03:20:46.109968,0 days 00:00:10.624841,0.8262272921059668,73.12763332912346,0.0060608447701847494,8,15,900,COMPLETE
263,35.83173169567201,2026-05-09 03:20:46.109968,2026-05-09 03:20:56.555964,0 days 00:00:10.445996,0.8070108016720551,74.6088456688408,0.007207278289596617,8,12,900,COMPLETE
264,35.79318213014307,2026-05-09 03:20:56.555964,2026-05-09 03:21:08.646696,0 days 00:00:12.090732,0.8354932486946062,78.26757680505374,0.005898185056262142,8,10,900,COMPLETE
265,35.35294913743802,2026-05-09 03:21:08.646696,2026-05-09 03:21:19.276174,0 days 00:00:10.629478,0.8207877205020274,71.03200271414973,0.005696044681369391,8,16,900,COMPLETE
266,35.34934191081537,2026-05-09 03:21:19.276174,2026-05-09 03:21:29.863918,0 days 00:00:10.587744,0.8136720912138334,71.63574737330896,0.0057067437527133546,8,16,900,COMPLETE
267,35.36183454792386,2026-05-09 03:21:29.863918,2026-05-09 03:21:40.923600,0 days 00:00:11.059682,0.817374138201686,71.02081059552835,0.006112313805812279,8,16,900,COMPLETE
268,35.32939472716982,2026-05-09 03:21:40.923600,2026-05-09 03:21:51.251446,0 days 00:00:10.327846,0.8151543445714535,70.18339699627943,0.006039623675734148,8,16,900,COMPLETE
269,35.36450400181637,2026-05-09 03:21:51.251446,2026-05-09 03:22:01.274895,0 days 00:00:10.023449,0.8110194180295769,71.17321963818242,0.006544571931574034,8,16,900,COMPLETE
270,35.53032370279833,2026-05-09 03:22:01.275612,2026-05-09 03:22:11.444319,0 days 00:00:10.168707,0.8103757922005997,71.08165076188834,0.00670705394677159,8,14,900,COMPLETE
271,35.31198619732796,2026-05-09 03:22:11.444319,2026-05-09 03:22:18.504374,0 days 00:00:07.060055,0.8161154492391208,73.94832889523943,0.007275397667288165,7,17,900,COMPLETE
272,35.34891516129879,2026-05-09 03:22:18.504374,2026-05-09 03:22:25.179903,0 days 00:00:06.675529,0.8124441565357562,75.53987929545579,0.00711218341216268,7,16,800,COMPLETE
273,35.34798289724577,2026-05-09 03:22:25.179903,2026-05-09 03:22:32.233977,0 days 00:00:07.054074,0.7957839197410104,76.86024111425377,0.006365605338038117,7,17,900,COMPLETE
274,35.4726230617412,2026-05-09 03:22:32.233977,2026-05-09 03:22:39.459863,0 days 00:00:07.225886,0.7909388988136727,80.88063154413766,0.006232558493189528,7,16,900,COMPLETE
275,35.33261521095311,2026-05-09 03:22:39.459863,2026-05-09 03:22:46.286301,0 days 00:00:06.826438,0.8007527984007499,77.37175586024048,0.007184177775952118,7,17,900,COMPLETE
276,35.89844061676747,2026-05-09 03:22:46.286301,2026-05-09 03:22:52.269707,0 days 00:00:05.983406,0.8070640146661966,77.86091247441355,0.022971314013958355,7,16,900,COMPLETE
277,35.325035985740385,2026-05-09 03:22:52.269707,2026-05-09 03:22:59.006745,0 days 00:00:06.737038,0.79451608253396,75.52030971377293,0.007386297943915834,7,17,900,COMPLETE
278,35.31440588801631,2026-05-09 03:22:59.006745,2026-05-09 03:23:05.265409,0 days 00:00:06.258664,0.7996116164585634,75.41249226173491,0.007368393076886428,7,17,800,COMPLETE
279,35.33661194676985,2026-05-09 03:23:05.265409,2026-05-09 03:23:11.383823,0 days 00:00:06.118414,0.7991560709247795,74.5122249134007,0.007718745403477397,7,17,800,COMPLETE
280,35.70914994176186,2026-05-09 03:23:11.383823,2026-05-09 03:23:17.970994,0 days 00:00:06.587171,0.786771514149545,75.0605610007851,0.007313835059565646,7,13,800,COMPLETE
281,35.38635513041673,2026-05-09 03:23:17.970994,2026-05-09 03:23:24.197014,0 days 00:00:06.226020,0.7939823810680209,75.6533567103713,0.0074771796301560025,7,17,800,COMPLETE
282,35.87514856267126,2026-05-09 03:23:24.197014,2026-05-09 03:23:30.937547,0 days 00:00:06.740533,0.7748786200830479,79.71457610881407,0.007118688506616378,7,11,800,COMPLETE
283,35.32449196113823,2026-05-09 03:23:30.937547,2026-05-09 03:23:37.778902,0 days 00:00:06.841355,0.797557825833892,72.21830400788633,0.00679408855327838,7,17,900,COMPLETE
284,35.54320672067054,2026-05-09 03:23:37.778902,2026-05-09 03:23:44.196076,0 days 00:00:06.417174,0.7838451201759988,73.26315433375964,0.007329651993576101,7,14,800,COMPLETE
285,35.35027121909809,2026-05-09 03:23:44.211709,2026-05-09 03:23:50.823215,0 days 00:00:06.611506,0.801947067680234,77.80570868788915,0.007897098931072712,7,17,900,COMPLETE
286,35.26741479529416,2026-05-09 03:23:50.823215,2026-05-09 03:23:57.230128,0 days 00:00:06.406913,0.806125734166898,79.06270878624592,0.008017734814598708,7,18,800,COMPLETE
287,35.39467107790166,2026-05-09 03:23:57.230128,2026-05-09 03:24:03.550861,0 days 00:00:06.320733,0.8008024488344329,79.07011720474149,0.007712447637119589,7,17,800,COMPLETE
288,35.78824403593255,2026-05-09 03:24:03.550861,2026-05-09 03:24:09.926569,0 days 00:00:06.375708,0.8012373526782647,81.83136519581892,0.008012712052588434,7,13,800,COMPLETE
289,35.276244112892435,2026-05-09 03:24:09.926569,2026-05-09 03:24:16.317006,0 days 00:00:06.390437,0.798465135892831,77.25031428464678,0.008509824369534564,7,18,900,COMPLETE
290,35.33719960007814,2026-05-09 03:24:16.317006,2026-05-09 03:24:22.324067,0 days 00:00:06.007061,0.7905602668043816,77.07300957723433,0.008294647451007062,7,17,800,COMPLETE
291,35.32630759432883,2026-05-09 03:24:22.324067,2026-05-09 03:24:28.065266,0 days 00:00:05.741199,0.7975113283486869,77.42507830536326,0.009239694298629553,7,18,800,COMPLETE
292,35.27074913457926,2026-05-09 03:24:28.065266,2026-05-09 03:24:34.096990,0 days 00:00:06.031724,0.7965040990106587,76.83084459186942,0.007924783886753021,7,18,800,COMPLETE
293,35.32723000248978,2026-05-09 03:24:34.096990,2026-05-09 03:24:39.874557,0 days 00:00:05.777567,0.7661325083465914,77.08964027529791,0.009316222948945341,7,18,800,COMPLETE
294,35.70631464994765,2026-05-09 03:24:39.874557,2026-05-09 03:24:45.785996,0 days 00:00:05.911439,0.7594380654797601,76.9606753816375,0.00936015021865819,7,14,800,COMPLETE
295,35.292747724335086,2026-05-09 03:24:45.785996,2026-05-09 03:24:51.799868,0 days 00:00:06.013872,0.7693020265418967,80.27416521684373,0.008289776185279716,7,18,800,COMPLETE
296,35.289257181296016,2026-05-09 03:24:51.799868,2026-05-09 03:24:57.586395,0 days 00:00:05.786527,0.7708489473896898,80.49562162797959,0.009080168917836851,7,18,800,COMPLETE
297,35.32049892642526,2026-05-09 03:24:57.586395,2026-05-09 03:25:03.380722,0 days 00:00:05.794327,0.7416441146159631,81.39936854107192,0.0089248385433412,7,18,800,COMPLETE
298,35.31364989069915,2026-05-09 03:25:03.380722,2026-05-09 03:25:09.071829,0 days 00:00:05.691107,0.7446840796222537,81.70265858897913,0.009366331117267373,7,18,800,COMPLETE
299,35.4357127054531,2026-05-09 03:25:09.071829,2026-05-09 03:25:14.368002,0 days 00:00:05.296173,0.7431535271026573,81.76288652231457,0.012634375644205427,7,17,800,COMPLETE
300,35.34579450071472,2026-05-09 03:25:14.368002,2026-05-09 03:25:20.037754,0 days 00:00:05.669752,0.769394437256431,79.68055164233643,0.009662938555321056,7,18,800,COMPLETE
301,35.364607821595754,2026-05-09 03:25:20.037754,2026-05-09 03:25:25.223041,0 days 00:00:05.185287,0.7693984088942322,84.77826164074922,0.009871303424612829,7,18,700,COMPLETE
302,35.35452016610596,2026-05-09 03:25:25.223041,2026-05-09 03:25:30.906647,0 days 00:00:05.683606,0.7520019929800263,80.36331262055526,0.00944754491616203,7,18,800,COMPLETE
303,35.334796667205744,2026-05-09 03:25:30.906647,2026-05-09 03:25:36.694383,0 days 00:00:05.787736,0.7658930192131688,81.90447157445986,0.009181337388448254,7,18,800,COMPLETE
304,35.890060851700724,2026-05-09 03:25:36.694383,2026-05-09 03:25:42.597790,0 days 00:00:05.903407,0.7436734284911999,87.49585947065368,0.011618540897188988,7,11,800,COMPLETE
305,35.72736109547579,2026-05-09 03:25:42.597790,2026-05-09 03:25:48.241547,0 days 00:00:05.643757,0.778504291288011,82.33166706440844,0.008741080712699117,7,14,700,COMPLETE
306,35.31532141771608,2026-05-09 03:25:48.241547,2026-05-09 03:25:53.705201,0 days 00:00:05.463654,0.7228558989257129,79.10931034779166,0.010758184031338087,7,18,800,COMPLETE
307,35.30520616166063,2026-05-09 03:25:53.705201,2026-05-09 03:25:59.185919,0 days 00:00:05.480718,0.7299041990036569,83.35546846804353,0.010708663712326573,7,18,800,COMPLETE
308,35.47362826262598,2026-05-09 03:25:59.185919,2026-05-09 03:26:04.452877,0 days 00:00:05.266958,0.7076781056477996,81.57645434532263,0.010519418891273096,7,21,800,COMPLETE
309,35.255171268862156,2026-05-09 03:26:04.452877,2026-05-09 03:26:09.465519,0 days 00:00:05.012642,0.7254700517673242,85.74253221395271,0.0105393226693894,7,18,700,COMPLETE
310,35.394837652257294,2026-05-09 03:26:09.465519,2026-05-09 03:26:14.235665,0 days 00:00:04.770146,0.7230825255654664,85.10349646660646,0.013616516350480543,7,19,700,COMPLETE
311,35.472318946825865,2026-05-09 03:26:14.235665,2026-05-09 03:26:19.558376,0 days 00:00:05.322711,0.7182706083791166,79.55828180078502,0.01063741138625021,7,21,800,COMPLETE
312,35.38031447470668,2026-05-09 03:26:19.558376,2026-05-09 03:26:24.379848,0 days 00:00:04.821472,0.7361009832571594,83.03487618332757,0.01199615877276403,7,18,700,COMPLETE
313,35.80158307159585,2026-05-09 03:26:24.379848,2026-05-09 03:26:30.460555,0 days 00:00:06.080707,0.7513891440474122,87.7747293835767,0.00934670443494172,7,13,800,COMPLETE
314,35.37797959548711,2026-05-09 03:26:30.460555,2026-05-09 03:26:35.949171,0 days 00:00:05.488616,0.7630198007171264,79.2735336940627,0.01094523027240512,7,18,800,COMPLETE
315,35.74658584318918,2026-05-09 03:26:35.949171,2026-05-09 03:26:40.963132,0 days 00:00:05.013961,0.7401932813825298,84.10742309560386,0.008951064686299819,7,14,600,COMPLETE
316,35.34254119164166,2026-05-09 03:26:40.963132,2026-05-09 03:26:46.165005,0 days 00:00:05.201873,0.709326164550468,80.89762994641194,0.012195021294490809,7,19,800,COMPLETE
317,35.48753598431081,2026-05-09 03:26:46.180630,2026-05-09 03:26:51.148948,0 days 00:00:04.968318,0.7836890392977247,79.07223209488386,0.015075168159445426,7,21,800,COMPLETE
318,35.74346813843731,2026-05-09 03:26:51.148948,2026-05-09 03:26:56.523610,0 days 00:00:05.374662,0.7234631030280654,86.54547616557093,0.01006217632527501,7,14,700,COMPLETE
319,35.41987559300712,2026-05-09 03:26:56.523610,2026-05-09 03:27:00.941755,0 days 00:00:04.418145,0.7583928491181685,82.95406049813788,0.008740663483766285,6,18,800,COMPLETE
320,35.54548865865106,2026-05-09 03:27:00.941755,2026-05-09 03:27:05.635898,0 days 00:00:04.694143,0.7713812907766062,77.39504373038602,0.011209967682645509,7,52,800,COMPLETE
321,35.416516469683316,2026-05-09 03:27:05.635898,2026-05-09 03:27:10.743310,0 days 00:00:05.107412,0.7306869457451789,75.41692424429317,0.008466601598050655,7,22,700,COMPLETE
322,35.811434679847125,2026-05-09 03:27:10.758942,2026-05-09 03:27:17.279694,0 days 00:00:06.520752,0.7506709607360933,78.75542708008741,0.00956340175061616,7,9,800,COMPLETE
323,35.78937789301641,2026-05-09 03:27:17.279694,2026-05-09 03:27:23.455565,0 days 00:00:06.175871,0.6992007310388935,74.85620965803817,0.008387464456371369,7,12,800,COMPLETE
324,35.39050808418339,2026-05-09 03:27:23.455565,2026-05-09 03:27:28.564039,0 days 00:00:05.108474,0.732070922306725,81.56838974718708,0.010131229038616778,7,19,700,COMPLETE
325,43.57792532704788,2026-05-09 03:27:28.564039,2026-05-09 03:27:29.965599,0 days 00:00:01.401560,0.7734444277057699,89.31528361233703,0.009233980388852989,7,14,100,COMPLETE
326,35.305250457062954,2026-05-09 03:27:29.965599,2026-05-09 03:27:35.974103,0 days 00:00:06.008504,0.7823545124722416,77.53423880120275,0.007991170628257677,7,18,800,COMPLETE
327,35.37096009772135,2026-05-09 03:27:35.974103,2026-05-09 03:27:41.885463,0 days 00:00:05.911360,0.7848467315005573,77.0143144136229,0.00816148847231062,7,21,800,COMPLETE
328,35.526532949039385,2026-05-09 03:27:41.885463,2026-05-09 03:27:47.645781,0 days 00:00:05.760318,0.7916591894446902,73.54191968794476,0.0077426662351061494,7,15,700,COMPLETE
329,35.413025850216954,2026-05-09 03:27:47.645781,2026-05-09 03:27:52.854302,0 days 00:00:05.208521,0.780592719213944,78.63316302529107,0.013756086618249716,7,18,800,COMPLETE
330,35.41148186362174,2026-05-09 03:27:52.854302,2026-05-09 03:27:58.447873,0 days 00:00:05.593571,0.7949651953084649,75.4828621881868,0.0107856536155209,7,20,800,COMPLETE
331,35.64761319401676,2026-05-09 03:27:58.447873,2026-05-09 03:28:03.111676,0 days 00:00:04.663803,0.8019003337550252,84.12108909094444,0.00791851274752138,6,15,800,COMPLETE
332,35.63952395504357,2026-05-09 03:28:03.111676,2026-05-09 03:28:08.667070,0 days 00:00:05.555394,0.7113968717451707,74.28463598019246,0.008138768371169783,7,73,900,COMPLETE
333,36.14998146595362,2026-05-09 03:28:08.667070,2026-05-09 03:28:14.540167,0 days 00:00:05.873097,0.780945786328311,77.48664560730549,0.01791974651115429,7,12,900,COMPLETE
334,35.26695854254763,2026-05-09 03:28:14.540167,2026-05-09 03:28:21.071028,0 days 00:00:06.530861,0.7376074758454914,73.61255501597898,0.007298778056120345,7,18,900,COMPLETE
335,35.44737312355508,2026-05-09 03:28:21.071028,2026-05-09 03:28:26.623214,0 days 00:00:05.552186,0.7393605569004672,72.92904342939754,0.009051413492787168,7,22,800,COMPLETE
336,35.38307249751317,2026-05-09 03:28:26.623214,2026-05-09 03:28:32.243007,0 days 00:00:05.619793,0.7505129568365994,73.82228088539736,0.01249511275857994,7,19,800,COMPLETE
337,35.641795201951446,2026-05-09 03:28:32.243007,2026-05-09 03:28:38.902086,0 days 00:00:06.659079,0.725189828151318,80.81630040701138,0.007810840471418865,7,15,900,COMPLETE
338,35.30941574665836,2026-05-09 03:28:38.902086,2026-05-09 03:28:44.436802,0 days 00:00:05.534716,0.7610795205704449,76.11430566449434,0.010424839655482273,7,18,800,COMPLETE
339,35.44095777175109,2026-05-09 03:28:44.436802,2026-05-09 03:28:49.845717,0 days 00:00:05.408915,0.7560333223032307,79.22739047262658,0.010215055821346228,7,21,800,COMPLETE
340,35.26607090035676,2026-05-09 03:28:49.845717,2026-05-09 03:28:54.775511,0 days 00:00:04.929794,0.7411625907662714,75.92484009511293,0.011353125116588734,7,18,700,COMPLETE
341,35.30301137809936,2026-05-09 03:28:54.775511,2026-05-09 03:28:59.613578,0 days 00:00:04.838067,0.7429547204336018,76.01956776903138,0.011351823652736072,7,19,700,COMPLETE
342,35.39696700979631,2026-05-09 03:28:59.613578,2026-05-09 03:29:04.234619,0 days 00:00:04.621041,0.738737547661422,76.33171489031571,0.012917517651620535,7,20,700,COMPLETE
343,35.45684741058123,2026-05-09 03:29:04.234619,2026-05-09 03:29:09.098822,0 days 00:00:04.864203,0.7462267521606109,85.75063279676944,0.010726612324508705,7,22,700,COMPLETE
344,35.607817392680545,2026-05-09 03:29:09.098822,2026-05-09 03:29:13.219284,0 days 00:00:04.120462,0.7295943963561874,80.03792834703239,0.011684979513076406,7,56,700,COMPLETE
345,35.71106527130182,2026-05-09 03:29:13.219284,2026-05-09 03:29:16.769073,0 days 00:00:03.549789,0.7362732433411546,30.82075486272791,0.014289498579480708,7,18,600,COMPLETE
346,35.460392982736465,2026-05-09 03:29:16.784579,2026-05-09 03:29:21.642500,0 days 00:00:04.857921,0.746825644903465,75.67183114347327,0.010441202281365584,7,20,700,COMPLETE
347,35.294704299661895,2026-05-09 03:29:21.642500,2026-05-09 03:29:26.499057,0 days 00:00:04.856557,0.7181315910033403,82.94807625365114,0.011557588916700135,7,18,700,COMPLETE
348,35.34373779208725,2026-05-09 03:29:26.499057,2026-05-09 03:29:30.836161,0 days 00:00:04.337104,0.7174026328159286,83.25333208408624,0.012124298746310368,7,19,600,COMPLETE
349,35.35569845014079,2026-05-09 03:29:30.836161,2026-05-09 03:29:35.715335,0 days 00:00:04.879174,0.7328454482599338,80.608529118917,0.01169624971514811,7,18,700,COMPLETE
350,35.404565848156366,2026-05-09 03:29:35.715335,2026-05-09 03:29:40.470786,0 days 00:00:04.755451,0.7058328875008691,85.4024664057253,0.011233605497864728,7,20,700,COMPLETE
351,35.55841997135808,2026-05-09 03:29:40.470786,2026-05-09 03:29:44.282002,0 days 00:00:03.811216,0.7189001047034875,89.89077798076836,0.009660849644513289,6,22,700,COMPLETE
352,35.8101859127974,2026-05-09 03:29:44.282002,2026-05-09 03:29:50.619038,0 days 00:00:06.337036,0.7606446441169967,83.1364040160829,0.013455767551512433,7,14,800,COMPLETE
353,35.490807474586624,2026-05-09 03:29:50.619038,2026-05-09 03:29:55.868709,0 days 00:00:05.249671,0.6867709619176906,78.5316478722907,0.01502674049618856,7,18,700,COMPLETE
354,35.37885350744154,2026-05-09 03:29:55.868709,2026-05-09 03:30:02.085651,0 days 00:00:06.216942,0.7279014802974716,81.24577290457144,0.008704819816355312,7,22,800,COMPLETE
355,35.35533814520878,2026-05-09 03:30:02.085651,2026-05-09 03:30:07.118566,0 days 00:00:05.032915,0.7439661008794675,75.10764551999827,0.010208837179216251,7,18,700,COMPLETE
356,35.48574412353595,2026-05-09 03:30:07.118566,2026-05-09 03:30:11.983075,0 days 00:00:04.864509,0.7759146757265961,77.74217681187798,0.009054334704253675,7,15,600,COMPLETE
357,35.43275381282456,2026-05-09 03:30:11.983075,2026-05-09 03:30:17.217236,0 days 00:00:05.234161,0.7872885125641874,86.51188055616416,0.01276502650834244,7,20,800,COMPLETE
358,35.79701268749795,2026-05-09 03:30:17.217236,2026-05-09 03:30:22.910402,0 days 00:00:05.693166,0.763783009427468,79.64029918849783,0.011162025648799891,7,13,800,COMPLETE
359,35.34642047243185,2026-05-09 03:30:22.910402,2026-05-09 03:30:28.733676,0 days 00:00:05.823274,0.717528881315789,75.8438057803336,0.008409349062939366,7,17,800,COMPLETE
360,35.62976741395788,2026-05-09 03:30:28.733676,2026-05-09 03:30:33.931734,0 days 00:00:05.198058,0.7486694697672205,83.01620959796236,0.010297516168745236,7,15,700,COMPLETE
361,35.82219440311813,2026-05-09 03:30:33.931734,2026-05-09 03:30:40.330098,0 days 00:00:06.398364,0.7330406043730953,72.99774194095377,0.0076877509309672635,7,11,800,COMPLETE
362,35.30544954765404,2026-05-09 03:30:40.330098,2026-05-09 03:30:45.455811,0 days 00:00:05.125713,0.6994928773696921,78.748726362897,0.009265110988205663,7,18,700,COMPLETE
363,35.98717782332485,2026-05-09 03:30:45.455811,2026-05-09 03:30:47.643030,0 days 00:00:02.187219,0.7001432537761151,79.74502519535177,0.010028703295218938,4,21,700,COMPLETE
364,35.372579920865874,2026-05-09 03:30:47.643030,2026-05-09 03:30:51.674516,0 days 00:00:04.031486,0.7569681449219244,82.2944708272497,0.016627669406852143,7,17,600,COMPLETE
365,35.49906432429164,2026-05-09 03:30:51.674516,2026-05-09 03:30:56.987970,0 days 00:00:05.313454,0.6876771503601369,75.87612694258793,0.007416501449312245,7,20,700,COMPLETE
366,35.70558499150694,2026-05-09 03:30:56.987970,2026-05-09 03:31:01.992838,0 days 00:00:05.004868,0.7130663163129604,84.41807947522676,0.011762238549977544,7,14,700,COMPLETE
367,35.29069954911305,2026-05-09 03:31:01.992838,2026-05-09 03:31:07.239272,0 days 00:00:05.246434,0.6966384571715345,78.14337470679142,0.008584003732406004,7,18,700,COMPLETE
368,35.59899789817216,2026-05-09 03:31:07.239272,2026-05-09 03:31:11.070936,0 days 00:00:03.831664,0.6924657702247876,87.37832717963502,0.008684963246416011,6,22,700,COMPLETE
369,35.42832893372738,2026-05-09 03:31:11.070936,2026-05-09 03:31:16.093105,0 days 00:00:05.022169,0.6785459167035963,80.98413377162687,0.009391534061239689,7,19,700,COMPLETE
