number,value,datetime_start,datetime_complete,duration,params_colsample_bytree,params_huber_slope,params_learning_rate,params_max_depth,params_min_child_weight,params_n_estimators,state
123,35.63478958823943,2026-05-09 02:57:38.610368,2026-05-09 02:57:48.919462,0 days 00:00:10.309094,0.910327582947291,50.440153015286185,0.008526825078287437,9,16,800,COMPLETE
124,35.61699626418744,2026-05-09 02:57:48.919462,2026-05-09 02:57:58.970751,0 days 00:00:10.051289,0.8823059506271254,41.29904031863308,0.0074713264406550415,9,14,800,COMPLETE
125,35.51824756667669,2026-05-09 02:57:58.970751,2026-05-09 02:58:09.823582,0 days 00:00:10.852831,0.8728209177801105,56.392729672584764,0.010649067436445286,9,17,900,COMPLETE
126,35.73760082525328,2026-05-09 02:58:09.823582,2026-05-09 02:58:18.228110,0 days 00:00:08.404528,0.9005533141439673,25.936915952595946,0.005567224591923512,9,22,800,COMPLETE
127,35.53089374457282,2026-05-09 02:58:18.228110,2026-05-09 02:58:43.960336,0 days 00:00:25.732226,0.8281810128466235,53.010675965163564,0.004794420838677261,10,13,1500,COMPLETE
128,39.93630025371416,2026-05-09 02:58:43.960336,2026-05-09 02:58:51.157098,0 days 00:00:07.196762,0.8919509087890506,62.86038160754959,0.2988523311694817,9,25,900,COMPLETE
129,35.875233130269024,2026-05-09 02:58:51.157098,2026-05-09 02:59:04.565834,0 days 00:00:13.408736,0.9128514755336975,58.52380553151844,0.0039575011841211215,9,19,700,COMPLETE
130,35.59460423388144,2026-05-09 02:59:04.565834,2026-05-09 02:59:17.696467,0 days 00:00:13.130633,0.7281520493918096,68.99616551986855,0.009033120556117932,10,15,800,COMPLETE
131,35.40256932121071,2026-05-09 02:59:17.696467,2026-05-09 02:59:27.367771,0 days 00:00:09.671304,0.8532254194868222,59.8154747055752,0.006336683621112127,8,22,1000,COMPLETE
132,35.46355300109028,2026-05-09 02:59:27.367771,2026-05-09 02:59:37.166854,0 days 00:00:09.799083,0.8539699002541191,61.05392181752054,0.007796368637800545,8,21,1100,COMPLETE
133,35.418997112454335,2026-05-09 02:59:37.166854,2026-05-09 02:59:47.332413,0 days 00:00:10.165559,0.8571758253320204,59.868167578001966,0.006579994932226143,8,22,1100,COMPLETE
134,35.44407979361781,2026-05-09 02:59:47.332413,2026-05-09 02:59:57.430447,0 days 00:00:10.098034,0.8533295283117591,60.6148820992667,0.006426736270282185,8,24,1100,COMPLETE
135,35.47174539278348,2026-05-09 02:59:57.430447,2026-05-09 03:00:07.176178,0 days 00:00:09.745731,0.8504458252864319,63.9266479157655,0.007770573083420685,8,24,1100,COMPLETE
136,35.586950211897694,2026-05-09 03:00:07.176178,2026-05-09 03:00:16.750632,0 days 00:00:09.574454,0.6699552844563305,60.788725126770025,0.006519865871121536,8,18,1100,COMPLETE
137,35.512840445981865,2026-05-09 03:00:16.750632,2026-05-09 03:00:26.833960,0 days 00:00:10.083328,0.8407990023348748,55.92678758323858,0.005995275395757579,8,23,1100,COMPLETE
138,35.44540686959413,2026-05-09 03:00:26.833960,2026-05-09 03:00:37.218047,0 days 00:00:10.384087,0.8550516289189146,66.01492717753162,0.007156367523705349,8,26,1200,COMPLETE
139,35.50509268435893,2026-05-09 03:00:37.218047,2026-05-09 03:00:47.434933,0 days 00:00:10.216886,0.855728198148507,66.17470478972577,0.007692840150054909,8,26,1200,COMPLETE
140,35.51399017365297,2026-05-09 03:00:47.434933,2026-05-09 03:00:57.074300,0 days 00:00:09.639367,0.8288543002568188,62.009763849155824,0.01046338892274088,8,21,1200,COMPLETE
141,35.4254570457683,2026-05-09 03:00:57.074300,2026-05-09 03:01:06.731278,0 days 00:00:09.656978,0.8400804051442778,58.65880173801913,0.006992655386679431,8,25,1100,COMPLETE
142,35.448403549517955,2026-05-09 03:01:06.731278,2026-05-09 03:01:16.553600,0 days 00:00:09.822322,0.8627190377129204,58.04756364070189,0.007087856819491003,8,22,1100,COMPLETE
143,35.4728008411153,2026-05-09 03:01:16.553600,2026-05-09 03:01:26.757564,0 days 00:00:10.203964,0.8633783917083899,57.89226290509603,0.005715435740275479,8,19,1000,COMPLETE
144,35.4680844364346,2026-05-09 03:01:26.757564,2026-05-09 03:01:36.188281,0 days 00:00:09.430717,0.8123683088448015,58.68429872158211,0.007141523817118556,8,26,1100,COMPLETE
145,35.49268886548583,2026-05-09 03:01:36.188281,2026-05-09 03:01:46.061144,0 days 00:00:09.872863,0.8399854882574493,56.6555751091286,0.006724281272056682,8,17,1000,COMPLETE
146,35.43455733704475,2026-05-09 03:01:46.061144,2026-05-09 03:01:56.875419,0 days 00:00:10.814275,0.8460892410135757,64.39614539080908,0.005000893973688303,8,28,1100,COMPLETE
147,35.785860990500915,2026-05-09 03:01:56.875419,2026-05-09 03:02:05.371222,0 days 00:00:08.495803,0.8455915118350306,64.25187502126997,0.005005540592757842,8,76,1100,COMPLETE
148,35.4101483330896,2026-05-09 03:02:05.371222,2026-05-09 03:02:14.592846,0 days 00:00:09.221624,0.8803870590232086,60.33227883905186,0.0097849579759543,8,31,1200,COMPLETE
149,35.58487421603927,2026-05-09 03:02:14.592846,2026-05-09 03:02:24.230720,0 days 00:00:09.637874,0.8860989497212339,66.47338245212907,0.009552779235661002,8,28,1200,COMPLETE
150,35.54458350741544,2026-05-09 03:02:24.230720,2026-05-09 03:02:32.990569,0 days 00:00:08.759849,0.8748092989473746,59.975899285300976,0.011596736411218908,8,33,1200,COMPLETE
151,35.435423090748046,2026-05-09 03:02:32.990569,2026-05-09 03:02:43.083825,0 days 00:00:10.093256,0.8623690511505623,62.526840887229234,0.005918493457600458,8,30,1100,COMPLETE
152,35.4086624929067,2026-05-09 03:02:43.083825,2026-05-09 03:02:52.391318,0 days 00:00:09.307493,0.8276025219207358,63.08262688594123,0.006009194384511452,8,30,1000,COMPLETE
153,35.37598060465756,2026-05-09 03:02:52.391318,2026-05-09 03:03:02.331995,0 days 00:00:09.940677,0.826070621999046,62.764676294199624,0.0054842748544707475,8,32,1100,COMPLETE
154,35.41307256209485,2026-05-09 03:03:02.331995,2026-05-09 03:03:13.332182,0 days 00:00:11.000187,0.8243983823994371,62.017920792249875,0.004520806161610756,8,30,1100,COMPLETE
155,35.45560765344272,2026-05-09 03:03:13.332182,2026-05-09 03:03:23.657468,0 days 00:00:10.325286,0.823694111355921,62.77411160365387,0.004498000264547715,8,31,1000,COMPLETE
156,35.52512166961576,2026-05-09 03:03:23.657468,2026-05-09 03:03:33.813893,0 days 00:00:10.156425,0.8053399582663887,71.49382666149741,0.005331838746466365,8,38,1100,COMPLETE
157,36.582325820435635,2026-05-09 03:03:33.813893,2026-05-09 03:03:36.395555,0 days 00:00:02.581662,0.8344915536243606,67.88351238639942,0.004792592370975455,3,35,1000,COMPLETE
158,35.382830000910154,2026-05-09 03:03:36.395555,2026-05-09 03:03:45.583494,0 days 00:00:09.187939,0.8244007174779674,63.18941808676742,0.005946725951803118,8,32,1000,COMPLETE
159,35.37904859489101,2026-05-09 03:03:45.583494,2026-05-09 03:03:55.013229,0 days 00:00:09.429735,0.825626144334252,63.99434019202714,0.00554212884916997,8,32,1000,COMPLETE
160,35.66447456339278,2026-05-09 03:03:55.013229,2026-05-09 03:04:01.944703,0 days 00:00:06.931474,0.8180379344236772,54.01413003138247,0.016317322123679374,8,32,1000,COMPLETE
161,35.40827309686908,2026-05-09 03:04:01.944703,2026-05-09 03:04:11.598165,0 days 00:00:09.653462,0.8322962913178443,64.15361988266582,0.005560694156340784,8,30,1000,COMPLETE
162,35.55074921857318,2026-05-09 03:04:11.598165,2026-05-09 03:04:20.633876,0 days 00:00:09.035711,0.8009870521022541,64.70576160626968,0.0055390595620075506,8,34,1000,COMPLETE
163,35.43522619867483,2026-05-09 03:04:20.649503,2026-05-09 03:04:30.216515,0 days 00:00:09.567012,0.8278175625866134,69.58076102781561,0.006143143184377285,8,29,1000,COMPLETE
164,35.44143532735751,2026-05-09 03:04:30.216515,2026-05-09 03:04:38.404469,0 days 00:00:08.187954,0.8136156595727659,64.02102207941908,0.008590431116232176,8,32,1000,COMPLETE
165,35.49701484795875,2026-05-09 03:04:38.404469,2026-05-09 03:04:47.835725,0 days 00:00:09.431256,0.8386767586235139,59.06931937389466,0.004963560543432716,8,36,1000,COMPLETE
166,35.397991061367414,2026-05-09 03:04:47.835725,2026-05-09 03:04:58.023539,0 days 00:00:10.187814,0.8457520113435023,61.68838621594659,0.005479172217248666,8,30,1100,COMPLETE
167,37.483788608777466,2026-05-09 03:04:58.023539,2026-05-09 03:05:03.643470,0 days 00:00:05.619931,0.7823093064012336,57.15697014270714,0.10926535501889975,8,33,1000,COMPLETE
168,35.44402033148151,2026-05-09 03:05:03.643470,2026-05-09 03:05:12.169359,0 days 00:00:08.525889,0.8218939240695949,61.21067801253536,0.008104287071063252,8,39,1100,COMPLETE
169,35.60179929540315,2026-05-09 03:05:12.169359,2026-05-09 03:05:20.790509,0 days 00:00:08.621150,0.8353839162423701,51.87913920607259,0.005983923049030688,8,35,1000,COMPLETE
170,35.776104843469774,2026-05-09 03:05:20.790509,2026-05-09 03:05:30.196107,0 days 00:00:09.405598,0.5833072594006791,55.547166953738945,0.0043748707494879685,8,31,1100,COMPLETE
171,35.44975449477853,2026-05-09 03:05:30.211733,2026-05-09 03:05:40.553777,0 days 00:00:10.342044,0.8467099418325845,63.96480520690633,0.005537635602713472,8,28,1100,COMPLETE
172,35.433020282158665,2026-05-09 03:05:40.553777,2026-05-09 03:05:50.931962,0 days 00:00:10.378185,0.8308457433702423,67.3908487571594,0.004810047774539838,8,30,1000,COMPLETE
173,35.53780255881661,2026-05-09 03:05:50.931962,2026-05-09 03:06:02.392492,0 days 00:00:11.460530,0.8325757377639246,67.48336937426559,0.003805918764100708,8,30,1000,COMPLETE
174,35.5162034485653,2026-05-09 03:06:02.392492,2026-05-09 03:06:11.193914,0 days 00:00:08.801422,0.8102422935326362,62.26001184645003,0.006495902973792586,8,33,1000,COMPLETE
175,35.546212769242885,2026-05-09 03:06:11.193914,2026-05-09 03:06:21.152409,0 days 00:00:09.958495,0.8205458258514674,58.96361484559076,0.0046038419966277925,8,31,1000,COMPLETE
176,35.48231810267147,2026-05-09 03:06:21.152409,2026-05-09 03:06:29.802937,0 days 00:00:08.650528,0.8682669803395888,60.26171368662828,0.005344582907171821,8,37,900,COMPLETE
177,35.448350690182885,2026-05-09 03:06:29.802937,2026-05-09 03:06:38.320375,0 days 00:00:08.517438,0.843112871552183,61.985983694953084,0.007930708744094432,8,29,1000,COMPLETE
178,35.61000103290446,2026-05-09 03:06:38.320375,2026-05-09 03:06:46.706440,0 days 00:00:08.386065,0.7979153020300218,57.180208902798356,0.00949620947516853,8,34,1200,COMPLETE
179,35.620475316983885,2026-05-09 03:06:46.706440,2026-05-09 03:06:54.577394,0 days 00:00:07.870954,0.546099831771827,65.94991276362047,0.006300368130601506,8,26,900,COMPLETE
180,35.45222746198862,2026-05-09 03:06:54.577394,2026-05-09 03:07:04.599364,0 days 00:00:10.021970,0.8274029770117335,54.165139768433264,0.0053796231301858986,8,28,1100,COMPLETE
181,35.59721907187054,2026-05-09 03:07:04.599364,2026-05-09 03:07:13.249753,0 days 00:00:08.650389,0.8472948008171071,35.03215638145942,0.00492089943072232,8,30,1100,COMPLETE
182,35.440645701567135,2026-05-09 03:07:13.265375,2026-05-09 03:07:24.987836,0 days 00:00:11.722461,0.8397877117359598,64.72857535292009,0.0042470093868520594,8,27,1100,COMPLETE
183,35.484166585658556,2026-05-09 03:07:24.987836,2026-05-09 03:07:36.455982,0 days 00:00:11.468146,0.8774518755141976,68.39091582663487,0.005776694618530896,8,28,1200,COMPLETE
184,35.37730242222152,2026-05-09 03:07:36.455982,2026-05-09 03:07:45.341372,0 days 00:00:08.885390,0.8570412761609749,63.571582573757354,0.006855632289580133,8,32,1000,COMPLETE
185,35.3844216242165,2026-05-09 03:07:45.341372,2026-05-09 03:07:54.012126,0 days 00:00:08.670754,0.8551371518884618,59.86948491061605,0.006987298833556142,8,32,1000,COMPLETE
186,35.495637146777426,2026-05-09 03:07:54.012126,2026-05-09 03:08:04.167328,0 days 00:00:10.155202,0.8604636467822874,59.229763024649614,0.007072780465737851,9,39,1000,COMPLETE
187,35.35580116645171,2026-05-09 03:08:04.167328,2026-05-09 03:08:11.785280,0 days 00:00:07.617952,0.8709711865003223,61.50255147466302,0.008632492465324855,8,32,900,COMPLETE
188,35.5202272194108,2026-05-09 03:08:11.800976,2026-05-09 03:08:20.210288,0 days 00:00:08.409312,0.8727086320143638,61.493334594302205,0.006839712898374995,8,33,900,COMPLETE
189,35.516955093904855,2026-05-09 03:08:20.210288,2026-05-09 03:08:28.899437,0 days 00:00:08.689149,0.8530891606595612,63.2580892345983,0.007853234130722088,8,36,1000,COMPLETE
190,36.03738570605992,2026-05-09 03:08:28.899437,2026-05-09 03:08:35.527524,0 days 00:00:06.628087,0.8606276174457306,59.89034859944908,0.027080076227085807,8,43,1000,COMPLETE
191,35.58565043093385,2026-05-09 03:08:35.527524,2026-05-09 03:08:42.945624,0 days 00:00:07.418100,0.8836375269073287,56.112338498135465,0.008679476667891478,8,35,900,COMPLETE
192,35.74535199368868,2026-05-09 03:08:42.945624,2026-05-09 03:08:49.974428,0 days 00:00:07.028804,0.8670706090618573,57.63544263354048,0.009646506426885195,8,61,1000,COMPLETE
193,35.45743514729029,2026-05-09 03:08:49.974428,2026-05-09 03:08:58.649394,0 days 00:00:08.674966,0.8766508220866437,61.588486087571916,0.006133053943041018,8,32,900,COMPLETE
194,35.63961672219848,2026-05-09 03:08:58.649394,2026-05-09 03:09:05.923183,0 days 00:00:07.273789,0.8521053404146112,59.78480371620868,0.007404588471940722,9,32,500,COMPLETE
195,35.68525148486609,2026-05-09 03:09:05.923183,2026-05-09 03:09:13.423942,0 days 00:00:07.500759,0.8399238528864074,52.91327252709132,0.01039508484222567,8,34,1000,COMPLETE
196,35.40934488754719,2026-05-09 03:09:13.423942,2026-05-09 03:09:22.241142,0 days 00:00:08.817200,0.8885127663650274,55.93763145410183,0.008384804567954696,8,30,1100,COMPLETE
197,35.40923351988952,2026-05-09 03:09:22.241142,2026-05-09 03:09:31.956761,0 days 00:00:09.715619,0.8885506106223314,62.94729991393224,0.006610143472375939,8,30,1100,COMPLETE
198,35.4573081738095,2026-05-09 03:09:31.956761,2026-05-09 03:09:41.726972,0 days 00:00:09.770211,0.8703694212306406,63.41192244371364,0.006593623629479457,8,30,1100,COMPLETE
199,35.48653589466653,2026-05-09 03:09:41.726972,2026-05-09 03:09:50.957512,0 days 00:00:09.230540,0.8925983048226673,65.19736080467557,0.008163127825130009,8,31,1100,COMPLETE
200,35.491444336133746,2026-05-09 03:09:50.957512,2026-05-09 03:09:59.839643,0 days 00:00:08.882131,0.8579126279476145,62.3095670780806,0.0073261465746442605,8,37,1100,COMPLETE
201,35.516193095044194,2026-05-09 03:09:59.839643,2026-05-09 03:10:09.619983,0 days 00:00:09.780340,0.8842187837236944,58.320907972520786,0.005910571564176983,8,32,1100,COMPLETE
202,35.50366157688204,2026-05-09 03:10:09.631489,2026-05-09 03:10:19.196983,0 days 00:00:09.565494,0.878687605057344,59.96925369901659,0.006380875773215054,8,26,1000,COMPLETE
203,35.49992775749781,2026-05-09 03:10:19.196983,2026-05-09 03:10:29.066819,0 days 00:00:09.869836,0.8489843571488718,61.57210970420798,0.005621422865768518,8,34,1100,COMPLETE
204,35.53133754806269,2026-05-09 03:10:29.066819,2026-05-09 03:10:37.319857,0 days 00:00:08.253038,0.8671840603584577,57.77156219398657,0.009011465012285278,8,29,1000,COMPLETE
205,35.432822984268384,2026-05-09 03:10:37.333862,2026-05-09 03:10:47.833935,0 days 00:00:10.500073,0.8348103128895203,65.7532656667089,0.006993410365321325,8,25,1200,COMPLETE
206,35.52319589213887,2026-05-09 03:10:47.833935,2026-05-09 03:10:57.169407,0 days 00:00:09.335472,0.8914195458429282,63.23970480817113,0.007781447512868193,8,31,1100,COMPLETE
207,35.4750818116896,2026-05-09 03:10:57.169407,2026-05-09 03:11:04.428859,0 days 00:00:07.259452,0.817838732571977,55.06651573806424,0.005327598695263323,7,28,1000,COMPLETE
208,35.50728808825023,2026-05-09 03:11:04.428859,2026-05-09 03:11:13.341667,0 days 00:00:08.912808,0.8604971573574851,61.15851422163413,0.006470931272494407,8,33,1000,COMPLETE
209,35.6717769125774,2026-05-09 03:11:13.341667,2026-05-09 03:11:21.773579,0 days 00:00:08.431912,0.8272562304589863,70.10375817980122,0.01138816515217036,8,30,1100,COMPLETE
210,35.50367133286572,2026-05-09 03:11:21.773579,2026-05-09 03:11:30.637217,0 days 00:00:08.863638,0.842931589387152,59.46709493724282,0.005955548828527215,8,35,1000,COMPLETE
211,35.47766500384553,2026-05-09 03:11:30.637217,2026-05-09 03:11:42.257453,0 days 00:00:11.620236,0.8869348295028188,56.01494352206097,0.008836752912947202,9,14,900,COMPLETE
212,35.51599850727437,2026-05-09 03:11:42.257453,2026-05-09 03:11:51.456083,0 days 00:00:09.198630,0.8724713360661533,56.99234430073279,0.00827302581991401,8,27,1100,COMPLETE
213,36.114319523476865,2026-05-09 03:11:51.456083,2026-05-09 03:11:57.967026,0 days 00:00:06.510943,0.5059404154325182,54.1980745458751,0.007171532541651947,9,92,1000,COMPLETE
214,35.6801142564395,2026-05-09 03:11:57.976530,2026-05-09 03:12:06.233557,0 days 00:00:08.257027,0.903807100661031,50.41533561295062,0.010495155281608723,8,32,1100,COMPLETE
215,35.2941662931045,2026-05-09 03:12:06.233557,2026-05-09 03:12:16.659003,0 days 00:00:10.425446,0.8574582642685619,64.02573719648265,0.006635267634727217,8,16,1000,COMPLETE
216,35.40676432355032,2026-05-09 03:12:16.664441,2026-05-09 03:12:27.212338,0 days 00:00:10.547897,0.8526675513338695,64.13509760341273,0.005293701352544749,8,23,1000,COMPLETE
217,35.391228978834434,2026-05-09 03:12:27.212338,2026-05-09 03:12:36.801093,0 days 00:00:09.588755,0.8506419664561079,64.68188449920198,0.006434853631518239,8,25,1000,COMPLETE
218,35.45738162605001,2026-05-09 03:12:36.801093,2026-05-09 03:12:46.713946,0 days 00:00:09.912853,0.8537657861235761,66.4724471362083,0.00574355351950119,8,29,1000,COMPLETE
219,35.45074615656124,2026-05-09 03:12:46.713946,2026-05-09 03:12:55.603031,0 days 00:00:08.889085,0.8505925332188446,64.29367906619788,0.006477319257057897,8,27,900,COMPLETE
220,35.41318652780875,2026-05-09 03:12:55.603031,2026-05-09 03:13:06.096277,0 days 00:00:10.493246,0.8616159009064636,63.441727085068656,0.005166878567569786,8,23,1000,COMPLETE
221,35.412172874848395,2026-05-09 03:13:06.096277,2026-05-09 03:13:16.597063,0 days 00:00:10.500786,0.8639087308017241,63.900878033555244,0.005286426113695232,8,23,1000,COMPLETE
222,35.402282068557405,2026-05-09 03:13:16.612693,2026-05-09 03:13:27.026226,0 days 00:00:10.413533,0.8653883681066664,66.16665343774726,0.005282542581669865,8,24,1000,COMPLETE
223,35.39551691900491,2026-05-09 03:13:27.026226,2026-05-09 03:13:37.987843,0 days 00:00:10.961617,0.8680503290233843,67.60115487395821,0.004798267655544389,8,24,1000,COMPLETE
224,35.400617016644674,2026-05-09 03:13:37.988843,2026-05-09 03:13:48.854858,0 days 00:00:10.866015,0.8699839918957009,68.00438510795439,0.005092985175399985,8,24,1000,COMPLETE
225,35.35030306082756,2026-05-09 03:13:48.854858,2026-05-09 03:13:59.019047,0 days 00:00:10.164189,0.8803714070014914,68.5097019392004,0.005829155501197083,8,25,1000,COMPLETE
226,35.4546896743286,2026-05-09 03:13:59.034551,2026-05-09 03:14:10.442206,0 days 00:00:11.407655,0.8692860221755216,72.13578059943748,0.004676171792562141,8,24,1000,COMPLETE
227,35.540550050192714,2026-05-09 03:14:10.442206,2026-05-09 03:14:18.645832,0 days 00:00:08.203626,0.8773254950369738,68.85988087311263,0.005839139924718133,8,48,900,COMPLETE
228,35.37404600129942,2026-05-09 03:14:18.645832,2026-05-09 03:14:29.767297,0 days 00:00:11.121465,0.8499623508102417,69.89332231598127,0.005211723166171663,8,20,1000,COMPLETE
229,35.48932777242904,2026-05-09 03:14:29.767297,2026-05-09 03:14:41.789578,0 days 00:00:12.022281,0.8464260719289286,69.96521610964538,0.004222153417797384,8,21,1000,COMPLETE
230,35.35971240791975,2026-05-09 03:14:41.789578,2026-05-09 03:14:53.258380,0 days 00:00:11.468802,0.853771625480002,67.29115359200138,0.005177260030687842,8,19,1000,COMPLETE
231,35.40103374821139,2026-05-09 03:14:53.258380,2026-05-09 03:15:04.351831,0 days 00:00:11.093451,0.8555214327938753,67.52610653785511,0.0052828794144961205,8,19,1000,COMPLETE
232,35.38756778109588,2026-05-09 03:15:04.351831,2026-05-09 03:15:15.654773,0 days 00:00:11.302942,0.8546698516541124,67.12478570366764,0.00500420868127223,8,19,1000,COMPLETE
233,35.35177099471919,2026-05-09 03:15:15.654773,2026-05-09 03:15:27.589519,0 days 00:00:11.934746,0.8541661089538358,67.69070440170276,0.004908652206094974,8,16,1000,COMPLETE
234,35.384915734893205,2026-05-09 03:15:27.589519,2026-05-09 03:15:39.104659,0 days 00:00:11.515140,0.8551194387638357,71.73553692442503,0.004882460369358572,8,20,1000,COMPLETE
235,35.55274187716685,2026-05-09 03:15:39.104659,2026-05-09 03:15:52.234027,0 days 00:00:13.129368,0.8636203590433632,73.18237315839667,0.003794545431518256,8,19,1000,COMPLETE
236,35.46932451900621,2026-05-09 03:15:52.234027,2026-05-09 03:16:03.839757,0 days 00:00:11.605730,0.8529056620032004,71.17297869643362,0.0046068803736856985,8,17,900,COMPLETE
237,35.39118919281029,2026-05-09 03:16:03.839757,2026-05-09 03:16:15.836524,0 days 00:00:11.996767,0.8646783193547175,67.94713899883487,0.004259325556804585,8,20,1000,COMPLETE
238,35.472192806968806,2026-05-09 03:16:15.836524,2026-05-09 03:16:28.400440,0 days 00:00:12.563916,0.8599114794972917,74.72982783061742,0.004125180959553296,8,20,1000,COMPLETE
239,35.41002775931524,2026-05-09 03:16:28.400440,2026-05-09 03:16:39.893839,0 days 00:00:11.493399,0.8439935901111207,68.32198418869505,0.00477818329555975,8,19,1000,COMPLETE
240,35.62571671670959,2026-05-09 03:16:39.893839,2026-05-09 03:16:52.372213,0 days 00:00:12.478374,0.8658247955079842,67.25944934190157,0.003567179423664692,8,18,900,COMPLETE
241,35.42262597197896,2026-05-09 03:16:52.372213,2026-05-09 03:17:04.536318,0 days 00:00:12.164105,0.8706763694405588,69.2628090357333,0.005141636956949095,8,15,1000,COMPLETE
242,35.529950459483416,2026-05-09 03:17:04.536318,2026-05-09 03:17:17.214515,0 days 00:00:12.678197,0.8518933037452567,66.91515151121344,0.004209913306920497,8,17,1000,COMPLETE
243,35.42634329200543,2026-05-09 03:17:17.214515,2026-05-09 03:17:29.668902,0 days 00:00:12.454387,0.8580193240058803,70.52674610016533,0.00482640218972233,8,15,1000,COMPLETE
244,35.35990408258661,2026-05-09 03:17:29.668902,2026-05-09 03:17:40.500064,0 days 00:00:10.831162,0.8443761123914124,66.96772382316652,0.005362822650521215,8,20,1000,COMPLETE
245,35.425228352682296,2026-05-09 03:17:40.500064,2026-05-09 03:17:52.166384,0 days 00:00:11.666320,0.8416310179894132,67.42298902190142,0.004492246587577335,8,20,1000,COMPLETE
