number,value,datetime_start,datetime_complete,duration,params_alpha,params_feature_fraction,params_learning_rate,params_max_depth,params_min_child_samples,params_n_estimators,params_num_leaves,state
120,59.70723806334204,2026-05-07 18:19:21.439362,2026-05-07 18:19:26.994667,0 days 00:00:05.555305,56.168460151895246,0.8303127460903778,0.00031526367125608623,7,106,1026,136,COMPLETE
121,35.886327869899546,2026-05-07 18:19:26.994667,2026-05-07 18:19:30.616566,0 days 00:00:03.621899,84.6189027916795,0.8631787792486928,0.00728983438323727,7,110,948,120,COMPLETE
122,35.77845802375474,2026-05-07 18:19:30.616566,2026-05-07 18:19:33.837004,0 days 00:00:03.220438,87.53247900484035,0.9610047647436027,0.008815299280205618,7,85,865,117,COMPLETE
123,35.7912997488555,2026-05-07 18:19:33.837004,2026-05-07 18:19:37.017087,0 days 00:00:03.180083,87.6328113415528,0.9651319661316509,0.009281828684002997,7,96,969,112,COMPLETE
124,35.791616235334466,2026-05-07 18:19:37.017087,2026-05-07 18:19:39.827764,0 days 00:00:02.810677,87.81439812855221,0.9589318930443633,0.010955882108842973,7,88,867,112,COMPLETE
125,35.78004942794028,2026-05-07 18:19:39.827764,2026-05-07 18:19:42.661574,0 days 00:00:02.833810,88.37708434005528,0.9991936183268526,0.01116737420699757,7,84,882,100,COMPLETE
126,35.85720893631391,2026-05-07 18:19:42.661574,2026-05-07 18:19:45.747732,0 days 00:00:03.086158,93.96399999771162,0.9873895611093153,0.014201768950796514,8,84,907,100,COMPLETE
127,35.932289035084544,2026-05-07 18:19:45.747732,2026-05-07 18:19:48.952737,0 days 00:00:03.205005,89.95446405459434,0.9700131964651036,0.006484223964315149,7,102,825,114,COMPLETE
128,35.754848681958244,2026-05-07 18:19:48.952737,2026-05-07 18:19:51.965843,0 days 00:00:03.013106,87.06748192524725,0.9830785250455384,0.009128763149288828,7,82,858,116,COMPLETE
129,35.98143662466292,2026-05-07 18:19:51.965843,2026-05-07 18:19:54.578978,0 days 00:00:02.613135,82.56294174946491,0.9856125477123306,0.01926579385327515,7,84,896,92,COMPLETE
130,36.247471858560885,2026-05-07 18:19:54.578978,2026-05-07 18:19:58.823317,0 days 00:00:04.244339,92.41039861235036,0.9982975493705979,0.004370687152229996,7,76,849,125,COMPLETE
131,35.81052950175931,2026-05-07 18:19:58.823317,2026-05-07 18:20:01.924798,0 days 00:00:03.101481,88.04700277172186,0.9643551427123888,0.00984586004672395,7,91,966,109,COMPLETE
132,36.14589854340419,2026-05-07 18:20:01.924798,2026-05-07 18:20:05.237284,0 days 00:00:03.312486,33.71443478765824,0.9471707512768384,0.008825173056118149,7,82,871,102,COMPLETE
133,35.78997083069918,2026-05-07 18:20:05.237284,2026-05-07 18:20:08.088390,0 days 00:00:02.851106,95.52608133557415,0.9803063614998546,0.012342177920921727,8,87,729,115,COMPLETE
134,35.80893988519288,2026-05-07 18:20:08.088390,2026-05-07 18:20:11.086798,0 days 00:00:02.998408,95.72394306093706,0.999442745269929,0.011677918241861929,8,69,678,122,COMPLETE
135,36.1139729135046,2026-05-07 18:20:11.086798,2026-05-07 18:20:15.173741,0 days 00:00:04.086943,100.3235455803276,0.9757950431975138,0.005833904538360899,8,88,700,117,COMPLETE
136,35.83993525007778,2026-05-07 18:20:15.173741,2026-05-07 18:20:19.518367,0 days 00:00:04.344626,90.82615157992186,0.9295864621380092,0.007057939942737395,9,85,811,117,COMPLETE
137,36.11621949658181,2026-05-07 18:20:19.518367,2026-05-07 18:20:22.943122,0 days 00:00:03.424755,95.26693114961652,0.9809588237277658,0.01391980790990137,7,77,1158,132,COMPLETE
138,36.91598091010496,2026-05-07 18:20:22.943122,2026-05-07 18:20:27.635077,0 days 00:00:04.691955,86.10771639601892,0.9518497169136435,0.00380020567955667,8,81,753,126,COMPLETE
139,36.0539253956739,2026-05-07 18:20:27.635077,2026-05-07 18:20:33.294152,0 days 00:00:05.659075,102.68269300844597,0.9868269900037775,0.004912234081729594,10,71,733,130,COMPLETE
140,35.7076887198516,2026-05-07 18:20:33.294152,2026-05-07 18:20:36.137901,0 days 00:00:02.843749,109.72190333656245,0.9433256677057389,0.012003752606771325,7,84,926,112,COMPLETE
141,35.86493100897987,2026-05-07 18:20:36.137901,2026-05-07 18:20:39.271059,0 days 00:00:03.133158,109.65859654350378,0.943909293318324,0.011682151106498742,7,87,926,106,COMPLETE
142,35.96098752735351,2026-05-07 18:20:39.271059,2026-05-07 18:20:41.490269,0 days 00:00:02.219210,99.93735993819882,0.9586602738992626,0.016647644906961807,7,114,795,112,COMPLETE
143,35.765336017096345,2026-05-07 18:20:41.490269,2026-05-07 18:20:44.796675,0 days 00:00:03.306406,93.77644134071059,0.9254307242955886,0.007756920226665172,7,77,855,115,COMPLETE
144,35.746047013282364,2026-05-07 18:20:44.796675,2026-05-07 18:20:47.764145,0 days 00:00:02.967470,106.61382859419425,0.9225451588082978,0.009684331187665637,7,76,866,115,COMPLETE
145,35.749462194361634,2026-05-07 18:20:47.764145,2026-05-07 18:20:50.913342,0 days 00:00:03.149197,106.43817505508525,0.9270200968426928,0.009296113203234582,7,75,870,116,COMPLETE
146,35.74565717865861,2026-05-07 18:20:50.913342,2026-05-07 18:20:53.965663,0 days 00:00:03.052321,109.1094179749733,0.9184306056914726,0.009611426772990246,7,76,791,115,COMPLETE
147,35.74971458704944,2026-05-07 18:20:53.965663,2026-05-07 18:20:56.747345,0 days 00:00:02.781682,108.89832836042062,0.929212571651382,0.010095331761331894,7,77,795,109,COMPLETE
148,35.75511637493089,2026-05-07 18:20:56.747345,2026-05-07 18:20:59.737564,0 days 00:00:02.990219,109.83837876203128,0.9252366461067909,0.00964149946917144,7,76,850,109,COMPLETE
149,35.71676848803396,2026-05-07 18:20:59.737564,2026-05-07 18:21:02.587163,0 days 00:00:02.849599,109.79623137496588,0.919760521548617,0.009364569368911972,7,77,780,110,COMPLETE
150,35.74718128360743,2026-05-07 18:21:02.587163,2026-05-07 18:21:05.358571,0 days 00:00:02.771408,109.61792404593487,0.9171774221953807,0.009609550276437603,7,77,777,110,COMPLETE
151,35.74988149840564,2026-05-07 18:21:05.358571,2026-05-07 18:21:08.349855,0 days 00:00:02.991284,109.50080602595517,0.9346296746888971,0.008483060215773096,7,76,791,110,COMPLETE
152,35.71869328085487,2026-05-07 18:21:08.349855,2026-05-07 18:21:11.175432,0 days 00:00:02.825577,109.24559912979359,0.9180887947150336,0.010051725428784034,7,76,809,109,COMPLETE
153,35.75271633710597,2026-05-07 18:21:11.175432,2026-05-07 18:21:13.955458,0 days 00:00:02.780026,108.14730538674425,0.9221308232327903,0.009891818330036035,7,78,783,109,COMPLETE
154,35.74801712471382,2026-05-07 18:21:13.971082,2026-05-07 18:21:16.755544,0 days 00:00:02.784462,108.81333105413141,0.9224736337956974,0.009767093775857891,7,77,776,110,COMPLETE
155,35.76143100877186,2026-05-07 18:21:16.755544,2026-05-07 18:21:19.480650,0 days 00:00:02.725106,109.70407440395377,0.921880272757529,0.010146601198665603,7,77,781,108,COMPLETE
156,35.87591520065245,2026-05-07 18:21:19.480650,2026-05-07 18:21:21.991500,0 days 00:00:02.510850,109.78525505783738,0.9172361515300769,0.0143229021100483,7,68,779,108,COMPLETE
157,35.78281977001264,2026-05-07 18:21:21.991500,2026-05-07 18:21:24.809467,0 days 00:00:02.817967,107.42341930831124,0.9340318939687947,0.010742189802672471,7,65,798,104,COMPLETE
158,35.78003237002033,2026-05-07 18:21:24.809467,2026-05-07 18:21:27.280373,0 days 00:00:02.470906,107.00695394150442,0.9112438484317866,0.010129364635235234,7,77,652,111,COMPLETE
159,35.90693600308152,2026-05-07 18:21:27.280373,2026-05-07 18:21:29.651250,0 days 00:00:02.370877,108.39300732262286,0.9240119849399766,0.016101348698307965,7,71,768,110,COMPLETE
160,35.8179900368924,2026-05-07 18:21:29.651250,2026-05-07 18:21:32.193194,0 days 00:00:02.541944,105.15634837067975,0.9406857430756539,0.0133806061801061,7,79,812,106,COMPLETE
161,35.745275330243814,2026-05-07 18:21:32.193194,2026-05-07 18:21:34.889077,0 days 00:00:02.695883,109.16252121414271,0.9277343085023083,0.009643382676340205,7,76,716,103,COMPLETE
162,35.717296869255065,2026-05-07 18:21:34.889077,2026-05-07 18:21:37.556648,0 days 00:00:02.667571,109.45907089470354,0.9068865486594613,0.00955594184911716,7,76,714,102,COMPLETE
163,35.70442253375041,2026-05-07 18:21:37.556648,2026-05-07 18:21:40.143473,0 days 00:00:02.586825,109.93851271360779,0.9086049986047442,0.010126440007571859,7,76,717,97,COMPLETE
164,35.75071823174177,2026-05-07 18:21:40.156482,2026-05-07 18:21:43.025368,0 days 00:00:02.868886,105.7201678408955,0.908004093197933,0.009363042964596118,7,75,718,96,COMPLETE
165,35.738901999830674,2026-05-07 18:21:43.025368,2026-05-07 18:21:45.718331,0 days 00:00:02.692963,109.86015419437636,0.9105781471670342,0.009646061399635008,7,75,716,96,COMPLETE
166,35.797749781311964,2026-05-07 18:21:45.718331,2026-05-07 18:21:47.647867,0 days 00:00:01.929536,105.32903944553601,0.904519030567046,0.01782992419018267,7,80,594,95,COMPLETE
167,35.79300091915441,2026-05-07 18:21:47.647867,2026-05-07 18:21:49.968391,0 days 00:00:02.320524,106.35861885496803,0.9091780700439163,0.01306250634704449,7,73,672,96,COMPLETE
168,35.761826089400756,2026-05-07 18:21:49.968391,2026-05-07 18:21:52.638861,0 days 00:00:02.670470,109.961630879596,0.9124470821043453,0.00938176805959297,7,75,715,98,COMPLETE
169,35.73613570895889,2026-05-07 18:21:52.638861,2026-05-07 18:21:55.205343,0 days 00:00:02.566482,103.78493911673675,0.9355892086233688,0.010799186461857986,7,80,747,92,COMPLETE
170,35.756565163126105,2026-05-07 18:21:55.205343,2026-05-07 18:21:57.502844,0 days 00:00:02.297501,104.05400040999504,0.9348416706159217,0.013926602917927322,7,79,695,86,COMPLETE
171,35.72201656085725,2026-05-07 18:21:57.502844,2026-05-07 18:22:00.070236,0 days 00:00:02.567392,106.45335574805459,0.8951748497254244,0.010841550446147147,7,81,742,102,COMPLETE
172,35.7339104044692,2026-05-07 18:22:00.075244,2026-05-07 18:22:02.650940,0 days 00:00:02.575696,106.58375544664186,0.8985008936701924,0.010708251064336195,7,80,738,91,COMPLETE
173,35.72450384306104,2026-05-07 18:22:02.650940,2026-05-07 18:22:05.163838,0 days 00:00:02.512898,104.38308078955274,0.904594318607894,0.012157603279659387,7,81,746,91,COMPLETE
174,35.73655058800905,2026-05-07 18:22:05.163838,2026-05-07 18:22:07.634444,0 days 00:00:02.470606,103.15465570208409,0.8946629572932524,0.011845723557140019,7,81,740,102,COMPLETE
175,36.16157190730145,2026-05-07 18:22:07.634444,2026-05-07 18:22:09.743100,0 days 00:00:02.108656,102.90339830707654,0.8972080611280685,0.026190342169335423,7,81,746,91,COMPLETE
176,35.73881963491673,2026-05-07 18:22:09.743100,2026-05-07 18:22:11.751327,0 days 00:00:02.008227,104.62556734297713,0.8929948806246452,0.01571956097939271,7,82,619,103,COMPLETE
177,35.893716159736066,2026-05-07 18:22:11.751880,2026-05-07 18:22:13.483225,0 days 00:00:01.731345,104.54106811659494,0.8885871789638815,0.02319496827836928,7,82,602,103,COMPLETE
178,35.85495754813239,2026-05-07 18:22:13.483225,2026-05-07 18:22:15.422760,0 days 00:00:01.939535,102.53320072937954,0.8995328072237742,0.018817489897657563,7,80,644,88,COMPLETE
179,35.86681591870688,2026-05-07 18:22:15.438264,2026-05-07 18:22:17.741163,0 days 00:00:02.302899,106.19517253988607,0.8841366677171673,0.015609029628445108,7,73,750,99,COMPLETE
180,35.78444510775891,2026-05-07 18:22:17.741163,2026-05-07 18:22:20.190726,0 days 00:00:02.449563,99.89772255622708,0.9024343294931481,0.01215347892796333,7,69,696,93,COMPLETE
181,35.737044593916934,2026-05-07 18:22:20.190726,2026-05-07 18:22:22.716355,0 days 00:00:02.525629,106.77337092888642,0.9169116226327494,0.011139145748785571,7,79,731,85,COMPLETE
182,35.7342224797287,2026-05-07 18:22:22.716355,2026-05-07 18:22:25.160850,0 days 00:00:02.444495,106.0349878438757,0.9149517128089012,0.011930290656751111,7,83,730,80,COMPLETE
183,35.72322131942277,2026-05-07 18:22:25.160850,2026-05-07 18:22:27.551759,0 days 00:00:02.390909,103.14156832383753,0.9150421662465804,0.01211488503858516,7,84,723,77,COMPLETE
184,35.75471770750516,2026-05-07 18:22:27.551759,2026-05-07 18:22:29.582445,0 days 00:00:02.030686,103.20058081791446,0.9120806517374849,0.014935942107273134,7,83,624,73,COMPLETE
185,35.726222689277364,2026-05-07 18:22:29.582445,2026-05-07 18:22:31.866683,0 days 00:00:02.284238,99.81038794323811,0.8884091107103091,0.012274491081850771,7,81,676,77,COMPLETE
186,35.71314497400406,2026-05-07 18:22:31.866683,2026-05-07 18:22:33.874224,0 days 00:00:02.007541,99.9224814739215,0.8898552082018567,0.01266921016179864,7,84,553,76,COMPLETE
187,35.772722612927296,2026-05-07 18:22:33.874224,2026-05-07 18:22:35.800941,0 days 00:00:01.926717,99.07685406196859,0.8904384382274758,0.019630684414024383,8,85,543,76,COMPLETE
188,35.73032698675679,2026-05-07 18:22:35.800941,2026-05-07 18:22:38.085255,0 days 00:00:02.284314,101.29321789842675,0.8777165183157278,0.012227882602717968,7,81,667,81,COMPLETE
189,35.69409521477518,2026-05-07 18:22:38.085255,2026-05-07 18:22:40.326286,0 days 00:00:02.241031,100.39141335896744,0.8751856881268729,0.012705289329956383,7,82,665,80,COMPLETE
190,35.745455718982946,2026-05-07 18:22:40.326286,2026-05-07 18:22:42.485002,0 days 00:00:02.158716,101.08524047811437,0.8733267233761891,0.016368926851635362,7,82,665,81,COMPLETE
191,35.73201659224044,2026-05-07 18:22:42.485002,2026-05-07 18:22:44.398982,0 days 00:00:01.913980,102.55833896757194,0.8794992351209908,0.01255123871634797,7,85,509,78,COMPLETE
192,35.770516603361855,2026-05-07 18:22:44.398982,2026-05-07 18:22:46.346478,0 days 00:00:01.947496,98.7558987576791,0.8792931548631092,0.012649300625719851,7,88,544,84,COMPLETE
193,35.76980482916919,2026-05-07 18:22:46.346478,2026-05-07 18:22:48.148758,0 days 00:00:01.802280,103.07121049081056,0.8552969615987925,0.012966886219721993,7,85,476,77,COMPLETE
194,35.72324979726033,2026-05-07 18:22:48.148758,2026-05-07 18:22:49.877497,0 days 00:00:01.728739,101.19665847349954,0.8934640667986341,0.014545337165686666,7,81,486,65,COMPLETE
195,35.7560422786234,2026-05-07 18:22:49.877497,2026-05-07 18:22:51.318583,0 days 00:00:01.441086,98.55505837539201,0.8877460210284902,0.02083843775087898,7,81,434,70,COMPLETE
196,35.71491980723367,2026-05-07 18:22:51.318583,2026-05-07 18:22:53.041082,0 days 00:00:01.722499,101.60232247530551,0.8708480560061355,0.015818599334722145,7,84,500,80,COMPLETE
197,35.781147986841496,2026-05-07 18:22:53.041082,2026-05-07 18:22:54.986699,0 days 00:00:01.945617,100.86906519394596,0.8694574845584573,0.01215368184771666,7,88,509,65,COMPLETE
198,35.73350530671464,2026-05-07 18:22:54.986699,2026-05-07 18:22:56.646292,0 days 00:00:01.659593,101.8896086055242,0.8647268850094327,0.014650724374715372,7,85,450,80,COMPLETE
199,35.77117834779678,2026-05-07 18:22:56.646292,2026-05-07 18:22:58.111688,0 days 00:00:01.465396,97.0411435456934,0.8607799901610697,0.01699637597083322,7,91,412,79,COMPLETE
200,36.00265301984374,2026-05-07 18:22:58.111688,2026-05-07 18:22:59.519634,0 days 00:00:01.407946,101.84316319828072,0.8765835032920397,0.029934180551030268,7,85,496,82,COMPLETE
201,35.763608778388814,2026-05-07 18:22:59.519634,2026-05-07 18:23:01.117752,0 days 00:00:01.598118,103.51373468513246,0.899503945775829,0.014703557647541221,7,83,401,86,COMPLETE
202,35.81592336954945,2026-05-07 18:23:01.117752,2026-05-07 18:23:03.190345,0 days 00:00:02.072593,99.71725923017624,0.8842840492642744,0.011658146299746987,7,80,484,74,COMPLETE
203,35.831073022496966,2026-05-07 18:23:03.190345,2026-05-07 18:23:04.896719,0 days 00:00:01.706374,104.62563328167164,0.8975090779237738,0.013398344847192371,7,89,454,60,COMPLETE
204,35.79119801360086,2026-05-07 18:23:04.897316,2026-05-07 18:23:06.880888,0 days 00:00:01.983572,101.77691890336868,0.8672965897277248,0.01754510903527687,7,85,676,70,COMPLETE
205,35.77581883540428,2026-05-07 18:23:06.880888,2026-05-07 18:23:09.298547,0 days 00:00:02.417659,105.0986330967917,0.8475451281804298,0.011711779676518033,7,79,730,79,COMPLETE
206,36.02304964504666,2026-05-07 18:23:09.298547,2026-05-07 18:23:10.875154,0 days 00:00:01.576607,98.57440724219474,0.40453426930309094,0.014938297205883275,7,83,566,84,COMPLETE
207,36.006009627049615,2026-05-07 18:23:10.875154,2026-05-07 18:23:12.815033,0 days 00:00:01.939879,105.7467287911926,0.8802916751032608,0.022073794321595303,7,85,694,76,COMPLETE
208,35.822306195342705,2026-05-07 18:23:12.815033,2026-05-07 18:23:14.941917,0 days 00:00:02.126884,96.57891705893934,0.9011082673598492,0.011428108553090392,7,80,526,89,COMPLETE
209,35.80455664012719,2026-05-07 18:23:14.941917,2026-05-07 18:23:16.318834,0 days 00:00:01.376917,102.15902716362595,0.8900679960936564,0.018304415150028515,7,90,379,81,COMPLETE
210,35.77467210192374,2026-05-07 18:23:16.318834,2026-05-07 18:23:18.625849,0 days 00:00:02.307015,100.62000086603445,0.8668444012982446,0.013717897172429288,7,87,753,84,COMPLETE
211,35.750181385527,2026-05-07 18:23:18.625849,2026-05-07 18:23:20.601786,0 days 00:00:01.975937,104.65925170493179,0.8989391425843274,0.015841131849035822,7,82,618,78,COMPLETE
212,35.73006777994548,2026-05-07 18:23:20.601786,2026-05-07 18:23:22.773769,0 days 00:00:02.171983,106.20433795535857,0.8875922874033557,0.011857592850606273,7,80,646,49,COMPLETE
213,35.78284837130741,2026-05-07 18:23:22.773769,2026-05-07 18:23:25.123516,0 days 00:00:02.349747,106.28913464146804,0.9087239410075211,0.011306334844607075,7,80,659,74,COMPLETE
214,37.03207310824759,2026-05-07 18:23:25.123516,2026-05-07 18:23:28.427384,0 days 00:00:03.303868,103.03043359064776,0.8782512991556819,0.013489309478815253,7,11,741,87,COMPLETE
215,35.77607226146789,2026-05-07 18:23:28.427384,2026-05-07 18:23:30.261872,0 days 00:00:01.834488,106.46603286359542,0.8557476214826214,0.011892175954916139,7,84,458,92,COMPLETE
216,35.745970328441175,2026-05-07 18:23:30.261872,2026-05-07 18:23:32.709817,0 days 00:00:02.447945,98.25147601057697,0.8875088084020984,0.011228148686420534,7,79,687,81,COMPLETE
217,35.70187932945257,2026-05-07 18:23:32.709817,2026-05-07 18:23:35.569439,0 days 00:00:02.859622,101.17469034688882,0.9074230068956479,0.014761912155187927,7,86,640,50,COMPLETE
218,35.81825452741602,2026-05-07 18:23:35.569439,2026-05-07 18:23:37.361463,0 days 00:00:01.792024,99.74810873552205,0.8290315032487081,0.015153904473249236,7,89,578,50,COMPLETE
219,39.202085040711225,2026-05-07 18:23:37.361463,2026-05-07 18:23:39.355134,0 days 00:00:01.993671,48.357701934842595,0.90535184394045,0.2598172773621391,8,93,649,48,COMPLETE
220,36.111905446597724,2026-05-07 18:23:39.355134,2026-05-07 18:23:41.827133,0 days 00:00:02.471999,27.697138698603258,0.8941215249218739,0.013645656708164708,7,86,697,56,COMPLETE
221,35.740997826281266,2026-05-07 18:23:41.827133,2026-05-07 18:23:44.321922,0 days 00:00:02.494789,106.45603016830667,0.909283856146179,0.012711838262366226,7,83,727,68,COMPLETE
222,35.791547548561354,2026-05-07 18:23:44.321922,2026-05-07 18:23:46.896355,0 days 00:00:02.574433,102.95071367463214,0.8772353715270655,0.010980953563069324,7,79,511,42,COMPLETE
223,35.79977228205244,2026-05-07 18:23:46.896355,2026-05-07 18:23:48.626595,0 days 00:00:01.730240,106.25030531970562,0.9405867954488343,0.018586205470320562,7,82,635,30,COMPLETE
224,35.759988315084605,2026-05-07 18:23:48.626595,2026-05-07 18:23:50.877459,0 days 00:00:02.250864,101.29167061810537,0.9147701169587072,0.014812315890909799,7,86,755,53,COMPLETE
225,35.746611134873675,2026-05-07 18:23:50.877459,2026-05-07 18:23:53.247960,0 days 00:00:02.370501,96.05605294910514,0.8902329073502786,0.010930704968893326,7,80,667,84,COMPLETE
226,35.74434395881208,2026-05-07 18:23:53.263583,2026-05-07 18:23:55.452428,0 days 00:00:02.188845,103.13518975749656,0.901414748799369,0.013379590638868717,7,83,715,45,COMPLETE
227,35.7559197160709,2026-05-07 18:23:55.452428,2026-05-07 18:23:57.969630,0 days 00:00:02.517202,107.2036180860088,0.86902921843827,0.010831959839104167,7,79,731,76,COMPLETE
228,35.775348378745846,2026-05-07 18:23:57.985649,2026-05-07 18:23:59.758120,0 days 00:00:01.772471,98.61168913297767,0.915191028248284,0.01768254819326481,7,87,553,79,COMPLETE
229,35.77842186548562,2026-05-07 18:23:59.758120,2026-05-07 18:24:02.441028,0 days 00:00:02.682908,103.58606816954592,0.8850348372485977,0.008085061149557905,7,82,687,62,COMPLETE
230,38.331267794630335,2026-05-07 18:24:02.441028,2026-05-07 18:24:04.103564,0 days 00:00:01.662536,107.0986297079658,0.9364816511967131,0.12367321775795836,7,85,758,90,COMPLETE
231,35.7235682457534,2026-05-07 18:24:04.103564,2026-05-07 18:24:06.096118,0 days 00:00:01.992554,103.6077507270071,0.8937776379200187,0.01619455729481331,7,81,625,100,COMPLETE
232,35.77790502220252,2026-05-07 18:24:06.096118,2026-05-07 18:24:08.205470,0 days 00:00:02.109352,100.210441013193,0.8973733030047245,0.012938204553627146,7,78,584,72,COMPLETE
233,35.74029383258299,2026-05-07 18:24:08.205470,2026-05-07 18:24:10.228636,0 days 00:00:02.023166,109.86668916114961,0.905498976704363,0.014915927427055794,7,80,609,100,COMPLETE
234,35.98078176907186,2026-05-07 18:24:10.228636,2026-05-07 18:24:12.164687,0 days 00:00:01.936051,104.159953521464,0.878812030018863,0.021137969266264812,7,73,655,81,COMPLETE
235,35.94540350452237,2026-05-07 18:24:12.164687,2026-05-07 18:24:14.753798,0 days 00:00:02.589111,42.73546552773487,0.915516236410071,0.011325846567912804,7,83,717,76,COMPLETE
236,35.80849618053942,2026-05-07 18:24:14.753798,2026-05-07 18:24:16.715031,0 days 00:00:01.961233,101.69809943280138,0.8919040400109215,0.016347551524554967,7,89,634,94,COMPLETE
237,35.73956044626827,2026-05-07 18:24:16.715031,2026-05-07 18:24:18.745954,0 days 00:00:02.030923,106.61059212422721,0.8577423484116143,0.013267154542564904,7,78,678,37,COMPLETE
238,35.7503229594548,2026-05-07 18:24:18.761463,2026-05-07 18:24:21.202514,0 days 00:00:02.441051,96.83449395529219,0.8715219685640558,0.010883017195948108,7,86,707,99,COMPLETE
239,35.701649651500375,2026-05-07 18:24:21.202514,2026-05-07 18:24:22.869698,0 days 00:00:01.667184,104.37869879679421,0.9065894651161018,0.01677941090566259,7,81,469,87,COMPLETE
240,35.82190267362568,2026-05-07 18:24:22.869698,2026-05-07 18:24:24.310933,0 days 00:00:01.441235,101.41692740405368,0.8869895946877765,0.024212165282517534,7,83,472,89,COMPLETE
