number,value,datetime_start,datetime_complete,duration,params_alpha,params_feature_fraction,params_learning_rate,params_max_depth,params_min_child_samples,params_n_estimators,params_num_leaves,state
241,35.72104122837127,2026-05-07 18:24:24.310933,2026-05-07 18:24:25.941258,0 days 00:00:01.630325,104.70077769541408,0.9056802675321872,0.01681862185223147,7,79,441,87,COMPLETE
242,35.75843605574845,2026-05-07 18:24:25.941258,2026-05-07 18:24:27.428153,0 days 00:00:01.486895,104.27580276581027,0.9036772841129234,0.019414915190149633,7,82,428,87,COMPLETE
243,35.76657108204587,2026-05-07 18:24:27.428153,2026-05-07 18:24:28.924370,0 days 00:00:01.496217,104.0729149024086,0.8977515830410532,0.01636688389630182,7,81,379,79,COMPLETE
244,35.80715053330651,2026-05-07 18:24:28.924370,2026-05-07 18:24:30.676299,0 days 00:00:01.751929,109.89125610489343,0.9275087541368356,0.017777946227075445,7,75,515,92,COMPLETE
245,35.70519962960926,2026-05-07 18:24:30.676299,2026-05-07 18:24:32.411314,0 days 00:00:01.735015,100.17445517667407,0.8815091745627971,0.01447251885244933,7,85,479,82,COMPLETE
246,35.739493011439585,2026-05-07 18:24:32.411314,2026-05-07 18:24:34.096944,0 days 00:00:01.685630,98.29919333185941,0.8847854974680979,0.014637367070894178,7,86,455,82,COMPLETE
247,35.81982285306755,2026-05-07 18:24:34.096944,2026-05-07 18:24:35.602175,0 days 00:00:01.505231,100.53053859557976,0.8639793320138287,0.022000608472019845,7,91,487,83,COMPLETE
248,35.748381633532766,2026-05-07 18:24:35.602175,2026-05-07 18:24:37.483784,0 days 00:00:01.881609,104.9294550189433,0.9108566557502284,0.015016704349115376,7,85,532,77,COMPLETE
249,35.797748329603635,2026-05-07 18:24:37.483784,2026-05-07 18:24:39.244091,0 days 00:00:01.760307,107.64878967515558,0.8786900239040407,0.012876285822398862,7,79,440,87,COMPLETE
250,35.782775993096394,2026-05-07 18:24:39.244091,2026-05-07 18:24:40.929971,0 days 00:00:01.685880,99.73232418914994,0.9090405339637622,0.017505042963780724,7,89,507,80,COMPLETE
251,35.81046693569485,2026-05-07 18:24:40.929971,2026-05-07 18:24:42.810592,0 days 00:00:01.880621,96.1501523219069,0.9217538824814081,0.01329416317875679,7,77,489,90,COMPLETE
252,35.70326479098642,2026-05-07 18:24:42.810592,2026-05-07 18:24:44.196635,0 days 00:00:01.386043,109.9467732363207,0.943916150478632,0.020383424855232944,7,84,390,97,COMPLETE
253,35.95885839537742,2026-05-07 18:24:44.196635,2026-05-07 18:24:45.321122,0 days 00:00:01.124487,109.84781194796625,0.8498198104745275,0.0354303409864379,7,84,393,96,COMPLETE
254,35.747575189474716,2026-05-07 18:24:45.321122,2026-05-07 18:24:46.431110,0 days 00:00:01.109988,106.54541240013778,0.8934076575957239,0.02669783640643064,7,88,332,75,COMPLETE
255,35.73997712999674,2026-05-07 18:24:46.431110,2026-05-07 18:24:47.951758,0 days 00:00:01.520648,109.97819403608729,0.8732956069636755,0.01916090413158088,7,84,464,82,COMPLETE
256,35.76618051892981,2026-05-07 18:24:47.951758,2026-05-07 18:24:49.402597,0 days 00:00:01.450839,106.0324212785677,0.9479734880045758,0.020977656250217688,7,86,422,79,COMPLETE
257,35.774870043976705,2026-05-07 18:24:49.403596,2026-05-07 18:24:50.999141,0 days 00:00:01.595545,101.50655742755481,0.900700133697686,0.01582221112689118,7,93,446,72,COMPLETE
258,35.77578817603542,2026-05-07 18:24:50.999141,2026-05-07 18:24:52.342881,0 days 00:00:01.343740,106.70069408583815,0.8817912922410447,0.0168739264474721,7,82,329,85,COMPLETE
259,35.76219113212818,2026-05-07 18:24:52.342881,2026-05-07 18:24:54.366690,0 days 00:00:02.023809,102.24277537321859,0.9201397551890393,0.014132780885758516,7,74,565,105,COMPLETE
260,35.99014601669522,2026-05-07 18:24:54.366690,2026-05-07 18:24:56.201986,0 days 00:00:01.835296,98.1582362537286,0.905546562788574,0.024185679925664297,7,78,638,98,COMPLETE
261,35.980716186184615,2026-05-07 18:24:56.201986,2026-05-07 18:24:57.680959,0 days 00:00:01.478973,104.62244483410396,0.8892124608441007,0.012771355873983637,7,87,355,45,COMPLETE
262,36.379568061631076,2026-05-07 18:24:57.680959,2026-05-07 18:24:58.539588,0 days 00:00:00.858629,106.80539431132654,0.8636207284156121,0.018911629009211253,7,81,172,53,COMPLETE
263,35.84297066789263,2026-05-07 18:24:58.539588,2026-05-07 18:25:01.067274,0 days 00:00:02.527686,100.65404643017003,0.9143044796963975,0.008568928303999801,7,76,592,78,COMPLETE
264,35.98012089790956,2026-05-07 18:25:01.082278,2026-05-07 18:25:02.561347,0 days 00:00:01.479069,103.25329285472192,0.454337611333381,0.015318106615897727,7,84,495,101,COMPLETE
265,35.83349613353975,2026-05-07 18:25:02.561347,2026-05-07 18:25:04.769446,0 days 00:00:02.208099,95.18279338630228,0.9327507422327558,0.010669888871014601,7,72,529,82,COMPLETE
266,35.869951941275225,2026-05-07 18:25:04.770445,2026-05-07 18:25:06.490236,0 days 00:00:01.719791,107.57601495576328,0.8948443584384081,0.01249766055191114,7,78,416,68,COMPLETE
267,36.09417741642867,2026-05-07 18:25:06.490236,2026-05-07 18:25:07.693693,0 days 00:00:01.203457,97.61399353009416,0.7844525288819373,0.014905508455389804,7,90,291,59,COMPLETE
268,35.761648301001216,2026-05-07 18:25:07.693693,2026-05-07 18:25:10.339304,0 days 00:00:02.645611,104.3610592685981,0.8853800189010814,0.008627116860565165,7,81,670,86,COMPLETE
269,35.724530434431884,2026-05-07 18:25:10.339304,2026-05-07 18:25:11.883662,0 days 00:00:01.544358,100.64324619381897,0.8724414594094565,0.02009322187997101,7,84,472,74,COMPLETE
270,35.91799588411952,2026-05-07 18:25:11.883662,2026-05-07 18:25:13.235696,0 days 00:00:01.352034,109.97865783247019,0.8667620684525342,0.029379797109935102,7,87,473,73,COMPLETE
271,35.837710932557215,2026-05-07 18:25:13.235696,2026-05-07 18:25:15.054200,0 days 00:00:01.818504,99.9703003783743,0.8724690093431626,0.02078954113097686,8,74,474,94,COMPLETE
272,35.768426204651824,2026-05-07 18:25:15.054200,2026-05-07 18:25:16.408319,0 days 00:00:01.354119,101.61601726436467,0.8542043141750819,0.024125706173004854,7,84,444,77,COMPLETE
273,35.88105244072383,2026-05-07 18:25:16.408319,2026-05-07 18:25:18.232679,0 days 00:00:01.824360,36.79948815730452,0.8414029837056095,0.017752414684324536,7,80,552,49,COMPLETE
274,35.815708831371964,2026-05-07 18:25:18.232679,2026-05-07 18:25:20.131933,0 days 00:00:01.899254,97.17589687193404,0.8037600746400488,0.016595981437918628,7,78,610,75,COMPLETE
275,35.881150333568776,2026-05-07 18:25:20.131933,2026-05-07 18:25:21.857477,0 days 00:00:01.725544,40.30885972941065,0.8829716400771731,0.0201122631019674,7,87,515,106,COMPLETE
276,35.70608238941928,2026-05-07 18:25:21.857477,2026-05-07 18:25:24.006213,0 days 00:00:02.148736,103.54020628105229,0.9067545560279496,0.01412403325144567,7,82,647,83,COMPLETE
277,35.77382396110102,2026-05-07 18:25:24.006213,2026-05-07 18:25:26.037376,0 days 00:00:02.031163,99.14358697353349,0.8773570794593208,0.014303894970225217,7,92,636,83,COMPLETE
278,35.74600086757919,2026-05-07 18:25:26.037376,2026-05-07 18:25:28.234575,0 days 00:00:02.197199,95.12844960328499,0.9034544117412229,0.016584216891049473,7,84,663,79,COMPLETE
279,35.774873557316965,2026-05-07 18:25:28.235881,2026-05-07 18:25:30.483927,0 days 00:00:02.248046,102.34086188653468,0.9424265924807567,0.01314104116990327,7,89,590,98,COMPLETE
280,35.75877562338566,2026-05-07 18:25:30.483927,2026-05-07 18:25:31.799784,0 days 00:00:01.315857,103.58571221186928,0.9287336543634226,0.020722281934403924,7,82,405,38,COMPLETE
281,35.824914670843235,2026-05-07 18:25:31.799784,2026-05-07 18:25:34.006673,0 days 00:00:02.206889,99.61866102119488,0.8931560808855754,0.014944728066393052,7,76,689,84,COMPLETE
282,35.74034669761552,2026-05-07 18:25:34.006673,2026-05-07 18:25:36.293935,0 days 00:00:02.287262,107.16635624454486,0.861708374428551,0.010159067816529905,7,85,621,87,COMPLETE
283,35.74660507182559,2026-05-07 18:25:36.293935,2026-05-07 18:25:38.135434,0 days 00:00:01.841499,109.84170715437742,0.9060284986524736,0.012507784083090492,7,81,476,69,COMPLETE
284,35.86792165462631,2026-05-07 18:25:38.135434,2026-05-07 18:25:40.096372,0 days 00:00:01.960938,103.70973577786201,0.8767667442572377,0.01851754070834568,7,78,649,74,COMPLETE
285,35.86347307538976,2026-05-07 18:25:40.096372,2026-05-07 18:25:42.025630,0 days 00:00:01.929258,66.31459426500724,0.9245279536106391,0.02309319125332838,8,88,500,81,COMPLETE
286,35.79519384094167,2026-05-07 18:25:42.025630,2026-05-07 18:25:43.843167,0 days 00:00:01.817537,101.16838702835808,0.8919023160580668,0.012050556457782273,7,84,440,77,COMPLETE
287,35.89413424672295,2026-05-07 18:25:43.843167,2026-05-07 18:25:45.998692,0 days 00:00:02.155525,97.47388493805353,0.9116561839178169,0.016464041017844436,7,71,683,101,COMPLETE
288,35.78722348774863,2026-05-07 18:25:45.998692,2026-05-07 18:25:48.132764,0 days 00:00:02.134072,105.54308301462488,0.870130272697789,0.009967353323213126,7,76,536,53,COMPLETE
289,35.712054879479666,2026-05-07 18:25:48.132764,2026-05-07 18:25:50.102182,0 days 00:00:01.969418,101.47729922412032,0.9011453738218372,0.014124184298258421,7,82,569,89,COMPLETE
