number,value,datetime_start,datetime_complete,duration,params_colsample_bytree,params_fair_slope,params_learning_rate,params_max_depth,params_min_child_weight,params_n_estimators,state
246,35.39082318812358,2026-05-05 17:16:39.020456,2026-05-05 17:16:56.456604,0 days 00:00:17.436148,0.9475713131036185,49.19623055363832,0.004338048169895787,8,15,1500,COMPLETE
247,35.407150663394376,2026-05-05 17:16:56.456604,2026-05-05 17:17:15.677297,0 days 00:00:19.220693,0.9908905932884907,53.7006522710348,0.0033334686516579572,8,17,1500,COMPLETE
248,35.234422342142395,2026-05-05 17:17:15.677297,2026-05-05 17:17:31.467665,0 days 00:00:15.790368,0.9676372170077867,47.93562151777092,0.0050362645004988806,8,20,1500,COMPLETE
249,35.31942543693655,2026-05-05 17:17:31.467665,2026-05-05 17:17:46.663674,0 days 00:00:15.196009,0.9678338029512201,46.852488363117274,0.005886814598696977,8,21,1500,COMPLETE
250,35.37761861602117,2026-05-05 17:17:46.664673,2026-05-05 17:18:02.125004,0 days 00:00:15.460331,0.9996318116262329,47.85941272279169,0.005028166568347093,8,24,1500,COMPLETE
251,35.37341299933754,2026-05-05 17:18:02.125004,2026-05-05 17:18:17.035569,0 days 00:00:14.910565,0.9716100141888301,50.19542678996394,0.0066687755419191546,8,20,1500,COMPLETE
252,35.281568278686635,2026-05-05 17:18:17.036570,2026-05-05 17:18:32.547338,0 days 00:00:15.510768,0.9854541265637727,45.61969909161268,0.005476472157857522,8,19,1500,COMPLETE
253,35.36949607778702,2026-05-05 17:18:32.547924,2026-05-05 17:18:48.669945,0 days 00:00:16.122021,0.9912172329221868,45.5016950396642,0.005671952084347444,8,18,1500,COMPLETE
254,35.391099668461365,2026-05-05 17:18:48.669945,2026-05-05 17:19:03.925686,0 days 00:00:15.255741,0.9814099408458167,44.40239905719497,0.005231225409825585,8,23,1500,COMPLETE
255,35.57530920150806,2026-05-05 17:19:03.925686,2026-05-05 17:19:23.126739,0 days 00:00:19.201053,0.9888016173543246,46.612848179814826,0.0074565042484674385,9,14,1500,COMPLETE
256,35.251003972632105,2026-05-05 17:19:23.126739,2026-05-05 17:19:39.092498,0 days 00:00:15.965759,0.9748223516896493,45.30105578198089,0.004725672318034252,8,19,1500,COMPLETE
257,35.27780519757629,2026-05-05 17:19:39.093499,2026-05-05 17:19:53.188726,0 days 00:00:14.095227,0.9922455634936149,45.447211509004376,0.004803836145022034,8,17,1200,COMPLETE
258,35.32166546102563,2026-05-05 17:19:53.189727,2026-05-05 17:20:08.288651,0 days 00:00:15.098924,0.9996431824340908,45.79120071702408,0.004731505188257825,8,16,1300,COMPLETE
259,35.37669097105714,2026-05-05 17:20:08.288651,2026-05-05 17:20:25.159439,0 days 00:00:16.870788,0.9720164803748006,45.096404589174966,0.004439078762651046,8,13,1400,COMPLETE
260,35.324652819025744,2026-05-05 17:20:25.160439,2026-05-05 17:20:41.001335,0 days 00:00:15.840896,0.9908724813026674,46.59966597512721,0.0049380415441471195,8,17,1400,COMPLETE
261,35.305506027137234,2026-05-05 17:20:41.001335,2026-05-05 17:20:57.611173,0 days 00:00:16.609838,0.9826882212718133,43.68726887017013,0.004342905491652279,8,18,1500,COMPLETE
262,35.42860237523747,2026-05-05 17:20:57.611173,2026-05-05 17:21:11.019871,0 days 00:00:13.408698,0.9651224608478514,45.050640309667195,0.004802195128483511,8,22,1200,COMPLETE
263,35.36173914869893,2026-05-05 17:21:11.019871,2026-05-05 17:21:25.256527,0 days 00:00:14.236656,0.9936438279776519,47.28631162063847,0.005323035423462598,8,15,1200,COMPLETE
264,35.296803963731726,2026-05-05 17:21:25.257315,2026-05-05 17:21:38.934322,0 days 00:00:13.677007,0.9998854551472348,52.423477004747994,0.004219248859582792,7,19,1500,COMPLETE
265,35.37191435661144,2026-05-05 17:21:38.934322,2026-05-05 17:22:00.607941,0 days 00:00:21.673619,0.9759504345565767,44.87794585771253,0.0059762618921526895,10,17,1400,COMPLETE
266,35.37605218709373,2026-05-05 17:22:00.607941,2026-05-05 17:22:16.595755,0 days 00:00:15.987814,0.9650813225557096,46.45957169921008,0.004796199152434994,8,21,1500,COMPLETE
267,35.644821930310925,2026-05-05 17:22:16.596757,2026-05-05 17:22:32.193973,0 days 00:00:15.597216,0.5763924662838248,48.21611904880538,0.003873958381422964,8,14,1500,COMPLETE
268,35.263868819372945,2026-05-05 17:22:32.193973,2026-05-05 17:22:46.727538,0 days 00:00:14.533565,0.9340361041879041,43.188437532138025,0.0054209618386934465,8,19,1400,COMPLETE
269,35.491279445569134,2026-05-05 17:22:46.727538,2026-05-05 17:23:03.580375,0 days 00:00:16.852837,0.9096621036278653,106.80858336889061,0.004551676482874642,8,18,1400,COMPLETE
270,38.171737253245716,2026-05-05 17:23:03.580375,2026-05-05 17:23:16.093342,0 days 00:00:12.512967,0.9384012386762708,43.27721835056023,0.18733292407680904,8,16,1400,COMPLETE
271,35.38171909197062,2026-05-05 17:23:16.093342,2026-05-05 17:23:31.973997,0 days 00:00:15.880655,0.9251811021038983,42.853144263687135,0.005230532673247022,9,24,1300,COMPLETE
272,35.39705830848685,2026-05-05 17:23:31.973997,2026-05-05 17:23:47.559719,0 days 00:00:15.585722,0.9456223435543144,44.32853630787,0.004068429687260148,8,21,1400,COMPLETE
273,35.3419510038972,2026-05-05 17:23:47.559719,2026-05-05 17:24:02.631308,0 days 00:00:15.071589,0.930305298828772,25.366239024162862,0.0054207876352637884,8,12,1400,COMPLETE
274,35.253145141369565,2026-05-05 17:24:02.631308,2026-05-05 17:24:15.803914,0 days 00:00:13.172606,0.9580222610985082,45.6390941838679,0.004521102795528333,7,19,1500,COMPLETE
275,35.23952747227164,2026-05-05 17:24:15.803914,2026-05-05 17:24:28.621377,0 days 00:00:12.817463,0.95881389435779,45.85646533902573,0.004902525255240071,7,20,1500,COMPLETE
276,35.24917601669281,2026-05-05 17:24:28.621377,2026-05-05 17:24:41.190785,0 days 00:00:12.569408,0.9572126008502396,46.16935736584095,0.004563999737798238,7,26,1500,COMPLETE
277,35.5018582260151,2026-05-05 17:24:41.190785,2026-05-05 17:24:52.828777,0 days 00:00:11.637992,0.9559580922187714,43.23072102580771,0.004534830183501404,7,30,1400,COMPLETE
278,35.462994807974624,2026-05-05 17:24:52.829777,2026-05-05 17:25:04.630451,0 days 00:00:11.800674,0.9394939826891903,45.737355795316,0.004197433952400523,7,22,1300,COMPLETE
279,35.36930102021315,2026-05-05 17:25:04.630451,2026-05-05 17:25:16.597705,0 days 00:00:11.967254,0.9610022580054138,45.34823083290692,0.006286008431505316,7,25,1500,COMPLETE
280,35.35550073839111,2026-05-05 17:25:16.597705,2026-05-05 17:25:28.714798,0 days 00:00:12.117093,0.9542009537766128,47.44148770796251,0.005180506561706944,7,28,1500,COMPLETE
281,35.43139011896939,2026-05-05 17:25:28.714798,2026-05-05 17:25:40.568025,0 days 00:00:11.853227,0.971889620072888,43.9631724206966,0.004415418616956459,7,27,1400,COMPLETE
282,35.45623683770395,2026-05-05 17:25:40.568025,2026-05-05 17:25:53.551219,0 days 00:00:12.983194,0.9468390457950168,32.10155434940333,0.003507120622389021,7,23,1500,COMPLETE
283,35.2517364925013,2026-05-05 17:25:53.552220,2026-05-05 17:26:06.053814,0 days 00:00:12.501594,0.973858587862463,47.9361934587798,0.005676998597887411,7,20,1500,COMPLETE
284,35.247739192287746,2026-05-05 17:26:06.053814,2026-05-05 17:26:18.619359,0 days 00:00:12.565545,0.9588266503892666,47.818056748669726,0.005931885985512465,7,20,1500,COMPLETE
285,35.74294208999759,2026-05-05 17:26:18.619359,2026-05-05 17:26:28.626741,0 days 00:00:10.007382,0.5205100086103038,50.50466003346674,0.006764318487574402,7,25,1500,COMPLETE
286,35.28771311481919,2026-05-05 17:26:28.626741,2026-05-05 17:26:40.375790,0 days 00:00:11.749049,0.9578821390331512,47.76923713286578,0.005858091925768226,7,21,1400,COMPLETE
287,41.0638344929686,2026-05-05 17:26:40.375790,2026-05-05 17:26:42.889557,0 days 00:00:02.513767,0.9487780361532323,48.92169483604504,0.006142395713646492,7,23,200,COMPLETE
288,35.25597411203031,2026-05-05 17:26:42.889557,2026-05-05 17:26:54.646550,0 days 00:00:11.756993,0.9334924858083753,52.002480740905455,0.008079802727060029,7,20,1500,COMPLETE
289,35.41457626530942,2026-05-05 17:26:54.647551,2026-05-05 17:27:06.262659,0 days 00:00:11.615108,0.9349553778254859,51.61402426276796,0.008459844364574755,7,23,1500,COMPLETE
290,35.53325237267355,2026-05-05 17:27:06.262659,2026-05-05 17:27:11.415005,0 days 00:00:05.152346,0.9151782243054394,51.349564675473836,0.007628032965698976,7,20,500,COMPLETE
291,35.239128944109005,2026-05-05 17:27:11.415005,2026-05-05 17:27:23.754366,0 days 00:00:12.339361,0.9318194228699658,53.25832970319768,0.006460148416866722,7,21,1500,COMPLETE
292,35.46073840125822,2026-05-05 17:27:23.754366,2026-05-05 17:27:35.350637,0 days 00:00:11.596271,0.9207836299619637,53.86351514955592,0.007114758081951312,7,26,1500,COMPLETE
293,35.26989655263867,2026-05-05 17:27:35.350637,2026-05-05 17:27:47.416052,0 days 00:00:12.065415,0.9291027988387619,56.93020766068437,0.0066646518445178755,7,21,1500,COMPLETE
294,35.29649656078969,2026-05-05 17:27:47.417052,2026-05-05 17:27:59.432071,0 days 00:00:12.015019,0.8999152726592166,56.82158917399517,0.006558965217933388,7,22,1500,COMPLETE
295,35.4940245114188,2026-05-05 17:27:59.432071,2026-05-05 17:28:11.028377,0 days 00:00:11.596306,0.9277196700543182,53.94714543780963,0.00794956045928097,7,24,1500,COMPLETE
296,35.382685955284934,2026-05-05 17:28:11.028377,2026-05-05 17:28:22.749717,0 days 00:00:11.721340,0.9350053144324079,56.07718179969185,0.009311517329706354,7,20,1500,COMPLETE
297,35.28653798125169,2026-05-05 17:28:22.749717,2026-05-05 17:28:34.158506,0 days 00:00:11.408789,0.9343019512254389,58.41678726427339,0.006871290817460914,7,21,1400,COMPLETE
298,35.45422738663443,2026-05-05 17:28:34.158506,2026-05-05 17:28:46.361577,0 days 00:00:12.203071,0.92565852718631,52.00925753211085,0.006493527942627437,7,26,1500,COMPLETE
299,35.37669862738038,2026-05-05 17:28:46.361577,2026-05-05 17:28:58.259871,0 days 00:00:11.898294,0.9460235018448708,52.675033095220975,0.007686853725790436,7,22,1500,COMPLETE
300,35.2449787619056,2026-05-05 17:28:58.260770,2026-05-05 17:29:10.176499,0 days 00:00:11.915729,0.9568741922500246,54.330934735395566,0.005864535238785499,7,20,1400,COMPLETE
301,35.44956845215695,2026-05-05 17:29:10.176499,2026-05-05 17:29:21.757714,0 days 00:00:11.581215,0.9149726308619534,55.35616245804944,0.005826381286105445,7,24,1400,COMPLETE
302,35.30430022401894,2026-05-05 17:29:21.758964,2026-05-05 17:29:33.501049,0 days 00:00:11.742085,0.9542189870561992,57.34703928606909,0.006348905881942355,7,20,1400,COMPLETE
303,35.270112570306175,2026-05-05 17:29:33.501049,2026-05-05 17:29:44.979314,0 days 00:00:11.478265,0.9430069835248104,59.31657892069653,0.0070907166416500295,7,22,1400,COMPLETE
304,35.32734755313983,2026-05-05 17:29:44.979314,2026-05-05 17:29:56.134247,0 days 00:00:11.154933,0.9378721686051262,62.786668712005216,0.008385079675756418,7,25,1400,COMPLETE
305,36.24935564484267,2026-05-05 17:29:56.135248,2026-05-05 17:30:06.048839,0 days 00:00:09.913591,0.943859261544162,60.17575753470536,0.03525153448726668,7,22,1400,COMPLETE
306,35.42785939861586,2026-05-05 17:30:06.049878,2026-05-05 17:30:17.921161,0 days 00:00:11.871283,0.9566089738624362,58.162423051553894,0.006703777799055839,7,28,1500,COMPLETE
307,35.32843072415439,2026-05-05 17:30:17.921161,2026-05-05 17:30:29.938075,0 days 00:00:12.016914,0.937606310205817,56.36711090180879,0.0073420601550645715,7,22,1500,COMPLETE
308,35.43151346545049,2026-05-05 17:30:29.939075,2026-05-05 17:30:41.906411,0 days 00:00:11.967336,0.9511097449044714,54.640363111139,0.0072225075860293956,7,24,1500,COMPLETE
309,35.31228329705073,2026-05-05 17:30:41.906411,2026-05-05 17:30:53.761292,0 days 00:00:11.854881,0.9267817066116554,60.15399264245453,0.006053873646184614,7,20,1400,COMPLETE
310,35.26341399145294,2026-05-05 17:30:53.761292,2026-05-05 17:31:06.577054,0 days 00:00:12.815762,0.9646377232488521,55.31205225757656,0.005251542892979398,7,21,1500,COMPLETE
311,35.98066711048962,2026-05-05 17:31:06.577054,2026-05-05 17:31:17.124816,0 days 00:00:10.547762,0.9618236112131826,53.716049525440695,0.005338445951347591,7,94,1500,COMPLETE
312,35.43213435773818,2026-05-05 17:31:17.124816,2026-05-05 17:31:28.889846,0 days 00:00:11.765030,0.9465417860034183,55.75421423596243,0.008127772870909275,7,23,1500,COMPLETE
313,35.61353394757846,2026-05-05 17:31:28.889846,2026-05-05 17:31:35.755315,0 days 00:00:06.865469,0.9078497281791081,53.88544743564277,0.0059043665283542756,7,22,700,COMPLETE
314,35.478213020669465,2026-05-05 17:31:35.755315,2026-05-05 17:31:47.017417,0 days 00:00:11.262102,0.9280001713352941,59.44988747360514,0.006651742563796301,7,26,1400,COMPLETE
315,35.26791999085209,2026-05-05 17:31:47.018248,2026-05-05 17:31:59.565913,0 days 00:00:12.547665,0.8845881139878213,54.841960495591984,0.005140428508552143,7,21,1500,COMPLETE
316,35.749137058246355,2026-05-05 17:31:59.565913,2026-05-05 17:32:10.862414,0 days 00:00:11.296501,0.9684669782512932,53.898745662277385,0.005108019516408905,7,65,1500,COMPLETE
317,35.32606558702421,2026-05-05 17:32:10.863635,2026-05-05 17:32:23.207988,0 days 00:00:12.344353,0.8294490597248313,54.99299882826231,0.005275095973739493,7,20,1500,COMPLETE
318,35.328985778792934,2026-05-05 17:32:23.208988,2026-05-05 17:32:35.611698,0 days 00:00:12.402710,0.8798260547297239,55.08287856231454,0.005632698646617235,7,20,1500,COMPLETE
319,35.280558364574844,2026-05-05 17:32:35.611698,2026-05-05 17:32:48.589830,0 days 00:00:12.978132,0.9592370298461579,52.73445661330965,0.004968069775164826,7,19,1500,COMPLETE
320,35.312979738199495,2026-05-05 17:32:48.589830,2026-05-05 17:33:00.665249,0 days 00:00:12.075419,0.8886991182195977,52.363104269505605,0.006082489365810225,7,21,1500,COMPLETE
321,35.26702272764199,2026-05-05 17:33:00.665249,2026-05-05 17:33:13.532318,0 days 00:00:12.867069,0.9534674785701068,50.91378975226034,0.004838517496159825,7,19,1500,COMPLETE
322,35.296767886076246,2026-05-05 17:33:13.547324,2026-05-05 17:33:26.851739,0 days 00:00:13.304415,0.9658331597365142,52.397987782322446,0.0048405090217663255,7,18,1500,COMPLETE
323,35.40906335168911,2026-05-05 17:33:26.852740,2026-05-05 17:33:39.413277,0 days 00:00:12.560537,0.9555133654791776,51.023064113540876,0.00500781538890504,7,24,1500,COMPLETE
324,35.38298254232405,2026-05-05 17:33:39.413277,2026-05-05 17:33:52.216807,0 days 00:00:12.803530,0.8615082339643659,49.82793842179776,0.004485086278907533,7,18,1500,COMPLETE
325,35.501554777118585,2026-05-05 17:33:52.216807,2026-05-05 17:34:04.083288,0 days 00:00:11.866481,0.9675368152719418,49.87106298916679,0.005486665683571566,7,33,1500,COMPLETE
326,35.98778970176571,2026-05-05 17:34:04.083888,2026-05-05 17:34:14.852605,0 days 00:00:10.768717,0.9533729652268987,29.966026701029712,0.023081978327618432,7,20,1500,COMPLETE
327,35.397689513699106,2026-05-05 17:34:14.852605,2026-05-05 17:34:28.109809,0 days 00:00:13.257204,0.8485458412745065,51.011066063638275,0.003995078800044242,7,18,1500,COMPLETE
328,35.432106294629044,2026-05-05 17:34:28.109809,2026-05-05 17:34:40.324104,0 days 00:00:12.214295,0.973334358721435,47.847097495245826,0.00490071140982432,7,29,1500,COMPLETE
329,35.43589035239665,2026-05-05 17:34:40.324104,2026-05-05 17:34:52.746704,0 days 00:00:12.422600,0.9491355591928581,49.33420341853848,0.005573298082287999,7,23,1500,COMPLETE
330,35.33954748413112,2026-05-05 17:34:52.746704,2026-05-05 17:35:06.024470,0 days 00:00:13.277766,0.9620202641353998,52.23110765717322,0.004392518051936475,7,19,1500,COMPLETE
331,35.25325700585786,2026-05-05 17:35:06.024470,2026-05-05 17:35:18.765492,0 days 00:00:12.741022,0.9767656593728133,54.47261559445967,0.005138633376400485,7,21,1500,COMPLETE
332,35.33394091912629,2026-05-05 17:35:18.765492,2026-05-05 17:35:32.152207,0 days 00:00:13.386715,0.9727461702168336,47.49934377404663,0.003767641253878587,7,16,1400,COMPLETE
333,35.6240028975962,2026-05-05 17:35:32.152207,2026-05-05 17:35:43.208013,0 days 00:00:11.055806,0.9714266798716311,51.005284842149635,0.00590388415399092,7,53,1500,COMPLETE
334,36.29945499814234,2026-05-05 17:35:43.208013,2026-05-05 17:35:54.527600,0 days 00:00:11.319587,0.977420699310317,39.82025677194794,0.0032691726947881683,7,76,1500,COMPLETE
335,36.060020176578725,2026-05-05 17:35:54.528598,2026-05-05 17:36:05.303474,0 days 00:00:10.774876,0.960756799016735,49.44635789306029,0.00460947883720343,7,86,1500,COMPLETE
