number,value,datetime_start,datetime_complete,duration,params_colsample_bytree,params_fair_slope,params_learning_rate,params_max_depth,params_min_child_weight,params_n_estimators,state
123,35.294583098324146,2026-05-05 16:42:51.606622,2026-05-05 16:43:06.813749,0 days 00:00:15.207127,0.9861332877118675,43.83457082790099,0.006457173191294249,8,20,1500,COMPLETE
124,35.41456943832529,2026-05-05 16:43:06.814748,2026-05-05 16:43:24.883929,0 days 00:00:18.069181,0.981045926593616,45.55051585377082,0.006599797531817249,9,20,1500,COMPLETE
125,35.326384433808805,2026-05-05 16:43:24.883929,2026-05-05 16:43:40.342923,0 days 00:00:15.458994,0.9548924802424984,50.035489849806666,0.005877808879697824,8,19,1500,COMPLETE
126,35.40307802237483,2026-05-05 16:43:40.342923,2026-05-05 16:43:57.490978,0 days 00:00:17.148055,0.9859722540724057,43.85346790055154,0.0065623398026125705,8,10,1500,COMPLETE
127,35.25056667905905,2026-05-05 16:43:57.490978,2026-05-05 16:44:13.207035,0 days 00:00:15.716057,0.9998307176983734,50.05031761348388,0.005744592704864825,8,20,1500,COMPLETE
128,51.62781327923143,2026-05-05 16:44:13.207035,2026-05-05 16:44:15.409719,0 days 00:00:02.202684,0.9534610330250981,50.31790359332052,0.0061516636400399385,9,28,100,COMPLETE
129,35.314361762645156,2026-05-05 16:44:15.409719,2026-05-05 16:44:30.755619,0 days 00:00:15.345900,0.9775496455949432,53.20063445430253,0.005843470045547134,8,21,1500,COMPLETE
130,35.416072575195344,2026-05-05 16:44:30.756666,2026-05-05 16:44:45.700027,0 days 00:00:14.943361,0.9743218538564424,51.72417509297368,0.005694294241426437,8,26,1500,COMPLETE
131,35.40951473558272,2026-05-05 16:44:45.700653,2026-05-05 16:45:00.912965,0 days 00:00:15.212312,0.9770432120358067,56.67514604904456,0.006913957934372357,8,20,1500,COMPLETE
132,36.140344121754694,2026-05-05 16:45:00.913024,2026-05-05 16:45:12.978268,0 days 00:00:12.065244,0.997437136473283,53.17413189785741,0.004861707278339732,8,99,1500,COMPLETE
133,35.323902082604334,2026-05-05 16:45:12.978268,2026-05-05 16:45:28.103066,0 days 00:00:15.124798,0.961420077108141,50.11370680534386,0.006064404167367288,8,21,1500,COMPLETE
134,35.36037407006017,2026-05-05 16:45:28.104066,2026-05-05 16:45:44.228982,0 days 00:00:16.124916,0.9611817912439037,43.724145690289866,0.005705960805051097,8,16,1500,COMPLETE
135,35.79253164171796,2026-05-05 16:45:44.228982,2026-05-05 16:45:57.993855,0 days 00:00:13.764873,0.9503844748225798,48.54053198702503,0.0048529936660789775,9,66,1400,COMPLETE
136,35.37974586642556,2026-05-05 16:45:57.994855,2026-05-05 16:46:12.886460,0 days 00:00:14.891605,0.9994599608618052,54.37383798522868,0.007096807798603557,8,22,1500,COMPLETE
137,35.374715277028585,2026-05-05 16:46:12.886460,2026-05-05 16:46:29.329685,0 days 00:00:16.443225,0.9308302650158046,49.4666214374022,0.003906605024584034,8,25,1500,COMPLETE
138,35.386303677936155,2026-05-05 16:46:29.329685,2026-05-05 16:46:46.869875,0 days 00:00:17.540190,0.9790821832887321,47.848407212759916,0.0031842541669737986,8,20,1400,COMPLETE
139,35.490111141114724,2026-05-05 16:46:46.869875,2026-05-05 16:47:08.576505,0 days 00:00:21.706630,0.9644209996178723,52.99244882341144,0.006099770543345703,9,11,1500,COMPLETE
140,36.668796671288376,2026-05-05 16:47:08.576505,2026-05-05 16:47:20.344518,0 days 00:00:11.768013,0.9996142035667034,45.239032598040964,0.04748010483531608,8,22,1400,COMPLETE
141,35.32331641860262,2026-05-05 16:47:20.344518,2026-05-05 16:47:37.581142,0 days 00:00:17.236624,0.9850953467018743,50.51186308077828,0.006225521283470926,8,19,1500,COMPLETE
142,35.415749330863115,2026-05-05 16:47:37.581142,2026-05-05 16:47:55.038170,0 days 00:00:17.457028,0.9749328337813652,50.91662139205883,0.005219550184090286,8,15,1500,COMPLETE
143,35.45538869569694,2026-05-05 16:47:55.039224,2026-05-05 16:48:11.127143,0 days 00:00:16.087919,0.9879604907469699,56.25705230727128,0.0073133963115265726,8,18,1500,COMPLETE
144,35.40416446626405,2026-05-05 16:48:11.127143,2026-05-05 16:48:29.199200,0 days 00:00:18.072057,0.956309414169499,46.016186866052685,0.0039137775901353835,8,21,1500,COMPLETE
145,35.315920379431574,2026-05-05 16:48:29.200201,2026-05-05 16:48:47.317825,0 days 00:00:18.117624,0.9816652135227101,43.81722874278487,0.004927728441758651,8,17,1400,COMPLETE
146,35.43613222359412,2026-05-05 16:48:47.318826,2026-05-05 16:49:03.263068,0 days 00:00:15.944242,0.9709986629206602,49.45367345153543,0.008502332748403148,8,23,1400,COMPLETE
147,35.327114429577875,2026-05-05 16:49:03.263068,2026-05-05 16:49:24.869386,0 days 00:00:21.606318,0.9819890511464223,44.568879676734504,0.004790104084711151,9,16,1400,COMPLETE
148,35.247248875596576,2026-05-05 16:49:24.870387,2026-05-05 16:49:39.224801,0 days 00:00:14.354414,0.9454864386637076,43.53984991575755,0.0060360984901524735,8,26,1400,COMPLETE
149,35.3272398678692,2026-05-05 16:49:39.226808,2026-05-05 16:49:54.093967,0 days 00:00:14.867159,0.9997564099862718,43.668952404701926,0.0066872059524784155,8,27,1400,COMPLETE
150,35.34118421753373,2026-05-05 16:49:54.094966,2026-05-05 16:50:09.617823,0 days 00:00:15.522857,0.9678952000878187,48.293563129005534,0.004437369182745107,8,25,1400,COMPLETE
151,35.858005687631575,2026-05-05 16:50:09.617823,2026-05-05 16:50:23.461676,0 days 00:00:13.843853,0.9442320151219536,52.90330135352901,0.006181736961887488,8,78,1500,COMPLETE
152,35.262730734402304,2026-05-05 16:50:23.462681,2026-05-05 16:50:40.761067,0 days 00:00:17.298386,0.9584743192824553,45.88546477460353,0.0057533470371254536,8,20,1500,COMPLETE
153,35.40900233862561,2026-05-05 16:50:40.762070,2026-05-05 16:50:55.693526,0 days 00:00:14.931456,0.9826090310056539,45.86757295364038,0.0076991126558910005,8,20,1400,COMPLETE
154,35.3462252231285,2026-05-05 16:50:55.694527,2026-05-05 16:51:12.786358,0 days 00:00:17.091831,0.9645390154653644,43.43085109605416,0.005027685268609858,8,15,1500,COMPLETE
155,35.421310951894796,2026-05-05 16:51:12.786358,2026-05-05 16:51:28.995201,0 days 00:00:16.208843,0.9893535677885542,51.69809377867585,0.005566371529768537,8,23,1500,COMPLETE
156,35.24098422423293,2026-05-05 16:51:28.996201,2026-05-05 16:51:47.615828,0 days 00:00:18.619627,0.9746821181996802,45.27519873113971,0.0038772609483026872,8,17,1500,COMPLETE
157,35.38007742367087,2026-05-05 16:51:47.618097,2026-05-05 16:52:07.990501,0 days 00:00:20.372404,0.9730534211619518,48.18013401929711,0.004059812318748928,8,11,1400,COMPLETE
158,35.28682012260335,2026-05-05 16:52:07.991505,2026-05-05 16:52:25.620960,0 days 00:00:17.629455,0.9481822168328133,44.765740680762995,0.003695965941986115,8,17,1500,COMPLETE
159,35.363966203544564,2026-05-05 16:52:25.620960,2026-05-05 16:52:43.314018,0 days 00:00:17.693058,0.9765580448252434,44.52685237428684,0.003146937318829215,8,17,1400,COMPLETE
160,35.41072523052068,2026-05-05 16:52:43.314018,2026-05-05 16:53:03.662697,0 days 00:00:20.348679,0.9267774159943598,43.01161188946911,0.003686657589353584,9,15,1300,COMPLETE
161,35.40298998091896,2026-05-05 16:53:03.663697,2026-05-05 16:53:19.339103,0 days 00:00:15.675406,0.9464337239629197,46.440539505654776,0.004760084424861091,8,22,1500,COMPLETE
162,35.274378891233226,2026-05-05 16:53:19.339103,2026-05-05 16:53:36.177926,0 days 00:00:16.838823,0.9618629342716808,45.02381405905496,0.004385580614485079,8,17,1500,COMPLETE
163,35.26190267722506,2026-05-05 16:53:36.177926,2026-05-05 16:53:53.266857,0 days 00:00:17.088931,0.9997747861971757,44.85566253248939,0.00428713661078101,8,17,1500,COMPLETE
164,35.37525240723524,2026-05-05 16:53:53.266857,2026-05-05 16:54:12.702889,0 days 00:00:19.436032,0.9904620218339392,41.832089642225256,0.00336686531520654,8,12,1500,COMPLETE
165,35.328227224841704,2026-05-05 16:54:12.702889,2026-05-05 16:54:28.549881,0 days 00:00:15.846992,0.9077023940842492,45.125240134181645,0.004225380242586617,8,17,1400,COMPLETE
166,35.47750519167757,2026-05-05 16:54:28.549881,2026-05-05 16:54:48.769456,0 days 00:00:20.219575,0.9990432497455972,43.78293026492454,0.0026777379161480744,8,15,1500,COMPLETE
167,35.40668162028753,2026-05-05 16:54:48.769456,2026-05-05 16:55:07.099102,0 days 00:00:18.329646,0.9733291498101648,47.63695768851192,0.0039056322096416244,8,13,1500,COMPLETE
168,35.53738347625864,2026-05-05 16:55:07.100103,2026-05-05 16:55:21.122835,0 days 00:00:14.022732,0.9585961570149205,45.0643955927906,0.004500382731633578,7,8,1400,COMPLETE
169,35.30261577989487,2026-05-05 16:55:21.122835,2026-05-05 16:55:36.786542,0 days 00:00:15.663707,0.9803660352637014,41.611102173375066,0.005280927709779616,8,18,1500,COMPLETE
170,35.370192039112126,2026-05-05 16:55:36.786542,2026-05-05 16:55:53.750420,0 days 00:00:16.963878,0.9368495505085233,44.124763110899984,0.0036516968088986758,8,20,1500,COMPLETE
171,35.30429216004782,2026-05-05 16:55:53.750420,2026-05-05 16:56:09.728360,0 days 00:00:15.977940,0.9804798870314716,41.98012907259458,0.0051784179025710034,8,18,1500,COMPLETE
172,35.36966434912547,2026-05-05 16:56:09.728360,2026-05-05 16:56:25.878959,0 days 00:00:16.150599,0.979060052762215,41.306360235797584,0.005504409874280136,8,17,1500,COMPLETE
173,35.3704846389656,2026-05-05 16:56:25.879838,2026-05-05 16:56:42.982681,0 days 00:00:17.102843,0.9666432832597628,42.40758485115886,0.00444439566778963,8,14,1500,COMPLETE
174,35.319803885193366,2026-05-05 16:56:42.982681,2026-05-05 16:56:58.291781,0 days 00:00:15.309100,0.9819685669284814,43.361372012584475,0.0048893244570069015,8,24,1500,COMPLETE
175,35.401918659086846,2026-05-05 16:56:58.292781,2026-05-05 16:57:15.727871,0 days 00:00:17.435090,0.9989246961151657,38.68179148710135,0.004270608617805071,8,20,1500,COMPLETE
176,35.275779401487014,2026-05-05 16:57:15.727871,2026-05-05 16:57:31.694109,0 days 00:00:15.966238,0.9895730368374402,47.323380889914624,0.005557786537261774,8,18,1500,COMPLETE
177,35.420139547824135,2026-05-05 16:57:31.694109,2026-05-05 16:57:47.026284,0 days 00:00:15.332175,0.9881292347953968,47.048573827548054,0.005563698232774582,8,22,1500,COMPLETE
178,35.42747562908805,2026-05-05 16:57:47.027286,2026-05-05 16:58:07.809313,0 days 00:00:20.782027,0.9701057291726781,48.522808276738004,0.002954045346042055,8,11,1500,COMPLETE
179,35.436183845244045,2026-05-05 16:58:07.809313,2026-05-05 16:58:22.634571,0 days 00:00:14.825258,0.948570107137126,45.67366042296073,0.006907733981233341,8,18,1500,COMPLETE
180,35.386941148614085,2026-05-05 16:58:22.634571,2026-05-05 16:58:44.396712,0 days 00:00:21.762141,0.9600387734971187,41.14154466982078,0.0038197733366853595,9,15,1500,COMPLETE
181,35.34327188947879,2026-05-05 16:58:44.396712,2026-05-05 16:59:00.451042,0 days 00:00:16.054330,0.9876712614838249,42.802862367115466,0.005451078756123957,8,18,1500,COMPLETE
182,35.3618890599905,2026-05-05 16:59:00.451042,2026-05-05 16:59:16.371490,0 days 00:00:15.920448,0.9989595681745428,44.253704010957755,0.004876782078760487,8,21,1500,COMPLETE
183,35.363473076753394,2026-05-05 16:59:16.372491,2026-05-05 16:59:32.323528,0 days 00:00:15.951037,0.9780227970216623,47.00826655411942,0.005944928035294749,8,16,1500,COMPLETE
184,35.32804828367836,2026-05-05 16:59:32.323528,2026-05-05 16:59:47.543643,0 days 00:00:15.220115,0.9901647747332171,45.23028197961966,0.005095931697868504,8,18,1400,COMPLETE
185,35.3654235477893,2026-05-05 16:59:47.544534,2026-05-05 17:00:05.318292,0 days 00:00:17.773758,0.9752880507946862,49.18899778454747,0.004401909939790213,8,14,1500,COMPLETE
186,35.32737618565818,2026-05-05 17:00:05.319292,2026-05-05 17:00:19.958658,0 days 00:00:14.639366,0.9636822870981303,47.56688022679904,0.007105238870872591,8,20,1500,COMPLETE
187,35.460706058105,2026-05-05 17:00:19.958658,2026-05-05 17:00:35.943293,0 days 00:00:15.984635,0.9800883152283815,42.23603513854595,0.0034725599555380507,8,24,1400,COMPLETE
188,35.309332961482326,2026-05-05 17:00:35.943574,2026-05-05 17:00:54.396910,0 days 00:00:18.453336,0.9920398467135186,45.933492817278704,0.004035641730429458,8,16,1500,COMPLETE
189,35.39369422534405,2026-05-05 17:00:54.396910,2026-05-05 17:01:13.810244,0 days 00:00:19.413334,0.9999799230425642,46.18646226264075,0.0040357022870690686,8,13,1500,COMPLETE
190,54.61471532630437,2026-05-05 17:01:13.810244,2026-05-05 17:01:21.421840,0 days 00:00:07.611596,0.9918843820484218,48.850132410873734,0.0013096489278936734,8,19,400,COMPLETE
191,35.28218207717819,2026-05-05 17:01:21.422878,2026-05-05 17:01:38.528864,0 days 00:00:17.105986,0.9839005311019936,44.77817974544687,0.004763517272069639,8,16,1500,COMPLETE
192,35.35461748109581,2026-05-05 17:01:38.528864,2026-05-05 17:01:55.839988,0 days 00:00:17.311124,0.9878609719624943,44.9340516870759,0.005750224158039943,8,16,1500,COMPLETE
193,35.395762638768716,2026-05-05 17:01:55.839988,2026-05-05 17:02:16.380043,0 days 00:00:20.540055,0.9525178178491638,46.758544350921106,0.004609215225018379,8,15,1500,COMPLETE
194,37.43422954234718,2026-05-05 17:02:16.380043,2026-05-05 17:02:29.281788,0 days 00:00:12.901745,0.9686742491003859,51.88891567524536,0.09023946285832511,8,22,1500,COMPLETE
195,39.07697455874598,2026-05-05 17:02:29.281788,2026-05-05 17:02:46.606825,0 days 00:00:17.325037,0.9895011030927144,40.44483948675379,0.2948590284091867,8,10,1500,COMPLETE
196,35.30579708984127,2026-05-05 17:02:46.606825,2026-05-05 17:03:01.813964,0 days 00:00:15.207139,0.9753464784960937,47.8496409044971,0.006341632667478854,8,19,1500,COMPLETE
197,35.66685964641969,2026-05-05 17:03:01.813964,2026-05-05 17:03:14.403281,0 days 00:00:12.589317,0.9992370650177724,47.46166204252591,0.006405693133286727,8,59,1500,COMPLETE
198,35.34836183769362,2026-05-05 17:03:14.403281,2026-05-05 17:03:34.080593,0 days 00:00:19.677312,0.9698100988986451,45.48799235153332,0.0033593683352907047,8,12,1500,COMPLETE
199,35.33754236728869,2026-05-05 17:03:34.080593,2026-05-05 17:03:53.372366,0 days 00:00:19.291773,0.9806470335762575,43.047720908328664,0.005239994888967817,9,18,1500,COMPLETE
200,35.29917914412336,2026-05-05 17:03:53.372366,2026-05-05 17:04:11.115810,0 days 00:00:17.743444,0.9571492891721582,48.51833653598411,0.004011971429455351,8,16,1500,COMPLETE
201,35.35747855787325,2026-05-05 17:04:11.116817,2026-05-05 17:04:28.286334,0 days 00:00:17.169517,0.9574516608324332,48.9097255810643,0.0042610404438938425,8,16,1500,COMPLETE
202,35.24770329097234,2026-05-05 17:04:28.286334,2026-05-05 17:04:45.618263,0 days 00:00:17.331929,0.9903636452299621,46.398364213259484,0.0037819590676749365,8,19,1500,COMPLETE
203,35.27040016434114,2026-05-05 17:04:45.618263,2026-05-05 17:05:02.651640,0 days 00:00:17.033377,0.9712872741092766,44.94666520042225,0.0039461634841978155,8,19,1500,COMPLETE
204,35.432133248912585,2026-05-05 17:05:02.651640,2026-05-05 17:05:20.667494,0 days 00:00:18.015854,0.9429661244403197,45.11297432028021,0.0030642178927396246,8,20,1500,COMPLETE
205,35.319255247412386,2026-05-05 17:05:20.668493,2026-05-05 17:05:37.947505,0 days 00:00:17.279012,0.9693166175921144,43.44790216713925,0.003704800804828311,8,18,1500,COMPLETE
206,35.300266401559036,2026-05-05 17:05:37.947505,2026-05-05 17:05:54.014885,0 days 00:00:16.067380,0.9537848821779693,45.81823171232447,0.0039700001809686875,8,19,1400,COMPLETE
207,35.42787464020567,2026-05-05 17:05:54.014885,2026-05-05 17:06:09.986665,0 days 00:00:15.971780,0.9338433470167575,44.59392162197942,0.0035512808352640857,8,23,1400,COMPLETE
208,35.93247212972089,2026-05-05 17:06:09.986665,2026-05-05 17:06:28.618259,0 days 00:00:18.631594,0.9543472594779767,33.82697290558273,0.0022088279083151223,8,19,1400,COMPLETE
209,35.64694788681639,2026-05-05 17:06:28.618949,2026-05-05 17:06:47.726695,0 days 00:00:19.107746,0.9486669290066936,41.606595526590375,0.002574629511747905,8,20,1500,COMPLETE
210,35.495128928337124,2026-05-05 17:06:47.726695,2026-05-05 17:07:04.982348,0 days 00:00:17.255653,0.9608663109569557,48.39967792057295,0.0031840165254135165,8,21,1400,COMPLETE
211,35.37145026738193,2026-05-05 17:07:04.982348,2026-05-05 17:07:23.376692,0 days 00:00:18.394344,0.9777123571218495,46.167881764754156,0.003963513918871788,8,14,1500,COMPLETE
212,35.42545747184245,2026-05-05 17:07:23.376692,2026-05-05 17:07:39.634377,0 days 00:00:16.257685,0.9844706530680225,27.90716217339161,0.0041433683850419034,8,17,1500,COMPLETE
213,35.28260819442155,2026-05-05 17:07:39.634377,2026-05-05 17:07:56.797643,0 days 00:00:17.163266,0.9633648486282268,46.32057287127708,0.004787029253504259,8,16,1500,COMPLETE
214,35.225991190498895,2026-05-05 17:07:56.797643,2026-05-05 17:08:12.851964,0 days 00:00:16.054321,0.963809495718424,44.316373475262054,0.004878641372716926,8,19,1500,COMPLETE
215,35.37864008613123,2026-05-05 17:08:12.851964,2026-05-05 17:08:29.846663,0 days 00:00:16.994699,0.9422952448933918,44.1797688167753,0.004818657431919896,8,14,1500,COMPLETE
216,35.31345031564176,2026-05-05 17:08:29.846663,2026-05-05 17:08:47.046070,0 days 00:00:17.199407,0.9652089609224336,44.34204801782202,0.004514853893003636,8,17,1500,COMPLETE
217,35.34549638724133,2026-05-05 17:08:47.046070,2026-05-05 17:09:02.937085,0 days 00:00:15.891015,0.9266714218240338,42.166979495512805,0.004577908061672196,8,21,1500,COMPLETE
218,35.355048406634054,2026-05-05 17:09:02.938354,2026-05-05 17:09:19.374476,0 days 00:00:16.436122,0.9538902620768,42.964901804574104,0.0037630467893754243,8,19,1400,COMPLETE
219,35.34425680240274,2026-05-05 17:09:19.374476,2026-05-05 17:09:36.199601,0 days 00:00:16.825125,0.961923401991815,46.04520656139872,0.0033077728206617678,8,26,1500,COMPLETE
220,35.3557507430461,2026-05-05 17:09:36.199601,2026-05-05 17:09:52.003811,0 days 00:00:15.804210,0.9706935133310305,46.847910139455976,0.0045413271460110925,8,23,1500,COMPLETE
221,35.29483324762917,2026-05-05 17:09:52.003811,2026-05-05 17:10:07.438762,0 days 00:00:15.434951,0.9774579517242254,48.16148767529579,0.005534140054723489,8,19,1500,COMPLETE
222,35.328346451962304,2026-05-05 17:10:07.440151,2026-05-05 17:10:23.695599,0 days 00:00:16.255448,0.979805074018329,44.63112926013624,0.005391896254585192,8,16,1500,COMPLETE
223,35.30432962119818,2026-05-05 17:10:23.695860,2026-05-05 17:10:39.251545,0 days 00:00:15.555685,0.9464713573716774,47.682927475321804,0.00545386245845152,8,18,1500,COMPLETE
224,35.40900903461805,2026-05-05 17:10:39.251851,2026-05-05 17:10:56.026578,0 days 00:00:16.774727,0.9880327386797032,45.98731004164729,0.004929573001158888,8,15,1500,COMPLETE
225,35.38013832685549,2026-05-05 17:10:56.026578,2026-05-05 17:11:12.272142,0 days 00:00:16.245564,0.9683937437472967,43.37858369267251,0.004288657449926765,8,21,1500,COMPLETE
226,35.27382253513983,2026-05-05 17:11:12.272142,2026-05-05 17:11:27.066952,0 days 00:00:14.794810,0.9838663488172887,50.14180802984032,0.005791079678888864,8,19,1400,COMPLETE
227,35.32660823901929,2026-05-05 17:11:27.067509,2026-05-05 17:11:41.705380,0 days 00:00:14.637871,0.9998688638935177,50.23363694062566,0.006049097929843815,8,19,1400,COMPLETE
228,35.43987453086994,2026-05-05 17:11:41.706380,2026-05-05 17:11:58.035584,0 days 00:00:16.329204,0.9612854206975747,48.90952076783954,0.003693258747089219,8,22,1400,COMPLETE
229,35.33090335609201,2026-05-05 17:11:58.035584,2026-05-05 17:12:12.840021,0 days 00:00:14.804437,0.985823657655657,47.17294884534872,0.007103217772352662,8,16,1400,COMPLETE
230,35.32689236521495,2026-05-05 17:12:12.840021,2026-05-05 17:12:28.963505,0 days 00:00:16.123484,0.9726299818623053,51.314431917578204,0.0058376747206989104,8,13,1400,COMPLETE
231,35.32390061473097,2026-05-05 17:12:28.963713,2026-05-05 17:12:45.268025,0 days 00:00:16.304312,0.9823951981724179,45.50736495527906,0.004935648334082512,8,18,1500,COMPLETE
232,35.34034363106313,2026-05-05 17:12:45.268025,2026-05-05 17:13:02.103731,0 days 00:00:16.835706,0.9898375630544579,44.4570973378489,0.004059534203505794,8,20,1500,COMPLETE
233,35.31957711892285,2026-05-05 17:13:02.104731,2026-05-05 17:13:18.116741,0 days 00:00:16.012010,0.9746013946353993,46.592507251201205,0.005522464121086853,8,17,1500,COMPLETE
234,35.24797142230216,2026-05-05 17:13:18.116741,2026-05-05 17:13:34.231451,0 days 00:00:16.114710,0.9556136451148693,49.57113816459577,0.004670893097544937,8,19,1500,COMPLETE
235,35.21098974063618,2026-05-05 17:13:34.231451,2026-05-05 17:13:50.429512,0 days 00:00:16.198061,0.9532141292251274,49.45832667000999,0.004448741413495109,8,20,1500,COMPLETE
236,35.397062474878524,2026-05-05 17:13:50.429512,2026-05-05 17:14:06.452854,0 days 00:00:16.023342,0.9405570000778208,49.85031068579524,0.0044155385644710846,8,23,1500,COMPLETE
237,35.33220935269476,2026-05-05 17:14:06.453854,2026-05-05 17:14:22.892245,0 days 00:00:16.438391,0.9532681894816726,48.6487355014309,0.0040645488953361545,8,21,1500,COMPLETE
238,35.294899042521436,2026-05-05 17:14:22.892245,2026-05-05 17:14:40.167785,0 days 00:00:17.275540,0.953786872355724,49.076718314032995,0.003620821404587856,8,20,1500,COMPLETE
239,35.35770967329271,2026-05-05 17:14:40.167785,2026-05-05 17:14:55.611930,0 days 00:00:15.444145,0.9338372414342638,50.40540087419628,0.0047092312828554,8,25,1500,COMPLETE
240,35.384421740272856,2026-05-05 17:14:55.611930,2026-05-05 17:15:14.520173,0 days 00:00:18.908243,0.9626536977404454,51.160000822647994,0.0035120842418276664,8,15,1500,COMPLETE
241,35.33139101403869,2026-05-05 17:15:14.520173,2026-05-05 17:15:31.566212,0 days 00:00:17.046039,0.9514943087030278,47.35773115772577,0.00377625097584208,8,20,1500,COMPLETE
242,35.27601490161908,2026-05-05 17:15:31.567448,2026-05-05 17:15:48.446977,0 days 00:00:16.879529,0.9433779966342523,48.55941673554389,0.0043130842480902385,8,18,1500,COMPLETE
243,35.39729978433727,2026-05-05 17:15:48.446977,2026-05-05 17:16:07.627062,0 days 00:00:19.180085,0.9196689023343401,49.450169586531,0.002948523160528346,8,17,1500,COMPLETE
244,35.403329394959314,2026-05-05 17:16:07.627062,2026-05-05 17:16:23.698308,0 days 00:00:16.071246,0.9412494891329198,48.07285233766071,0.004687117241196386,8,22,1500,COMPLETE
245,35.348759999686806,2026-05-05 17:16:23.699309,2026-05-05 17:16:39.020456,0 days 00:00:15.321147,0.9622126568009964,51.24856392646933,0.006326626233678787,8,19,1500,COMPLETE
