number,value,datetime_start,datetime_complete,duration,params_alpha,params_feature_fraction,params_learning_rate,params_max_depth,params_min_child_samples,params_n_estimators,params_num_leaves,state
242,35.46163681217434,2026-05-27 16:30:39.575389,2026-05-27 16:30:41.721309,0 days 00:00:02.145920,93.67828711065164,0.7885500627657401,0.010092416896527318,10,71,666,31,COMPLETE
243,35.237760392342196,2026-05-27 16:30:41.721309,2026-05-27 16:30:43.923251,0 days 00:00:02.201942,99.95371255576542,0.768066953953132,0.011872149637367695,10,32,718,34,COMPLETE
244,60.51929038370937,2026-05-27 16:30:43.923251,2026-05-27 16:30:46.411904,0 days 00:00:02.488653,91.25706187721396,0.7882039554471241,0.00037498696934685485,10,28,611,37,COMPLETE
245,35.27792685082339,2026-05-27 16:30:46.411904,2026-05-27 16:30:49.069088,0 days 00:00:02.657184,95.55393315587646,0.774035840995784,0.009127560372248704,10,25,705,41,COMPLETE
246,35.20593996823683,2026-05-27 16:30:49.069088,2026-05-27 16:30:51.452131,0 days 00:00:02.383043,94.34136586814759,0.7557922561233673,0.012582309535334207,10,34,739,32,COMPLETE
247,35.17944787554229,2026-05-27 16:30:51.454135,2026-05-27 16:30:54.784699,0 days 00:00:03.330564,103.35272263723401,0.7425721905301926,0.010433796966821235,10,31,667,37,COMPLETE
248,35.16146786635382,2026-05-27 16:30:54.785699,2026-05-27 16:30:57.667687,0 days 00:00:02.881988,103.77895766495422,0.7449728974215666,0.010294001509026816,10,31,685,38,COMPLETE
249,35.19522488281816,2026-05-27 16:30:57.667687,2026-05-27 16:31:00.156872,0 days 00:00:02.489185,107.27622676284444,0.7392069045162186,0.009223945375085469,10,33,694,38,COMPLETE
250,35.265727378976536,2026-05-27 16:31:00.156872,2026-05-27 16:31:02.795873,0 days 00:00:02.639001,103.02762779425842,0.746803136617457,0.01026412955505533,10,26,660,43,COMPLETE
251,35.26157233384219,2026-05-27 16:31:02.795873,2026-05-27 16:31:05.640282,0 days 00:00:02.844409,101.57091231814154,0.7346743734397065,0.008730627765538642,10,22,713,36,COMPLETE
252,35.16877225975725,2026-05-27 16:31:05.640282,2026-05-27 16:31:08.400014,0 days 00:00:02.759732,109.77294251525748,0.7559026628796293,0.010672559199402874,10,37,685,40,COMPLETE
253,35.181483568263346,2026-05-27 16:31:08.400014,2026-05-27 16:31:11.066501,0 days 00:00:02.666487,109.59865886423697,0.7506980814178769,0.010087730506113647,10,37,677,41,COMPLETE
254,35.25171202621813,2026-05-27 16:31:11.066501,2026-05-27 16:31:13.867901,0 days 00:00:02.801400,105.39900529932868,0.7607696828986985,0.010782431005386563,10,32,686,44,COMPLETE
255,35.23813553508211,2026-05-27 16:31:13.868901,2026-05-27 16:31:16.681839,0 days 00:00:02.812938,98.45901547927767,0.7453509781216986,0.008451383544575532,10,24,706,38,COMPLETE
256,35.17522763697523,2026-05-27 16:31:16.682692,2026-05-27 16:31:19.119427,0 days 00:00:02.436735,103.12565920145781,0.7229063150051718,0.011070675431966012,10,35,659,40,COMPLETE
257,35.114406982088894,2026-05-27 16:31:19.120425,2026-05-27 16:31:21.636458,0 days 00:00:02.516033,103.97500139928842,0.7129789951738628,0.010516496402822418,10,36,641,40,COMPLETE
258,35.274440252527874,2026-05-27 16:31:21.636458,2026-05-27 16:31:23.954134,0 days 00:00:02.317676,108.36069413560013,0.7218887465934842,0.015482377306074224,10,36,636,40,COMPLETE
259,35.15793412784228,2026-05-27 16:31:23.956137,2026-05-27 16:31:26.442778,0 days 00:00:02.486641,105.61552110416231,0.7123855897397698,0.008972933779242782,10,37,621,44,COMPLETE
260,35.18614956549933,2026-05-27 16:31:26.442778,2026-05-27 16:31:28.672140,0 days 00:00:02.229362,105.45958624646639,0.7134419684308602,0.008207703481687778,10,39,622,41,COMPLETE
261,35.18961395866445,2026-05-27 16:31:28.672140,2026-05-27 16:31:31.300988,0 days 00:00:02.628848,100.98969277041837,0.727748679150348,0.009195348582683826,10,37,650,48,COMPLETE
262,35.192631045255474,2026-05-27 16:31:31.302990,2026-05-27 16:31:33.118080,0 days 00:00:01.815090,104.88643435844969,0.7042732363111917,0.014561599947634084,10,36,605,35,COMPLETE
263,35.22046616061981,2026-05-27 16:31:33.118080,2026-05-27 16:31:35.773615,0 days 00:00:02.655535,109.70429840753214,0.7256560710318022,0.010926131189653313,10,34,755,39,COMPLETE
264,35.42947980664849,2026-05-27 16:31:35.773615,2026-05-27 16:31:37.314423,0 days 00:00:01.540808,99.41935241046454,0.7333092972394902,0.01175486401412661,6,33,636,42,COMPLETE
265,35.183219699952396,2026-05-27 16:31:37.314423,2026-05-27 16:31:39.816845,0 days 00:00:02.502422,102.30611322659821,0.7154221627935433,0.00790753302090197,10,39,729,36,COMPLETE
266,35.13111583248707,2026-05-27 16:31:39.816845,2026-05-27 16:31:42.440121,0 days 00:00:02.623276,97.98497220018174,0.7590303496001187,0.009309893198492382,10,28,661,39,COMPLETE
267,35.16622226326139,2026-05-27 16:31:42.441124,2026-05-27 16:31:44.509290,0 days 00:00:02.068166,97.27152521177447,0.7618627575560717,0.009313154077140359,10,27,622,34,COMPLETE
268,35.304448243176,2026-05-27 16:31:44.511293,2026-05-27 16:31:46.683295,0 days 00:00:02.172002,98.5231776265551,0.7549971315254135,0.009357337256211889,10,24,617,35,COMPLETE
269,35.36781698208585,2026-05-27 16:31:46.683295,2026-05-27 16:31:49.345190,0 days 00:00:02.661895,89.40219559629202,0.7648568603783293,0.007400278696244126,10,28,632,45,COMPLETE
270,35.31944593435779,2026-05-27 16:31:49.345190,2026-05-27 16:31:51.582982,0 days 00:00:02.237792,98.64517320533521,0.7642848894316927,0.008669049929183584,10,21,596,38,COMPLETE
271,35.33775022213591,2026-05-27 16:31:51.582982,2026-05-27 16:31:53.410859,0 days 00:00:01.827877,92.99614718133,0.7521472033280354,0.01756177870059353,10,32,653,30,COMPLETE
272,35.11173689300839,2026-05-27 16:31:53.412861,2026-05-27 16:31:55.370484,0 days 00:00:01.957623,106.81627192148558,0.767904712383692,0.014146944488975301,10,30,615,35,COMPLETE
273,35.634413184743025,2026-05-27 16:31:55.372486,2026-05-27 16:31:57.573279,0 days 00:00:02.200793,106.02920535632317,0.7702064692357689,0.009204627708479053,10,94,620,39,COMPLETE
274,35.171629118489896,2026-05-27 16:31:57.573279,2026-05-27 16:32:00.109888,0 days 00:00:02.536609,106.10237546716755,0.7730556920849432,0.010008416880932508,10,27,599,42,COMPLETE
275,35.4613078658386,2026-05-27 16:32:00.110941,2026-05-27 16:32:02.797784,0 days 00:00:02.686843,102.31315412044242,0.8000840131102975,0.007598788820425601,10,24,642,34,COMPLETE
276,35.219902065413415,2026-05-27 16:32:02.798886,2026-05-27 16:32:04.995262,0 days 00:00:02.196376,107.7007224887231,0.7626524765256255,0.015154067512327736,10,30,667,37,COMPLETE
277,35.11160300554091,2026-05-27 16:32:04.995262,2026-05-27 16:32:06.971215,0 days 00:00:01.975953,100.66119445676387,0.687656988890605,0.01264601810408113,10,27,609,30,COMPLETE
278,35.279711504061595,2026-05-27 16:32:06.971215,2026-05-27 16:32:08.906274,0 days 00:00:01.935059,89.00862656025053,0.6799443323836685,0.012642057852476251,10,26,608,30,COMPLETE
