number,value,datetime_start,datetime_complete,duration,params_batch_size,params_dense_units,params_dropout_0,params_dropout_1,params_dropout_2,params_learning_rate,params_n_lstm_layers,params_time_steps,params_units_0,params_units_1,params_units_2,state
0,37.10218723528688,2026-05-08 07:08:30.139681,2026-05-08 07:10:10.261417,0 days 00:01:40.121736,16,64,0.13939232917360542,0.33670940319707177,0.3085930821864147,0.005094447372484893,3,1,96,224.0,32.0,COMPLETE
1,66.66018025672126,2026-05-08 07:10:10.264417,2026-05-08 07:19:58.652538,0 days 00:09:48.388121,16,48,0.47168379900498714,0.2839791957158249,0.286923006042905,0.024049345898554446,3,24,128,224.0,32.0,COMPLETE
2,33.315828001480895,2026-05-08 07:19:58.653502,2026-05-08 07:20:42.584576,0 days 00:00:43.931074,64,32,0.40801485809874427,0.11649492613549639,,0.0016404144735539467,2,1,224,128.0,,COMPLETE
3,45.064651694121906,2026-05-08 07:20:42.584576,2026-05-08 07:23:07.406345,0 days 00:02:24.821769,32,80,0.3164151619203903,0.2463372564326421,0.4354386505039698,0.008706710502870744,3,6,64,256.0,192.0,COMPLETE
4,33.45380696858107,2026-05-08 07:23:07.406345,2026-05-08 07:32:03.217330,0 days 00:08:55.810985,64,96,0.45859627802316816,0.46312109339906293,,0.00465905034678836,2,24,96,256.0,,COMPLETE
5,32.528248938139065,2026-05-08 07:32:03.217330,2026-05-08 07:34:43.257600,0 days 00:02:40.040270,64,96,0.4947136202966018,,,0.007107014068504468,1,12,192,,,COMPLETE
6,42.42998581734447,2026-05-08 07:34:43.259995,2026-05-08 07:47:55.308785,0 days 00:13:12.048790,32,64,0.3741559357340577,0.3241048478185691,0.49365677831924737,0.004906995560636068,3,24,32,256.0,160.0,COMPLETE
7,33.20728146844339,2026-05-08 07:47:55.308785,2026-05-08 07:59:51.537901,0 days 00:11:56.229116,16,16,0.30124247371247437,0.49314524314442665,,0.0025828503782210016,2,24,224,128.0,,COMPLETE
8,33.48577565652021,2026-05-08 07:59:51.537901,2026-05-08 08:03:01.912682,0 days 00:03:10.374781,32,80,0.41025072535013285,0.20164338489474806,,0.0033082099496411985,2,6,192,224.0,,COMPLETE
9,30.663826960830967,2026-05-08 08:03:01.913613,2026-05-08 08:08:04.082092,0 days 00:05:02.168479,16,112,0.3512712921368758,,,0.001979024421693645,1,12,256,,,COMPLETE
10,31.39201467449771,2026-05-08 08:08:04.088127,2026-05-08 08:12:35.108706,0 days 00:04:31.020579,16,128,0.19215500761655213,,,0.0010019144792664076,1,12,256,,,COMPLETE
11,31.011529936080603,2026-05-08 08:12:35.108706,2026-05-08 08:17:24.315596,0 days 00:04:49.206890,16,128,0.17009281268276713,,,0.0012865807407451387,1,12,256,,,COMPLETE
12,31.886357264162918,2026-05-08 08:17:24.315596,2026-05-08 08:21:20.564927,0 days 00:03:56.249331,16,128,0.22450653154647285,,,0.0010102474524356364,1,12,256,,,COMPLETE
13,31.111558084710072,2026-05-08 08:21:20.564927,2026-05-08 08:24:54.035156,0 days 00:03:33.470229,16,112,0.2538110442773047,,,0.0018792534958564262,1,12,160,,,COMPLETE
14,32.044687422829824,2026-05-08 08:24:54.036194,2026-05-08 08:29:10.063606,0 days 00:04:16.027412,16,112,0.15265487469732142,,,0.0016670113668240563,1,12,256,,,COMPLETE
15,33.49898680745228,2026-05-08 08:29:10.064541,2026-05-08 08:32:40.079757,0 days 00:03:30.015216,16,128,0.1087782718654089,,,0.011235223113366706,1,12,192,,,COMPLETE
16,31.329488686705794,2026-05-08 08:32:40.079757,2026-05-08 08:36:48.310104,0 days 00:04:08.230347,16,112,0.25897576048130827,,,0.0026493545223778957,1,12,224,,,COMPLETE
17,32.8985445750788,2026-05-08 08:36:48.311104,2026-05-08 08:41:29.480231,0 days 00:04:41.169127,16,96,0.35128401097784134,0.40108958739013173,,0.0013098902687697647,2,12,160,32.0,,COMPLETE
18,32.17469797233262,2026-05-08 08:41:29.481230,2026-05-08 08:43:20.672823,0 days 00:01:51.191593,32,112,0.19182966197718332,,,0.0031792372552211755,1,6,256,,,COMPLETE
19,33.19581581605789,2026-05-08 08:43:20.673822,2026-05-08 08:44:06.910496,0 days 00:00:46.236674,64,128,0.34143996165810775,0.1134245840558688,,0.0020732653629981896,2,1,224,32.0,,COMPLETE
20,36.68283047344427,2026-05-08 08:44:06.910496,2026-05-08 08:45:37.160143,0 days 00:01:30.249647,16,96,0.2658622657419386,,,0.016042845466738957,1,12,128,,,COMPLETE
21,32.241538587131565,2026-05-08 08:45:37.161081,2026-05-08 08:48:33.634484,0 days 00:02:56.473403,16,112,0.2577799640759106,,,0.00166941796109236,1,12,160,,,COMPLETE
22,31.627280791601834,2026-05-08 08:48:33.635409,2026-05-08 08:51:40.576020,0 days 00:03:06.940611,16,112,0.20694806698249774,,,0.001339508168164589,1,12,192,,,COMPLETE
23,31.57205772411737,2026-05-08 08:51:40.577036,2026-05-08 08:56:16.767672,0 days 00:04:36.190636,16,128,0.1568509205627694,,,0.002341460783616559,1,12,224,,,COMPLETE
24,31.697366263480426,2026-05-08 08:56:16.768671,2026-05-08 08:59:26.698940,0 days 00:03:09.930269,16,80,0.23251559539906827,,,0.0035852064688269075,1,12,160,,,COMPLETE
25,32.16926449353076,2026-05-08 08:59:26.698940,2026-05-08 09:04:08.195276,0 days 00:04:41.496336,16,112,0.2765113863991659,,,0.0019102103173325431,1,12,256,,,COMPLETE
26,33.04028136487918,2026-05-08 09:04:08.195798,2026-05-08 09:09:07.594418,0 days 00:04:59.398620,16,96,0.3112275378918381,0.1782858736758633,,0.0012307908437314686,2,12,32,96.0,,COMPLETE
27,32.926447255637775,2026-05-08 09:09:07.595419,2026-05-08 09:10:37.160760,0 days 00:01:29.565341,16,128,0.4018143599229792,,,0.003698480321285737,1,6,96,,,COMPLETE
28,33.08799981047862,2026-05-08 09:10:37.160760,2026-05-08 09:11:20.311152,0 days 00:00:43.150392,64,112,0.11439324700516154,0.4094174214889429,,0.0013901309586361967,2,1,128,160.0,,COMPLETE
29,33.178095223246466,2026-05-08 09:11:20.311152,2026-05-08 09:11:59.324434,0 days 00:00:39.013282,32,64,0.17938739452964872,,,0.002163909898889019,1,1,64,,,COMPLETE
30,32.36048433112243,2026-05-08 09:11:59.324434,2026-05-08 09:15:20.909122,0 days 00:03:21.584688,16,48,0.2347736478181472,,,0.006001692314519983,1,12,224,,,COMPLETE
31,32.01610407232174,2026-05-08 09:15:20.909122,2026-05-08 09:20:06.003506,0 days 00:04:45.094384,16,112,0.28604567460224534,,,0.00278422993259846,1,12,256,,,COMPLETE
32,31.53586239759462,2026-05-08 09:20:06.003506,2026-05-08 09:23:33.599316,0 days 00:03:27.595810,16,128,0.24733462968599296,,,0.0018843137368576843,1,12,224,,,COMPLETE
33,41.06094026215091,2026-05-08 09:23:33.600317,2026-05-08 09:26:55.435820,0 days 00:03:21.835503,16,96,0.33199502672954295,,,0.028236542496276926,1,12,224,,,COMPLETE
34,39.448906744803914,2026-05-08 09:26:55.435820,2026-05-08 09:33:39.509717,0 days 00:06:44.073897,16,112,0.2871343187245536,0.3836272317344186,0.10045763591495149,0.0027235413638547657,3,12,192,64.0,256.0,COMPLETE
35,32.33877586046843,2026-05-08 09:33:39.509717,2026-05-08 09:41:01.508553,0 days 00:07:21.998836,16,80,0.38303654828031636,,,0.004005634389231862,1,24,256,,,COMPLETE
36,32.352733689773856,2026-05-08 09:41:01.509413,2026-05-08 09:44:50.061174,0 days 00:03:48.551761,64,112,0.42987159734023705,,,0.0015083466421247776,1,12,224,,,COMPLETE
37,33.99394551696046,2026-05-08 09:44:50.061174,2026-05-08 09:45:48.593005,0 days 00:00:58.531831,16,96,0.13656136793330306,,,0.0011190139797302575,1,1,160,,,COMPLETE
38,33.19240779222432,2026-05-08 09:45:48.593005,2026-05-08 09:58:38.848813,0 days 00:12:50.255808,32,128,0.36742699724021294,0.20020000991271558,,0.001777064621271795,2,24,256,160.0,,COMPLETE
39,32.36488467460322,2026-05-08 09:58:38.848813,2026-05-08 10:01:38.885078,0 days 00:03:00.036265,64,32,0.31930262767387196,0.26821918823941077,,0.0023678086742929794,2,6,192,192.0,,COMPLETE
40,35.14410314525365,2026-05-08 10:01:38.885078,2026-05-08 10:07:14.546005,0 days 00:05:35.660927,16,80,0.21474188511898884,0.45028021625576564,0.15307082758927731,0.004434592497671459,3,12,64,96.0,96.0,COMPLETE
41,31.34721438364422,2026-05-08 10:07:14.546498,2026-05-08 10:11:38.698882,0 days 00:04:24.152384,16,128,0.17574115532827386,,,0.0010457509785992754,1,12,256,,,COMPLETE
42,31.51105785138941,2026-05-08 10:11:38.698882,2026-05-08 10:15:24.399023,0 days 00:03:45.700141,16,128,0.1715899076261443,,,0.0014325946153809033,1,12,256,,,COMPLETE
43,31.576362844420238,2026-05-08 10:15:24.400024,2026-05-08 10:19:38.134510,0 days 00:04:13.734486,16,112,0.20072162868487103,,,0.0011605396817551794,1,12,224,,,COMPLETE
44,31.5766555487527,2026-05-08 10:19:38.134510,2026-05-08 10:25:46.793054,0 days 00:06:08.658544,16,128,0.13653492005054407,,,0.0010131494553444775,1,12,256,,,COMPLETE
45,31.3468344037301,2026-05-08 10:25:46.793054,2026-05-08 10:34:27.345770,0 days 00:08:40.552716,16,128,0.2542561687280912,,,0.0014889324491435168,1,24,256,,,COMPLETE
46,31.848758730321173,2026-05-08 10:34:27.345770,2026-05-08 10:39:29.419216,0 days 00:05:02.073446,32,112,0.2520975181154807,,,0.002918102535656755,1,24,224,,,COMPLETE
47,33.56248429232955,2026-05-08 10:39:29.420317,2026-05-08 10:49:47.793777,0 days 00:10:18.373460,16,96,0.3034621383835095,0.35971923663596334,,0.0015580473433000413,2,24,256,64.0,,COMPLETE
48,31.77887324298722,2026-05-08 10:49:47.794787,2026-05-08 10:58:35.721416,0 days 00:08:47.926629,16,128,0.3614014963149572,,,0.0020959451993856877,1,24,192,,,COMPLETE
49,35.248519058924316,2026-05-08 10:58:35.721416,2026-05-08 11:03:56.110658,0 days 00:05:20.389242,16,48,0.27835195669477675,,,0.008313203880643915,1,24,224,,,COMPLETE
50,32.14196301942943,2026-05-08 11:03:56.110869,2026-05-08 11:04:36.018285,0 days 00:00:39.907416,64,96,0.3232390204647619,,,0.005497885325606228,1,6,96,,,COMPLETE
51,32.54365912357754,2026-05-08 11:04:36.019248,2026-05-08 11:08:22.680643,0 days 00:03:46.661395,16,128,0.2178693288542416,,,0.0012155368914605177,1,12,256,,,COMPLETE
52,31.394184822698758,2026-05-08 11:08:22.681163,2026-05-08 11:12:38.719260,0 days 00:04:16.038097,16,128,0.24211612943431707,,,0.0015910076942785459,1,12,256,,,COMPLETE
53,31.13492551205524,2026-05-08 11:12:38.719260,2026-05-08 11:22:50.339660,0 days 00:10:11.620400,16,112,0.17516302861835278,,,0.0018555970873072357,1,24,256,,,COMPLETE
54,31.718498994738763,2026-05-08 11:22:50.339660,2026-05-08 11:30:40.505862,0 days 00:07:50.166202,16,112,0.34399055791948724,,,0.0023143652235314903,1,24,224,,,COMPLETE
55,31.953493520950502,2026-05-08 11:30:40.506783,2026-05-08 11:38:02.552434,0 days 00:07:22.045651,16,112,0.26517403866421746,,,0.0018636061740774218,1,24,256,,,COMPLETE
56,31.419090361234304,2026-05-08 11:38:02.553440,2026-05-08 11:44:50.811448,0 days 00:06:48.258008,16,112,0.15306735002547528,,,0.0024658869670880564,1,24,224,,,COMPLETE
57,31.593758804666624,2026-05-08 11:44:50.811448,2026-05-08 11:52:27.090071,0 days 00:07:36.278623,32,112,0.19250564847484708,,,0.00309817682293808,1,24,256,,,COMPLETE
58,31.576369795827468,2026-05-08 11:52:27.090071,2026-05-08 11:59:05.237329,0 days 00:06:38.147258,16,16,0.2252217581659134,,,0.001718621361340631,1,24,224,,,COMPLETE
59,36.69590980480278,2026-05-08 11:59:05.237329,2026-05-08 11:59:51.559021,0 days 00:00:46.321692,16,96,0.1153492149619032,,,0.013831904606438036,1,1,128,,,COMPLETE
60,32.25240232289407,2026-05-08 11:59:51.559021,2026-05-08 12:02:20.329699,0 days 00:02:28.770678,16,128,0.3008453695000584,,,0.0013176939700744357,1,6,192,,,COMPLETE
61,31.410076700408403,2026-05-08 12:02:20.334276,2026-05-08 12:07:09.662624,0 days 00:04:49.328348,16,128,0.16467457424063744,,,0.0010861574276656066,1,12,256,,,COMPLETE
62,31.332266225432072,2026-05-08 12:07:09.662624,2026-05-08 12:11:25.105596,0 days 00:04:15.442972,16,128,0.18831635495093652,,,0.0020206183889128516,1,12,256,,,COMPLETE
63,30.899476218679204,2026-05-08 12:11:25.106552,2026-05-08 12:16:48.793590,0 days 00:05:23.687038,16,112,0.1888054140373731,,,0.0020234831310616715,1,12,256,,,COMPLETE
64,31.97872096811352,2026-05-08 12:16:48.793590,2026-05-08 12:21:20.900316,0 days 00:04:32.106726,16,112,0.1867052367499667,,,0.002036953433786227,1,12,256,,,COMPLETE
65,32.340881436110806,2026-05-08 12:21:20.900829,2026-05-08 12:25:44.717771,0 days 00:04:23.816942,16,112,0.14494951306091244,,,0.002109662529752163,1,12,256,,,COMPLETE
66,31.580431140268285,2026-05-08 12:25:44.718770,2026-05-08 12:29:38.745483,0 days 00:03:54.026713,16,96,0.12589610539662083,,,0.002573591419042988,1,12,224,,,COMPLETE
67,31.24194032071356,2026-05-08 12:29:38.745483,2026-05-08 12:33:30.242957,0 days 00:03:51.497474,64,112,0.20470930599206907,,,0.0017252250811454397,1,12,256,,,COMPLETE
68,31.28747547886324,2026-05-08 12:33:30.243957,2026-05-08 12:36:53.271390,0 days 00:03:23.027433,64,96,0.20476553165415556,,,0.003411833172184894,1,12,224,,,COMPLETE
69,33.16418632319046,2026-05-08 12:36:53.271984,2026-05-08 12:42:59.959059,0 days 00:06:06.687075,64,96,0.20498601972756472,0.1595181574048069,,0.0017733740518941653,2,12,256,192.0,,COMPLETE
70,31.46917480001199,2026-05-08 12:42:59.959059,2026-05-08 12:45:53.545661,0 days 00:02:53.586602,64,112,0.1633933438109306,,,0.003804752893057819,1,12,224,,,COMPLETE
71,32.50251636274923,2026-05-08 12:45:53.545661,2026-05-08 12:48:13.915165,0 days 00:02:20.369504,64,112,0.21084673780059104,,,0.003392422504270767,1,12,192,,,COMPLETE
72,32.232830784547126,2026-05-08 12:48:13.915165,2026-05-08 12:50:12.466397,0 days 00:01:58.551232,64,96,0.23273265867263576,,,0.002301366439298854,1,12,160,,,COMPLETE
73,31.506627504282157,2026-05-08 12:50:12.467475,2026-05-08 12:52:26.380048,0 days 00:02:13.912573,64,112,0.22352458286232008,,,0.002973330697868292,1,12,224,,,COMPLETE
74,32.09870511823781,2026-05-08 12:52:26.380048,2026-05-08 12:54:59.847657,0 days 00:02:33.467609,64,96,0.20187455519320993,,,0.0026018100389349225,1,12,256,,,COMPLETE
75,31.820422022341024,2026-05-08 12:54:59.847657,2026-05-08 12:58:01.062142,0 days 00:03:01.214485,64,80,0.24082280161825725,,,0.001920297938490734,1,12,224,,,COMPLETE
76,36.45179872870965,2026-05-08 12:58:01.062142,2026-05-08 13:04:34.424352,0 days 00:06:33.362210,64,112,0.17930050339662584,0.24471497743706336,0.25870251371581166,0.0013350773460365389,3,12,256,96.0,256.0,COMPLETE
77,33.09719138201009,2026-05-08 13:04:34.425344,2026-05-08 13:05:08.284707,0 days 00:00:33.859363,64,112,0.2708785085378168,,,0.001742496865223348,1,1,160,,,COMPLETE
78,32.14812995680511,2026-05-08 13:05:08.284707,2026-05-08 13:07:57.308055,0 days 00:02:49.023348,32,96,0.45136188998054927,,,0.0015901825061901385,1,12,128,,,COMPLETE
79,31.33150138369707,2026-05-08 13:07:57.309059,2026-05-08 13:11:55.534268,0 days 00:03:58.225209,64,112,0.1659801073904363,,,0.002220714266859344,1,12,256,,,COMPLETE
80,32.53326342177308,2026-05-08 13:11:55.534268,2026-05-08 13:14:42.835907,0 days 00:02:47.301639,16,80,0.1442586518608674,,,0.004533255986303018,1,12,224,,,COMPLETE
81,31.631284492967175,2026-05-08 13:14:42.835907,2026-05-08 13:18:04.742408,0 days 00:03:21.906501,64,112,0.1692435573840042,,,0.0022157870324415207,1,12,256,,,COMPLETE
82,31.643050582027126,2026-05-08 13:18:04.743349,2026-05-08 13:20:51.829766,0 days 00:02:47.086417,64,112,0.3847134486838451,,,0.0027463437775358543,1,12,256,,,COMPLETE
83,31.54988043164486,2026-05-08 13:20:51.829766,2026-05-08 13:24:05.481023,0 days 00:03:13.651257,64,112,0.1832224447697647,,,0.0014431702133688175,1,12,256,,,COMPLETE
84,31.5403940903592,2026-05-08 13:24:05.482031,2026-05-08 13:27:25.938253,0 days 00:03:20.456222,64,112,0.1982700125572811,,,0.0033340947996355727,1,12,256,,,COMPLETE
85,31.873647134330934,2026-05-08 13:27:25.938253,2026-05-08 13:31:01.980893,0 days 00:03:36.042640,64,96,0.28693967607345966,,,0.0019256409157568293,1,12,224,,,COMPLETE
86,31.808208794946996,2026-05-08 13:31:01.980893,2026-05-08 13:34:00.141893,0 days 00:02:58.161000,16,112,0.1598388835225399,,,0.0024187949771233897,1,6,256,,,COMPLETE
87,31.33555842486333,2026-05-08 13:34:00.141893,2026-05-08 13:38:01.026983,0 days 00:04:00.885090,32,128,0.21230863202716965,,,0.001614011269833351,1,12,256,,,COMPLETE
88,30.950608107331085,2026-05-08 13:38:01.026983,2026-05-08 13:41:59.669921,0 days 00:03:58.642938,16,64,0.12722238205210695,,,0.0012272269571137373,1,12,224,,,COMPLETE
89,31.2545950242063,2026-05-08 13:41:59.669921,2026-05-08 13:45:24.631482,0 days 00:03:24.961561,16,64,0.10611921686422615,,,0.001242782949069306,1,12,192,,,COMPLETE
90,32.05834677881889,2026-05-08 13:45:24.631482,2026-05-08 13:48:21.103661,0 days 00:02:56.472179,16,64,0.12451906462485232,,,0.0012248435404756972,1,12,192,,,COMPLETE
91,31.866918997459265,2026-05-08 13:48:21.103661,2026-05-08 13:51:17.993392,0 days 00:02:56.889731,16,64,0.1093549211893019,,,0.001249247876524115,1,12,160,,,COMPLETE
92,31.546504387097986,2026-05-08 13:51:17.993392,2026-05-08 13:55:24.546392,0 days 00:04:06.553000,16,64,0.10003972238564146,,,0.0014086147447857165,1,12,192,,,COMPLETE
93,31.593097281083452,2026-05-08 13:55:24.546392,2026-05-08 13:58:37.215736,0 days 00:03:12.669344,16,48,0.1276513672065014,,,0.0015294616962242122,1,12,192,,,COMPLETE
94,32.70941697191135,2026-05-08 13:58:37.216736,2026-05-08 14:00:05.417202,0 days 00:01:28.200466,16,64,0.10036836897351738,,,0.0011216208427940076,1,1,224,,,COMPLETE
95,41.7295358301039,2026-05-08 14:00:05.417202,2026-05-08 14:04:32.161098,0 days 00:04:26.743896,16,48,0.1493345486148865,,,0.020580429484722038,1,12,224,,,COMPLETE
96,31.691289916213936,2026-05-08 14:04:32.161098,2026-05-08 14:07:57.714470,0 days 00:03:25.553372,16,80,0.13710852072128105,,,0.0016836438903271018,1,12,192,,,COMPLETE
97,32.295440853101226,2026-05-08 14:07:57.715477,2026-05-08 14:12:11.115124,0 days 00:04:13.399647,16,64,0.22107031963954177,,,0.0065529705205261655,1,12,224,,,COMPLETE
98,30.76423698947567,2026-05-08 14:12:11.116174,2026-05-08 14:16:25.786550,0 days 00:04:14.670376,16,64,0.2591524026886067,,,0.0018089570295524364,1,12,192,,,COMPLETE
99,33.53515930844668,2026-05-08 14:16:25.786550,2026-05-08 14:19:22.200175,0 days 00:02:56.413625,16,64,0.12216366817785372,0.43154046386722955,,0.0013402759229066046,2,6,160,64.0,,COMPLETE
100,31.390832647552866,2026-05-08 14:19:22.201185,2026-05-08 14:22:44.505269,0 days 00:03:22.304084,16,64,0.19771014797460346,,,0.0011712009319380776,1,12,192,,,COMPLETE
101,31.217150974463937,2026-05-08 14:22:44.505269,2026-05-08 14:26:32.306023,0 days 00:03:47.800754,16,64,0.24959669906175425,,,0.0018452108687494317,1,12,224,,,COMPLETE
102,31.795640849132432,2026-05-08 14:26:32.306023,2026-05-08 14:30:18.058606,0 days 00:03:45.752583,16,64,0.2636427392263612,,,0.0018275545292171344,1,12,192,,,COMPLETE
103,31.791691016522172,2026-05-08 14:30:18.065279,2026-05-08 14:34:30.740079,0 days 00:04:12.674800,16,48,0.24479186630628566,,,0.001956048444879038,1,12,224,,,COMPLETE
104,31.68592525724937,2026-05-08 14:34:30.740079,2026-05-08 14:39:49.110817,0 days 00:05:18.370738,16,64,0.2930771160984549,,,0.0014659056132954467,1,12,224,,,COMPLETE
105,31.721629726638934,2026-05-08 14:39:49.111834,2026-05-08 14:43:43.782740,0 days 00:03:54.670906,16,64,0.310160862125853,,,0.0016703344785219067,1,12,256,,,COMPLETE
106,32.6049016723403,2026-05-08 14:43:43.783740,2026-05-08 14:46:16.636111,0 days 00:02:32.852371,16,80,0.2270895351396936,,,0.0017969616044083022,1,12,128,,,COMPLETE
107,31.67963708727448,2026-05-08 14:46:16.636111,2026-05-08 14:51:14.644292,0 days 00:04:58.008181,16,80,0.253382363737283,,,0.0010028114022770183,1,12,192,,,COMPLETE
108,31.660181807871265,2026-05-08 14:51:14.645424,2026-05-08 14:57:14.105133,0 days 00:05:59.459709,16,64,0.17440521476943882,,,0.0012532248388009194,1,24,224,,,COMPLETE
109,31.154241733909135,2026-05-08 14:57:14.105133,2026-05-08 15:02:33.351938,0 days 00:05:19.246805,16,48,0.19441077808608936,,,0.0020421826328956665,1,12,256,,,COMPLETE
