number,value,datetime_start,datetime_complete,duration,params_batch_size,params_dropout_0,params_dropout_1,params_dropout_2,params_learning_rate,params_n_mlp_layers,params_units_0,params_units_1,params_units_2,state
127,34.376389933685005,2026-04-29 23:19:58.396913,2026-04-29 23:20:42.065459,0 days 00:00:43.668546,64,0.04895899723694408,,,0.0011212255396446306,1,256,,,COMPLETE
128,34.558292882235584,2026-04-29 23:20:42.071329,2026-04-29 23:21:23.170914,0 days 00:00:41.099585,64,0.04581837467435797,,,0.0011021339038367597,1,256,,,COMPLETE
129,34.681918649076906,2026-04-29 23:21:23.170914,2026-04-29 23:22:08.257622,0 days 00:00:45.086708,64,0.018928870050004994,,,0.0011777166558274376,1,224,,,COMPLETE
130,34.439906475217725,2026-04-29 23:22:08.257622,2026-04-29 23:22:46.944068,0 days 00:00:38.686446,64,0.041101901885859535,,,0.0010941383206389634,1,256,,,COMPLETE
131,34.55943740514973,2026-04-29 23:22:46.949214,2026-04-29 23:23:25.155829,0 days 00:00:38.206615,64,0.03641412435806799,,,0.0010010386189879992,1,256,,,COMPLETE
132,34.855652758746125,2026-04-29 23:23:25.155829,2026-04-29 23:24:02.523522,0 days 00:00:37.367693,64,0.03936879985865714,,,0.0010740888495991464,1,256,,,COMPLETE
133,34.62380491551852,2026-04-29 23:24:02.523522,2026-04-29 23:24:32.831155,0 days 00:00:30.307633,64,0.033728341506612206,,,0.0010982655184743173,1,256,,,COMPLETE
134,34.75883538969196,2026-04-29 23:24:32.831155,2026-04-29 23:25:08.933953,0 days 00:00:36.102798,64,0.045871404807494943,,,0.0010288946794612826,1,256,,,COMPLETE
135,34.64856566773105,2026-04-29 23:25:08.933953,2026-04-29 23:25:56.843774,0 days 00:00:47.909821,64,0.023194667993477525,,,0.0010047268890456926,1,256,,,COMPLETE
136,34.42068511044365,2026-04-29 23:25:56.843774,2026-04-29 23:26:33.831637,0 days 00:00:36.987863,64,0.011297472401603503,,,0.0012527116752638937,1,256,,,COMPLETE
137,34.4976240555684,2026-04-29 23:26:33.831637,2026-04-29 23:27:12.271757,0 days 00:00:38.440120,64,0.011166513844431564,,,0.0012888651854286771,1,256,,,COMPLETE
138,34.637842049421224,2026-04-29 23:27:12.275242,2026-04-29 23:27:56.128314,0 days 00:00:43.853072,64,0.013897620230096379,,,0.0013130551638477353,1,224,,,COMPLETE
139,35.24923479491273,2026-04-29 23:27:56.128314,2026-04-29 23:29:19.942499,0 days 00:01:23.814185,16,0.01188632470579188,,,0.0012802972234704495,1,256,,,COMPLETE
140,34.7976342895454,2026-04-29 23:29:19.942499,2026-04-29 23:29:51.174648,0 days 00:00:31.232149,64,0.0022365803892890057,,,0.0019544358165760668,1,256,,,COMPLETE
141,34.55574730387806,2026-04-29 23:29:51.174648,2026-04-29 23:30:25.505232,0 days 00:00:34.330584,64,0.03095112515622544,,,0.001173631562893192,1,256,,,COMPLETE
142,34.45366534035812,2026-04-29 23:30:25.505232,2026-04-29 23:31:00.575356,0 days 00:00:35.070124,64,0.05102310574402718,,,0.0011606534409299512,1,256,,,COMPLETE
143,34.53569240585877,2026-04-29 23:31:00.575356,2026-04-29 23:31:35.063130,0 days 00:00:34.487774,64,0.02852788618306918,,,0.00144104102200478,1,256,,,COMPLETE
144,34.54889156761899,2026-04-29 23:31:35.063130,2026-04-29 23:32:15.206178,0 days 00:00:40.143048,64,0.05537134488282596,,,0.0014247151237163041,1,256,,,COMPLETE
145,34.79372195388826,2026-04-29 23:32:15.206178,2026-04-29 23:32:54.507279,0 days 00:00:39.301101,64,0.05566660465352875,,,0.0017191593752748026,1,192,,,COMPLETE
146,34.827281890447544,2026-04-29 23:32:54.507279,2026-04-29 23:33:24.721097,0 days 00:00:30.213818,64,0.009914043137972079,,,0.001440592858050125,1,256,,,COMPLETE
147,34.83692390553995,2026-04-29 23:33:24.721097,2026-04-29 23:34:00.798553,0 days 00:00:36.077456,64,0.02407337116368727,,,0.0015947858275376847,1,256,,,COMPLETE
148,34.65987012139098,2026-04-29 23:34:00.798553,2026-04-29 23:34:37.906690,0 days 00:00:37.108137,64,0.06345205728094945,,,0.0018257332091535783,1,256,,,COMPLETE
149,34.718290833766204,2026-04-29 23:34:37.906690,2026-04-29 23:35:32.670384,0 days 00:00:54.763694,32,0.01411384184724349,,,0.0014131400350770068,1,256,,,COMPLETE
150,34.605325605201635,2026-04-29 23:35:32.671016,2026-04-29 23:36:15.154802,0 days 00:00:42.483786,64,0.039385116397301294,,,0.0013324613340091067,1,224,,,COMPLETE
151,34.61639197795121,2026-04-29 23:36:15.154802,2026-04-29 23:36:50.388842,0 days 00:00:35.234040,64,7.943802307826091e-05,,,0.0012352328172617992,1,256,,,COMPLETE
152,35.95135707580407,2026-04-29 23:36:50.388842,2026-04-29 23:37:19.460421,0 days 00:00:29.071579,64,0.049166220941302144,,,0.014183772721781816,1,256,,,COMPLETE
153,34.48870587262472,2026-04-29 23:37:19.461887,2026-04-29 23:37:59.417196,0 days 00:00:39.955309,64,0.02825573516560738,,,0.0015810190367561905,1,256,,,COMPLETE
154,34.53267463020979,2026-04-29 23:37:59.417196,2026-04-29 23:38:52.472237,0 days 00:00:53.055041,64,0.02551002467309174,,,0.0015598328610811178,1,256,,,COMPLETE
155,34.246826150475,2026-04-29 23:38:52.472237,2026-04-29 23:39:36.716444,0 days 00:00:44.244207,64,0.029782668100316358,,,0.0016173361718240628,1,256,,,COMPLETE
156,34.91326484935987,2026-04-29 23:39:36.716444,2026-04-29 23:40:22.892971,0 days 00:00:46.176527,64,0.029481947643330814,,,0.0016376705077799875,1,256,,,COMPLETE
157,34.78510591052415,2026-04-29 23:40:22.892971,2026-04-29 23:40:58.647917,0 days 00:00:35.754946,64,0.02971371812947581,,,0.0018484517227368063,1,256,,,COMPLETE
158,34.347270957383984,2026-04-29 23:40:58.648598,2026-04-29 23:41:40.649151,0 days 00:00:42.000553,64,0.012926449027984933,,,0.001504900089943783,1,256,,,COMPLETE
159,34.63824433097702,2026-04-29 23:41:40.651487,2026-04-29 23:42:20.069823,0 days 00:00:39.418336,64,0.014190903405230238,,,0.0011180380495919653,1,256,,,COMPLETE
160,34.58367577435698,2026-04-29 23:42:20.069823,2026-04-29 23:42:51.588860,0 days 00:00:31.519037,64,0.022475968787862417,,,0.001593489429687859,1,256,,,COMPLETE
161,34.73315492706119,2026-04-29 23:42:51.588860,2026-04-29 23:46:19.475918,0 days 00:03:27.887058,64,0.03711578095565799,,,0.0015045185098248024,1,256,,,COMPLETE
162,35.260634512744524,2026-04-29 23:46:19.506232,2026-04-29 23:50:52.997623,0 days 00:04:33.491391,64,0.007672252998440276,0.2632978030416309,,0.001319767819352824,2,256,160.0,,COMPLETE
163,34.9200435359151,2026-04-29 23:50:53.018388,2026-04-29 23:52:58.186165,0 days 00:02:05.167777,64,0.048359061467656554,,,0.0011340802453648623,1,256,,,COMPLETE
164,34.48586622759277,2026-04-29 23:52:58.187397,2026-04-29 23:54:31.358037,0 days 00:01:33.170640,64,0.039762379985889995,,,0.001702766860759744,1,256,,,COMPLETE
165,34.62915090279679,2026-04-29 23:54:31.358037,2026-04-29 23:55:56.585986,0 days 00:01:25.227949,64,0.025885311137769214,,,0.0019281967388122749,1,256,,,COMPLETE
166,34.7008598970398,2026-04-29 23:55:56.585986,2026-04-29 23:57:45.493736,0 days 00:01:48.907750,64,0.06645560741712313,,,0.0017482822097288446,1,256,,,COMPLETE
167,35.72170800802885,2026-04-29 23:57:45.493736,2026-04-30 00:00:23.854953,0 days 00:02:38.361217,64,0.4100416501985098,,,0.0012780957594821138,1,256,,,COMPLETE
168,34.66262155059073,2026-04-30 00:00:23.854953,2026-04-30 00:01:42.314103,0 days 00:01:18.459150,128,0.013603280765567938,,,0.0015879893696082417,1,256,,,COMPLETE
169,34.417780728241375,2026-04-30 00:01:42.314103,2026-04-30 00:03:14.902405,0 days 00:01:32.588302,64,0.0371919576923649,,,0.0013758261718435079,1,256,,,COMPLETE
170,34.88047578549525,2026-04-30 00:03:14.903404,2026-04-30 00:05:32.090276,0 days 00:02:17.186872,16,0.0422621857976774,,,0.0011491597209442451,1,256,,,COMPLETE
171,34.740572875362936,2026-04-30 00:05:32.090276,2026-04-30 00:07:19.146499,0 days 00:01:47.056223,64,0.03445057754249062,,,0.0013753780926877518,1,256,,,COMPLETE
172,35.921447776993574,2026-04-30 00:07:19.147636,2026-04-30 00:08:33.938962,0 days 00:01:14.791326,64,0.023787120129953036,,,0.00803885538433013,1,256,,,COMPLETE
173,34.64409915703375,2026-04-30 00:08:33.939960,2026-04-30 00:09:43.945711,0 days 00:01:10.005751,64,0.0009224145084623676,,,0.002412474070233905,1,256,,,COMPLETE
174,37.36730925310668,2026-04-30 00:09:43.945711,2026-04-30 00:12:04.948912,0 days 00:02:21.003201,64,0.05918687246575795,0.4319676382907106,0.48019361810462946,0.0012540950368254576,3,256,32.0,96.0,COMPLETE
175,34.53682629300058,2026-04-30 00:12:04.950028,2026-04-30 00:13:35.362288,0 days 00:01:30.412260,64,0.03563771840080802,,,0.0014660593867382107,1,256,,,COMPLETE
176,34.60565971023751,2026-04-30 00:13:35.362288,2026-04-30 00:15:01.858231,0 days 00:01:26.495943,64,0.016430628539437515,,,0.001777744778736495,1,256,,,COMPLETE
177,34.68920144645124,2026-04-30 00:15:01.859257,2026-04-30 00:16:11.229943,0 days 00:01:09.370686,64,0.05398841977981769,,,0.0011135677975550751,1,256,,,COMPLETE
178,34.63896889055654,2026-04-30 00:16:11.231424,2026-04-30 00:17:37.244276,0 days 00:01:26.012852,64,0.02466176214688879,,,0.001004936448830394,1,256,,,COMPLETE
179,34.708985614206846,2026-04-30 00:17:37.244276,2026-04-30 00:18:43.836054,0 days 00:01:06.591778,64,0.041244341779656926,,,0.0020570310536931575,1,256,,,COMPLETE
180,34.72252791612417,2026-04-30 00:18:43.836054,2026-04-30 00:20:02.122844,0 days 00:01:18.286790,64,0.011985711154234996,,,0.0013387405137341448,1,256,,,COMPLETE
181,34.830671284002904,2026-04-30 00:20:02.122844,2026-04-30 00:21:15.340873,0 days 00:01:13.218029,64,0.03374295483961651,,,0.0015136934062299433,1,256,,,COMPLETE
182,34.970514774608056,2026-04-30 00:21:15.343119,2026-04-30 00:22:27.116872,0 days 00:01:11.773753,64,0.03394556576099937,,,0.001450390860324418,1,256,,,COMPLETE
183,34.4796750465895,2026-04-30 00:22:27.126475,2026-04-30 00:23:14.255743,0 days 00:00:47.129268,64,0.04582372064585045,,,0.0016335607687462536,1,256,,,COMPLETE
184,34.828561743233024,2026-04-30 00:23:14.257259,2026-04-30 08:43:14.917517,0 days 08:20:00.660258,64,0.07667634266602913,,,0.0012084744962548842,1,256,,,COMPLETE
185,34.73946381358921,2026-04-30 08:43:14.932796,2026-04-30 08:44:23.079841,0 days 00:01:08.147045,64,0.06608208520215733,,,0.0016871019060705039,1,256,,,COMPLETE
186,34.29972215961129,2026-04-30 08:44:23.079841,2026-04-30 08:45:20.434263,0 days 00:00:57.354422,64,0.04708688273186506,,,0.0016506965867446053,1,256,,,COMPLETE
187,34.666929637566795,2026-04-30 08:45:20.442607,2026-04-30 08:46:10.634800,0 days 00:00:50.192193,64,0.052898283556089776,,,0.001973193396305946,1,256,,,COMPLETE
188,34.72454690360387,2026-04-30 08:46:10.634800,2026-04-30 08:47:04.045568,0 days 00:00:53.410768,64,0.044965248161354686,,,0.001704778711492196,1,256,,,COMPLETE
189,34.901178377339555,2026-04-30 08:47:04.045568,2026-04-30 08:48:09.274645,0 days 00:01:05.229077,32,0.059038526120621916,,,0.0022658543263430787,1,256,,,COMPLETE
190,34.860539747017846,2026-04-30 08:48:09.274645,2026-04-30 08:49:23.063576,0 days 00:01:13.788931,64,0.01978407042848792,,,0.001189318165709776,1,256,,,COMPLETE
191,34.78601067343809,2026-04-30 08:49:23.063576,2026-04-30 08:50:26.496424,0 days 00:01:03.432848,64,0.02777814786540652,,,0.0013411369779120486,1,256,,,COMPLETE
192,35.07221528742146,2026-04-30 08:50:26.497425,2026-04-30 08:51:30.257157,0 days 00:01:03.759732,64,0.042335331769661776,,,0.0015385435469006295,1,256,,,COMPLETE
193,35.384234231231346,2026-04-30 08:51:30.257157,2026-04-30 08:52:25.161255,0 days 00:00:54.904098,64,0.3067436875898291,,,0.0012869147108520002,1,256,,,COMPLETE
194,34.98156501082887,2026-04-30 08:52:25.161255,2026-04-30 08:53:15.017308,0 days 00:00:49.856053,64,0.014979562184141784,,,0.0018421059878547224,1,256,,,COMPLETE
195,35.59697038618632,2026-04-30 08:53:15.017308,2026-04-30 08:53:52.024055,0 days 00:00:37.006747,64,0.03219092877318772,,,0.0011162794342993634,1,64,,,COMPLETE
196,34.42531239167992,2026-04-30 08:53:52.027176,2026-04-30 08:54:37.889375,0 days 00:00:45.862199,64,0.04739113531441534,,,0.0016697560156843719,1,256,,,COMPLETE
197,34.91257998820865,2026-04-30 08:54:37.889375,2026-04-30 08:55:20.499400,0 days 00:00:42.610025,64,0.06914753915224363,,,0.0017010368153615896,1,256,,,COMPLETE
198,34.63213972530253,2026-04-30 08:55:20.502649,2026-04-30 08:56:10.752765,0 days 00:00:50.250116,64,0.05374239791743714,,,0.001580968713858702,1,192,,,COMPLETE
199,34.62177380022162,2026-04-30 08:56:10.752765,2026-04-30 08:56:40.659399,0 days 00:00:29.906634,128,0.042495006490833764,,,0.002001560067467324,1,256,,,COMPLETE
200,34.680076024322915,2026-04-30 08:56:40.659399,2026-04-30 08:57:18.857105,0 days 00:00:38.197706,64,0.006021946862438524,,,0.001355574808345368,1,256,,,COMPLETE
201,34.617988987311044,2026-04-30 08:57:18.857105,2026-04-30 08:57:54.972040,0 days 00:00:36.114935,64,0.027250680556550645,,,0.0014973962856359713,1,256,,,COMPLETE
202,34.6307199550396,2026-04-30 08:57:54.972040,2026-04-30 08:58:39.239329,0 days 00:00:44.267289,64,0.021753371184464063,,,0.0012254114502929193,1,256,,,COMPLETE
203,34.98282036897668,2026-04-30 08:58:39.239329,2026-04-30 08:59:13.329877,0 days 00:00:34.090548,64,0.046407040212695254,,,0.001407952857660879,1,256,,,COMPLETE
204,34.58894098592724,2026-04-30 08:59:13.330405,2026-04-30 09:00:06.184305,0 days 00:00:52.853900,64,0.03606909712749177,,,0.001001634539927135,1,256,,,COMPLETE
205,34.793298383034184,2026-04-30 09:00:06.184305,2026-04-30 09:00:42.830094,0 days 00:00:36.645789,64,0.054599191774016315,,,0.001587349075889252,1,256,,,COMPLETE
206,36.55063728974066,2026-04-30 09:00:42.830094,2026-04-30 09:01:18.790458,0 days 00:00:35.960364,64,0.01302663799824203,,,0.01744544693593154,1,256,,,COMPLETE
207,34.68705006107339,2026-04-30 09:01:18.790458,2026-04-30 09:02:52.183816,0 days 00:01:33.393358,16,0.028063182010417045,,,0.0011115951123312423,1,256,,,COMPLETE
208,34.46558484801703,2026-04-30 09:02:52.187517,2026-04-30 09:03:36.432318,0 days 00:00:44.244801,64,0.06187054357541158,,,0.0017762607212330253,1,256,,,COMPLETE
209,34.54648396957668,2026-04-30 09:03:36.433300,2026-04-30 09:04:09.392131,0 days 00:00:32.958831,64,0.07410715357871908,,,0.0021175572452915613,1,256,,,COMPLETE
210,34.43589255407433,2026-04-30 09:04:09.392131,2026-04-30 09:04:43.736664,0 days 00:00:34.344533,64,0.06312300619762032,,,0.001732454766020642,1,256,,,COMPLETE
211,34.90010959931654,2026-04-30 09:04:43.743474,2026-04-30 09:05:23.994442,0 days 00:00:40.250968,64,0.06499538513238635,,,0.001814909247492045,1,256,,,COMPLETE
212,34.60695427076945,2026-04-30 09:05:23.994442,2026-04-30 09:06:08.532063,0 days 00:00:44.537621,64,0.04907311305319765,,,0.0017360399538747092,1,256,,,COMPLETE
213,34.64606704841642,2026-04-30 09:06:08.532063,2026-04-30 09:06:51.674933,0 days 00:00:43.142870,64,0.05389683293083014,,,0.0012727536869817562,1,256,,,COMPLETE
214,34.731348503894864,2026-04-30 09:06:51.674933,2026-04-30 09:07:31.841007,0 days 00:00:40.166074,64,0.07916574246942203,,,0.002587682277963223,1,256,,,COMPLETE
215,34.79480709975271,2026-04-30 09:07:31.843325,2026-04-30 09:08:21.726930,0 days 00:00:49.883605,64,0.06661691312907093,,,0.0019258410467396735,1,256,,,COMPLETE
216,39.208298818162426,2026-04-30 09:08:21.726930,2026-04-30 09:08:53.589315,0 days 00:00:31.862385,64,0.040482700247453866,,,0.08290497980050289,1,256,,,COMPLETE
217,34.881187385122715,2026-04-30 09:08:53.589315,2026-04-30 09:09:33.282527,0 days 00:00:39.693212,64,0.06110699730090126,,,0.0016642704477255307,1,256,,,COMPLETE
218,34.68773990165481,2026-04-30 09:09:33.282527,2026-04-30 09:10:20.361398,0 days 00:00:47.078871,64,0.04064170547323265,,,0.0014218043892946755,1,256,,,COMPLETE
219,35.165030033501274,2026-04-30 09:10:20.362962,2026-04-30 09:10:54.540602,0 days 00:00:34.177640,64,0.019042911770404264,,,0.002281233771061199,1,256,,,COMPLETE
220,34.764762550102496,2026-04-30 09:10:54.541647,2026-04-30 09:11:37.558032,0 days 00:00:43.016385,64,0.05846120240065539,,,0.0012455142741718461,1,256,,,COMPLETE
221,34.3434028317463,2026-04-30 09:11:37.559035,2026-04-30 09:12:29.584253,0 days 00:00:52.025218,64,0.029432048678124097,,,0.001482273602709594,1,256,,,COMPLETE
222,34.80473350424255,2026-04-30 09:12:29.584253,2026-04-30 09:13:12.896846,0 days 00:00:43.312593,64,0.03265720215636879,,,0.0016092465515586448,1,256,,,COMPLETE
223,34.86816591431544,2026-04-30 09:13:12.896846,2026-04-30 09:13:52.902649,0 days 00:00:40.005803,64,0.04583983947787498,,,0.004919583805847125,1,256,,,COMPLETE
224,34.5886051211222,2026-04-30 09:13:52.902649,2026-04-30 09:14:32.235255,0 days 00:00:39.332606,64,0.0014048577895119357,,,0.0014207178637188475,1,256,,,COMPLETE
225,34.56702629370908,2026-04-30 09:14:32.235255,2026-04-30 09:15:23.647443,0 days 00:00:51.412188,64,0.08352746505609307,,,0.0011188035664160666,1,256,,,COMPLETE
226,34.96800171518884,2026-04-30 09:15:23.647443,2026-04-30 09:16:04.019708,0 days 00:00:40.372265,64,0.019384836916350415,,,0.0019018784455561257,1,256,,,COMPLETE
227,34.76510895117751,2026-04-30 09:16:04.020137,2026-04-30 09:17:36.066680,0 days 00:01:32.046543,32,0.03648822156173795,,,0.0013104721309713412,1,256,,,COMPLETE
228,34.732463520587906,2026-04-30 09:17:36.066680,2026-04-30 09:18:30.168248,0 days 00:00:54.101568,64,0.009072446990733212,,,0.0015720977847401094,1,256,,,COMPLETE
229,34.85308622249463,2026-04-30 09:18:30.168248,2026-04-30 09:19:19.577567,0 days 00:00:49.409319,64,0.04879433432503439,,,0.0011838579338155468,1,256,,,COMPLETE
230,35.122228047258524,2026-04-30 09:19:19.577567,2026-04-30 09:20:08.047891,0 days 00:00:48.470324,64,0.025725313572945194,,,0.0013783513292611506,1,256,,,COMPLETE
231,34.78891978202521,2026-04-30 09:20:08.048428,2026-04-30 09:21:01.687375,0 days 00:00:53.638947,64,0.02986655795036468,,,0.0014657991381764413,1,256,,,COMPLETE
232,34.64393093301997,2026-04-30 09:21:01.688415,2026-04-30 09:21:59.553071,0 days 00:00:57.864656,64,0.03715643863484378,,,0.0017213249207712342,1,256,,,COMPLETE
233,34.73604576741964,2026-04-30 09:21:59.553071,2026-04-30 09:22:42.754990,0 days 00:00:43.201919,64,0.02160053915113761,,,0.001518454271122014,1,256,,,COMPLETE
234,35.62295588327651,2026-04-30 09:22:42.755765,2026-04-30 09:24:26.756848,0 days 00:01:44.001083,64,0.012116342831378612,0.4483318829589581,,0.0013214909560448516,2,256,160.0,,COMPLETE
235,34.25308126464437,2026-04-30 09:24:26.758869,2026-04-30 09:25:20.415736,0 days 00:00:53.656867,64,0.04925544491483365,,,0.0011560928895732465,1,256,,,COMPLETE
236,34.45644960623085,2026-04-30 09:25:20.415736,2026-04-30 09:32:36.968638,0 days 00:07:16.552902,64,0.059209777122418844,,,0.001081187229138802,1,256,,,COMPLETE
237,34.94996314458904,2026-04-30 09:32:37.007159,2026-04-30 09:35:02.237630,0 days 00:02:25.230471,64,0.06599780462397434,,,0.0010884059398973745,1,256,,,COMPLETE
238,34.63038410924837,2026-04-30 09:35:02.242009,2026-04-30 09:37:37.402135,0 days 00:02:35.160126,64,0.05576288087848195,,,0.0011139484481578982,1,256,,,COMPLETE
239,34.6040397301998,2026-04-30 09:37:37.402135,2026-04-30 09:41:06.170569,0 days 00:03:28.768434,64,0.07331795360411199,,,0.0012010128535813024,1,256,,,COMPLETE
240,34.80852653985337,2026-04-30 09:41:06.170569,2026-04-30 09:43:29.762824,0 days 00:02:23.592255,128,0.048255571635819366,,,0.0010023480951872863,1,256,,,COMPLETE
241,34.56676801997373,2026-04-30 09:43:29.762824,2026-04-30 09:46:28.500409,0 days 00:02:58.737585,64,0.043428657813051455,,,0.0012459309042405758,1,256,,,COMPLETE
242,34.823329135152925,2026-04-30 09:46:28.501395,2026-04-30 09:49:23.430799,0 days 00:02:54.929404,64,0.056928110079514746,,,0.0012117252203211882,1,256,,,COMPLETE
243,35.2047679459046,2026-04-30 09:49:23.485543,2026-04-30 09:51:48.515137,0 days 00:02:25.029594,64,0.34782169028342075,,,0.0013336271474534986,1,256,,,COMPLETE
244,34.72279301178914,2026-04-30 09:51:48.515137,2026-04-30 09:53:49.440570,0 days 00:02:00.925433,64,0.03757777841419808,,,0.0010705249942946134,1,256,,,COMPLETE
245,34.72629565822925,2026-04-30 09:53:49.441574,2026-04-30 09:55:54.134942,0 days 00:02:04.693368,64,0.061762032031561866,,,0.001597752205709656,1,256,,,COMPLETE
246,34.78479303734167,2026-04-30 09:55:54.134942,2026-04-30 09:58:08.296619,0 days 00:02:14.161677,64,0.04887562223332048,,,0.0019038358388750174,1,256,,,COMPLETE
247,34.66025132450992,2026-04-30 09:58:08.298118,2026-04-30 09:59:45.326038,0 days 00:01:37.027920,64,0.029041007394156642,,,0.0014236567075698301,1,256,,,COMPLETE
248,34.56928480632405,2026-04-30 09:59:45.326038,2026-04-30 10:01:32.140578,0 days 00:01:46.814540,64,0.04200466601418584,,,0.0012030143388818116,1,256,,,COMPLETE
249,34.95636141985347,2026-04-30 10:01:32.147674,2026-04-30 10:04:43.209989,0 days 00:03:11.062315,16,0.020731700419594185,,,0.0016805679708978985,1,256,,,COMPLETE
250,34.66951601359004,2026-04-30 10:04:43.209989,2026-04-30 10:06:41.860953,0 days 00:01:58.650964,64,0.07243527068923855,,,0.0013365016792528264,1,256,,,COMPLETE
251,34.42192716528534,2026-04-30 10:06:41.860953,2026-04-30 10:08:28.984024,0 days 00:01:47.123071,64,0.054368189389325625,,,0.0011394009354165975,1,256,,,COMPLETE
252,34.63082665122484,2026-04-30 10:08:28.985847,2026-04-30 10:10:52.131199,0 days 00:02:23.145352,64,0.06135849905005073,,,0.00110996731849078,1,256,,,COMPLETE
253,34.9967444540937,2026-04-30 10:10:52.131199,2026-04-30 10:12:15.548729,0 days 00:01:23.417530,64,0.05237891241149777,,,0.0010010303981504904,1,128,,,COMPLETE
254,34.52010178218743,2026-04-30 10:12:15.548729,2026-04-30 10:14:14.543867,0 days 00:01:58.995138,64,0.06604930004444914,,,0.0011793613611269058,1,256,,,COMPLETE
255,34.736780235905535,2026-04-30 10:14:14.543867,2026-04-30 10:15:57.056898,0 days 00:01:42.513031,64,0.09309061515755178,,,0.0011547478312025523,1,256,,,COMPLETE
