number,value,datetime_start,datetime_complete,duration,params_batch_size,params_dropout_0,params_dropout_1,params_dropout_2,params_learning_rate,params_n_mlp_layers,params_units_0,params_units_1,params_units_2,state
0,61.01683690262828,2026-04-29 21:17:49.245420,2026-04-29 21:23:35.623029,0 days 00:05:46.377609,16,0.23032150912947685,0.11349708356659888,,0.1291879929051259,2,192,160.0,,COMPLETE
1,54.478548554846796,2026-04-29 21:23:35.647458,2026-04-29 21:26:00.139085,0 days 00:02:24.491627,32,0.48977642712371944,0.1899974260738927,0.3864603006622117,0.05460421723993944,3,256,64.0,32.0,COMPLETE
2,40.63692822891293,2026-04-29 21:26:00.139085,2026-04-29 21:26:54.252006,0 days 00:00:54.112921,32,0.06952395830045816,,,0.11661620205991588,1,192,,,COMPLETE
3,34.92265425879569,2026-04-29 21:26:54.252006,2026-04-29 21:28:14.096084,0 days 00:01:19.844078,32,0.049763351892414376,,,0.0017618433123685279,1,160,,,COMPLETE
4,35.84114431405695,2026-04-29 21:28:14.096084,2026-04-29 21:31:29.052074,0 days 00:03:14.955990,32,0.16214103029335364,0.4849651038111257,0.13069280329598498,0.0017775050820594564,3,224,224.0,128.0,COMPLETE
5,38.279219885261455,2026-04-29 21:31:29.052074,2026-04-29 21:33:05.550931,0 days 00:01:36.498857,64,0.06876494151323626,0.29612532880162423,,0.035287220524636204,2,128,256.0,,COMPLETE
6,36.13676582530887,2026-04-29 21:33:05.550931,2026-04-29 21:33:34.021967,0 days 00:00:28.471036,128,0.19253266340306247,,,0.014800593461288456,1,64,,,COMPLETE
7,36.69320679079502,2026-04-29 21:33:34.024183,2026-04-29 21:34:55.060712,0 days 00:01:21.036529,128,0.48650858485772114,0.1561570700893754,0.10661754072619867,0.005055579988409379,3,128,192.0,32.0,COMPLETE
8,38.47772489086488,2026-04-29 21:34:55.060712,2026-04-29 21:36:16.717407,0 days 00:01:21.656695,16,0.43356150271757815,,,0.03706998738908673,1,96,,,COMPLETE
9,40.52728025996155,2026-04-29 21:36:16.717407,2026-04-29 21:36:51.354454,0 days 00:00:34.637047,32,0.3411189037704761,,,0.08857215516977458,1,96,,,COMPLETE
10,36.535374891436064,2026-04-29 21:36:51.354935,2026-04-29 21:38:02.398599,0 days 00:01:11.043664,64,0.0124120120332602,0.3941335087362835,,0.001220279372454934,2,32,32.0,,COMPLETE
11,35.3709429886187,2026-04-29 21:38:02.401268,2026-04-29 21:41:23.554547,0 days 00:03:21.153279,32,0.14338617681415017,0.48622140379925755,0.017421731976580007,0.0010315055841465793,3,224,256.0,224.0,COMPLETE
12,36.360748048834644,2026-04-29 21:41:23.556737,2026-04-29 21:42:51.743727,0 days 00:01:28.186990,32,0.1268273080413938,0.4916869189439684,,0.0043946586602709005,2,192,96.0,,COMPLETE
13,36.605254255390136,2026-04-29 21:42:51.743727,2026-04-29 21:44:03.557797,0 days 00:01:11.814070,32,0.3160331660546556,0.031238042312163566,0.00738685343574828,0.0035991780241410557,3,256,256.0,256.0,COMPLETE
14,36.87922608803656,2026-04-29 21:44:03.557797,2026-04-29 21:45:20.144936,0 days 00:01:16.587139,32,0.09725406754245704,0.3222650980832287,,0.010920740809951188,2,160,160.0,,COMPLETE
15,35.85029382019004,2026-04-29 21:45:20.144936,2026-04-29 21:47:20.278170,0 days 00:02:00.133234,32,0.008492861743965796,0.37569032336042657,0.31279169315853894,0.002023373530295958,3,224,128.0,256.0,COMPLETE
16,35.71056224539805,2026-04-29 21:47:20.278170,2026-04-29 21:48:02.455482,0 days 00:00:42.177312,64,0.2842905845047258,,,0.00112705168115102,1,160,,,COMPLETE
17,36.13457658464334,2026-04-29 21:48:02.455482,2026-04-29 21:48:42.215570,0 days 00:00:39.760088,128,0.15704417099010926,0.4054318794504781,,0.007852455369547528,2,224,224.0,,COMPLETE
18,48.55538735835772,2026-04-29 21:48:42.217052,2026-04-29 21:50:22.460445,0 days 00:01:40.243393,16,0.243521201033437,,,0.2932666976344277,1,160,,,COMPLETE
19,35.64635401338356,2026-04-29 21:50:22.465687,2026-04-29 21:51:42.307209,0 days 00:01:19.841522,32,0.07209058150344935,0.23260418439260555,0.1963810127251472,0.0020862140118939527,3,192,192.0,160.0,COMPLETE
20,35.784194325025865,2026-04-29 21:51:42.307209,2026-04-29 21:53:01.605703,0 days 00:01:19.298494,32,0.18818814841545714,0.023294292143862166,,0.0029740830492269743,2,256,96.0,,COMPLETE
21,35.55455239025824,2026-04-29 21:53:01.605703,2026-04-29 21:54:18.043824,0 days 00:01:16.438121,32,0.06983276305588385,0.23112004781369144,0.20236681135464726,0.0010223646758729056,3,192,192.0,160.0,COMPLETE
22,35.78518590261362,2026-04-29 21:54:18.043824,2026-04-29 21:55:57.070058,0 days 00:01:39.026234,32,0.034261371719774975,0.27910309756083806,0.498138163209,0.001060856971684444,3,224,224.0,192.0,COMPLETE
23,35.49793375820706,2026-04-29 21:55:57.070058,2026-04-29 21:57:12.224670,0 days 00:01:15.154612,32,0.11638528812702639,0.11529947320129211,0.029797484150746435,0.002143559005484225,3,160,192.0,192.0,COMPLETE
24,37.00431672796414,2026-04-29 21:57:12.224670,2026-04-29 21:58:03.768342,0 days 00:00:51.543672,32,0.1339897200637243,0.08480349182893338,0.01836221720295661,0.007139405903472382,3,128,256.0,224.0,COMPLETE
25,35.83215165485409,2026-04-29 21:58:03.768342,2026-04-29 21:59:09.338482,0 days 00:01:05.570140,32,0.1178429266363874,0.09199526975002802,0.08478333595328903,0.0025850346005368064,3,96,224.0,192.0,COMPLETE
26,35.26892389632891,2026-04-29 21:59:09.339302,2026-04-29 22:00:38.913746,0 days 00:01:29.574444,16,0.0430436440542819,0.1662827023124791,,0.0018399999559968244,2,160,128.0,,COMPLETE
27,35.38029214193271,2026-04-29 22:00:38.914723,2026-04-29 22:01:33.800526,0 days 00:00:54.885803,16,0.044564145038389326,,,0.0015765235170144172,1,128,,,COMPLETE
28,37.141776863631485,2026-04-29 22:01:33.801676,2026-04-29 22:02:36.278356,0 days 00:01:02.476680,16,0.2052702837771505,0.44029683416458293,,0.005328329102953266,2,160,128.0,,COMPLETE
29,35.64160391965746,2026-04-29 22:02:36.279725,2026-04-29 22:03:52.527560,0 days 00:01:16.247835,16,0.0061414581798522605,0.33810806648632,,0.002835665330669556,2,192,96.0,,COMPLETE
30,38.62522048395827,2026-04-29 22:03:52.537020,2026-04-29 22:04:50.305071,0 days 00:00:57.768051,16,0.04351168474033038,0.18903351194209034,,0.020995233156596356,2,64,64.0,,COMPLETE
31,35.28486353147296,2026-04-29 22:04:50.305071,2026-04-29 22:05:40.715188,0 days 00:00:50.410117,16,0.03566197950389115,,,0.0015593360812511017,1,128,,,COMPLETE
32,35.352679442103025,2026-04-29 22:05:40.715649,2026-04-29 22:06:58.205393,0 days 00:01:17.489744,16,0.09566675466261976,,,0.0015148027296653338,1,128,,,COMPLETE
33,35.11153015426005,2026-04-29 22:06:58.205393,2026-04-29 22:08:03.931790,0 days 00:01:05.726397,16,0.08854561327707491,,,0.00154478509383483,1,128,,,COMPLETE
34,35.55476228554185,2026-04-29 22:08:03.931790,2026-04-29 22:09:02.155679,0 days 00:00:58.223889,16,0.036645679939586735,,,0.003473163341842332,1,96,,,COMPLETE
35,35.32066563753936,2026-04-29 22:09:02.155679,2026-04-29 22:10:18.764418,0 days 00:01:16.608739,16,0.07909252786982451,,,0.001645139415324719,1,128,,,COMPLETE
36,35.1670102457288,2026-04-29 22:10:18.764418,2026-04-29 22:11:14.133546,0 days 00:00:55.369128,16,0.042301129248390315,,,0.0024592368872598867,1,160,,,COMPLETE
37,36.0410478349786,2026-04-29 22:11:14.133546,2026-04-29 22:12:12.833573,0 days 00:00:58.700027,16,0.08759530956091877,,,0.006479358958012209,1,160,,,COMPLETE
38,35.170078492968344,2026-04-29 22:12:12.833573,2026-04-29 22:13:55.404812,0 days 00:01:42.571239,128,0.16871622918117385,,,0.0041080763201580255,1,192,,,COMPLETE
39,34.99615489748721,2026-04-29 22:13:55.444583,2026-04-29 22:14:53.413337,0 days 00:00:57.968754,128,0.17286055664744984,,,0.00935357881874968,1,192,,,COMPLETE
40,36.409492466680085,2026-04-29 22:14:53.413337,2026-04-29 22:15:28.063972,0 days 00:00:34.650635,128,0.2755570373455535,,,0.01962668350375669,1,192,,,COMPLETE
41,35.26804516142642,2026-04-29 22:15:28.063972,2026-04-29 22:16:13.023944,0 days 00:00:44.959972,128,0.17457495968401165,,,0.004223433848812772,1,192,,,COMPLETE
42,35.10283457080624,2026-04-29 22:16:13.023944,2026-04-29 22:16:55.953087,0 days 00:00:42.929143,128,0.20374879055140102,,,0.0025228954300617703,1,192,,,COMPLETE
43,35.950952595523795,2026-04-29 22:16:55.953087,2026-04-29 22:17:30.840290,0 days 00:00:34.887203,128,0.20731498832610828,,,0.013310752978579733,1,160,,,COMPLETE
44,36.33886111555542,2026-04-29 22:17:30.841733,2026-04-29 22:18:01.077144,0 days 00:00:30.235411,128,0.2282604752132112,,,0.030030148237380212,1,192,,,COMPLETE
45,35.70902026617954,2026-04-29 22:18:01.077144,2026-04-29 22:18:37.628857,0 days 00:00:36.551713,64,0.14383974122634857,,,0.010497496564120716,1,160,,,COMPLETE
46,38.15886876637346,2026-04-29 22:18:37.629905,2026-04-29 22:19:07.914661,0 days 00:00:30.284756,128,0.37732553537196456,,,0.064355648881089,1,224,,,COMPLETE
47,35.80124706708226,2026-04-29 22:19:07.924917,2026-04-29 22:19:33.414573,0 days 00:00:25.489656,128,0.11005398478907888,,,0.0024726581748355345,1,64,,,COMPLETE
48,35.84838430238322,2026-04-29 22:19:33.416584,2026-04-29 22:19:55.975992,0 days 00:00:22.559408,128,0.2165044257869383,,,0.005676359962530254,1,96,,,COMPLETE
49,35.04429642919926,2026-04-29 22:19:55.975992,2026-04-29 22:20:37.263341,0 days 00:00:41.287349,64,0.2633124592331522,,,0.0013251707876215672,1,224,,,COMPLETE
50,35.20662010093158,2026-04-29 22:20:37.266120,2026-04-29 22:21:20.382679,0 days 00:00:43.116559,64,0.2674656230528475,,,0.0013508811314902204,1,224,,,COMPLETE
51,35.52680319936284,2026-04-29 22:21:20.383674,2026-04-29 22:22:00.662953,0 days 00:00:40.279279,64,0.2927099078555747,,,0.0013369129550975774,1,224,,,COMPLETE
52,35.361201015667326,2026-04-29 22:22:00.662953,2026-04-29 22:22:30.568997,0 days 00:00:29.906044,64,0.2466840856220955,,,0.0033042526575628663,1,256,,,COMPLETE
53,35.5680730624267,2026-04-29 22:22:30.570340,2026-04-29 22:23:04.111747,0 days 00:00:33.541407,64,0.33833754222967516,,,0.0020688400510431087,1,192,,,COMPLETE
54,35.22002468764031,2026-04-29 22:23:04.111747,2026-04-29 22:23:28.267624,0 days 00:00:24.155877,128,0.05521337714447472,,,0.0024476492174514814,1,160,,,COMPLETE
55,34.91277525009027,2026-04-29 22:23:28.267624,2026-04-29 22:24:09.582437,0 days 00:00:41.314813,64,0.18616272946085183,,,0.0012819169310014176,1,224,,,COMPLETE
56,34.77223228313293,2026-04-29 22:24:09.582437,2026-04-29 22:24:57.730374,0 days 00:00:48.147937,64,0.1921352643603842,,,0.0011951663308285068,1,256,,,COMPLETE
57,35.294673982080475,2026-04-29 22:24:57.731752,2026-04-29 22:25:32.272432,0 days 00:00:34.540680,64,0.2318662325050621,,,0.0012646323954200235,1,256,,,COMPLETE
58,34.873241942575234,2026-04-29 22:25:32.272432,2026-04-29 22:26:18.154996,0 days 00:00:45.882564,64,0.18838023774221685,,,0.0010161021733866703,1,256,,,COMPLETE
59,34.871771047338044,2026-04-29 22:26:18.156760,2026-04-29 22:26:57.205628,0 days 00:00:39.048868,64,0.18949019305899284,,,0.0011485731038891596,1,256,,,COMPLETE
60,34.87868271681516,2026-04-29 22:26:57.205628,2026-04-29 22:27:45.965542,0 days 00:00:48.759914,64,0.18608079825117718,,,0.0010737815038379544,1,256,,,COMPLETE
61,34.75710168355685,2026-04-29 22:27:45.966068,2026-04-29 22:28:29.067598,0 days 00:00:43.101530,64,0.18879986213260927,,,0.0010681828295208277,1,256,,,COMPLETE
62,34.991175376184295,2026-04-29 22:28:29.068651,2026-04-29 22:29:11.308192,0 days 00:00:42.239541,64,0.1534995821003965,,,0.0010065641488141064,1,256,,,COMPLETE
63,34.84487162588638,2026-04-29 22:29:11.308192,2026-04-29 22:29:57.647478,0 days 00:00:46.339286,64,0.19113425073402085,,,0.0010046983228044967,1,256,,,COMPLETE
64,34.986249012571946,2026-04-29 22:29:57.649294,2026-04-29 22:30:28.951689,0 days 00:00:31.302395,64,0.19342773542265668,,,0.0011429168240898648,1,256,,,COMPLETE
65,34.81417191189694,2026-04-29 22:30:28.952744,2026-04-29 22:31:04.944114,0 days 00:00:35.991370,64,0.1840556157691315,,,0.0019257439832844874,1,256,,,COMPLETE
66,35.25502488522862,2026-04-29 22:31:04.944114,2026-04-29 22:31:32.483390,0 days 00:00:27.539276,64,0.22556497290496258,,,0.001851429049794623,1,256,,,COMPLETE
67,34.74537965166678,2026-04-29 22:31:32.483390,2026-04-29 22:32:08.010012,0 days 00:00:35.526622,64,0.1529044954631488,,,0.001058273103384836,1,256,,,COMPLETE
68,34.69491327985274,2026-04-29 22:32:08.016031,2026-04-29 22:32:42.612707,0 days 00:00:34.596676,64,0.1498586416486142,,,0.0010103175953975337,1,256,,,COMPLETE
69,40.87340534781482,2026-04-29 22:32:42.612707,2026-04-29 22:33:12.981763,0 days 00:00:30.369056,64,0.1359525212089251,,,0.25730778945364824,1,256,,,COMPLETE
70,34.726160554323755,2026-04-29 22:33:12.982779,2026-04-29 22:33:47.485506,0 days 00:00:34.502727,64,0.15520523146140885,,,0.001827459325178851,1,256,,,COMPLETE
71,34.70534132687747,2026-04-29 22:33:47.485506,2026-04-29 22:34:13.644702,0 days 00:00:26.159196,64,0.1587776254171779,,,0.0017989347549802663,1,256,,,COMPLETE
72,34.87293840089565,2026-04-29 22:34:13.644702,2026-04-29 22:34:45.451050,0 days 00:00:31.806348,64,0.158007985460472,,,0.0016818078058841981,1,256,,,COMPLETE
73,34.86984448228175,2026-04-29 22:34:45.451050,2026-04-29 22:35:11.280558,0 days 00:00:25.829508,64,0.12588729160885226,,,0.002023383330083837,1,256,,,COMPLETE
74,34.805218335376665,2026-04-29 22:35:11.280558,2026-04-29 22:35:41.419048,0 days 00:00:30.138490,64,0.14538165992181246,,,0.001444835402595415,1,256,,,COMPLETE
75,35.400661128182456,2026-04-29 22:35:41.420071,2026-04-29 22:36:20.627919,0 days 00:00:39.207848,64,0.1453735142383545,0.003955583504170135,,0.0017905480181595955,2,224,32.0,,COMPLETE
76,34.709215063153735,2026-04-29 22:36:20.627919,2026-04-29 22:36:58.742327,0 days 00:00:38.114408,64,0.10674050553269723,,,0.0014445812294929079,1,256,,,COMPLETE
77,34.77595620294652,2026-04-29 22:36:58.742327,2026-04-29 22:37:39.720129,0 days 00:00:40.977802,64,0.12487998971922923,,,0.0014327324455721431,1,256,,,COMPLETE
78,35.089360897395444,2026-04-29 22:37:39.720129,2026-04-29 22:38:08.113636,0 days 00:00:28.393507,64,0.12365284384256944,,,0.0029583791593252025,1,224,,,COMPLETE
79,34.587533899761546,2026-04-29 22:38:08.113636,2026-04-29 22:38:47.106705,0 days 00:00:38.993069,64,0.10700607068525264,,,0.0014536017306105617,1,256,,,COMPLETE
80,34.98683185262158,2026-04-29 22:38:47.111294,2026-04-29 22:39:14.209148,0 days 00:00:27.097854,64,0.10626510407645849,,,0.0022810269453812423,1,224,,,COMPLETE
81,34.90539345844262,2026-04-29 22:39:14.209665,2026-04-29 22:39:43.076765,0 days 00:00:28.867100,64,0.1636754470678058,,,0.001465324917787591,1,256,,,COMPLETE
82,34.59653379607895,2026-04-29 22:39:43.081641,2026-04-29 22:40:18.673113,0 days 00:00:35.591472,64,0.11182484136932024,,,0.001217269267893671,1,256,,,COMPLETE
83,34.62246863058476,2026-04-29 22:40:18.673113,2026-04-29 22:40:53.762483,0 days 00:00:35.089370,64,0.10695193632387025,,,0.0016830683266812435,1,256,,,COMPLETE
84,34.68718247741149,2026-04-29 22:40:53.763483,2026-04-29 22:41:26.658458,0 days 00:00:32.894975,64,0.10213248161253419,,,0.001700930659221463,1,256,,,COMPLETE
85,34.64923880840878,2026-04-29 22:41:26.659975,2026-04-29 22:42:01.777929,0 days 00:00:35.117954,64,0.0996739244236625,,,0.001707918201175436,1,256,,,COMPLETE
86,34.73932062626665,2026-04-29 22:42:01.781123,2026-04-29 22:42:31.993860,0 days 00:00:30.212737,64,0.06288576597199336,,,0.0018007777370831093,1,256,,,COMPLETE
87,35.069136520526094,2026-04-29 22:42:31.993860,2026-04-29 22:43:04.295995,0 days 00:00:32.302135,64,0.10133658473051353,,,0.0028971205688845298,1,224,,,COMPLETE
88,35.083857424519046,2026-04-29 22:43:04.295995,2026-04-29 22:43:31.234898,0 days 00:00:26.938903,64,0.08151431904429635,,,0.0036925365979020566,1,224,,,COMPLETE
89,35.44469987173197,2026-04-29 22:43:31.234898,2026-04-29 22:44:27.991283,0 days 00:00:56.756385,64,0.0992498217875277,0.052173589198290043,,0.0016612988382969695,2,256,64.0,,COMPLETE
90,34.72752193103797,2026-04-29 22:44:27.991283,2026-04-29 22:45:06.666097,0 days 00:00:38.674814,64,0.01845427576638095,,,0.0021343274833322957,1,256,,,COMPLETE
91,34.87255530181973,2026-04-29 22:45:06.667099,2026-04-29 22:45:34.591564,0 days 00:00:27.924465,64,0.01903316090068136,,,0.00200502410766874,1,256,,,COMPLETE
92,34.551768906367585,2026-04-29 22:45:34.591564,2026-04-29 22:46:08.839120,0 days 00:00:34.247556,64,0.02127596607057538,,,0.0021588256041314676,1,256,,,COMPLETE
93,34.56621967075165,2026-04-29 22:46:08.840193,2026-04-29 22:46:41.687491,0 days 00:00:32.847298,64,0.07255435682731452,,,0.0015657046254807878,1,256,,,COMPLETE
94,34.93542344437656,2026-04-29 22:46:41.687491,2026-04-29 22:47:15.567042,0 days 00:00:33.879551,64,0.0668825934701872,,,0.0015783075434261653,1,224,,,COMPLETE
95,34.555061995154475,2026-04-29 22:47:15.567042,2026-04-29 22:50:23.508153,0 days 00:03:07.941111,64,0.08794001699661906,,,0.0012421925208657037,1,256,,,COMPLETE
96,36.0646825968232,2026-04-29 22:50:23.545267,2026-04-29 22:51:15.154139,0 days 00:00:51.608872,64,0.08378292433687419,,,0.0012541411825447318,1,32,,,COMPLETE
97,34.529957866748944,2026-04-29 22:51:15.163977,2026-04-29 22:52:40.560548,0 days 00:01:25.396571,64,0.05302435280225745,,,0.0026496864716501734,1,256,,,COMPLETE
98,34.97970080324707,2026-04-29 22:52:40.561784,2026-04-29 22:53:57.877755,0 days 00:01:17.315971,64,0.05175079298874061,,,0.0028228704308655636,1,224,,,COMPLETE
99,34.75327174147564,2026-04-29 22:53:57.877755,2026-04-29 22:55:32.951955,0 days 00:01:35.074200,64,0.07400813231532102,,,0.002364330555192145,1,256,,,COMPLETE
100,34.52920083584248,2026-04-29 22:55:32.951955,2026-04-29 22:57:05.191481,0 days 00:01:32.239526,64,0.026300032307602996,,,0.0012023258287906045,1,256,,,COMPLETE
101,34.46739539399877,2026-04-29 22:57:05.191481,2026-04-29 22:58:29.249121,0 days 00:01:24.057640,64,0.023546615183736214,,,0.0012748027635041239,1,256,,,COMPLETE
102,34.809815731001244,2026-04-29 22:58:29.250103,2026-04-29 23:00:04.577392,0 days 00:01:35.327289,64,0.026530802460588393,,,0.001253706966431516,1,256,,,COMPLETE
103,34.960409859814945,2026-04-29 23:00:04.577392,2026-04-29 23:01:07.076260,0 days 00:01:02.498868,64,0.007953692683212703,,,0.001589809880321857,1,256,,,COMPLETE
104,34.77942442863822,2026-04-29 23:01:07.076260,2026-04-29 23:02:19.589587,0 days 00:01:12.513327,64,0.057512397666784856,,,0.002179940193651718,1,256,,,COMPLETE
105,34.652183616296625,2026-04-29 23:02:19.589587,2026-04-29 23:03:33.756476,0 days 00:01:14.166889,64,0.030471021759630727,,,0.0011950271363498825,1,256,,,COMPLETE
106,34.704313788117915,2026-04-29 23:03:33.757648,2026-04-29 23:04:25.930036,0 days 00:00:52.172388,32,0.031530539483228495,,,0.0011695808942642858,1,256,,,COMPLETE
107,34.89946710850698,2026-04-29 23:04:25.930036,2026-04-29 23:05:27.567017,0 days 00:01:01.636981,64,0.0027531794765835726,,,0.0013585993869579033,1,256,,,COMPLETE
108,34.48446202427148,2026-04-29 23:05:27.568031,2026-04-29 23:06:26.691175,0 days 00:00:59.123144,64,0.023488833640638786,,,0.0012025446520567808,1,224,,,COMPLETE
109,34.54172532397198,2026-04-29 23:06:26.693782,2026-04-29 23:07:21.082246,0 days 00:00:54.388464,64,0.04541526458559883,,,0.001488976288374597,1,224,,,COMPLETE
110,34.696910793790686,2026-04-29 23:07:21.082865,2026-04-29 23:08:16.308432,0 days 00:00:55.225567,64,0.01843306817838769,,,0.0014312848568936664,1,224,,,COMPLETE
111,34.782339665944086,2026-04-29 23:08:16.308432,2026-04-29 23:09:08.973898,0 days 00:00:52.665466,64,0.04388687382953342,,,0.001319522219796634,1,224,,,COMPLETE
112,34.8651964338744,2026-04-29 23:09:08.973898,2026-04-29 23:09:52.818575,0 days 00:00:43.844677,64,0.09014477366735377,,,0.0015327419839834826,1,256,,,COMPLETE
113,34.830633937606315,2026-04-29 23:09:52.818575,2026-04-29 23:10:38.723841,0 days 00:00:45.905266,64,0.05889840624516128,,,0.0026807871895275226,1,256,,,COMPLETE
114,34.483278030492116,2026-04-29 23:10:38.725852,2026-04-29 23:11:27.297544,0 days 00:00:48.571692,64,0.07530070747579615,,,0.0011547074051210353,1,224,,,COMPLETE
115,34.654158461136866,2026-04-29 23:11:27.297544,2026-04-29 23:12:15.303394,0 days 00:00:48.005850,64,0.04992592788209424,,,0.0011721873495574655,1,224,,,COMPLETE
116,34.65514497100888,2026-04-29 23:12:15.303394,2026-04-29 23:13:09.328972,0 days 00:00:54.025578,64,0.07235176490900803,,,0.0013093346024270812,1,224,,,COMPLETE
117,34.671131886934106,2026-04-29 23:13:09.328972,2026-04-29 23:14:07.366773,0 days 00:00:58.037801,64,0.025673038042626883,,,0.0011731107927899665,1,224,,,COMPLETE
118,37.918945211597226,2026-04-29 23:14:07.366773,2026-04-29 23:14:41.987268,0 days 00:00:34.620495,64,0.038411987009164296,,,0.04519202022529301,1,224,,,COMPLETE
119,40.38880871850315,2026-04-29 23:14:41.987268,2026-04-29 23:15:24.478263,0 days 00:00:42.490995,64,0.4642984853456657,,,0.1346631452347609,1,256,,,COMPLETE
120,35.07366419899803,2026-04-29 23:15:24.478263,2026-04-29 23:16:21.394005,0 days 00:00:56.915742,32,0.002419261744243329,,,0.0032406510626712863,1,224,,,COMPLETE
121,34.45529319324466,2026-04-29 23:16:21.394005,2026-04-29 23:17:00.593234,0 days 00:00:39.199229,64,0.07672248636770426,,,0.0019835516405735895,1,256,,,COMPLETE
122,34.62441410751155,2026-04-29 23:17:00.593234,2026-04-29 23:17:37.353894,0 days 00:00:36.760660,64,0.062465511888148945,,,0.0019782826861769625,1,256,,,COMPLETE
123,34.75449070152413,2026-04-29 23:17:37.353894,2026-04-29 23:18:13.218413,0 days 00:00:35.864519,64,0.07472469263832701,,,0.00222756167894212,1,256,,,COMPLETE
124,34.73861548977267,2026-04-29 23:18:13.223777,2026-04-29 23:18:49.348675,0 days 00:00:36.124898,64,0.11381559647482262,,,0.0015046193594835165,1,256,,,COMPLETE
125,36.29024926474966,2026-04-29 23:18:49.349677,2026-04-29 23:19:16.394658,0 days 00:00:27.044981,64,0.0890868033242162,,,0.02538728435352127,1,256,,,COMPLETE
126,34.58953098665441,2026-04-29 23:19:16.396609,2026-04-29 23:19:58.396913,0 days 00:00:42.000304,64,0.05039787308322598,,,0.0013821977469981586,1,256,,,COMPLETE
