number,value,datetime_start,datetime_complete,duration,params_colsample_bytree,params_huber_slope,params_learning_rate,params_max_depth,params_min_child_weight,params_n_estimators,state
0,37.96777236464814,2026-05-08 15:12:59.026345,2026-05-08 15:12:59.934466,0 days 00:00:00.908121,0.8134683772920432,41.47149781119087,0.21024809068539774,6,80,200,COMPLETE
1,65.52071415024604,2026-05-08 15:12:59.934466,2026-05-08 15:13:00.454529,0 days 00:00:00.520063,0.6639580671081526,65.75152122221198,0.00207921631377332,4,17,100,COMPLETE
2,40.573386113657875,2026-05-08 15:13:00.461122,2026-05-08 15:13:07.059195,0 days 00:00:06.598073,0.9310599878851675,92.69084317978987,0.19691434602531654,10,53,1000,COMPLETE
3,36.39861820324292,2026-05-08 15:13:07.074819,2026-05-08 15:13:08.867614,0 days 00:00:01.792795,0.7307801620665634,56.64565496264099,0.04254885268203151,7,41,400,COMPLETE
4,36.396302043493996,2026-05-08 15:13:08.867614,2026-05-08 15:13:10.684046,0 days 00:00:01.816432,0.7087755757565839,38.28793505100581,0.016439005245261894,6,9,400,COMPLETE
5,36.553385209999895,2026-05-08 15:13:10.684046,2026-05-08 15:13:12.789436,0 days 00:00:02.105390,0.8130430991560529,93.5810553607685,0.028359900993681665,5,10,600,COMPLETE
6,36.394646078235105,2026-05-08 15:13:12.789436,2026-05-08 15:13:16.570958,0 days 00:00:03.781522,0.8694504540613479,33.44080216787894,0.003792212317540698,5,66,1200,COMPLETE
7,39.42057231056839,2026-05-08 15:13:16.570958,2026-05-08 15:13:20.891175,0 days 00:00:04.320217,0.5812049004671884,31.76784715503881,0.13642553862305953,6,89,1500,COMPLETE
8,37.195069429019796,2026-05-08 15:13:20.891175,2026-05-08 15:13:23.032802,0 days 00:00:02.141627,0.5359520325397936,87.19294968867547,0.05417030112894979,6,55,700,COMPLETE
9,39.36365790623637,2026-05-08 15:13:23.032802,2026-05-08 15:13:23.731196,0 days 00:00:00.698394,0.8064736122160543,65.09835839533737,0.24630235952948276,8,20,100,COMPLETE
10,37.680496500900304,2026-05-08 15:13:23.731196,2026-05-08 15:13:26.173529,0 days 00:00:02.442333,0.9640313067895754,27.213161544654252,0.0018965474135753978,3,72,1200,COMPLETE
11,36.186119410783206,2026-05-08 15:13:26.173529,2026-05-08 15:13:28.710308,0 days 00:00:02.536779,0.8918725247925812,38.78996728691649,0.006273358685501405,4,36,1000,COMPLETE
12,36.32663220529114,2026-05-08 15:13:28.710308,2026-05-08 15:13:31.007590,0 days 00:00:02.297282,0.9371605910530789,42.269804869542305,0.0056095908207515355,3,38,1100,COMPLETE
13,36.2958369209624,2026-05-08 15:13:31.007590,2026-05-08 15:13:33.040318,0 days 00:00:02.032728,0.9044723271934347,45.75422389624405,0.006466096692648912,3,31,1000,COMPLETE
14,36.01157119078909,2026-05-08 15:13:33.040318,2026-05-08 15:13:35.360429,0 days 00:00:02.320111,0.9927540645709169,49.336204858889786,0.010311769282806093,4,28,900,COMPLETE
15,36.006958169451934,2026-05-08 15:13:35.360429,2026-05-08 15:13:37.514485,0 days 00:00:02.154056,0.9804853336661844,52.2836757364542,0.013896903126400803,4,29,800,COMPLETE
16,36.15930666422708,2026-05-08 15:13:37.514485,2026-05-08 15:13:39.546357,0 days 00:00:02.031872,0.9866116107171734,52.4507934084742,0.014178037228395134,4,26,800,COMPLETE
17,37.420547117669685,2026-05-08 15:13:39.546357,2026-05-08 15:13:56.943653,0 days 00:00:17.397296,0.9940376860291535,73.67625078054684,0.011839675274496423,8,2,1400,COMPLETE
18,46.42545128341776,2026-05-08 15:13:56.943653,2026-05-08 15:13:59.362170,0 days 00:00:02.418517,0.8510365204164959,49.514829499174006,0.001086965240555422,5,46,600,COMPLETE
19,37.323481154519506,2026-05-08 15:13:59.362170,2026-05-08 15:14:01.065452,0 days 00:00:01.703282,0.6639939343085959,59.1209361336271,0.08461497889689701,4,99,800,COMPLETE
20,36.86034223450277,2026-05-08 15:14:01.065452,2026-05-08 15:14:08.105053,0 days 00:00:07.039601,0.9994590515942336,72.85055587471284,0.03224184091021191,10,21,800,COMPLETE
21,36.1558806151049,2026-05-08 15:14:08.105053,2026-05-08 15:14:10.117870,0 days 00:00:02.012817,0.953256332550444,52.99893575813436,0.01825355114062374,4,28,800,COMPLETE
22,36.47758100909745,2026-05-08 15:14:10.117870,2026-05-08 15:14:12.829256,0 days 00:00:02.711386,0.9342924954155813,48.511205963289605,0.022146587448765857,5,28,900,COMPLETE
23,35.95639177108335,2026-05-08 15:14:12.829256,2026-05-08 15:14:14.068185,0 days 00:00:01.238929,0.9455724852646993,56.577710731453465,0.009949703590492763,3,13,600,COMPLETE
24,36.45310350580449,2026-05-08 15:14:14.083690,2026-05-08 15:14:15.182821,0 days 00:00:01.099131,0.8950887954649585,61.830165830194105,0.009685850248304116,3,1,500,COMPLETE
25,38.28828673868787,2026-05-08 15:14:15.182821,2026-05-08 15:14:16.579434,0 days 00:00:01.396613,0.8432062471712323,108.60578382203046,0.0036708977293300566,3,14,600,COMPLETE
26,36.84146812933311,2026-05-08 15:14:16.579434,2026-05-08 15:14:17.519232,0 days 00:00:00.939798,0.9638723674389639,73.40517700030752,0.00924317144385416,4,45,300,COMPLETE
27,36.29181766319873,2026-05-08 15:14:17.519232,2026-05-08 15:14:21.234215,0 days 00:00:03.714983,0.7821114733845407,45.29380728256141,0.004365300762678392,7,61,700,COMPLETE
28,36.05819965128385,2026-05-08 15:14:21.234215,2026-05-08 15:14:24.029898,0 days 00:00:02.795683,0.9105975283428838,32.001808965242915,0.008838437852725235,5,33,900,COMPLETE
29,37.3971560066929,2026-05-08 15:14:24.029898,2026-05-08 15:14:25.034125,0 days 00:00:01.004227,0.7695412530714665,36.30044700158645,0.07780452434658226,3,7,500,COMPLETE
30,35.81090777976034,2026-05-08 15:14:25.034125,2026-05-08 15:14:39.116771,0 days 00:00:14.082646,0.8623356335272194,55.47867886688843,0.002830436013752811,9,24,1200,COMPLETE
31,35.97182228129441,2026-05-08 15:14:39.116771,2026-05-08 15:14:57.090576,0 days 00:00:17.973805,0.9666031978815613,54.94371701326927,0.0025392500130019522,9,22,1200,COMPLETE
32,36.44380845183699,2026-05-08 15:14:57.090576,2026-05-08 15:15:16.730511,0 days 00:00:19.639935,0.8668330835337688,55.98739276664112,0.0017670456694888152,9,17,1300,COMPLETE
33,35.890449870323536,2026-05-08 15:15:16.730511,2026-05-08 15:15:33.203968,0 days 00:00:16.473457,0.9365217686954496,67.34298498356318,0.0028445989052877387,9,21,1200,COMPLETE
34,35.94671472825341,2026-05-08 15:15:33.203968,2026-05-08 15:15:53.324582,0 days 00:00:20.120614,0.925606086587744,68.44342265674071,0.0027916447913519413,9,13,1300,COMPLETE
35,38.083931306261455,2026-05-08 15:15:53.324582,2026-05-08 15:16:22.997915,0 days 00:00:29.673333,0.8373199668513355,79.8580781903927,0.001089119048381156,9,12,1500,COMPLETE
36,36.289109285349376,2026-05-08 15:16:22.997915,2026-05-08 15:16:39.233409,0 days 00:00:16.235494,0.9312136476475544,65.54466257728865,0.0027159529754199026,8,7,1300,COMPLETE
37,36.6176726087662,2026-05-08 15:16:39.233409,2026-05-08 15:17:10.797795,0 days 00:00:31.564386,0.9071782502769695,68.93937916071249,0.0015333320278497482,10,16,1400,COMPLETE
38,36.603949182612595,2026-05-08 15:17:10.797795,2026-05-08 15:17:34.272971,0 days 00:00:23.475176,0.8709600925369185,60.94676147183668,0.00248077781992396,9,5,1100,COMPLETE
39,35.80544863359858,2026-05-08 15:17:34.272971,2026-05-08 15:17:45.672158,0 days 00:00:11.399187,0.7016595319278212,88.21081396747307,0.0032536493881909203,8,22,1300,COMPLETE
40,35.834801980858266,2026-05-08 15:17:45.687781,2026-05-08 15:17:54.144859,0 days 00:00:08.457078,0.6763507602302081,85.7690694733612,0.0031889437295612244,7,23,1300,COMPLETE
41,35.770952433622355,2026-05-08 15:17:54.144859,2026-05-08 15:18:02.272740,0 days 00:00:08.127881,0.6916644141566588,84.18209120340312,0.003489410922208012,7,24,1300,COMPLETE
42,35.829055168910244,2026-05-08 15:18:02.277869,2026-05-08 15:18:10.483608,0 days 00:00:08.205739,0.6944153218739622,98.12162181718959,0.004481746719954215,7,22,1400,COMPLETE
43,35.726335887247515,2026-05-08 15:18:10.483608,2026-05-08 15:18:18.031846,0 days 00:00:07.548238,0.6997811012204382,101.19698405388077,0.004288505718274351,7,39,1400,COMPLETE
44,35.82534719323769,2026-05-08 15:18:18.031846,2026-05-08 15:18:25.158543,0 days 00:00:07.126697,0.6174126543751974,104.35834927832468,0.004367646889929339,7,44,1400,COMPLETE
45,35.80151005441287,2026-05-08 15:18:25.158543,2026-05-08 15:18:34.718864,0 days 00:00:09.560321,0.6275488006501511,101.69664959168988,0.005209247621916448,8,41,1500,COMPLETE
46,35.784585289619315,2026-05-08 15:18:34.718864,2026-05-08 15:18:42.824646,0 days 00:00:08.105782,0.630253115824972,91.4515464430368,0.007234805737185074,8,38,1500,COMPLETE
47,35.84195998449309,2026-05-08 15:18:42.824646,2026-05-08 15:18:50.398882,0 days 00:00:07.574236,0.6205821862140907,91.81565908338611,0.0069544596207401915,8,55,1500,COMPLETE
48,35.76207288416459,2026-05-08 15:18:50.398882,2026-05-08 15:18:56.348388,0 days 00:00:05.949506,0.7275065374515175,82.51960733017178,0.005193407823556806,6,39,1500,COMPLETE
49,35.76547819945315,2026-05-08 15:18:56.348388,2026-05-08 15:19:02.141124,0 days 00:00:05.792736,0.7363902038176123,80.74662587744919,0.005683381004909972,6,50,1500,COMPLETE
50,35.848448268348214,2026-05-08 15:19:02.141124,2026-05-08 15:19:07.651671,0 days 00:00:05.510547,0.7323422897201335,80.79121794774227,0.007267202921568607,6,50,1500,COMPLETE
51,35.71335153058948,2026-05-08 15:19:07.651671,2026-05-08 15:19:13.062972,0 days 00:00:05.411301,0.6393798131181965,96.93165668562712,0.006362223086443156,6,39,1500,COMPLETE
52,35.65935340534354,2026-05-08 15:19:13.062972,2026-05-08 15:19:18.874032,0 days 00:00:05.811060,0.724748786246643,95.65480892519295,0.005427960545365461,6,36,1400,COMPLETE
53,35.64172191020417,2026-05-08 15:19:18.874032,2026-05-08 15:19:24.610601,0 days 00:00:05.736569,0.7256354980899072,81.06633240791164,0.005392569644833548,6,34,1400,COMPLETE
54,35.78069959248492,2026-05-08 15:19:24.610601,2026-05-08 15:19:30.467993,0 days 00:00:05.857392,0.7247415128853228,98.36745240420491,0.00534305423370041,6,34,1400,COMPLETE
55,36.223836272558756,2026-05-08 15:19:30.467993,2026-05-08 15:19:35.254532,0 days 00:00:04.786539,0.751680363822407,78.01346621832077,0.013071465673872568,6,52,1400,COMPLETE
56,35.783981302823115,2026-05-08 15:19:35.254532,2026-05-08 15:19:41.014019,0 days 00:00:05.759487,0.7916239419555304,107.01157593452838,0.005202385575436506,6,49,1400,COMPLETE
57,35.96671539493294,2026-05-08 15:19:41.014019,2026-05-08 15:19:46.219307,0 days 00:00:05.205288,0.6489633321117808,96.65462233368591,0.007691759582430476,6,41,1500,COMPLETE
58,36.87094102863228,2026-05-08 15:19:46.219817,2026-05-08 15:19:50.904547,0 days 00:00:04.684730,0.5747220714910617,77.35521105029387,0.002136726037157301,5,61,1400,COMPLETE
59,35.67303462369222,2026-05-08 15:19:50.904547,2026-05-08 15:19:54.539986,0 days 00:00:03.635439,0.7512760152175332,89.68793935595451,0.006003249602523913,5,37,1100,COMPLETE
60,36.369752357053926,2026-05-08 15:19:54.539986,2026-05-08 15:19:57.693971,0 days 00:00:03.153985,0.7597891923237764,94.40528846715503,0.018891044407373242,5,37,1100,COMPLETE
61,35.702606265762405,2026-05-08 15:19:57.709595,2026-05-08 15:20:04.124597,0 days 00:00:06.415002,0.7228009801120715,83.58285543172474,0.004133449339302933,6,32,1500,COMPLETE
62,35.795443442266375,2026-05-08 15:20:04.124597,2026-05-08 15:20:08.852627,0 days 00:00:04.728030,0.7178784822530461,87.93984886073157,0.004109331735598926,5,32,1400,COMPLETE
63,35.85350596294445,2026-05-08 15:20:08.852627,2026-05-08 15:20:14.396626,0 days 00:00:05.543999,0.6746951369483427,101.56835073790153,0.0060602266572968065,6,35,1500,COMPLETE
64,35.93398259306149,2026-05-08 15:20:14.396626,2026-05-08 15:20:20.039635,0 days 00:00:05.643009,0.7082855341859962,84.60139432176568,0.008522853984752768,7,41,1200,COMPLETE
65,35.715519611730045,2026-05-08 15:20:20.039635,2026-05-08 15:20:25.103049,0 days 00:00:05.063414,0.7431692912789671,91.27865999894796,0.004601295131160396,6,30,1100,COMPLETE
66,39.96071010323134,2026-05-08 15:20:25.103049,2026-05-08 15:20:29.312734,0 days 00:00:04.209685,0.815905177208018,109.28926104180243,0.001409800338580027,5,31,1000,COMPLETE
67,35.89245895741704,2026-05-08 15:20:29.312734,2026-05-08 15:20:33.362646,0 days 00:00:04.049912,0.7711362613847993,89.66412595060326,0.012046433125659716,6,44,1100,COMPLETE
68,36.14755994053435,2026-05-08 15:20:33.362646,2026-05-08 15:20:38.270210,0 days 00:00:04.907564,0.7467268328730845,25.53170067126977,0.004158772548453177,7,28,1000,COMPLETE
69,38.59695397378681,2026-05-08 15:20:38.270210,2026-05-08 15:20:42.358927,0 days 00:00:04.088717,0.5102442427157448,75.31384420705865,0.00206089291396985,6,36,900,COMPLETE
70,35.84502896982193,2026-05-08 15:20:42.358927,2026-05-08 15:20:47.092179,0 days 00:00:04.733252,0.8018730415229898,96.1240844831972,0.003494518378136703,5,30,1300,COMPLETE
71,35.77624667844338,2026-05-08 15:20:47.092179,2026-05-08 15:20:52.837349,0 days 00:00:05.745170,0.7163337741358065,84.18669097923657,0.00472403931134654,6,42,1400,COMPLETE
72,35.98879241903809,2026-05-08 15:20:52.837349,2026-05-08 15:20:58.046183,0 days 00:00:05.208834,0.6806605600625335,71.16725355691034,0.010752626993042818,6,47,1500,COMPLETE
73,35.68133328827438,2026-05-08 15:20:58.046183,2026-05-08 15:21:04.161792,0 days 00:00:06.115609,0.6543009787739249,102.66753275787413,0.00630114920549606,7,39,1300,COMPLETE
74,35.80836622096518,2026-05-08 15:21:04.161792,2026-05-08 15:21:10.211719,0 days 00:00:06.049927,0.5951231627947882,101.50572966685696,0.006607530308509326,7,34,1300,COMPLETE
75,35.771576255663184,2026-05-08 15:21:10.211719,2026-05-08 15:21:16.002434,0 days 00:00:05.790715,0.6541649436397279,93.10482666466166,0.006038712335407834,7,27,1100,COMPLETE
76,35.7596341637778,2026-05-08 15:21:16.002434,2026-05-08 15:21:22.967695,0 days 00:00:06.965261,0.6441276689815261,103.69934545251594,0.00380107962855781,7,32,1200,COMPLETE
77,36.19722576570782,2026-05-08 15:21:22.967695,2026-05-08 15:21:26.528129,0 days 00:00:03.560434,0.7443276569557871,98.87531896333012,0.015455262711405427,5,82,1300,COMPLETE
78,35.765766850779926,2026-05-08 15:21:26.528129,2026-05-08 15:21:31.409619,0 days 00:00:04.881490,0.661329929044844,90.43662163257751,0.008229625741110042,6,38,1400,COMPLETE
79,42.13805654560264,2026-05-08 15:21:31.409619,2026-05-08 15:21:36.964303,0 days 00:00:05.554684,0.6845180345251872,105.9157321819818,0.142847212987063,7,19,1200,COMPLETE
80,35.74195665999508,2026-05-08 15:21:36.979928,2026-05-08 15:21:42.493784,0 days 00:00:05.513856,0.768232368427945,93.73104955458679,0.004667368314502697,6,47,1300,COMPLETE
81,35.902853698325465,2026-05-08 15:21:42.493784,2026-05-08 15:21:48.659064,0 days 00:00:06.165280,0.7679824051202072,93.41189573363563,0.0030907557201008424,6,47,1300,COMPLETE
82,35.7342982947255,2026-05-08 15:21:48.659064,2026-05-08 15:21:54.419214,0 days 00:00:05.760150,0.7041391418734988,87.85957852059494,0.004749268894037512,6,44,1400,COMPLETE
83,36.176048750806146,2026-05-08 15:21:54.419214,2026-05-08 15:21:59.682713,0 days 00:00:05.263499,0.7038191308009849,87.2355008853897,0.002387735717074198,5,26,1400,COMPLETE
84,35.843266336637875,2026-05-08 15:21:59.682713,2026-05-08 15:22:04.952621,0 days 00:00:05.269908,0.6937962519218213,109.94261434793017,0.006508751116588584,6,56,1400,COMPLETE
85,35.78207207160814,2026-05-08 15:22:04.952621,2026-05-08 15:22:13.130840,0 days 00:00:08.178219,0.7182938821395203,101.38832117155984,0.0038083565659282744,7,42,1500,COMPLETE
86,35.60390863993707,2026-05-08 15:22:13.146469,2026-05-08 15:22:20.183473,0 days 00:00:07.037004,0.6641430933298773,88.41765773373618,0.004656166003739929,7,35,1400,COMPLETE
87,35.95809512083722,2026-05-08 15:22:20.183473,2026-05-08 15:22:26.300841,0 days 00:00:06.117368,0.6689870800184523,77.26905583452472,0.010193102245545541,7,39,1500,COMPLETE
88,35.72098609504922,2026-05-08 15:22:26.300841,2026-05-08 15:22:30.086542,0 days 00:00:03.785701,0.598871041126472,98.18336492478123,0.007985696559154454,7,35,700,COMPLETE
89,36.320698137710735,2026-05-08 15:22:30.086542,2026-05-08 15:22:32.977833,0 days 00:00:02.891291,0.6010720379538841,82.93612791060536,0.027564115782890048,7,30,700,COMPLETE
90,35.730724551605995,2026-05-08 15:22:32.977833,2026-05-08 15:22:36.818229,0 days 00:00:03.840396,0.5753311230275888,97.86629506823105,0.007808001590125592,7,35,700,COMPLETE
91,36.08945879252123,2026-05-08 15:22:36.818229,2026-05-08 15:22:40.468642,0 days 00:00:03.650413,0.5638053504145081,89.69065502199413,0.005978860829635116,7,33,600,COMPLETE
92,38.08564478412212,2026-05-08 15:22:40.468642,2026-05-08 15:22:42.008690,0 days 00:00:01.540048,0.633459557570418,95.04869683412404,0.009015288407957586,7,25,200,COMPLETE
93,35.87473822743925,2026-05-08 15:22:42.008690,2026-05-08 15:22:46.636302,0 days 00:00:04.627612,0.6069794678930661,103.67475555715764,0.005412787242394625,7,39,800,COMPLETE
94,35.64187022608747,2026-05-08 15:22:46.636302,2026-05-08 15:22:53.046734,0 days 00:00:06.410432,0.7363434901217056,99.80513641247941,0.0070565731995667035,8,36,900,COMPLETE
95,35.912234379349734,2026-05-08 15:22:53.046734,2026-05-08 15:22:58.344363,0 days 00:00:05.297629,0.5562057102721408,90.74427202590455,0.011597160370804157,8,36,1000,COMPLETE
96,42.57924562258424,2026-05-08 15:22:58.344874,2026-05-08 15:23:03.294437,0 days 00:00:04.949563,0.7841640038918654,98.71696150628428,0.2937875812112085,8,29,900,COMPLETE
97,35.904623547171695,2026-05-08 15:23:03.298943,2026-05-08 15:23:05.826938,0 days 00:00:02.527995,0.7390877602722703,79.87041815198153,0.006997080947502744,6,33,500,COMPLETE
98,36.3642928411002,2026-05-08 15:23:05.826938,2026-05-08 15:23:10.451635,0 days 00:00:04.624697,0.7521971111220265,86.02644020805049,0.0031087196981207663,6,37,900,COMPLETE
99,35.79696212108695,2026-05-08 15:23:10.451635,2026-05-08 15:23:18.374724,0 days 00:00:07.923089,0.5880697459330444,106.47012748326095,0.004948129114232136,8,31,1100,COMPLETE
100,35.845971022212886,2026-05-08 15:23:18.374724,2026-05-08 15:23:22.127434,0 days 00:00:03.752710,0.7572975296671836,95.75220491919848,0.007971682790392346,5,43,1200,COMPLETE
101,35.77637714797198,2026-05-08 15:23:22.127434,2026-05-08 15:23:29.492816,0 days 00:00:07.365382,0.729269635453662,100.05350163616087,0.003983916376514061,7,40,1300,COMPLETE
102,35.72671317715069,2026-05-08 15:23:29.492816,2026-05-08 15:23:32.619964,0 days 00:00:03.127148,0.6379504069483276,104.75120303764078,0.006549336731871495,6,37,700,COMPLETE
103,35.829937767929025,2026-05-08 15:23:32.619964,2026-05-08 15:23:41.944080,0 days 00:00:09.324116,0.6899728264156393,92.03823385570212,0.0056784678524059605,8,34,1500,COMPLETE
104,35.965592257912974,2026-05-08 15:23:41.944080,2026-05-08 15:23:48.003642,0 days 00:00:06.059562,0.6622969138321313,81.60878247481288,0.00454300904738896,7,99,1400,COMPLETE
105,36.47316441724617,2026-05-08 15:23:48.003642,2026-05-08 15:23:51.937113,0 days 00:00:03.933471,0.6152812462261887,95.91689262819857,0.003478738302243534,6,28,800,COMPLETE
106,35.539129050287514,2026-05-08 15:23:51.937113,2026-05-08 15:23:59.995282,0 days 00:00:08.058169,0.7205001286914148,86.82413760693115,0.004234639541402933,7,35,1500,COMPLETE
107,35.9777792887956,2026-05-08 15:23:59.995282,2026-05-08 15:24:05.797267,0 days 00:00:05.801985,0.7167285498243124,86.61106321402731,0.007414572720720986,6,31,1500,COMPLETE
108,36.12577607564705,2026-05-08 15:24:05.797267,2026-05-08 15:24:14.506398,0 days 00:00:08.709131,0.7120727389565595,83.55463750326703,0.008925870089727256,8,26,1500,COMPLETE
109,35.80948896333025,2026-05-08 15:24:14.506398,2026-05-08 15:24:18.018190,0 days 00:00:03.511792,0.7781685579191465,90.0472047059232,0.00563143377760972,4,35,1400,COMPLETE
110,35.73099066530811,2026-05-08 15:24:18.018190,2026-05-08 15:24:25.540554,0 days 00:00:07.522364,0.7395131869948453,77.8227988400878,0.005070352865937855,7,40,1500,COMPLETE
111,36.0481933618302,2026-05-08 15:24:25.540554,2026-05-08 15:24:31.769985,0 days 00:00:06.229431,0.7271926381508645,29.646984291233142,0.0042009575761704325,7,37,1400,COMPLETE
112,35.7334175152829,2026-05-08 15:24:31.769985,2026-05-08 15:24:38.419262,0 days 00:00:06.649277,0.696708452982209,101.09109168198579,0.006245535724645434,7,46,1400,COMPLETE
113,35.79571604381003,2026-05-08 15:24:38.419262,2026-05-08 15:24:44.186442,0 days 00:00:05.767180,0.651538702064777,92.07604943196581,0.003538545999980622,6,32,1300,COMPLETE
114,35.755234422907094,2026-05-08 15:24:44.186442,2026-05-08 15:24:51.750840,0 days 00:00:07.564398,0.6732878120651887,96.91932806104968,0.004285946035376899,7,39,1500,COMPLETE
115,35.9572873043583,2026-05-08 15:24:51.750840,2026-05-08 15:24:58.287019,0 days 00:00:06.536179,0.6833690565992868,88.62152819223655,0.0028372183669266547,6,43,1400,COMPLETE
116,37.8862773574189,2026-05-08 15:24:58.302644,2026-05-08 15:25:02.279446,0 days 00:00:03.976802,0.7437708324694843,103.50052794314763,0.049864075052216704,5,35,1400,COMPLETE
117,35.76988706832775,2026-05-08 15:25:02.279446,2026-05-08 15:25:10.515746,0 days 00:00:08.236300,0.7616379988259772,107.06939858879254,0.004787863489127963,7,29,1500,COMPLETE
118,35.78127481912465,2026-05-08 15:25:10.515746,2026-05-08 15:25:16.165682,0 days 00:00:05.649936,0.7231978136550085,75.45311655693412,0.0038978419262358384,6,41,1300,COMPLETE
119,35.7229397089357,2026-05-08 15:25:16.165682,2026-05-08 15:25:21.936744,0 days 00:00:05.771062,0.7314301308998947,94.12607655399417,0.006895474582599846,7,34,1100,COMPLETE
120,36.172498123834714,2026-05-08 15:25:21.936744,2026-05-08 15:25:26.091369,0 days 00:00:04.154625,0.7908818114247621,42.75323945939791,0.010072637932523675,6,24,1100,COMPLETE
121,35.73141265791454,2026-05-08 15:25:26.091369,2026-05-08 15:25:31.343861,0 days 00:00:05.252492,0.7096760787717411,94.15052120493698,0.007236907801608126,7,34,1000,COMPLETE
122,35.66046041874934,2026-05-08 15:25:31.343861,2026-05-08 15:25:37.308412,0 days 00:00:05.964551,0.7351204957700925,84.90997691660858,0.0059621443895478245,7,37,1100,COMPLETE
