number,value,datetime_start,datetime_complete,duration,params_batch_size,params_dropout_0,params_dropout_1,params_dropout_2,params_learning_rate,params_n_mlp_layers,params_units_0,params_units_1,params_units_2,state
126,31.86284912646108,2026-05-05 12:27:16.389340,2026-05-05 12:27:30.880547,0 days 00:00:14.491207,64,0.13925080983644075,,,0.0014145806175831783,1,256,,,COMPLETE
127,31.306174458627844,2026-05-05 12:27:30.880547,2026-05-05 12:27:51.048618,0 days 00:00:20.168071,32,0.0954671687298015,,,0.00274580210274669,1,224,,,COMPLETE
128,31.143722616151233,2026-05-05 12:27:51.048618,2026-05-05 12:28:04.745308,0 days 00:00:13.696690,64,0.12842755025202562,,,0.0015268143164991269,1,256,,,COMPLETE
129,30.659123640568954,2026-05-05 12:28:04.746668,2026-05-05 12:28:20.153056,0 days 00:00:15.406388,64,0.0803588906272006,,,0.0022964018550755564,1,224,,,COMPLETE
130,31.327246115970958,2026-05-05 12:28:20.154545,2026-05-05 12:28:34.300195,0 days 00:00:14.145650,64,0.06060454088814699,,,0.0022869543345254116,1,256,,,COMPLETE
131,31.34694665014618,2026-05-05 12:28:34.300195,2026-05-05 12:28:49.044143,0 days 00:00:14.743948,64,0.07789444999042179,,,0.0019167222068138272,1,224,,,COMPLETE
132,31.449398412190497,2026-05-05 12:28:49.045142,2026-05-05 12:29:01.940234,0 days 00:00:12.895092,64,0.0868814802962618,,,0.0016977426269269293,1,224,,,COMPLETE
133,31.598770459942227,2026-05-05 12:29:01.940234,2026-05-05 12:29:14.179387,0 days 00:00:12.239153,64,0.10453937333684304,,,0.002565663921553366,1,224,,,COMPLETE
134,31.244947558647322,2026-05-05 12:29:14.180391,2026-05-05 12:29:28.038612,0 days 00:00:13.858221,64,0.11655072562244262,,,0.003397490862925859,1,192,,,COMPLETE
