number,value,datetime_start,datetime_complete,duration,params_batch_size,params_dropout_0,params_dropout_1,params_dropout_2,params_learning_rate,params_n_mlp_layers,params_units_0,params_units_1,params_units_2,state
0,32.92797458498946,2026-05-05 11:51:17.276134,2026-05-05 11:51:31.939601,0 days 00:00:14.663467,32,0.41407751613952254,,,0.007113845932947846,1,224,,,COMPLETE
1,65.36368082309164,2026-05-05 11:51:31.954861,2026-05-05 11:51:44.968559,0 days 00:00:13.013698,128,0.4145237834356341,0.07887831715979149,0.2607558263871149,0.14815544468069608,3,160,96.0,256.0,COMPLETE
2,47.28656151686209,2026-05-05 11:51:44.969551,2026-05-05 11:52:05.836627,0 days 00:00:20.867076,32,0.28216922008236983,,,0.18233109255112465,1,224,,,COMPLETE
3,35.79732666588367,2026-05-05 11:52:05.837530,2026-05-05 11:52:15.528474,0 days 00:00:09.690944,128,0.44726112122036427,0.012858147624259797,,0.016089104788173367,2,64,192.0,,COMPLETE
4,66.16372330398555,2026-05-05 11:52:15.529475,2026-05-05 11:52:47.155922,0 days 00:00:31.626447,64,0.05362923517979429,0.2932812604466087,0.21527808887660316,0.1330667723134146,3,224,64.0,256.0,COMPLETE
5,33.71948666020718,2026-05-05 11:52:47.156941,2026-05-05 11:52:57.428391,0 days 00:00:10.271450,64,0.4722234737950466,,,0.012006902760615737,1,128,,,COMPLETE
6,46.959722912385025,2026-05-05 11:52:57.428391,2026-05-05 11:53:34.943778,0 days 00:00:37.515387,16,0.08304286194383925,,,0.07539107393985224,1,256,,,COMPLETE
7,32.43700754969496,2026-05-05 11:53:34.943778,2026-05-05 11:53:48.061643,0 days 00:00:13.117865,128,0.24606994745085747,0.034147410844149795,,0.0018024062318301138,2,128,192.0,,COMPLETE
8,61.07879757705081,2026-05-05 11:53:48.063634,2026-05-05 11:54:22.547302,0 days 00:00:34.483668,32,0.22788845481590742,0.10558449102362594,,0.26657389413697213,2,256,192.0,,COMPLETE
9,51.21768815650004,2026-05-05 11:54:22.548301,2026-05-05 11:54:53.590613,0 days 00:00:31.042312,16,0.17374152568974072,,,0.13888188920046557,1,224,,,COMPLETE
10,36.41105059514339,2026-05-05 11:54:53.590613,2026-05-05 11:55:05.735997,0 days 00:00:12.145384,128,0.32202663500541573,0.41479204650010837,,0.0010786099079574684,2,32,256.0,,COMPLETE
11,32.72089145175114,2026-05-05 11:55:05.735997,2026-05-05 11:55:27.070191,0 days 00:00:21.334194,32,0.3731166516039902,0.21418909251724597,,0.0022736333067507994,2,128,160.0,,COMPLETE
12,33.147728251653334,2026-05-05 11:55:27.071188,2026-05-05 11:55:52.645128,0 days 00:00:25.573940,32,0.34469057276064374,0.22081020130636608,,0.0014363911282944861,2,128,160.0,,COMPLETE
13,33.429752980920966,2026-05-05 11:55:52.645920,2026-05-05 11:56:04.869704,0 days 00:00:12.223784,128,0.1819833660745203,0.20861670601356228,0.49152270883274685,0.0036133999883550946,3,96,128.0,32.0,COMPLETE
14,32.669598286333965,2026-05-05 11:56:04.869704,2026-05-05 11:56:19.108572,0 days 00:00:14.238868,128,0.35796973444858887,0.37114072445627466,,0.002956027383763545,2,160,256.0,,COMPLETE
15,32.201029583829914,2026-05-05 11:56:19.109572,2026-05-05 11:56:31.964681,0 days 00:00:12.855109,128,0.2529499764945931,0.4902843721139971,,0.004672467386942452,2,160,256.0,,COMPLETE
16,38.45790107245132,2026-05-05 11:56:31.967300,2026-05-05 11:56:49.468375,0 days 00:00:17.501075,128,0.14670879985697244,0.46632435677604794,,0.04316167469561141,2,192,224.0,,COMPLETE
17,31.479909630010116,2026-05-05 11:56:49.468375,2026-05-05 11:57:04.395118,0 days 00:00:14.926743,128,0.24976396619766886,0.3181239398675483,0.0026487437137955316,0.006076133191672019,3,96,224.0,32.0,COMPLETE
18,32.82422055584159,2026-05-05 11:57:04.397117,2026-05-05 11:57:17.891743,0 days 00:00:13.494626,128,0.11722332021621237,0.3477969092075167,0.05375825123829168,0.005430215336103412,3,64,256.0,32.0,COMPLETE
19,55.77852685314859,2026-05-05 11:57:17.891743,2026-05-05 11:57:51.269909,0 days 00:00:33.378166,16,0.001798618548859765,0.47127505609027603,0.006668554275628458,0.03553142785394238,3,96,224.0,128.0,COMPLETE
20,37.28606198242504,2026-05-05 11:57:51.270902,2026-05-05 11:58:02.603514,0 days 00:00:11.332612,64,0.29285206835978567,0.4973759216978775,0.16145660356006722,0.008420964886364084,3,96,224.0,128.0,COMPLETE
21,33.084577566989616,2026-05-05 11:58:02.603514,2026-05-05 11:58:14.006264,0 days 00:00:11.402750,128,0.22854664810149414,0.14345195242065684,,0.0018273928246932327,2,160,192.0,,COMPLETE
22,32.44661580557817,2026-05-05 11:58:14.006674,2026-05-05 11:58:27.833664,0 days 00:00:13.826990,128,0.2604430604600808,0.2944893860315225,,0.004662446341945398,2,192,224.0,,COMPLETE
23,33.19143658718401,2026-05-05 11:58:27.834663,2026-05-05 11:58:41.541734,0 days 00:00:13.707071,128,0.21710003618877308,0.40369094598296495,,0.003004848346598738,2,64,192.0,,COMPLETE
24,41.34283280622093,2026-05-05 11:58:41.541734,2026-05-05 11:58:53.332620,0 days 00:00:11.790886,128,0.3062036561236825,0.2902848276567217,0.3978483043837954,0.028224174772991883,3,96,32.0,96.0,COMPLETE
25,32.889265613353054,2026-05-05 11:58:53.332620,2026-05-05 11:59:05.501433,0 days 00:00:12.168813,128,0.2068130995133599,0.0013732483647342295,,0.010506058057556682,2,128,256.0,,COMPLETE
26,32.185733670408375,2026-05-05 11:59:05.501433,2026-05-05 11:59:18.721553,0 days 00:00:13.220120,128,0.25369781588804946,0.15217886753931106,0.139825728153202,0.005313950821236297,3,192,224.0,192.0,COMPLETE
27,35.20137613311628,2026-05-05 11:59:18.722551,2026-05-05 11:59:32.500862,0 days 00:00:13.778311,128,0.14957902606831008,0.1487351737477854,0.10413807066814072,0.02003894750657046,3,192,224.0,192.0,COMPLETE
28,33.50874691253084,2026-05-05 11:59:32.500862,2026-05-05 11:59:48.109904,0 days 00:00:15.609042,64,0.2698554906031076,0.15442029759348294,0.1170100636759959,0.004726378468914124,3,192,128.0,192.0,COMPLETE
29,35.32880669365399,2026-05-05 11:59:48.110902,2026-05-05 12:00:30.599216,0 days 00:00:42.488314,16,0.3907573304516673,0.3485916307485654,0.0025912290595657694,0.0067182637444308324,3,160,256.0,192.0,COMPLETE
30,36.16754521703107,2026-05-05 12:00:30.600232,2026-05-05 12:00:44.938349,0 days 00:00:14.338117,128,0.3361727180800356,0.4310764616347728,0.2845189130679057,0.007274822456537406,3,160,160.0,64.0,COMPLETE
31,31.55675616378815,2026-05-05 12:00:44.938349,2026-05-05 12:00:59.845129,0 days 00:00:14.906780,128,0.1933220005599452,0.05468346483516884,,0.001965349618362514,2,128,224.0,,COMPLETE
32,31.673711158590464,2026-05-05 12:00:59.845733,2026-05-05 12:01:12.937536,0 days 00:00:13.091803,128,0.193673700060068,0.06920129166868363,,0.003396896011205731,2,192,224.0,,COMPLETE
33,32.549251404307746,2026-05-05 12:01:12.938522,2026-05-05 12:01:26.880752,0 days 00:00:13.942230,128,0.19179461297944,0.0871797558841459,0.18958397920352654,0.0011291717281000334,3,224,224.0,160.0,COMPLETE
34,30.64810381983448,2026-05-05 12:01:26.881744,2026-05-05 12:01:38.676719,0 days 00:00:11.794975,128,0.14611804727699595,,,0.0025155385672590994,1,192,,,COMPLETE
35,32.04977603720958,2026-05-05 12:01:38.678731,2026-05-05 12:01:52.259620,0 days 00:00:13.580889,128,0.13412658858842708,,,0.002409893363553634,1,32,,,COMPLETE
36,31.724000087098336,2026-05-05 12:01:52.259620,2026-05-05 12:02:04.114298,0 days 00:00:11.854678,128,0.06913962829445024,,,0.0032237876831217116,1,64,,,COMPLETE
37,31.559946539001096,2026-05-05 12:02:04.114298,2026-05-05 12:02:22.733024,0 days 00:00:18.618726,64,0.09743086134348458,,,0.0015928816312205023,1,224,,,COMPLETE
38,31.436524501951663,2026-05-05 12:02:22.733024,2026-05-05 12:02:38.548067,0 days 00:00:15.815043,64,0.09457416119561157,,,0.001541852168707221,1,256,,,COMPLETE
39,31.538174747024687,2026-05-05 12:02:38.549066,2026-05-05 12:02:57.117152,0 days 00:00:18.568086,64,0.03981609715199233,,,0.0012525557004743428,1,256,,,COMPLETE
40,32.06345580240637,2026-05-05 12:02:57.118150,2026-05-05 12:03:17.210448,0 days 00:00:20.092298,64,0.02924930682266219,,,0.0013223140111702763,1,256,,,COMPLETE
41,31.7963499024165,2026-05-05 12:03:17.210448,2026-05-05 12:03:29.857376,0 days 00:00:12.646928,64,0.041916762285925946,,,0.002273580373174079,1,256,,,COMPLETE
42,31.850820787553964,2026-05-05 12:03:29.858367,2026-05-05 12:03:45.722098,0 days 00:00:15.863731,64,0.09612817899486886,,,0.001898753666823698,1,256,,,COMPLETE
43,31.26471425300022,2026-05-05 12:03:45.722169,2026-05-05 12:04:01.595861,0 days 00:00:15.873692,64,0.16028321585257282,,,0.0010839469537095325,1,224,,,COMPLETE
44,31.48277044492604,2026-05-05 12:04:01.595861,2026-05-05 12:04:16.308841,0 days 00:00:14.712980,64,0.11352498544573719,,,0.0013737297576122424,1,224,,,COMPLETE
45,31.104128042984293,2026-05-05 12:04:16.309847,2026-05-05 12:04:34.003010,0 days 00:00:17.693163,64,0.1663491071447636,,,0.001037230218546536,1,224,,,COMPLETE
46,30.97381844801069,2026-05-05 12:04:34.003010,2026-05-05 12:04:50.987778,0 days 00:00:16.984768,64,0.16064973251164782,,,0.0010387324197504901,1,224,,,COMPLETE
47,31.10677902578967,2026-05-05 12:04:50.987778,2026-05-05 12:05:06.802210,0 days 00:00:15.814432,64,0.16756924937783993,,,0.0010238539358494363,1,224,,,COMPLETE
48,31.603500808954855,2026-05-05 12:05:06.803725,2026-05-05 12:05:21.841595,0 days 00:00:15.037870,64,0.16568934445962372,,,0.0010248292526790076,1,224,,,COMPLETE
49,31.046142025863993,2026-05-05 12:05:21.841595,2026-05-05 12:05:43.502276,0 days 00:00:21.660681,64,0.16537316550125755,,,0.0010581577004068004,1,224,,,COMPLETE
50,49.94090105646436,2026-05-05 12:05:43.503614,2026-05-05 12:06:04.597176,0 days 00:00:21.093562,32,0.17816870355680417,,,0.09369753358762584,1,224,,,COMPLETE
51,31.32050520806886,2026-05-05 12:06:04.598180,2026-05-05 12:06:24.373672,0 days 00:00:19.775492,64,0.15277638601679694,,,0.0010039533320281612,1,224,,,COMPLETE
52,31.775462727964793,2026-05-05 12:06:24.374710,2026-05-05 12:06:39.466931,0 days 00:00:15.092221,64,0.13107121084087303,,,0.0024609427204099806,1,224,,,COMPLETE
53,32.0176802378148,2026-05-05 12:06:39.466931,2026-05-05 12:06:53.472465,0 days 00:00:14.005534,64,0.16256644929196817,,,0.0013458383826645513,1,192,,,COMPLETE
54,31.245184573841506,2026-05-05 12:06:53.472465,2026-05-05 12:07:12.559954,0 days 00:00:19.087489,64,0.12099838388943729,,,0.00101709078610274,1,224,,,COMPLETE
55,31.296064185597412,2026-05-05 12:07:12.559954,2026-05-05 12:07:28.644026,0 days 00:00:16.084072,64,0.06773620786886168,,,0.0017949516382332032,1,224,,,COMPLETE
56,31.03856567544067,2026-05-05 12:07:28.644848,2026-05-05 12:07:42.203442,0 days 00:00:13.558594,64,0.120332630544511,,,0.0015391310277398584,1,192,,,COMPLETE
57,31.315839279110055,2026-05-05 12:07:42.204447,2026-05-05 12:08:23.054894,0 days 00:00:40.850447,16,0.23158618586842777,,,0.0016107191350151929,1,192,,,COMPLETE
58,31.361329295008392,2026-05-05 12:08:23.054894,2026-05-05 12:08:39.587041,0 days 00:00:16.532147,32,0.1421823027087714,,,0.0025673145825223153,1,192,,,COMPLETE
59,31.283918245917317,2026-05-05 12:08:39.588410,2026-05-05 12:08:51.993291,0 days 00:00:12.404881,64,0.2033666341989323,,,0.0020551728644912694,1,192,,,COMPLETE
60,31.09704205131795,2026-05-05 12:08:51.994252,2026-05-05 12:09:07.696453,0 days 00:00:15.702201,64,0.11440883613750362,,,0.001468267353105916,1,224,,,COMPLETE
61,31.077745648772655,2026-05-05 12:09:07.697483,2026-05-05 12:09:20.747379,0 days 00:00:13.049896,64,0.10945681425118745,,,0.0013556157301415645,1,224,,,COMPLETE
62,31.00657738916229,2026-05-05 12:09:20.747379,2026-05-05 12:09:34.102275,0 days 00:00:13.354896,64,0.10551948247631027,,,0.0038926587078031987,1,256,,,COMPLETE
63,31.065905767743423,2026-05-05 12:09:34.103300,2026-05-05 12:09:47.177910,0 days 00:00:13.074610,64,0.10372686194582954,,,0.00283473380791853,1,256,,,COMPLETE
64,31.40744979988458,2026-05-05 12:09:47.177910,2026-05-05 12:10:01.220597,0 days 00:00:14.042687,64,0.06705690325454969,,,0.004103323751816424,1,256,,,COMPLETE
65,31.092656426251466,2026-05-05 12:10:01.220597,2026-05-05 12:10:17.719287,0 days 00:00:16.498690,64,0.08315517360357859,,,0.002630194654080365,1,256,,,COMPLETE
66,31.277795222404315,2026-05-05 12:10:17.719287,2026-05-05 12:10:46.029528,0 days 00:00:28.310241,16,0.10479549546410008,,,0.003714329960920016,1,256,,,COMPLETE
67,31.65735680512886,2026-05-05 12:10:46.029528,2026-05-05 12:11:00.044134,0 days 00:00:14.014606,64,0.47857411543743256,,,0.0021167145190312776,1,256,,,COMPLETE
68,41.23894917595694,2026-05-05 12:11:00.044134,2026-05-05 12:11:23.908650,0 days 00:00:23.864516,32,0.1342511333769137,,,0.2752933317390437,1,256,,,COMPLETE
69,31.50549109361923,2026-05-05 12:11:23.908650,2026-05-05 12:11:37.473283,0 days 00:00:13.564633,64,0.07774837696293119,,,0.00995127991102003,1,192,,,COMPLETE
70,31.572792182748607,2026-05-05 12:11:37.473283,2026-05-05 12:11:50.008349,0 days 00:00:12.535066,64,0.1259748651813684,,,0.0028834307276350544,1,160,,,COMPLETE
71,31.682881026716597,2026-05-05 12:11:50.008724,2026-05-05 12:12:04.194579,0 days 00:00:14.185855,64,0.08205833374084252,,,0.0027124249476287617,1,256,,,COMPLETE
72,31.209040307059723,2026-05-05 12:12:04.195600,2026-05-05 12:12:19.072540,0 days 00:00:14.876940,64,0.05591474153846959,,,0.0016894060304031603,1,256,,,COMPLETE
73,31.13729252140583,2026-05-05 12:12:19.072540,2026-05-05 12:12:37.002106,0 days 00:00:17.929566,64,0.4425625947377828,,,0.001317025524995526,1,256,,,COMPLETE
74,31.84988357805027,2026-05-05 12:12:37.002106,2026-05-05 12:12:51.478770,0 days 00:00:14.476664,64,0.08847796208385023,,,0.0037861553412301407,1,256,,,COMPLETE
75,31.89860533513292,2026-05-05 12:12:51.478770,2026-05-05 12:13:02.182989,0 days 00:00:10.704219,64,0.013455075705669783,,,0.0021734639039267963,1,224,,,COMPLETE
76,32.22487803638525,2026-05-05 12:13:02.182989,2026-05-05 12:13:16.115211,0 days 00:00:13.932222,64,0.1423999917800621,,,0.014476190118633096,1,256,,,COMPLETE
77,31.35925022428516,2026-05-05 12:13:16.117233,2026-05-05 12:13:59.799906,0 days 00:00:43.682673,16,0.10367770557701309,,,0.001215143895225464,1,224,,,COMPLETE
78,31.245011185643012,2026-05-05 12:13:59.799906,2026-05-05 12:14:14.621315,0 days 00:00:14.821409,64,0.05571272122990903,,,0.0043471728382245365,1,192,,,COMPLETE
79,30.77945368483238,2026-05-05 12:14:14.622303,2026-05-05 12:14:31.608946,0 days 00:00:16.986643,64,0.11402508494872685,,,0.003163826948212673,1,256,,,COMPLETE
80,31.292588731054934,2026-05-05 12:14:31.609450,2026-05-05 12:14:47.137921,0 days 00:00:15.528471,64,0.10677099118604555,,,0.0031725848315632002,1,256,,,COMPLETE
81,31.975243113700323,2026-05-05 12:14:47.138911,2026-05-05 12:15:01.746266,0 days 00:00:14.607355,64,0.11907999378157542,,,0.0053286879748699,1,256,,,COMPLETE
82,30.855275994659742,2026-05-05 12:15:01.746266,2026-05-05 12:15:20.356414,0 days 00:00:18.610148,64,0.0805379456678526,,,0.0019086654072178733,1,256,,,COMPLETE
83,31.332888718204686,2026-05-05 12:15:20.356414,2026-05-05 12:15:34.322057,0 days 00:00:13.965643,64,0.18357350292429006,,,0.001870266338289057,1,256,,,COMPLETE
84,31.36969817615725,2026-05-05 12:15:34.323057,2026-05-05 12:15:46.175885,0 days 00:00:11.852828,64,0.1503117975143234,,,0.0015239960814585221,1,224,,,COMPLETE
85,31.250063200953736,2026-05-05 12:15:46.176423,2026-05-05 12:16:09.275732,0 days 00:00:23.099309,32,0.12658104832396463,,,0.0012345284242877117,1,224,,,COMPLETE
86,30.96911958042758,2026-05-05 12:16:09.275732,2026-05-05 12:16:27.716120,0 days 00:00:18.440388,64,0.04324266444477701,,,0.0017111582735769317,1,256,,,COMPLETE
87,36.640837546678924,2026-05-05 12:16:27.716915,2026-05-05 12:16:46.335011,0 days 00:00:18.618096,64,0.03399276038745839,,,0.17861796274289737,1,256,,,COMPLETE
88,31.205060005321997,2026-05-05 12:16:46.335011,2026-05-05 12:17:01.980406,0 days 00:00:15.645395,64,0.022825159806102086,,,0.002326324488554743,1,160,,,COMPLETE
89,31.109479206860044,2026-05-05 12:17:01.980406,2026-05-05 12:17:15.932964,0 days 00:00:13.952558,64,0.05424923352013244,,,0.0017574611949734717,1,256,,,COMPLETE
90,31.155338385198206,2026-05-05 12:17:15.934517,2026-05-05 12:17:30.817498,0 days 00:00:14.882981,64,0.0715221002401065,,,0.00322389703585686,1,256,,,COMPLETE
91,31.067071984666036,2026-05-05 12:17:30.817498,2026-05-05 12:17:46.346385,0 days 00:00:15.528887,64,0.09504404298158835,,,0.0015227187055119828,1,224,,,COMPLETE
92,31.62356033404774,2026-05-05 12:17:46.346385,2026-05-05 12:18:01.203328,0 days 00:00:14.856943,64,0.09174499774380669,,,0.0016496775289164174,1,224,,,COMPLETE
93,31.54023636109627,2026-05-05 12:18:01.218681,2026-05-05 12:18:17.986376,0 days 00:00:16.767695,64,0.04476437683898361,,,0.0011881817462348033,1,256,,,COMPLETE
94,31.4178051179312,2026-05-05 12:18:17.986931,2026-05-05 12:18:32.707796,0 days 00:00:14.720865,64,0.13812783078794416,,,0.0021062145189754498,1,224,,,COMPLETE
95,31.724791138841034,2026-05-05 12:18:32.707796,2026-05-05 12:18:46.692806,0 days 00:00:13.985010,64,0.09915130906132087,,,0.0027333074290049105,1,256,,,COMPLETE
96,31.170473980761336,2026-05-05 12:18:46.692806,2026-05-05 12:19:19.325216,0 days 00:00:32.632410,16,0.1570648987568029,,,0.0019287105239152392,1,224,,,COMPLETE
97,31.374620701646734,2026-05-05 12:19:19.325216,2026-05-05 12:19:35.648163,0 days 00:00:16.322947,64,0.008353379043095494,,,0.0014848895827622238,1,192,,,COMPLETE
98,31.385234456999342,2026-05-05 12:19:35.649350,2026-05-05 12:19:46.903308,0 days 00:00:11.253958,128,0.06355427568364778,,,0.0023636491985364557,1,256,,,COMPLETE
99,31.570967771800174,2026-05-05 12:19:46.903308,2026-05-05 12:20:07.799511,0 days 00:00:20.896203,64,0.17789166195945666,0.23887182272965746,,0.0011580709171312988,2,160,64.0,,COMPLETE
100,31.22094593646143,2026-05-05 12:20:07.799511,2026-05-05 12:20:27.569966,0 days 00:00:19.770455,32,0.07633677012633887,,,0.003532237648928326,1,256,,,COMPLETE
101,31.027470698432115,2026-05-05 12:20:27.570959,2026-05-05 12:20:45.190353,0 days 00:00:17.619394,64,0.11187983577944575,,,0.0013529324430404802,1,224,,,COMPLETE
102,31.728951883578,2026-05-05 12:20:45.190353,2026-05-05 12:21:01.735820,0 days 00:00:16.545467,64,0.11577602336988624,,,0.0015200660675822539,1,224,,,COMPLETE
103,31.613985968321884,2026-05-05 12:21:01.736818,2026-05-05 12:21:14.341049,0 days 00:00:12.604231,64,0.08534599155679026,,,0.001790259387828682,1,224,,,COMPLETE
104,31.313730314560036,2026-05-05 12:21:14.341049,2026-05-05 12:21:30.381909,0 days 00:00:16.040860,64,0.12489071091298817,,,0.0011524750097474331,1,224,,,COMPLETE
105,32.39395866779745,2026-05-05 12:21:30.381909,2026-05-05 12:21:40.390610,0 days 00:00:10.008701,64,0.14623696650288404,,,0.026022409753032227,1,192,,,COMPLETE
106,31.922052345199695,2026-05-05 12:21:40.391602,2026-05-05 12:21:53.152441,0 days 00:00:12.760839,64,0.49648380553918614,,,0.006301700215242792,1,256,,,COMPLETE
107,31.48059852899915,2026-05-05 12:21:53.152441,2026-05-05 12:22:06.008099,0 days 00:00:12.855658,128,0.09815878970962864,,,0.0013816685554171094,1,192,,,COMPLETE
108,31.170153156116406,2026-05-05 12:22:06.008099,2026-05-05 12:22:22.603807,0 days 00:00:16.595708,64,0.1356072937774477,,,0.003004387371672642,1,224,,,COMPLETE
109,34.506053622853,2026-05-05 12:22:22.604761,2026-05-05 12:22:36.286868,0 days 00:00:13.682107,64,0.04552961746486453,,,0.044117743194697696,1,256,,,COMPLETE
110,31.56836921421451,2026-05-05 12:22:36.287876,2026-05-05 12:22:48.959939,0 days 00:00:12.672063,64,0.1113989803137434,,,0.0020222459388158603,1,224,,,COMPLETE
111,31.078531368262816,2026-05-05 12:22:48.959939,2026-05-05 12:23:05.089552,0 days 00:00:16.129613,64,0.10621217002049801,,,0.0013243189107217778,1,224,,,COMPLETE
112,31.16972238042323,2026-05-05 12:23:05.089552,2026-05-05 12:23:20.333690,0 days 00:00:15.244138,64,0.0865025617914814,,,0.001654883875369637,1,224,,,COMPLETE
113,31.444496872212255,2026-05-05 12:23:20.333690,2026-05-05 12:23:41.013963,0 days 00:00:20.680273,64,0.12410886721828068,,,0.0013939693007107721,1,128,,,COMPLETE
114,31.843815543970642,2026-05-05 12:23:41.014961,2026-05-05 12:24:01.893265,0 days 00:00:20.878304,64,0.11184611147089207,,,0.002473502788322601,1,224,,,COMPLETE
115,31.083273406811422,2026-05-05 12:24:01.893265,2026-05-05 12:24:20.345603,0 days 00:00:18.452338,64,0.21546837135857488,,,0.0011769361529773022,1,256,,,COMPLETE
116,31.278653560139084,2026-05-05 12:24:20.345603,2026-05-05 12:24:42.689004,0 days 00:00:22.343401,64,0.06421392245979662,,,0.0019354368459306795,1,192,,,COMPLETE
117,31.492435415154198,2026-05-05 12:24:42.689786,2026-05-05 12:24:55.106923,0 days 00:00:12.417137,128,0.15243713354766,,,0.001581466150946893,1,256,,,COMPLETE
118,31.86722714503092,2026-05-05 12:24:55.107946,2026-05-05 12:25:26.134340,0 days 00:00:31.026394,16,0.17149027880482037,,,0.0021712553267131405,1,256,,,COMPLETE
119,31.7816165485549,2026-05-05 12:25:26.134852,2026-05-05 12:25:39.361573,0 days 00:00:13.226721,64,0.13330384050828242,,,0.004259491225756755,1,224,,,COMPLETE
120,31.875732854287484,2026-05-05 12:25:39.361573,2026-05-05 12:25:54.058924,0 days 00:00:14.697351,64,0.09191205776863608,,,0.001281345024354117,1,256,,,COMPLETE
121,31.672097048924694,2026-05-05 12:25:54.060022,2026-05-05 12:26:08.658510,0 days 00:00:14.598488,64,0.10399265368877315,,,0.001355101325476002,1,224,,,COMPLETE
122,31.399401213941218,2026-05-05 12:26:08.658510,2026-05-05 12:26:27.177252,0 days 00:00:18.518742,64,0.07750063406001327,,,0.0010083960419880746,1,224,,,COMPLETE
123,31.144460607888256,2026-05-05 12:26:27.177252,2026-05-05 12:26:45.381180,0 days 00:00:18.203928,64,0.11058297188894292,,,0.0011042510461381533,1,224,,,COMPLETE
124,31.354612386347547,2026-05-05 12:26:45.381462,2026-05-05 12:26:58.892487,0 days 00:00:13.511025,64,0.10134480558416935,,,0.0012508406927227013,1,224,,,COMPLETE
125,31.106097411757084,2026-05-05 12:26:58.892487,2026-05-05 12:27:16.389340,0 days 00:00:17.496853,64,0.12005645093655794,,,0.0017350270000279782,1,192,,,COMPLETE
